#
# There is insufficient memory for the Java Runtime Environment to continue.
# Native memory allocation (malloc) failed to allocate 2423184 bytes. Error detail: Chunk::new
# Possible reasons:
#   The system is out of physical RAM or swap space
#   This process is running with CompressedOops enabled, and the Java Heap may be blocking the growth of the native heap
# Possible solutions:
#   Reduce memory load on the system
#   Increase physical memory or swap space
#   Check if swap backing store is full
#   Decrease Java heap size (-Xmx/-Xms)
#   Decrease number of Java threads
#   Decrease Java thread stack sizes (-Xss)
#   Set larger code cache with -XX:ReservedCodeCacheSize=
#   JVM is running with Unscaled Compressed Oops mode in which the Java heap is
#     placed in the first 4GB address space. The Java Heap base address is the
#     maximum limit for the native heap growth. Please use -XX:HeapBaseMinAddress
#     to set the Java Heap base and to place the Java Heap above 4GB virtual address.
# This output file may be truncated or incomplete.
#
#  Out of Memory Error (arena.cpp:191), pid=16728, tid=3292
#
# JRE version: OpenJDK Runtime Environment (17.0.11) (build 17.0.11+0--11852314)
# Java VM: OpenJDK 64-Bit Server VM (17.0.11+0--11852314, mixed mode, tiered, compressed oops, compressed class ptrs, g1 gc, windows-amd64)
# No core dump will be written. Minidumps are not enabled by default on client versions of Windows
#

---------------  S U M M A R Y ------------

Command Line: org.jetbrains.kotlin.cli.jvm.K2JVMCompiler @D:\android\Android Project\fundflow_mobile\app\build\20241025_5179326253573684967.compiler.options

Host: Intel(R) Core(TM) i7-7600U CPU @ 2.80GHz, 4 cores, 7G,  Windows 10 , 64 bit Build 19041 (10.0.19041.4957)
Time: Fri Oct 25 15:24:02 2024 SE Asia Standard Time elapsed time: 17.625234 seconds (0d 0h 0m 17s)

---------------  T H R E A D  ---------------

Current thread (0x000001fd861ca640):  JavaThread "C2 CompilerThread1" daemon [_thread_in_native, id=3292, stack(0x00000037d7900000,0x00000037d7a00000)]


Current CompileTask:
C2:  17625 15213       4       androidx.compose.compiler.plugins.kotlin.lower.ComposerTypeRemapper::remapType (740 bytes)

Stack: [0x00000037d7900000,0x00000037d7a00000]
Native frames: (J=compiled Java code, j=interpreted, Vv=VM code, C=native code)
V  [jvm.dll+0x687bb9]
V  [jvm.dll+0x84142a]
V  [jvm.dll+0x8430ae]
V  [jvm.dll+0x843713]
V  [jvm.dll+0x24a35f]
V  [jvm.dll+0xac544]
V  [jvm.dll+0xacb8c]
V  [jvm.dll+0x369c37]
V  [jvm.dll+0x33416a]
V  [jvm.dll+0x33360a]
V  [jvm.dll+0x21bed1]
V  [jvm.dll+0x21b311]
V  [jvm.dll+0x1a63ed]
V  [jvm.dll+0x22b1ee]
V  [jvm.dll+0x229375]
V  [jvm.dll+0x7f5647]
V  [jvm.dll+0x7efa4a]
V  [jvm.dll+0x686a35]
C  [ucrtbase.dll+0x21bb2]
C  [KERNEL32.DLL+0x17374]
C  [ntdll.dll+0x4cc91]


---------------  P R O C E S S  ---------------

Threads class SMR info:
_java_thread_list=0x000001fd86192820, length=13, elements={
0x000001fde66df190, 0x000001fdffb69250, 0x000001fdffb316c0, 0x000001fdffb53760,
0x000001fdffb55330, 0x000001fdffb55cf0, 0x000001fdffb566b0, 0x000001fdffb573a0,
0x000001fd86031a10, 0x000001fd8604e020, 0x000001fd861ab560, 0x000001fd861b61e0,
0x000001fd861ca640
}

Java Threads: ( => current thread )
  0x000001fde66df190 JavaThread "main" [_thread_in_Java, id=13608, stack(0x00000037d6600000,0x00000037d6700000)]
  0x000001fdffb69250 JavaThread "Reference Handler" daemon [_thread_blocked, id=6800, stack(0x00000037d6d00000,0x00000037d6e00000)]
  0x000001fdffb316c0 JavaThread "Finalizer" daemon [_thread_blocked, id=16176, stack(0x00000037d6e00000,0x00000037d6f00000)]
  0x000001fdffb53760 JavaThread "Signal Dispatcher" daemon [_thread_blocked, id=8160, stack(0x00000037d6f00000,0x00000037d7000000)]
  0x000001fdffb55330 JavaThread "Attach Listener" daemon [_thread_blocked, id=11204, stack(0x00000037d7000000,0x00000037d7100000)]
  0x000001fdffb55cf0 JavaThread "Service Thread" daemon [_thread_blocked, id=6944, stack(0x00000037d7100000,0x00000037d7200000)]
  0x000001fdffb566b0 JavaThread "Monitor Deflation Thread" daemon [_thread_blocked, id=10080, stack(0x00000037d7200000,0x00000037d7300000)]
  0x000001fdffb573a0 JavaThread "C2 CompilerThread0" daemon [_thread_in_native, id=16536, stack(0x00000037d7300000,0x00000037d7400000)]
  0x000001fd86031a10 JavaThread "C1 CompilerThread0" daemon [_thread_blocked, id=18216, stack(0x00000037d7400000,0x00000037d7500000)]
  0x000001fd8604e020 JavaThread "Sweeper thread" daemon [_thread_in_vm, id=7240, stack(0x00000037d7500000,0x00000037d7600000)]
  0x000001fd861ab560 JavaThread "Notification Thread" daemon [_thread_blocked, id=18052, stack(0x00000037d7600000,0x00000037d7700000)]
  0x000001fd861b61e0 JavaThread "Common-Cleaner" daemon [_thread_blocked, id=18160, stack(0x00000037d7800000,0x00000037d7900000)]
=>0x000001fd861ca640 JavaThread "C2 CompilerThread1" daemon [_thread_in_native, id=3292, stack(0x00000037d7900000,0x00000037d7a00000)]

Other Threads:
  0x000001fdffb2eb70 VMThread "VM Thread" [stack: 0x00000037d6c00000,0x00000037d6d00000] [id=8092]
  0x000001fd861abe50 WatcherThread [stack: 0x00000037d7700000,0x00000037d7800000] [id=12472]
  0x000001fde6737a20 GCTaskThread "GC Thread#0" [stack: 0x00000037d6700000,0x00000037d6800000] [id=17712]
  0x000001fd86413040 GCTaskThread "GC Thread#1" [stack: 0x00000037d7a00000,0x00000037d7b00000] [id=17716]
  0x000001fd86413300 GCTaskThread "GC Thread#2" [stack: 0x00000037d7b00000,0x00000037d7c00000] [id=11316]
  0x000001fd865b7770 GCTaskThread "GC Thread#3" [stack: 0x00000037d7c00000,0x00000037d7d00000] [id=13136]
  0x000001fde67485f0 ConcurrentGCThread "G1 Main Marker" [stack: 0x00000037d6800000,0x00000037d6900000] [id=1512]
  0x000001fde6749010 ConcurrentGCThread "G1 Conc#0" [stack: 0x00000037d6900000,0x00000037d6a00000] [id=14612]
  0x000001fde679e730 ConcurrentGCThread "G1 Refine#0" [stack: 0x00000037d6a00000,0x00000037d6b00000] [id=4224]
  0x000001fd87150b30 ConcurrentGCThread "G1 Refine#1" [stack: 0x00000037d7d00000,0x00000037d7e00000] [id=6052]
  0x000001fd889bb870 ConcurrentGCThread "G1 Refine#2" [stack: 0x00000037d7e00000,0x00000037d7f00000] [id=14932]
  0x000001fdff996330 ConcurrentGCThread "G1 Service" [stack: 0x00000037d6b00000,0x00000037d6c00000] [id=17436]

Threads with active compile tasks:
C2 CompilerThread0    17652 15224       4       androidx.compose.compiler.plugins.kotlin.lower.ComposerTypeRemapper::underlyingRemapType (327 bytes)
C1 CompilerThread0    17652 15462       2       java.util.TimSort::binarySort (223 bytes)
C2 CompilerThread1    17652 15213       4       androidx.compose.compiler.plugins.kotlin.lower.ComposerTypeRemapper::remapType (740 bytes)

VM state: not at safepoint (normal execution)

VM Mutex/Monitor currently owned by a thread:  ([mutex/lock_event])
[0x000001fde66d7fc0] CompiledIC_lock - owner thread: 0x000001fd8604e020

Heap address: 0x0000000081c00000, size: 2020 MB, Compressed Oops mode: 32-bit

CDS archive(s) not mapped
Compressed class space mapped at: 0x0000000100000000-0x0000000140000000, reserved size: 1073741824
Narrow klass base: 0x0000000000000000, Narrow klass shift: 3, Narrow klass range: 0x140000000

GC Precious Log:
 CPUs: 4 total, 4 available
 Memory: 8073M
 Large Page Support: Disabled
 NUMA Support: Disabled
 Compressed Oops: Enabled (32-bit)
 Heap Region Size: 1M
 Heap Min Capacity: 8M
 Heap Initial Capacity: 128M
 Heap Max Capacity: 2020M
 Pre-touch: Disabled
 Parallel Workers: 4
 Concurrent Workers: 1
 Concurrent Refinement Workers: 4
 Periodic GC: Disabled

Heap:
 garbage-first heap   total 240640K, used 130001K [0x0000000081c00000, 0x0000000100000000)
  region size 1024K, 37 young (37888K), 13 survivors (13312K)
 Metaspace       used 78490K, committed 78848K, reserved 1179648K
  class space    used 8780K, committed 8960K, reserved 1048576K

Heap Regions: E=young(eden), S=young(survivor), O=old, HS=humongous(starts), HC=humongous(continues), CS=collection set, F=free, OA=open archive, CA=closed archive, TAMS=top-at-mark-start (previous, next)
|   0|0x0000000081c00000, 0x0000000081d00000, 0x0000000081d00000|100%|HS|  |TAMS 0x0000000081d00000, 0x0000000081c00000| Complete 
|   1|0x0000000081d00000, 0x0000000081e00000, 0x0000000081e00000|100%|HC|  |TAMS 0x0000000081e00000, 0x0000000081d00000| Complete 
|   2|0x0000000081e00000, 0x0000000081f00000, 0x0000000081f00000|100%|HC|  |TAMS 0x0000000081f00000, 0x0000000081e00000| Complete 
|   3|0x0000000081f00000, 0x0000000082000000, 0x0000000082000000|100%|HC|  |TAMS 0x0000000082000000, 0x0000000081f00000| Complete 
|   4|0x0000000082000000, 0x00000000820f7600, 0x0000000082100000| 96%| O|  |TAMS 0x00000000820f7600, 0x0000000082000000| Untracked 
|   5|0x0000000082100000, 0x0000000082200000, 0x0000000082200000|100%| O|  |TAMS 0x0000000082200000, 0x0000000082100000| Untracked 
|   6|0x0000000082200000, 0x0000000082300000, 0x0000000082300000|100%| O|  |TAMS 0x0000000082300000, 0x0000000082200000| Untracked 
|   7|0x0000000082300000, 0x0000000082400000, 0x0000000082400000|100%| O|  |TAMS 0x0000000082400000, 0x0000000082300000| Untracked 
|   8|0x0000000082400000, 0x0000000082500000, 0x0000000082500000|100%| O|  |TAMS 0x0000000082500000, 0x0000000082400000| Untracked 
|   9|0x0000000082500000, 0x0000000082600000, 0x0000000082600000|100%| O|  |TAMS 0x0000000082600000, 0x0000000082500000| Untracked 
|  10|0x0000000082600000, 0x0000000082700000, 0x0000000082700000|100%| O|  |TAMS 0x0000000082700000, 0x0000000082600000| Untracked 
|  11|0x0000000082700000, 0x0000000082800000, 0x0000000082800000|100%| O|  |TAMS 0x0000000082800000, 0x0000000082700000| Untracked 
|  12|0x0000000082800000, 0x0000000082900000, 0x0000000082900000|100%| O|  |TAMS 0x0000000082900000, 0x0000000082800000| Untracked 
|  13|0x0000000082900000, 0x0000000082a00000, 0x0000000082a00000|100%| O|  |TAMS 0x0000000082a00000, 0x0000000082900000| Untracked 
|  14|0x0000000082a00000, 0x0000000082b00000, 0x0000000082b00000|100%| O|  |TAMS 0x0000000082b00000, 0x0000000082a00000| Untracked 
|  15|0x0000000082b00000, 0x0000000082c00000, 0x0000000082c00000|100%| O|  |TAMS 0x0000000082b00000, 0x0000000082b00000| Untracked 
|  16|0x0000000082c00000, 0x0000000082d00000, 0x0000000082d00000|100%| O|  |TAMS 0x0000000082c00000, 0x0000000082c00000| Untracked 
|  17|0x0000000082d00000, 0x0000000082e00000, 0x0000000082e00000|100%| O|  |TAMS 0x0000000082e00000, 0x0000000082d00000| Untracked 
|  18|0x0000000082e00000, 0x0000000082f00000, 0x0000000082f00000|100%| O|  |TAMS 0x0000000082f00000, 0x0000000082e00000| Untracked 
|  19|0x0000000082f00000, 0x0000000083000000, 0x0000000083000000|100%| O|  |TAMS 0x0000000083000000, 0x0000000082f00000| Untracked 
|  20|0x0000000083000000, 0x0000000083100000, 0x0000000083100000|100%| O|  |TAMS 0x0000000083100000, 0x0000000083000000| Untracked 
|  21|0x0000000083100000, 0x0000000083200000, 0x0000000083200000|100%| O|  |TAMS 0x0000000083200000, 0x0000000083100000| Untracked 
|  22|0x0000000083200000, 0x0000000083300000, 0x0000000083300000|100%|HS|  |TAMS 0x0000000083300000, 0x0000000083200000| Complete 
|  23|0x0000000083300000, 0x0000000083400000, 0x0000000083400000|100%|HC|  |TAMS 0x0000000083400000, 0x0000000083300000| Complete 
|  24|0x0000000083400000, 0x0000000083500000, 0x0000000083500000|100%| O|  |TAMS 0x0000000083500000, 0x0000000083400000| Untracked 
|  25|0x0000000083500000, 0x0000000083600000, 0x0000000083600000|100%| O|  |TAMS 0x0000000083600000, 0x0000000083500000| Untracked 
|  26|0x0000000083600000, 0x0000000083700000, 0x0000000083700000|100%| O|  |TAMS 0x0000000083700000, 0x0000000083600000| Untracked 
|  27|0x0000000083700000, 0x0000000083800000, 0x0000000083800000|100%| O|  |TAMS 0x0000000083800000, 0x0000000083700000| Untracked 
|  28|0x0000000083800000, 0x0000000083900000, 0x0000000083900000|100%| O|  |TAMS 0x0000000083900000, 0x0000000083800000| Untracked 
|  29|0x0000000083900000, 0x0000000083a00000, 0x0000000083a00000|100%| O|  |TAMS 0x0000000083a00000, 0x0000000083900000| Untracked 
|  30|0x0000000083a00000, 0x0000000083b00000, 0x0000000083b00000|100%| O|  |TAMS 0x0000000083b00000, 0x0000000083a00000| Untracked 
|  31|0x0000000083b00000, 0x0000000083c00000, 0x0000000083c00000|100%| O|  |TAMS 0x0000000083c00000, 0x0000000083b00000| Untracked 
|  32|0x0000000083c00000, 0x0000000083d00000, 0x0000000083d00000|100%| O|  |TAMS 0x0000000083d00000, 0x0000000083c00000| Untracked 
|  33|0x0000000083d00000, 0x0000000083e00000, 0x0000000083e00000|100%| O|  |TAMS 0x0000000083e00000, 0x0000000083d00000| Untracked 
|  34|0x0000000083e00000, 0x0000000083f00000, 0x0000000083f00000|100%| O|  |TAMS 0x0000000083f00000, 0x0000000083e00000| Untracked 
|  35|0x0000000083f00000, 0x0000000084000000, 0x0000000084000000|100%| O|  |TAMS 0x0000000084000000, 0x0000000083f00000| Untracked 
|  36|0x0000000084000000, 0x0000000084100000, 0x0000000084100000|100%| O|  |TAMS 0x0000000084100000, 0x0000000084000000| Untracked 
|  37|0x0000000084100000, 0x0000000084200000, 0x0000000084200000|100%| O|  |TAMS 0x0000000084200000, 0x0000000084100000| Untracked 
|  38|0x0000000084200000, 0x0000000084300000, 0x0000000084300000|100%| O|  |TAMS 0x0000000084300000, 0x0000000084200000| Untracked 
|  39|0x0000000084300000, 0x0000000084400000, 0x0000000084400000|100%| O|  |TAMS 0x0000000084400000, 0x0000000084300000| Untracked 
|  40|0x0000000084400000, 0x0000000084500000, 0x0000000084500000|100%| O|  |TAMS 0x0000000084500000, 0x0000000084400000| Untracked 
|  41|0x0000000084500000, 0x0000000084600000, 0x0000000084600000|100%| O|  |TAMS 0x0000000084600000, 0x0000000084500000| Untracked 
|  42|0x0000000084600000, 0x0000000084700000, 0x0000000084700000|100%| O|  |TAMS 0x0000000084700000, 0x0000000084600000| Untracked 
|  43|0x0000000084700000, 0x0000000084800000, 0x0000000084800000|100%| O|  |TAMS 0x0000000084800000, 0x0000000084700000| Untracked 
|  44|0x0000000084800000, 0x0000000084900000, 0x0000000084900000|100%| O|  |TAMS 0x0000000084900000, 0x0000000084800000| Untracked 
|  45|0x0000000084900000, 0x0000000084a00000, 0x0000000084a00000|100%| O|  |TAMS 0x0000000084a00000, 0x0000000084900000| Untracked 
|  46|0x0000000084a00000, 0x0000000084b00000, 0x0000000084b00000|100%| O|  |TAMS 0x0000000084b00000, 0x0000000084a00000| Untracked 
|  47|0x0000000084b00000, 0x0000000084c00000, 0x0000000084c00000|100%| O|  |TAMS 0x0000000084bb3200, 0x0000000084b00000| Untracked 
|  48|0x0000000084c00000, 0x0000000084d00000, 0x0000000084d00000|100%| O|  |TAMS 0x0000000084c00000, 0x0000000084c00000| Untracked 
|  49|0x0000000084d00000, 0x0000000084e00000, 0x0000000084e00000|100%| O|  |TAMS 0x0000000084d00000, 0x0000000084d00000| Untracked 
|  50|0x0000000084e00000, 0x0000000084f00000, 0x0000000084f00000|100%| O|  |TAMS 0x0000000084e00000, 0x0000000084e00000| Untracked 
|  51|0x0000000084f00000, 0x0000000085000000, 0x0000000085000000|100%| O|  |TAMS 0x0000000084f00000, 0x0000000084f00000| Untracked 
|  52|0x0000000085000000, 0x0000000085100000, 0x0000000085100000|100%| O|  |TAMS 0x0000000085000000, 0x0000000085000000| Untracked 
|  53|0x0000000085100000, 0x0000000085200000, 0x0000000085200000|100%| O|  |TAMS 0x0000000085100000, 0x0000000085100000| Untracked 
|  54|0x0000000085200000, 0x0000000085300000, 0x0000000085300000|100%| O|  |TAMS 0x0000000085200000, 0x0000000085200000| Untracked 
|  55|0x0000000085300000, 0x0000000085400000, 0x0000000085400000|100%|HS|  |TAMS 0x0000000085300000, 0x0000000085300000| Complete 
|  56|0x0000000085400000, 0x0000000085500000, 0x0000000085500000|100%|HC|  |TAMS 0x0000000085400000, 0x0000000085400000| Complete 
|  57|0x0000000085500000, 0x0000000085600000, 0x0000000085600000|100%| O|  |TAMS 0x0000000085500000, 0x0000000085500000| Untracked 
|  58|0x0000000085600000, 0x0000000085700000, 0x0000000085700000|100%| O|  |TAMS 0x0000000085600000, 0x0000000085600000| Untracked 
|  59|0x0000000085700000, 0x0000000085800000, 0x0000000085800000|100%| O|  |TAMS 0x0000000085700000, 0x0000000085700000| Untracked 
|  60|0x0000000085800000, 0x0000000085900000, 0x0000000085900000|100%| O|  |TAMS 0x0000000085800000, 0x0000000085800000| Untracked 
|  61|0x0000000085900000, 0x0000000085a00000, 0x0000000085a00000|100%| O|  |TAMS 0x0000000085900000, 0x0000000085900000| Untracked 
|  62|0x0000000085a00000, 0x0000000085b00000, 0x0000000085b00000|100%| O|  |TAMS 0x0000000085a00000, 0x0000000085a00000| Untracked 
|  63|0x0000000085b00000, 0x0000000085c00000, 0x0000000085c00000|100%| O|  |TAMS 0x0000000085b00000, 0x0000000085b00000| Untracked 
|  64|0x0000000085c00000, 0x0000000085d00000, 0x0000000085d00000|100%| O|  |TAMS 0x0000000085c00000, 0x0000000085c00000| Untracked 
|  65|0x0000000085d00000, 0x0000000085e00000, 0x0000000085e00000|100%| O|  |TAMS 0x0000000085d00000, 0x0000000085d00000| Untracked 
|  66|0x0000000085e00000, 0x0000000085f00000, 0x0000000085f00000|100%| O|  |TAMS 0x0000000085e00000, 0x0000000085e00000| Untracked 
|  67|0x0000000085f00000, 0x0000000086000000, 0x0000000086000000|100%| O|  |TAMS 0x0000000085f00000, 0x0000000085f00000| Untracked 
|  68|0x0000000086000000, 0x0000000086100000, 0x0000000086100000|100%| O|  |TAMS 0x0000000086000000, 0x0000000086000000| Untracked 
|  69|0x0000000086100000, 0x0000000086200000, 0x0000000086200000|100%| O|  |TAMS 0x0000000086100000, 0x0000000086100000| Untracked 
|  70|0x0000000086200000, 0x0000000086300000, 0x0000000086300000|100%| O|  |TAMS 0x0000000086200000, 0x0000000086200000| Untracked 
|  71|0x0000000086300000, 0x0000000086400000, 0x0000000086400000|100%| O|  |TAMS 0x0000000086300000, 0x0000000086300000| Untracked 
|  72|0x0000000086400000, 0x0000000086500000, 0x0000000086500000|100%| O|  |TAMS 0x0000000086400000, 0x0000000086400000| Untracked 
|  73|0x0000000086500000, 0x0000000086600000, 0x0000000086600000|100%| O|  |TAMS 0x0000000086500000, 0x0000000086500000| Untracked 
|  74|0x0000000086600000, 0x0000000086700000, 0x0000000086700000|100%| O|  |TAMS 0x0000000086600000, 0x0000000086600000| Untracked 
|  75|0x0000000086700000, 0x0000000086800000, 0x0000000086800000|100%| O|  |TAMS 0x0000000086700000, 0x0000000086700000| Untracked 
|  76|0x0000000086800000, 0x0000000086900000, 0x0000000086900000|100%| O|  |TAMS 0x0000000086800000, 0x0000000086800000| Untracked 
|  77|0x0000000086900000, 0x0000000086a00000, 0x0000000086a00000|100%| O|  |TAMS 0x0000000086900000, 0x0000000086900000| Untracked 
|  78|0x0000000086a00000, 0x0000000086b00000, 0x0000000086b00000|100%| O|  |TAMS 0x0000000086a00000, 0x0000000086a00000| Untracked 
|  79|0x0000000086b00000, 0x0000000086c00000, 0x0000000086c00000|100%| O|  |TAMS 0x0000000086b00000, 0x0000000086b00000| Untracked 
|  80|0x0000000086c00000, 0x0000000086d00000, 0x0000000086d00000|100%| O|  |TAMS 0x0000000086c00000, 0x0000000086c00000| Untracked 
|  81|0x0000000086d00000, 0x0000000086e00000, 0x0000000086e00000|100%| O|  |TAMS 0x0000000086d00000, 0x0000000086d00000| Untracked 
|  82|0x0000000086e00000, 0x0000000086f00000, 0x0000000086f00000|100%| O|  |TAMS 0x0000000086e00000, 0x0000000086e00000| Untracked 
|  83|0x0000000086f00000, 0x0000000087000000, 0x0000000087000000|100%| O|  |TAMS 0x0000000086f00000, 0x0000000086f00000| Untracked 
|  84|0x0000000087000000, 0x0000000087100000, 0x0000000087100000|100%| O|  |TAMS 0x0000000087000000, 0x0000000087000000| Untracked 
|  85|0x0000000087100000, 0x0000000087200000, 0x0000000087200000|100%| O|  |TAMS 0x0000000087100000, 0x0000000087100000| Untracked 
|  86|0x0000000087200000, 0x0000000087300000, 0x0000000087300000|100%| O|  |TAMS 0x0000000087200000, 0x0000000087200000| Untracked 
|  87|0x0000000087300000, 0x0000000087400000, 0x0000000087400000|100%| O|  |TAMS 0x0000000087300000, 0x0000000087300000| Untracked 
|  88|0x0000000087400000, 0x0000000087500000, 0x0000000087500000|100%| O|  |TAMS 0x0000000087400000, 0x0000000087400000| Untracked 
|  89|0x0000000087500000, 0x00000000875fd000, 0x0000000087600000| 98%| O|  |TAMS 0x0000000087500000, 0x0000000087500000| Untracked 
|  90|0x0000000087600000, 0x0000000087600000, 0x0000000087700000|  0%| F|  |TAMS 0x0000000087600000, 0x0000000087600000| Untracked 
|  91|0x0000000087700000, 0x0000000087700000, 0x0000000087800000|  0%| F|  |TAMS 0x0000000087700000, 0x0000000087700000| Untracked 
|  92|0x0000000087800000, 0x0000000087800000, 0x0000000087900000|  0%| F|  |TAMS 0x0000000087800000, 0x0000000087800000| Untracked 
|  93|0x0000000087900000, 0x0000000087900000, 0x0000000087a00000|  0%| F|  |TAMS 0x0000000087900000, 0x0000000087900000| Untracked 
|  94|0x0000000087a00000, 0x0000000087a00000, 0x0000000087b00000|  0%| F|  |TAMS 0x0000000087a00000, 0x0000000087a00000| Untracked 
|  95|0x0000000087b00000, 0x0000000087b00000, 0x0000000087c00000|  0%| F|  |TAMS 0x0000000087b00000, 0x0000000087b00000| Untracked 
|  96|0x0000000087c00000, 0x0000000087c00000, 0x0000000087d00000|  0%| F|  |TAMS 0x0000000087c00000, 0x0000000087c00000| Untracked 
|  97|0x0000000087d00000, 0x0000000087d00000, 0x0000000087e00000|  0%| F|  |TAMS 0x0000000087d00000, 0x0000000087d00000| Untracked 
|  98|0x0000000087e00000, 0x0000000087e00000, 0x0000000087f00000|  0%| F|  |TAMS 0x0000000087e00000, 0x0000000087e00000| Untracked 
|  99|0x0000000087f00000, 0x0000000087f00000, 0x0000000088000000|  0%| F|  |TAMS 0x0000000087f00000, 0x0000000087f00000| Untracked 
| 100|0x0000000088000000, 0x0000000088000000, 0x0000000088100000|  0%| F|  |TAMS 0x0000000088000000, 0x0000000088000000| Untracked 
| 101|0x0000000088100000, 0x0000000088100000, 0x0000000088200000|  0%| F|  |TAMS 0x0000000088100000, 0x0000000088100000| Untracked 
| 102|0x0000000088200000, 0x0000000088200000, 0x0000000088300000|  0%| F|  |TAMS 0x0000000088200000, 0x0000000088200000| Untracked 
| 103|0x0000000088300000, 0x0000000088300000, 0x0000000088400000|  0%| F|  |TAMS 0x0000000088300000, 0x0000000088300000| Untracked 
| 104|0x0000000088400000, 0x0000000088400000, 0x0000000088500000|  0%| F|  |TAMS 0x0000000088400000, 0x0000000088400000| Untracked 
| 105|0x0000000088500000, 0x0000000088500000, 0x0000000088600000|  0%| F|  |TAMS 0x0000000088500000, 0x0000000088500000| Untracked 
| 106|0x0000000088600000, 0x0000000088600000, 0x0000000088700000|  0%| F|  |TAMS 0x0000000088600000, 0x0000000088600000| Untracked 
| 107|0x0000000088700000, 0x0000000088700000, 0x0000000088800000|  0%| F|  |TAMS 0x0000000088700000, 0x0000000088700000| Untracked 
| 108|0x0000000088800000, 0x0000000088800000, 0x0000000088900000|  0%| F|  |TAMS 0x0000000088800000, 0x0000000088800000| Untracked 
| 109|0x0000000088900000, 0x0000000088900000, 0x0000000088a00000|  0%| F|  |TAMS 0x0000000088900000, 0x0000000088900000| Untracked 
| 110|0x0000000088a00000, 0x0000000088a00000, 0x0000000088b00000|  0%| F|  |TAMS 0x0000000088a00000, 0x0000000088a00000| Untracked 
| 111|0x0000000088b00000, 0x0000000088b00000, 0x0000000088c00000|  0%| F|  |TAMS 0x0000000088b00000, 0x0000000088b00000| Untracked 
| 112|0x0000000088c00000, 0x0000000088c00000, 0x0000000088d00000|  0%| F|  |TAMS 0x0000000088c00000, 0x0000000088c00000| Untracked 
| 113|0x0000000088d00000, 0x0000000088d00000, 0x0000000088e00000|  0%| F|  |TAMS 0x0000000088d00000, 0x0000000088d00000| Untracked 
| 114|0x0000000088e00000, 0x0000000088e00000, 0x0000000088f00000|  0%| F|  |TAMS 0x0000000088e00000, 0x0000000088e00000| Untracked 
| 115|0x0000000088f00000, 0x0000000088f00000, 0x0000000089000000|  0%| F|  |TAMS 0x0000000088f00000, 0x0000000088f00000| Untracked 
| 116|0x0000000089000000, 0x0000000089000000, 0x0000000089100000|  0%| F|  |TAMS 0x0000000089000000, 0x0000000089000000| Untracked 
| 117|0x0000000089100000, 0x0000000089100000, 0x0000000089200000|  0%| F|  |TAMS 0x0000000089100000, 0x0000000089100000| Untracked 
| 118|0x0000000089200000, 0x0000000089200000, 0x0000000089300000|  0%| F|  |TAMS 0x0000000089200000, 0x0000000089200000| Untracked 
| 119|0x0000000089300000, 0x0000000089300000, 0x0000000089400000|  0%| F|  |TAMS 0x0000000089300000, 0x0000000089300000| Untracked 
| 120|0x0000000089400000, 0x0000000089400000, 0x0000000089500000|  0%| F|  |TAMS 0x0000000089400000, 0x0000000089400000| Untracked 
| 121|0x0000000089500000, 0x0000000089500000, 0x0000000089600000|  0%| F|  |TAMS 0x0000000089500000, 0x0000000089500000| Untracked 
| 122|0x0000000089600000, 0x0000000089600000, 0x0000000089700000|  0%| F|  |TAMS 0x0000000089600000, 0x0000000089600000| Untracked 
| 123|0x0000000089700000, 0x0000000089700000, 0x0000000089800000|  0%| F|  |TAMS 0x0000000089700000, 0x0000000089700000| Untracked 
| 124|0x0000000089800000, 0x0000000089900000, 0x0000000089900000|100%| S|CS|TAMS 0x0000000089800000, 0x0000000089800000| Complete 
| 125|0x0000000089900000, 0x0000000089a00000, 0x0000000089a00000|100%| S|CS|TAMS 0x0000000089900000, 0x0000000089900000| Complete 
| 126|0x0000000089a00000, 0x0000000089b00000, 0x0000000089b00000|100%| S|CS|TAMS 0x0000000089a00000, 0x0000000089a00000| Complete 
| 127|0x0000000089b00000, 0x0000000089b00000, 0x0000000089c00000|  0%| F|  |TAMS 0x0000000089b00000, 0x0000000089b00000| Untracked 
| 128|0x0000000089c00000, 0x0000000089c00000, 0x0000000089d00000|  0%| F|  |TAMS 0x0000000089c00000, 0x0000000089c00000| Untracked 
| 129|0x0000000089d00000, 0x0000000089d00000, 0x0000000089e00000|  0%| F|  |TAMS 0x0000000089d00000, 0x0000000089d00000| Untracked 
| 130|0x0000000089e00000, 0x0000000089e00000, 0x0000000089f00000|  0%| F|  |TAMS 0x0000000089e00000, 0x0000000089e00000| Untracked 
| 131|0x0000000089f00000, 0x000000008a000000, 0x000000008a000000|100%| S|CS|TAMS 0x0000000089f00000, 0x0000000089f00000| Complete 
| 132|0x000000008a000000, 0x000000008a100000, 0x000000008a100000|100%| S|CS|TAMS 0x000000008a000000, 0x000000008a000000| Complete 
| 133|0x000000008a100000, 0x000000008a200000, 0x000000008a200000|100%| S|CS|TAMS 0x000000008a100000, 0x000000008a100000| Complete 
| 134|0x000000008a200000, 0x000000008a300000, 0x000000008a300000|100%| S|CS|TAMS 0x000000008a200000, 0x000000008a200000| Complete 
| 135|0x000000008a300000, 0x000000008a400000, 0x000000008a400000|100%| S|CS|TAMS 0x000000008a300000, 0x000000008a300000| Complete 
| 136|0x000000008a400000, 0x000000008a500000, 0x000000008a500000|100%| S|CS|TAMS 0x000000008a400000, 0x000000008a400000| Complete 
| 137|0x000000008a500000, 0x000000008a600000, 0x000000008a600000|100%| S|CS|TAMS 0x000000008a500000, 0x000000008a500000| Complete 
| 138|0x000000008a600000, 0x000000008a700000, 0x000000008a700000|100%| S|CS|TAMS 0x000000008a600000, 0x000000008a600000| Complete 
| 139|0x000000008a700000, 0x000000008a800000, 0x000000008a800000|100%| S|CS|TAMS 0x000000008a700000, 0x000000008a700000| Complete 
| 140|0x000000008a800000, 0x000000008a800000, 0x000000008a900000|  0%| F|  |TAMS 0x000000008a800000, 0x000000008a800000| Untracked 
| 141|0x000000008a900000, 0x000000008a900000, 0x000000008aa00000|  0%| F|  |TAMS 0x000000008a900000, 0x000000008a900000| Untracked 
| 142|0x000000008aa00000, 0x000000008aa00000, 0x000000008ab00000|  0%| F|  |TAMS 0x000000008aa00000, 0x000000008aa00000| Untracked 
| 143|0x000000008ab00000, 0x000000008ab00000, 0x000000008ac00000|  0%| F|  |TAMS 0x000000008ab00000, 0x000000008ab00000| Untracked 
| 144|0x000000008ac00000, 0x000000008ac00000, 0x000000008ad00000|  0%| F|  |TAMS 0x000000008ac00000, 0x000000008ac00000| Untracked 
| 145|0x000000008ad00000, 0x000000008ae00000, 0x000000008ae00000|100%| S|CS|TAMS 0x000000008ad00000, 0x000000008ad00000| Complete 
| 146|0x000000008ae00000, 0x000000008ae00000, 0x000000008af00000|  0%| F|  |TAMS 0x000000008ae00000, 0x000000008ae00000| Untracked 
| 147|0x000000008af00000, 0x000000008af00000, 0x000000008b000000|  0%| F|  |TAMS 0x000000008af00000, 0x000000008af00000| Untracked 
| 148|0x000000008b000000, 0x000000008b000000, 0x000000008b100000|  0%| F|  |TAMS 0x000000008b000000, 0x000000008b000000| Untracked 
| 149|0x000000008b100000, 0x000000008b100000, 0x000000008b200000|  0%| F|  |TAMS 0x000000008b100000, 0x000000008b100000| Untracked 
| 150|0x000000008b200000, 0x000000008b200000, 0x000000008b300000|  0%| F|  |TAMS 0x000000008b200000, 0x000000008b200000| Untracked 
| 151|0x000000008b300000, 0x000000008b300000, 0x000000008b400000|  0%| F|  |TAMS 0x000000008b300000, 0x000000008b300000| Untracked 
| 152|0x000000008b400000, 0x000000008b400000, 0x000000008b500000|  0%| F|  |TAMS 0x000000008b400000, 0x000000008b400000| Untracked 
| 153|0x000000008b500000, 0x000000008b500000, 0x000000008b600000|  0%| F|  |TAMS 0x000000008b500000, 0x000000008b500000| Untracked 
| 154|0x000000008b600000, 0x000000008b600000, 0x000000008b700000|  0%| F|  |TAMS 0x000000008b600000, 0x000000008b600000| Untracked 
| 155|0x000000008b700000, 0x000000008b700000, 0x000000008b800000|  0%| F|  |TAMS 0x000000008b700000, 0x000000008b700000| Untracked 
| 156|0x000000008b800000, 0x000000008b800000, 0x000000008b900000|  0%| F|  |TAMS 0x000000008b800000, 0x000000008b800000| Untracked 
| 157|0x000000008b900000, 0x000000008b900000, 0x000000008ba00000|  0%| F|  |TAMS 0x000000008b900000, 0x000000008b900000| Untracked 
| 158|0x000000008ba00000, 0x000000008ba00000, 0x000000008bb00000|  0%| F|  |TAMS 0x000000008ba00000, 0x000000008ba00000| Untracked 
| 159|0x000000008bb00000, 0x000000008bb00000, 0x000000008bc00000|  0%| F|  |TAMS 0x000000008bb00000, 0x000000008bb00000| Untracked 
| 160|0x000000008bc00000, 0x000000008bc00000, 0x000000008bd00000|  0%| F|  |TAMS 0x000000008bc00000, 0x000000008bc00000| Untracked 
| 161|0x000000008bd00000, 0x000000008bd00000, 0x000000008be00000|  0%| F|  |TAMS 0x000000008bd00000, 0x000000008bd00000| Untracked 
| 162|0x000000008be00000, 0x000000008be00000, 0x000000008bf00000|  0%| F|  |TAMS 0x000000008be00000, 0x000000008be00000| Untracked 
| 163|0x000000008bf00000, 0x000000008bf00000, 0x000000008c000000|  0%| F|  |TAMS 0x000000008bf00000, 0x000000008bf00000| Untracked 
| 164|0x000000008c000000, 0x000000008c000000, 0x000000008c100000|  0%| F|  |TAMS 0x000000008c000000, 0x000000008c000000| Untracked 
| 165|0x000000008c100000, 0x000000008c100000, 0x000000008c200000|  0%| F|  |TAMS 0x000000008c100000, 0x000000008c100000| Untracked 
| 166|0x000000008c200000, 0x000000008c200000, 0x000000008c300000|  0%| F|  |TAMS 0x000000008c200000, 0x000000008c200000| Untracked 
| 167|0x000000008c300000, 0x000000008c300000, 0x000000008c400000|  0%| F|  |TAMS 0x000000008c300000, 0x000000008c300000| Untracked 
| 168|0x000000008c400000, 0x000000008c400000, 0x000000008c500000|  0%| F|  |TAMS 0x000000008c400000, 0x000000008c400000| Untracked 
| 169|0x000000008c500000, 0x000000008c500000, 0x000000008c600000|  0%| F|  |TAMS 0x000000008c500000, 0x000000008c500000| Untracked 
| 170|0x000000008c600000, 0x000000008c600000, 0x000000008c700000|  0%| F|  |TAMS 0x000000008c600000, 0x000000008c600000| Untracked 
| 171|0x000000008c700000, 0x000000008c700000, 0x000000008c800000|  0%| F|  |TAMS 0x000000008c700000, 0x000000008c700000| Untracked 
| 172|0x000000008c800000, 0x000000008c800000, 0x000000008c900000|  0%| F|  |TAMS 0x000000008c800000, 0x000000008c800000| Untracked 
| 173|0x000000008c900000, 0x000000008c900000, 0x000000008ca00000|  0%| F|  |TAMS 0x000000008c900000, 0x000000008c900000| Untracked 
| 174|0x000000008ca00000, 0x000000008ca00000, 0x000000008cb00000|  0%| F|  |TAMS 0x000000008ca00000, 0x000000008ca00000| Untracked 
| 175|0x000000008cb00000, 0x000000008cb00000, 0x000000008cc00000|  0%| F|  |TAMS 0x000000008cb00000, 0x000000008cb00000| Untracked 
| 176|0x000000008cc00000, 0x000000008cc00000, 0x000000008cd00000|  0%| F|  |TAMS 0x000000008cc00000, 0x000000008cc00000| Untracked 
| 177|0x000000008cd00000, 0x000000008cd00000, 0x000000008ce00000|  0%| F|  |TAMS 0x000000008cd00000, 0x000000008cd00000| Untracked 
| 178|0x000000008ce00000, 0x000000008ce00000, 0x000000008cf00000|  0%| F|  |TAMS 0x000000008ce00000, 0x000000008ce00000| Untracked 
| 179|0x000000008cf00000, 0x000000008cf00000, 0x000000008d000000|  0%| F|  |TAMS 0x000000008cf00000, 0x000000008cf00000| Untracked 
| 180|0x000000008d000000, 0x000000008d000000, 0x000000008d100000|  0%| F|  |TAMS 0x000000008d000000, 0x000000008d000000| Untracked 
| 181|0x000000008d100000, 0x000000008d100000, 0x000000008d200000|  0%| F|  |TAMS 0x000000008d100000, 0x000000008d100000| Untracked 
| 182|0x000000008d200000, 0x000000008d200000, 0x000000008d300000|  0%| F|  |TAMS 0x000000008d200000, 0x000000008d200000| Untracked 
| 183|0x000000008d300000, 0x000000008d300000, 0x000000008d400000|  0%| F|  |TAMS 0x000000008d300000, 0x000000008d300000| Untracked 
| 184|0x000000008d400000, 0x000000008d400000, 0x000000008d500000|  0%| F|  |TAMS 0x000000008d400000, 0x000000008d400000| Untracked 
| 185|0x000000008d500000, 0x000000008d500000, 0x000000008d600000|  0%| F|  |TAMS 0x000000008d500000, 0x000000008d500000| Untracked 
| 186|0x000000008d600000, 0x000000008d600000, 0x000000008d700000|  0%| F|  |TAMS 0x000000008d600000, 0x000000008d600000| Untracked 
| 187|0x000000008d700000, 0x000000008d700000, 0x000000008d800000|  0%| F|  |TAMS 0x000000008d700000, 0x000000008d700000| Untracked 
| 188|0x000000008d800000, 0x000000008d800000, 0x000000008d900000|  0%| F|  |TAMS 0x000000008d800000, 0x000000008d800000| Untracked 
| 189|0x000000008d900000, 0x000000008d900000, 0x000000008da00000|  0%| F|  |TAMS 0x000000008d900000, 0x000000008d900000| Untracked 
| 190|0x000000008da00000, 0x000000008da00000, 0x000000008db00000|  0%| F|  |TAMS 0x000000008da00000, 0x000000008da00000| Untracked 
| 191|0x000000008db00000, 0x000000008db00000, 0x000000008dc00000|  0%| F|  |TAMS 0x000000008db00000, 0x000000008db00000| Untracked 
| 192|0x000000008dc00000, 0x000000008dc00000, 0x000000008dd00000|  0%| F|  |TAMS 0x000000008dc00000, 0x000000008dc00000| Untracked 
| 193|0x000000008dd00000, 0x000000008dd00000, 0x000000008de00000|  0%| F|  |TAMS 0x000000008dd00000, 0x000000008dd00000| Untracked 
| 194|0x000000008de00000, 0x000000008de00000, 0x000000008df00000|  0%| F|  |TAMS 0x000000008de00000, 0x000000008de00000| Untracked 
| 195|0x000000008df00000, 0x000000008df00000, 0x000000008e000000|  0%| F|  |TAMS 0x000000008df00000, 0x000000008df00000| Untracked 
| 196|0x000000008e000000, 0x000000008e000000, 0x000000008e100000|  0%| F|  |TAMS 0x000000008e000000, 0x000000008e000000| Untracked 
| 197|0x000000008e100000, 0x000000008e100000, 0x000000008e200000|  0%| F|  |TAMS 0x000000008e100000, 0x000000008e100000| Untracked 
| 198|0x000000008e200000, 0x000000008e200000, 0x000000008e300000|  0%| F|  |TAMS 0x000000008e200000, 0x000000008e200000| Untracked 
| 199|0x000000008e300000, 0x000000008e300000, 0x000000008e400000|  0%| F|  |TAMS 0x000000008e300000, 0x000000008e300000| Untracked 
| 200|0x000000008e400000, 0x000000008e400000, 0x000000008e500000|  0%| F|  |TAMS 0x000000008e400000, 0x000000008e400000| Untracked 
| 201|0x000000008e500000, 0x000000008e500000, 0x000000008e600000|  0%| F|  |TAMS 0x000000008e500000, 0x000000008e500000| Untracked 
| 202|0x000000008e600000, 0x000000008e600000, 0x000000008e700000|  0%| F|  |TAMS 0x000000008e600000, 0x000000008e600000| Untracked 
| 203|0x000000008e700000, 0x000000008e700000, 0x000000008e800000|  0%| F|  |TAMS 0x000000008e700000, 0x000000008e700000| Untracked 
| 204|0x000000008e800000, 0x000000008e800000, 0x000000008e900000|  0%| F|  |TAMS 0x000000008e800000, 0x000000008e800000| Untracked 
| 205|0x000000008e900000, 0x000000008e900000, 0x000000008ea00000|  0%| F|  |TAMS 0x000000008e900000, 0x000000008e900000| Untracked 
| 206|0x000000008ea00000, 0x000000008ea00000, 0x000000008eb00000|  0%| F|  |TAMS 0x000000008ea00000, 0x000000008ea00000| Untracked 
| 207|0x000000008eb00000, 0x000000008eb00000, 0x000000008ec00000|  0%| F|  |TAMS 0x000000008eb00000, 0x000000008eb00000| Untracked 
| 208|0x000000008ec00000, 0x000000008ec00000, 0x000000008ed00000|  0%| F|  |TAMS 0x000000008ec00000, 0x000000008ec00000| Untracked 
| 209|0x000000008ed00000, 0x000000008ed80800, 0x000000008ee00000| 50%| E|  |TAMS 0x000000008ed00000, 0x000000008ed00000| Complete 
| 210|0x000000008ee00000, 0x000000008ef00000, 0x000000008ef00000|100%| E|CS|TAMS 0x000000008ee00000, 0x000000008ee00000| Complete 
| 211|0x000000008ef00000, 0x000000008f000000, 0x000000008f000000|100%| E|CS|TAMS 0x000000008ef00000, 0x000000008ef00000| Complete 
| 212|0x000000008f000000, 0x000000008f100000, 0x000000008f100000|100%| E|CS|TAMS 0x000000008f000000, 0x000000008f000000| Complete 
| 213|0x000000008f100000, 0x000000008f200000, 0x000000008f200000|100%| E|CS|TAMS 0x000000008f100000, 0x000000008f100000| Complete 
| 214|0x000000008f200000, 0x000000008f300000, 0x000000008f300000|100%| E|CS|TAMS 0x000000008f200000, 0x000000008f200000| Complete 
| 215|0x000000008f300000, 0x000000008f400000, 0x000000008f400000|100%| E|CS|TAMS 0x000000008f300000, 0x000000008f300000| Complete 
| 216|0x000000008f400000, 0x000000008f500000, 0x000000008f500000|100%| E|CS|TAMS 0x000000008f400000, 0x000000008f400000| Complete 
| 217|0x000000008f500000, 0x000000008f600000, 0x000000008f600000|100%| E|CS|TAMS 0x000000008f500000, 0x000000008f500000| Complete 
| 218|0x000000008f600000, 0x000000008f700000, 0x000000008f700000|100%| E|CS|TAMS 0x000000008f600000, 0x000000008f600000| Complete 
| 219|0x000000008f700000, 0x000000008f800000, 0x000000008f800000|100%| E|CS|TAMS 0x000000008f700000, 0x000000008f700000| Complete 
| 220|0x000000008f800000, 0x000000008f900000, 0x000000008f900000|100%| E|CS|TAMS 0x000000008f800000, 0x000000008f800000| Complete 
| 221|0x000000008f900000, 0x000000008fa00000, 0x000000008fa00000|100%| E|CS|TAMS 0x000000008f900000, 0x000000008f900000| Complete 
| 222|0x000000008fa00000, 0x000000008fb00000, 0x000000008fb00000|100%| E|CS|TAMS 0x000000008fa00000, 0x000000008fa00000| Complete 
| 223|0x000000008fb00000, 0x000000008fc00000, 0x000000008fc00000|100%| E|CS|TAMS 0x000000008fb00000, 0x000000008fb00000| Complete 
| 224|0x000000008fc00000, 0x000000008fd00000, 0x000000008fd00000|100%| E|CS|TAMS 0x000000008fc00000, 0x000000008fc00000| Complete 
| 225|0x000000008fd00000, 0x000000008fe00000, 0x000000008fe00000|100%| E|CS|TAMS 0x000000008fd00000, 0x000000008fd00000| Complete 
| 226|0x000000008fe00000, 0x000000008ff00000, 0x000000008ff00000|100%| E|CS|TAMS 0x000000008fe00000, 0x000000008fe00000| Complete 
| 227|0x000000008ff00000, 0x0000000090000000, 0x0000000090000000|100%| E|CS|TAMS 0x000000008ff00000, 0x000000008ff00000| Complete 
| 228|0x0000000090000000, 0x0000000090100000, 0x0000000090100000|100%| E|CS|TAMS 0x0000000090000000, 0x0000000090000000| Complete 
| 229|0x0000000090100000, 0x0000000090200000, 0x0000000090200000|100%| E|CS|TAMS 0x0000000090100000, 0x0000000090100000| Complete 
| 230|0x0000000090200000, 0x0000000090300000, 0x0000000090300000|100%| E|CS|TAMS 0x0000000090200000, 0x0000000090200000| Complete 
| 231|0x0000000090300000, 0x0000000090400000, 0x0000000090400000|100%| E|CS|TAMS 0x0000000090300000, 0x0000000090300000| Complete 
| 232|0x0000000090400000, 0x0000000090500000, 0x0000000090500000|100%| E|CS|TAMS 0x0000000090400000, 0x0000000090400000| Complete 
| 233|0x0000000090500000, 0x0000000090600000, 0x0000000090600000|100%| E|CS|TAMS 0x0000000090500000, 0x0000000090500000| Complete 
|2019|0x00000000fff00000, 0x0000000100000000, 0x0000000100000000|100%| O|  |TAMS 0x0000000100000000, 0x00000000fff00000| Untracked 

Card table byte_map: [0x000001fdfadc0000,0x000001fdfb1c0000] _byte_map_base: 0x000001fdfa9b2000

Marking Bits (Prev, Next): (CMBitMap*) 0x000001fde6738040, (CMBitMap*) 0x000001fde6738080
 Prev Bits: [0x000001fdfb5c0000, 0x000001fdfd550000)
 Next Bits: [0x000001fdfd550000, 0x000001fdff4e0000)

Polling page: 0x000001fde67a0000

Metaspace:

Usage:
  Non-class:     68.08 MB used.
      Class:      8.57 MB used.
       Both:     76.65 MB used.

Virtual space:
  Non-class space:      128.00 MB reserved,      68.25 MB ( 53%) committed,  2 nodes.
      Class space:        1.00 GB reserved,       8.75 MB ( <1%) committed,  1 nodes.
             Both:        1.12 GB reserved,      77.00 MB (  7%) committed. 

Chunk freelists:
   Non-Class:  11.62 MB
       Class:  7.30 MB
        Both:  18.92 MB

MaxMetaspaceSize: unlimited
CompressedClassSpaceSize: 1.00 GB
Initial GC threshold: 21.00 MB
Current GC threshold: 93.75 MB
CDS: off
MetaspaceReclaimPolicy: balanced
 - commit_granule_bytes: 65536.
 - commit_granule_words: 8192.
 - virtual_space_node_default_size: 8388608.
 - enlarge_chunks_in_place: 1.
 - new_chunks_are_fully_committed: 0.
 - uncommit_free_chunks: 1.
 - use_allocation_guard: 0.
 - handle_deallocations: 1.


Internal statistics:

num_allocs_failed_limit: 6.
num_arena_births: 392.
num_arena_deaths: 0.
num_vsnodes_births: 3.
num_vsnodes_deaths: 0.
num_space_committed: 1230.
num_space_uncommitted: 0.
num_chunks_returned_to_freelist: 6.
num_chunks_taken_from_freelist: 3052.
num_chunk_merges: 6.
num_chunk_splits: 2381.
num_chunks_enlarged: 2036.
num_inconsistent_stats: 0.

CodeHeap 'non-profiled nmethods': size=120000Kb used=6462Kb max_used=6462Kb free=113537Kb
 bounds [0x000001fdf2e70000, 0x000001fdf34c0000, 0x000001fdfa3a0000]
CodeHeap 'profiled nmethods': size=120000Kb used=33284Kb max_used=33284Kb free=86716Kb
 bounds [0x000001fdeb3a0000, 0x000001fded430000, 0x000001fdf28d0000]
CodeHeap 'non-nmethods': size=5760Kb used=1386Kb max_used=1457Kb free=4373Kb
 bounds [0x000001fdf28d0000, 0x000001fdf2b40000, 0x000001fdf2e70000]
 total_blobs=13439 nmethods=12727 adapters=621
 compilation: enabled
              stopped_count=0, restarted_count=0
 full_count=0

Compilation events (20 events):
Event: 17.609 Thread 0x000001fd86031a10 nmethod 15442 0x000001fded415310 code [0x000001fded415540, 0x000001fded415ac8]
Event: 17.609 Thread 0x000001fd86031a10 15444       2       java.util.LinkedList$ListItr::checkForComodification (23 bytes)
Event: 17.609 Thread 0x000001fd86031a10 nmethod 15444 0x000001fded415e10 code [0x000001fded415fc0, 0x000001fded416188]
Event: 17.609 Thread 0x000001fd86031a10 15443       2       org.jetbrains.kotlin.load.java.typeEnhancement.SignatureParts::getEnhancedForWarnings (14 bytes)
Event: 17.609 Thread 0x000001fd86031a10 nmethod 15443 0x000001fded416290 code [0x000001fded4164e0, 0x000001fded416a48]
Event: 17.617 Thread 0x000001fd86031a10 15445       2       org.jetbrains.kotlin.types.FlexibleTypeImpl::substitutionResult (68 bytes)
Event: 17.618 Thread 0x000001fd86031a10 nmethod 15445 0x000001fded416d90 code [0x000001fded4170a0, 0x000001fded417af8]
Event: 17.618 Thread 0x000001fd86031a10 15447       2       org.jetbrains.kotlin.types.TypeWithEnhancementKt::wrapEnhancement (102 bytes)
Event: 17.619 Thread 0x000001fd86031a10 nmethod 15447 0x000001fded418110 code [0x000001fded4184a0, 0x000001fded4193e8]
Event: 17.620 Thread 0x000001fd86031a10 15449       2       org.jetbrains.kotlin.types.AbstractTypeChecker::isSubtypeOf (46 bytes)
Event: 17.620 Thread 0x000001fd86031a10 nmethod 15449 0x000001fded419c10 code [0x000001fded419ea0, 0x000001fded41a558]
Event: 17.620 Thread 0x000001fd86031a10 15448       2       org.jetbrains.kotlin.load.java.JavaIncompatibilityRulesOverridabilityCondition$Companion::isPrimitiveCompareTo (141 bytes)
Event: 17.621 Thread 0x000001fd86031a10 nmethod 15448 0x000001fded41a990 code [0x000001fded41acc0, 0x000001fded41b738]
Event: 17.621 Thread 0x000001fd86031a10 15450       2       org.jetbrains.kotlin.load.java.JavaIncompatibilityRulesOverridabilityCondition$Companion::mapValueParameterType (55 bytes)
Event: 17.622 Thread 0x000001fd86031a10 nmethod 15450 0x000001fded41bc90 code [0x000001fded41bf20, 0x000001fded41c498]
Event: 17.622 Thread 0x000001fd86031a10 15451       2       org.jetbrains.kotlin.resolve.calls.inference.CapturedTypeConstructorImpl::<init> (83 bytes)
Event: 17.622 Thread 0x000001fd86031a10 nmethod 15451 0x000001fded41c810 code [0x000001fded41ca00, 0x000001fded41cd28]
Event: 17.622 Thread 0x000001fd86031a10 15446       1       java.util.Collections$EmptyList::hashCode (2 bytes)
Event: 17.622 Thread 0x000001fd86031a10 nmethod 15446 0x000001fdf34bf490 code [0x000001fdf34bf620, 0x000001fdf34bf6f8]
Event: 17.624 Thread 0x000001fd86031a10 15452       2       org.jetbrains.kotlin.resolve.jvm.kotlinSignature.SignaturePropagationUtilKt::containsVarargs (105 bytes)

GC Heap History (20 events):
Event: 5.724 GC heap before
{Heap before GC invocations=19 (full 0):
 garbage-first heap   total 99328K, used 75731K [0x0000000081c00000, 0x0000000100000000)
  region size 1024K, 35 young (35840K), 3 survivors (3072K)
 Metaspace       used 56842K, committed 57088K, reserved 1114112K
  class space    used 6685K, committed 6784K, reserved 1048576K
}
Event: 5.742 GC heap after
{Heap after GC invocations=20 (full 0):
 garbage-first heap   total 99328K, used 49111K [0x0000000081c00000, 0x0000000100000000)
  region size 1024K, 5 young (5120K), 5 survivors (5120K)
 Metaspace       used 56842K, committed 57088K, reserved 1114112K
  class space    used 6685K, committed 6784K, reserved 1048576K
}
Event: 5.750 GC heap before
{Heap before GC invocations=20 (full 0):
 garbage-first heap   total 99328K, used 50135K [0x0000000081c00000, 0x0000000100000000)
  region size 1024K, 6 young (6144K), 5 survivors (5120K)
 Metaspace       used 56843K, committed 57088K, reserved 1114112K
  class space    used 6685K, committed 6784K, reserved 1048576K
}
Event: 5.762 GC heap after
{Heap after GC invocations=21 (full 0):
 garbage-first heap   total 99328K, used 49715K [0x0000000081c00000, 0x0000000100000000)
  region size 1024K, 1 young (1024K), 1 survivors (1024K)
 Metaspace       used 56843K, committed 57088K, reserved 1114112K
  class space    used 6685K, committed 6784K, reserved 1048576K
}
Event: 6.069 GC heap before
{Heap before GC invocations=21 (full 0):
 garbage-first heap   total 99328K, used 76339K [0x0000000081c00000, 0x0000000100000000)
  region size 1024K, 27 young (27648K), 1 survivors (1024K)
 Metaspace       used 57116K, committed 57344K, reserved 1114112K
  class space    used 6703K, committed 6784K, reserved 1048576K
}
Event: 6.084 GC heap after
{Heap after GC invocations=22 (full 0):
 garbage-first heap   total 99328K, used 54215K [0x0000000081c00000, 0x0000000100000000)
  region size 1024K, 4 young (4096K), 4 survivors (4096K)
 Metaspace       used 57116K, committed 57344K, reserved 1114112K
  class space    used 6703K, committed 6784K, reserved 1048576K
}
Event: 6.267 GC heap before
{Heap before GC invocations=22 (full 0):
 garbage-first heap   total 104448K, used 77767K [0x0000000081c00000, 0x0000000100000000)
  region size 1024K, 27 young (27648K), 4 survivors (4096K)
 Metaspace       used 57344K, committed 57600K, reserved 1114112K
  class space    used 6724K, committed 6848K, reserved 1048576K
}
Event: 6.277 GC heap after
{Heap after GC invocations=23 (full 0):
 garbage-first heap   total 104448K, used 55202K [0x0000000081c00000, 0x0000000100000000)
  region size 1024K, 1 young (1024K), 1 survivors (1024K)
 Metaspace       used 57344K, committed 57600K, reserved 1114112K
  class space    used 6724K, committed 6848K, reserved 1048576K
}
Event: 6.608 GC heap before
{Heap before GC invocations=24 (full 0):
 garbage-first heap   total 104448K, used 81826K [0x0000000081c00000, 0x0000000100000000)
  region size 1024K, 27 young (27648K), 1 survivors (1024K)
 Metaspace       used 59721K, committed 60032K, reserved 1114112K
  class space    used 7119K, committed 7232K, reserved 1048576K
}
Event: 6.615 GC heap after
{Heap after GC invocations=25 (full 0):
 garbage-first heap   total 240640K, used 55009K [0x0000000081c00000, 0x0000000100000000)
  region size 1024K, 1 young (1024K), 1 survivors (1024K)
 Metaspace       used 59721K, committed 60032K, reserved 1114112K
  class space    used 7119K, committed 7232K, reserved 1048576K
}
Event: 6.956 GC heap before
{Heap before GC invocations=25 (full 0):
 garbage-first heap   total 240640K, used 65249K [0x0000000081c00000, 0x0000000100000000)
  region size 1024K, 11 young (11264K), 1 survivors (1024K)
 Metaspace       used 61496K, committed 61760K, reserved 1114112K
  class space    used 7365K, committed 7488K, reserved 1048576K
}
Event: 6.960 GC heap after
{Heap after GC invocations=26 (full 0):
 garbage-first heap   total 240640K, used 56263K [0x0000000081c00000, 0x0000000100000000)
  region size 1024K, 2 young (2048K), 2 survivors (2048K)
 Metaspace       used 61496K, committed 61760K, reserved 1114112K
  class space    used 7365K, committed 7488K, reserved 1048576K
}
Event: 10.326 GC heap before
{Heap before GC invocations=26 (full 0):
 garbage-first heap   total 240640K, used 159687K [0x0000000081c00000, 0x0000000100000000)
  region size 1024K, 103 young (105472K), 2 survivors (2048K)
 Metaspace       used 67002K, committed 67392K, reserved 1114112K
  class space    used 7750K, committed 7936K, reserved 1048576K
}
Event: 10.350 GC heap after
{Heap after GC invocations=27 (full 0):
 garbage-first heap   total 240640K, used 70599K [0x0000000081c00000, 0x0000000100000000)
  region size 1024K, 13 young (13312K), 13 survivors (13312K)
 Metaspace       used 67002K, committed 67392K, reserved 1114112K
  class space    used 7750K, committed 7936K, reserved 1048576K
}
Event: 13.305 GC heap before
{Heap before GC invocations=27 (full 0):
 garbage-first heap   total 240640K, used 169927K [0x0000000081c00000, 0x0000000100000000)
  region size 1024K, 107 young (109568K), 13 survivors (13312K)
 Metaspace       used 68321K, committed 68608K, reserved 1114112K
  class space    used 7797K, committed 7936K, reserved 1048576K
}
Event: 13.335 GC heap after
{Heap after GC invocations=28 (full 0):
 garbage-first heap   total 240640K, used 84151K [0x0000000081c00000, 0x0000000100000000)
  region size 1024K, 11 young (11264K), 11 survivors (11264K)
 Metaspace       used 68321K, committed 68608K, reserved 1114112K
  class space    used 7797K, committed 7936K, reserved 1048576K
}
Event: 15.534 GC heap before
{Heap before GC invocations=28 (full 0):
 garbage-first heap   total 240640K, used 175287K [0x0000000081c00000, 0x0000000100000000)
  region size 1024K, 100 young (102400K), 11 survivors (11264K)
 Metaspace       used 75044K, committed 75392K, reserved 1179648K
  class space    used 8438K, committed 8576K, reserved 1048576K
}
Event: 15.557 GC heap after
{Heap after GC invocations=29 (full 0):
 garbage-first heap   total 240640K, used 92630K [0x0000000081c00000, 0x0000000100000000)
  region size 1024K, 9 young (9216K), 9 survivors (9216K)
 Metaspace       used 75044K, committed 75392K, reserved 1179648K
  class space    used 8438K, committed 8576K, reserved 1048576K
}
Event: 17.242 GC heap before
{Heap before GC invocations=29 (full 0):
 garbage-first heap   total 240640K, used 182742K [0x0000000081c00000, 0x0000000100000000)
  region size 1024K, 97 young (99328K), 9 survivors (9216K)
 Metaspace       used 78166K, committed 78528K, reserved 1179648K
  class space    used 8764K, committed 8896K, reserved 1048576K
}
Event: 17.271 GC heap after
{Heap after GC invocations=30 (full 0):
 garbage-first heap   total 240640K, used 106449K [0x0000000081c00000, 0x0000000100000000)
  region size 1024K, 13 young (13312K), 13 survivors (13312K)
 Metaspace       used 78166K, committed 78528K, reserved 1179648K
  class space    used 8764K, committed 8896K, reserved 1048576K
}

Dll operation events (2 events):
Event: 0.005 Loaded shared library D:\android\jbr\bin\java.dll
Event: 1.372 Loaded shared library D:\android\jbr\bin\verify.dll

Deoptimization events (20 events):
Event: 17.617 Thread 0x000001fde66df190 Uncommon trap: trap_request=0xffffffde fr.pc=0x000001fdf3333e14 relative=0x0000000000002a14
Event: 17.617 Thread 0x000001fde66df190 Uncommon trap: reason=class_check action=maybe_recompile pc=0x000001fdf3333e14 method=org.jetbrains.kotlin.types.checker.NewCapturedTypeKt.captureArguments(Lorg/jetbrains/kotlin/types/UnwrappedType;Lorg/jetbrains/kotlin/types/model/CaptureStatus;)Ljava/ut
Event: 17.617 Thread 0x000001fde66df190 DEOPT PACKING pc=0x000001fdf3333e14 sp=0x00000037d66fa930
Event: 17.617 Thread 0x000001fde66df190 DEOPT UNPACKING pc=0x000001fdf29269a3 sp=0x00000037d66fa8c0 mode 2
Event: 17.617 Thread 0x000001fde66df190 Uncommon trap: trap_request=0xffffff45 fr.pc=0x000001fdf33b3fa0 relative=0x0000000000000ec0
Event: 17.617 Thread 0x000001fde66df190 Uncommon trap: reason=unstable_if action=reinterpret pc=0x000001fdf33b3fa0 method=org.jetbrains.kotlin.types.AbstractTypeChecker.completeIsSubTypeOf(Lorg/jetbrains/kotlin/types/TypeCheckerState;Lorg/jetbrains/kotlin/types/model/KotlinTypeMarker;Lorg/jetbr
Event: 17.617 Thread 0x000001fde66df190 DEOPT PACKING pc=0x000001fdf33b3fa0 sp=0x00000037d66fad40
Event: 17.617 Thread 0x000001fde66df190 DEOPT UNPACKING pc=0x000001fdf29269a3 sp=0x00000037d66fac60 mode 2
Event: 17.618 Thread 0x000001fde66df190 Uncommon trap: trap_request=0xffffffde fr.pc=0x000001fdf3333e14 relative=0x0000000000002a14
Event: 17.618 Thread 0x000001fde66df190 Uncommon trap: reason=class_check action=maybe_recompile pc=0x000001fdf3333e14 method=org.jetbrains.kotlin.types.checker.NewCapturedTypeKt.captureArguments(Lorg/jetbrains/kotlin/types/UnwrappedType;Lorg/jetbrains/kotlin/types/model/CaptureStatus;)Ljava/ut
Event: 17.618 Thread 0x000001fde66df190 DEOPT PACKING pc=0x000001fdf3333e14 sp=0x00000037d66fa7b0
Event: 17.618 Thread 0x000001fde66df190 DEOPT UNPACKING pc=0x000001fdf29269a3 sp=0x00000037d66fa740 mode 2
Event: 17.618 Thread 0x000001fde66df190 Uncommon trap: trap_request=0xffffffde fr.pc=0x000001fdf3333e14 relative=0x0000000000002a14
Event: 17.618 Thread 0x000001fde66df190 Uncommon trap: reason=class_check action=maybe_recompile pc=0x000001fdf3333e14 method=org.jetbrains.kotlin.types.checker.NewCapturedTypeKt.captureArguments(Lorg/jetbrains/kotlin/types/UnwrappedType;Lorg/jetbrains/kotlin/types/model/CaptureStatus;)Ljava/ut
Event: 17.618 Thread 0x000001fde66df190 DEOPT PACKING pc=0x000001fdf3333e14 sp=0x00000037d66fa7b0
Event: 17.618 Thread 0x000001fde66df190 DEOPT UNPACKING pc=0x000001fdf29269a3 sp=0x00000037d66fa740 mode 2
Event: 17.618 Thread 0x000001fde66df190 Uncommon trap: trap_request=0xffffffde fr.pc=0x000001fdf3333e14 relative=0x0000000000002a14
Event: 17.618 Thread 0x000001fde66df190 Uncommon trap: reason=class_check action=maybe_recompile pc=0x000001fdf3333e14 method=org.jetbrains.kotlin.types.checker.NewCapturedTypeKt.captureArguments(Lorg/jetbrains/kotlin/types/UnwrappedType;Lorg/jetbrains/kotlin/types/model/CaptureStatus;)Ljava/ut
Event: 17.619 Thread 0x000001fde66df190 DEOPT PACKING pc=0x000001fdf3333e14 sp=0x00000037d66fa7b0
Event: 17.619 Thread 0x000001fde66df190 DEOPT UNPACKING pc=0x000001fdf29269a3 sp=0x00000037d66fa740 mode 2

Classes unloaded (0 events):
No events

Classes redefined (0 events):
No events

Internal exceptions (20 events):
Event: 6.774 Thread 0x000001fde66df190 Exception <a 'java/lang/IncompatibleClassChangeError'{0x00000000903f9258}: Found class java.lang.Object, but interface was expected> (0x00000000903f9258) 
thrown [s\src\hotspot\share\interpreter\linkResolver.cpp, line 838]
Event: 6.971 Thread 0x000001fde66df190 Exception <a 'java/lang/NoSuchMethodError'{0x000000009054b468}: 'java.lang.Object java.lang.invoke.DirectMethodHandle$Holder.invokeInterface(java.lang.Object, java.lang.Object, java.lang.Object)'> (0x000000009054b468) 
thrown [s\src\hotspot\share\interpreter\linkResolver.cpp, line 771]
Event: 6.971 Thread 0x000001fde66df190 Exception <a 'java/lang/IncompatibleClassChangeError'{0x000000009054edd8}: Found class java.lang.Object, but interface was expected> (0x000000009054edd8) 
thrown [s\src\hotspot\share\interpreter\linkResolver.cpp, line 838]
Event: 7.788 Thread 0x000001fde66df190 Implicit null exception at 0x000001fdf3194ca7 to 0x000001fdf3194e0c
Event: 8.060 Thread 0x000001fde66df190 Implicit null exception at 0x000001fdf31b2ca8 to 0x000001fdf31b337c
Event: 8.106 Thread 0x000001fde66df190 Exception <a 'java/lang/NoSuchMethodError'{0x000000008dd0c9e8}: 'java.lang.Object java.lang.invoke.DirectMethodHandle$Holder.newInvokeSpecial(java.lang.Object, java.lang.Object, java.lang.Object, java.lang.Object, java.lang.Object, java.lang.Object, java.lang.Object)'> (0x000000008dd0c9e8) 
thrown [s\src\hotspot\share\interpreter\linkResolver.cpp, line 771]
Event: 8.106 Thread 0x000001fde66df190 Exception <a 'java/lang/NoSuchMethodError'{0x000000008dd112f8}: 'java.lang.Object java.lang.invoke.Invokers$Holder.linkToTargetMethod(java.lang.Object, java.lang.Object, java.lang.Object, java.lang.Object, java.lang.Object, java.lang.Object, java.lang.Object)'> (0x000000008dd112f8) 
thrown [s\src\hotspot\share\interpreter\linkResolver.cpp, line 771]
Event: 8.134 Thread 0x000001fde66df190 Exception <a 'java/lang/NoSuchMethodError'{0x000000008dc02d08}: 'java.lang.Object java.lang.invoke.DirectMethodHandle$Holder.newInvokeSpecial(java.lang.Object, int, java.lang.Object, java.lang.Object)'> (0x000000008dc02d08) 
thrown [s\src\hotspot\share\interpreter\linkResolver.cpp, line 771]
Event: 9.438 Thread 0x000001fde66df190 Implicit null exception at 0x000001fdf32239a0 to 0x000001fdf32241ac
Event: 11.357 Thread 0x000001fde66df190 Exception <a 'java/lang/NoSuchMethodError'{0x000000008efc3cd0}: 'java.lang.Object java.lang.invoke.DirectMethodHandle$Holder.invokeStatic(java.lang.Object, int, java.lang.Object)'> (0x000000008efc3cd0) 
thrown [s\src\hotspot\share\interpreter\linkResolver.cpp, line 771]
Event: 11.670 Thread 0x000001fde66df190 Implicit null exception at 0x000001fdf3118e6f to 0x000001fdf311904c
Event: 12.111 Thread 0x000001fde66df190 Implicit null exception at 0x000001fdf326bd2c to 0x000001fdf326bdf4
Event: 12.821 Thread 0x000001fde66df190 Implicit null exception at 0x000001fdf30f15c7 to 0x000001fdf30f2250
Event: 14.895 Thread 0x000001fde66df190 Exception <a 'java/lang/NoSuchMethodError'{0x000000008caca960}: 'java.lang.Object java.lang.invoke.DirectMethodHandle$Holder.invokeStaticInit(java.lang.Object, java.lang.Object, java.lang.Object, java.lang.Object)'> (0x000000008caca960) 
thrown [s\src\hotspot\share\interpreter\linkResolver.cpp, line 771]
Event: 15.108 Thread 0x000001fde66df190 Exception <a 'java/lang/NoSuchMethodError'{0x000000008bcc8120}: 'java.lang.Object java.lang.invoke.DirectMethodHandle$Holder.newInvokeSpecial(java.lang.Object, java.lang.Object, java.lang.Object, int, int)'> (0x000000008bcc8120) 
thrown [s\src\hotspot\share\interpreter\linkResolver.cpp, line 771]
Event: 15.109 Thread 0x000001fde66df190 Exception <a 'java/lang/NoSuchMethodError'{0x000000008bccbf60}: 'java.lang.Object java.lang.invoke.DirectMethodHandle$Holder.invokeSpecial(java.lang.Object, java.lang.Object, java.lang.Object, java.lang.Object, int, int)'> (0x000000008bccbf60) 
thrown [s\src\hotspot\share\interpreter\linkResolver.cpp, line 771]
Event: 15.243 Thread 0x000001fde66df190 Exception <a 'java/lang/NoSuchMethodError'{0x000000008b7fb8e8}: 'java.lang.Object java.lang.invoke.DirectMethodHandle$Holder.invokeSpecial(java.lang.Object, java.lang.Object, int, int, java.lang.Object, java.lang.Object, java.lang.Object, java.lang.Object, java.lang.Object)'> (0x000000008b7fb8e8) 
thrown [s\src\hotspot\share\interpreter\linkResolver.cpp, line 771]
Event: 15.245 Thread 0x000001fde66df190 Implicit null exception at 0x000001fdf2edd896 to 0x000001fdf2eddb60
Event: 16.246 Thread 0x000001fde66df190 Exception <a 'java/lang/NoSuchMethodError'{0x000000008e81dda8}: 'java.lang.Object java.lang.invoke.DirectMethodHandle$Holder.newInvokeSpecial(java.lang.Object, java.lang.Object, int, int, java.lang.Object, java.lang.Object, java.lang.Object)'> (0x000000008e81dda8) 
thrown [s\src\hotspot\share\interpreter\linkResolver.cpp, line 771]
Event: 16.247 Thread 0x000001fde66df190 Exception <a 'java/lang/NoSuchMethodError'{0x000000008e822c38}: 'java.lang.Object java.lang.invoke.DirectMethodHandle$Holder.invokeSpecial(java.lang.Object, java.lang.Object, java.lang.Object, int, int, java.lang.Object, java.lang.Object, java.lang.Object)'> (0x000000008e822c38) 
thrown [s\src\hotspot\share\interpreter\linkResolver.cpp, line 771]

VM Operations (20 events):
Event: 17.119 Executing VM operation: ICBufferFull
Event: 17.119 Executing VM operation: ICBufferFull done
Event: 17.200 Executing VM operation: HandshakeAllThreads
Event: 17.200 Executing VM operation: HandshakeAllThreads done
Event: 17.201 Executing VM operation: HandshakeAllThreads
Event: 17.201 Executing VM operation: HandshakeAllThreads done
Event: 17.242 Executing VM operation: G1CollectForAllocation
Event: 17.271 Executing VM operation: G1CollectForAllocation done
Event: 17.284 Executing VM operation: HandshakeAllThreads
Event: 17.284 Executing VM operation: HandshakeAllThreads done
Event: 17.286 Executing VM operation: HandshakeAllThreads
Event: 17.286 Executing VM operation: HandshakeAllThreads done
Event: 17.353 Executing VM operation: ICBufferFull
Event: 17.353 Executing VM operation: ICBufferFull done
Event: 17.530 Executing VM operation: HandshakeAllThreads
Event: 17.530 Executing VM operation: HandshakeAllThreads done
Event: 17.564 Executing VM operation: ICBufferFull
Event: 17.565 Executing VM operation: ICBufferFull done
Event: 17.618 Executing VM operation: HandshakeAllThreads
Event: 17.620 Executing VM operation: HandshakeAllThreads done

Events (20 events):
Event: 16.464 Thread 0x000001fd8604e020 flushing nmethod 0x000001fded0d1e10
Event: 16.464 Thread 0x000001fd8604e020 flushing nmethod 0x000001fded0d6790
Event: 16.464 Thread 0x000001fd8604e020 flushing nmethod 0x000001fded114610
Event: 16.464 Thread 0x000001fd8604e020 flushing nmethod 0x000001fded135110
Event: 16.465 Thread 0x000001fd8604e020 flushing nmethod 0x000001fded1ab110
Event: 16.465 Thread 0x000001fd8604e020 flushing nmethod 0x000001fded1c4890
Event: 16.487 loading class java/lang/invoke/BoundMethodHandle$Species_LLL
Event: 16.488 loading class java/lang/invoke/BoundMethodHandle$Species_LLL done
Event: 16.489 loading class java/lang/invoke/MethodHandles$1
Event: 16.489 loading class java/lang/invoke/MethodHandles$1 done
Event: 16.489 loading class java/lang/invoke/BoundMethodHandle$Species_LJ
Event: 16.490 loading class java/lang/invoke/BoundMethodHandle$Species_LJ done
Event: 16.490 loading class java/lang/invoke/BoundMethodHandle$Species_LLLL
Event: 16.491 loading class java/lang/invoke/BoundMethodHandle$Species_LLLL done
Event: 16.938 loading class java/lang/invoke/BoundMethodHandle$Species_LLLLL
Event: 16.938 loading class java/lang/invoke/BoundMethodHandle$Species_LLLLL done
Event: 16.939 loading class java/lang/invoke/BoundMethodHandle$Species_LLLLLL
Event: 16.939 loading class java/lang/invoke/BoundMethodHandle$Species_LLLLLL done
Event: 16.940 loading class java/lang/invoke/BoundMethodHandle$Species_LLLLLLL
Event: 16.940 loading class java/lang/invoke/BoundMethodHandle$Species_LLLLLLL done


Dynamic libraries:
0x00007ff6b3090000 - 0x00007ff6b309a000 	D:\android\jbr\bin\java.exe
0x00007ffbc17b0000 - 0x00007ffbc19a8000 	C:\WINDOWS\SYSTEM32\ntdll.dll
0x00007ffbc1540000 - 0x00007ffbc1602000 	C:\WINDOWS\System32\KERNEL32.DLL
0x00007ffbbee50000 - 0x00007ffbbf14e000 	C:\WINDOWS\System32\KERNELBASE.dll
0x00007ffbbf2f0000 - 0x00007ffbbf3f0000 	C:\WINDOWS\System32\ucrtbase.dll
0x00007ffbb95a0000 - 0x00007ffbb95bb000 	D:\android\jbr\bin\VCRUNTIME140.dll
0x00007ffbb6400000 - 0x00007ffbb6417000 	D:\android\jbr\bin\jli.dll
0x00007ffbbfb00000 - 0x00007ffbbfc9d000 	C:\WINDOWS\System32\USER32.dll
0x00007ffbac6b0000 - 0x00007ffbac94a000 	C:\WINDOWS\WinSxS\amd64_microsoft.windows.common-controls_6595b64144ccf1df_6.0.19041.4355_none_60b8b9eb71f62e16\COMCTL32.dll
0x00007ffbc01d0000 - 0x00007ffbc026e000 	C:\WINDOWS\System32\msvcrt.dll
0x00007ffbbf2c0000 - 0x00007ffbbf2e2000 	C:\WINDOWS\System32\win32u.dll
0x00007ffbc01a0000 - 0x00007ffbc01cb000 	C:\WINDOWS\System32\GDI32.dll
0x00007ffbbf150000 - 0x00007ffbbf267000 	C:\WINDOWS\System32\gdi32full.dll
0x00007ffbbf3f0000 - 0x00007ffbbf48d000 	C:\WINDOWS\System32\msvcp_win.dll
0x00007ffbc08f0000 - 0x00007ffbc091f000 	C:\WINDOWS\System32\IMM32.DLL
0x00007ffbb9560000 - 0x00007ffbb956c000 	D:\android\jbr\bin\vcruntime140_1.dll
0x00007ffb83950000 - 0x00007ffb839dd000 	D:\android\jbr\bin\msvcp140.dll
0x00007ffb78df0000 - 0x00007ffb79a73000 	D:\android\jbr\bin\server\jvm.dll
0x00007ffbbfca0000 - 0x00007ffbbfd52000 	C:\WINDOWS\System32\ADVAPI32.dll
0x00007ffbc0d30000 - 0x00007ffbc0dd0000 	C:\WINDOWS\System32\sechost.dll
0x00007ffbbfeb0000 - 0x00007ffbbffd3000 	C:\WINDOWS\System32\RPCRT4.dll
0x00007ffbbf7a0000 - 0x00007ffbbf7c7000 	C:\WINDOWS\System32\bcrypt.dll
0x00007ffbbecb0000 - 0x00007ffbbecfb000 	C:\WINDOWS\SYSTEM32\POWRPROF.dll
0x00007ffbb9a60000 - 0x00007ffbb9a69000 	C:\WINDOWS\SYSTEM32\WSOCK32.dll
0x00007ffb9b060000 - 0x00007ffb9b087000 	C:\WINDOWS\SYSTEM32\WINMM.dll
0x00007ffbc0270000 - 0x00007ffbc02db000 	C:\WINDOWS\System32\WS2_32.dll
0x00007ffbbc4a0000 - 0x00007ffbbc4aa000 	C:\WINDOWS\SYSTEM32\VERSION.dll
0x00007ffbbec90000 - 0x00007ffbbeca2000 	C:\WINDOWS\SYSTEM32\UMPDC.dll
0x00007ffbbd630000 - 0x00007ffbbd642000 	C:\WINDOWS\SYSTEM32\kernel.appcore.dll
0x00007ffbb96f0000 - 0x00007ffbb96fa000 	D:\android\jbr\bin\jimage.dll
0x00007ffbb4600000 - 0x00007ffbb47e4000 	C:\WINDOWS\SYSTEM32\DBGHELP.DLL
0x00007ffb993a0000 - 0x00007ffb993d4000 	C:\WINDOWS\SYSTEM32\dbgcore.DLL
0x00007ffbbf710000 - 0x00007ffbbf792000 	C:\WINDOWS\System32\bcryptPrimitives.dll
0x00007ffba5770000 - 0x00007ffba5795000 	D:\android\jbr\bin\java.dll
0x00007ffbb86d0000 - 0x00007ffbb86e8000 	D:\android\jbr\bin\zip.dll
0x00007ffbc0dd0000 - 0x00007ffbc153f000 	C:\WINDOWS\System32\SHELL32.dll
0x00007ffbbce40000 - 0x00007ffbbd5e4000 	C:\WINDOWS\SYSTEM32\windows.storage.dll
0x00007ffbc09d0000 - 0x00007ffbc0d23000 	C:\WINDOWS\System32\combase.dll
0x00007ffbbe6d0000 - 0x00007ffbbe6fe000 	C:\WINDOWS\SYSTEM32\Wldp.dll
0x00007ffbc1690000 - 0x00007ffbc175d000 	C:\WINDOWS\System32\OLEAUT32.dll
0x00007ffbbf7d0000 - 0x00007ffbbf87d000 	C:\WINDOWS\System32\SHCORE.dll
0x00007ffbbfd70000 - 0x00007ffbbfdc5000 	C:\WINDOWS\System32\shlwapi.dll
0x00007ffbbed80000 - 0x00007ffbbeda4000 	C:\WINDOWS\SYSTEM32\profapi.dll
0x00007ffbb8350000 - 0x00007ffbb8369000 	D:\android\jbr\bin\net.dll
0x00007ffbbc5b0000 - 0x00007ffbbc6bd000 	C:\WINDOWS\SYSTEM32\WINHTTP.dll
0x00007ffbbe4b0000 - 0x00007ffbbe51a000 	C:\WINDOWS\system32\mswsock.dll
0x00007ffbb6470000 - 0x00007ffbb6486000 	D:\android\jbr\bin\nio.dll
0x00007ffbb83a0000 - 0x00007ffbb83b0000 	D:\android\jbr\bin\verify.dll

dbghelp: loaded successfully - version: 4.0.5 - missing functions: none
symbol engine: initialized successfully - sym options: 0x614 - pdb path: .;D:\android\jbr\bin;C:\WINDOWS\SYSTEM32;C:\WINDOWS\WinSxS\amd64_microsoft.windows.common-controls_6595b64144ccf1df_6.0.19041.4355_none_60b8b9eb71f62e16;D:\android\jbr\bin\server

VM Arguments:
java_command: org.jetbrains.kotlin.cli.jvm.K2JVMCompiler @D:\android\Android Project\fundflow_mobile\app\build\20241025_5179326253573684967.compiler.options
java_class_path (initial): C:\Users\USER\.gradle\caches\modules-2\files-2.1\org.jetbrains.kotlin\kotlin-compiler-embeddable\1.9.0\2c8c3a7402becca891f12739b3e9fd2dc2adbd7a\kotlin-compiler-embeddable-1.9.0.jar;C:\Users\USER\.gradle\caches\modules-2\files-2.1\org.jetbrains.kotlin\kotlin-stdlib\1.9.0\8ee15ef0c67dc83d874f412d84378d7f0eb50b63\kotlin-stdlib-1.9.0.jar;C:\Users\USER\.gradle\caches\modules-2\files-2.1\org.jetbrains.kotlin\kotlin-script-runtime\1.9.0\4b3102cbbb7e1b58d9d1adf89563f00069ffa7d1\kotlin-script-runtime-1.9.0.jar;C:\Users\USER\.gradle\caches\modules-2\files-2.1\org.jetbrains.kotlin\kotlin-reflect\1.6.10\1cbe9c92c12a94eea200d23c2bbaedaf3daf5132\kotlin-reflect-1.6.10.jar;C:\Users\USER\.gradle\caches\modules-2\files-2.1\org.jetbrains.kotlin\kotlin-daemon-embeddable\1.9.0\186543f5e28cf8d9a0290fecc2cf34301c40a65c\kotlin-daemon-embeddable-1.9.0.jar;C:\Users\USER\.gradle\caches\modules-2\files-2.1\org.jetbrains.intellij.deps\trove4j\1.0.20200330\3afb14d5f9ceb459d724e907a21145e8ff394f02\trove4j-1.0.20200330.jar;C:\Users\USER\.gradle\caches\modules-2\files-2.1\org.jetbrains.kotlin\kotlin-stdlib-common\1.9.0\cd65c21cfd1eec4d44ef09f9f52b6d9f8a720636\kotlin-stdlib-common-1.9.0.jar;C:\Users\USER\.gradle\caches\modules-2\files-2.1\org.jetbrains\annotations\13.0\919f0dfe192fb4e063e7dacadee7f8bb9a2672a9\annotations-13.0.jar
Launcher Type: SUN_STANDARD

[Global flags]
     intx CICompilerCount                          = 3                                         {product} {ergonomic}
     uint ConcGCThreads                            = 1                                         {product} {ergonomic}
     uint G1ConcRefinementThreads                  = 4                                         {product} {ergonomic}
   size_t G1HeapRegionSize                         = 1048576                                   {product} {ergonomic}
    uintx GCDrainStackTargetSize                   = 64                                        {product} {ergonomic}
   size_t InitialHeapSize                          = 134217728                                 {product} {ergonomic}
   size_t MarkStackSize                            = 4194304                                   {product} {ergonomic}
   size_t MaxHeapSize                              = 2118123520                                {product} {ergonomic}
   size_t MaxNewSize                               = 1270874112                                {product} {ergonomic}
   size_t MinHeapDeltaBytes                        = 1048576                                   {product} {ergonomic}
   size_t MinHeapSize                              = 8388608                                   {product} {ergonomic}
    uintx NonNMethodCodeHeapSize                   = 5832780                                {pd product} {ergonomic}
    uintx NonProfiledCodeHeapSize                  = 122912730                              {pd product} {ergonomic}
    uintx ProfiledCodeHeapSize                     = 122912730                              {pd product} {ergonomic}
    uintx ReservedCodeCacheSize                    = 251658240                              {pd product} {ergonomic}
     bool SegmentedCodeCache                       = true                                      {product} {ergonomic}
   size_t SoftMaxHeapSize                          = 2118123520                             {manageable} {ergonomic}
     bool UseCompressedClassPointers               = true                           {product lp64_product} {ergonomic}
     bool UseCompressedOops                        = true                           {product lp64_product} {ergonomic}
     bool UseG1GC                                  = true                                      {product} {ergonomic}
     bool UseLargePagesIndividualAllocation        = false                                  {pd product} {ergonomic}

Logging:
Log output configuration:
 #0: stdout all=warning uptime,level,tags
 #1: stderr all=off uptime,level,tags

Environment Variables:
PATH=C:\Python312\Scripts\;C:\Python312\;C:\Program Files\Common Files\Oracle\Java\javapath;C:\Program Files (x86)\Common Files\Oracle\Java\javapath;C:\Program Files (x86)\Common Files\Intel\Shared Files\cpp\bin\Intel64;C:\WINDOWS\system32;C:\WINDOWS;C:\WINDOWS\System32\Wbem;C:\WINDOWS\System32\WindowsPowerShell\v1.0\;C:\WINDOWS\System32\OpenSSH\;C:\Program Files\dotnet\;C:\Program Files\Git\cmd;C:\xampp\php;C:\composer;C:\Program Files\node-v20.17.0;C:\Program Files\Git;C:\ProgramData\chocolatey\bin;C:\Program Files\nodejs\;C:\Users\USER\AppData\Local\Microsoft\WindowsApps;;C:\Users\USER\AppData\Local\Programs\Microsoft VS Code\bin;C:\Users\USER\AppData\Roaming\Composer\vendor\bin;C:\Users\USER\AppData\Roaming\npm
USERNAME=USER
OS=Windows_NT
PROCESSOR_IDENTIFIER=Intel64 Family 6 Model 142 Stepping 9, GenuineIntel
TMP=C:\Users\USER\AppData\Local\Temp
TEMP=C:\Users\USER\AppData\Local\Temp



Periodic native trim disabled

JNI global refs:
JNI global refs: 10, weak refs: 18

JNI global refs memory usage: 843, weak refs: 841

Process memory usage:
Resident Set Size: 441656K (5% of 8267448K total physical memory with 452560K free physical memory)

OOME stack traces (most recent first):
Classloader memory used:
Loader jdk.internal.loader.ClassLoaders$AppClassLoader                                 : 8181K
Loader bootstrap                                                                       : 1411K
Loader java.net.URLClassLoader                                                         : 196K
Loader jdk.internal.reflect.DelegatingClassLoader                                      : 22543B


---------------  S Y S T E M  ---------------

OS:
 Windows 10 , 64 bit Build 19041 (10.0.19041.4957)
OS uptime: 1 days 4:42 hours
Hyper-V role detected

CPU: total 4 (initial active 4) (2 cores per cpu, 2 threads per core) family 6 model 142 stepping 9 microcode 0xf6, cx8, cmov, fxsr, ht, mmx, 3dnowpref, sse, sse2, sse3, ssse3, sse4.1, sse4.2, popcnt, lzcnt, tsc, tscinvbit, avx, avx2, aes, erms, clmul, bmi1, bmi2, rtm, adx, fma, vzeroupper, clflush, clflushopt, hv
Processor Information for all 4 processors :
  Max Mhz: 2901, Current Mhz: 2901, Mhz Limit: 2901

Memory: 4k page, system-wide physical 8073M (441M free)
TotalPageFile size 12073M (AvailPageFile size 7M)
current process WorkingSet (physical memory assigned to process): 431M, peak: 431M
current process commit charge ("private bytes"): 481M, peak: 485M

vm_info: OpenJDK 64-Bit Server VM (17.0.11+0--11852314) for windows-amd64 JRE (17.0.11+0--11852314), built on May 16 2024 21:29:20 by "androidbuild" with MS VC++ 16.10 / 16.11 (VS2019)

END.
