#
# There is insufficient memory for the Java Runtime Environment to continue.
# Native memory allocation (mmap) failed to map 134217728 bytes. Error detail: G1 virtual space
# Possible reasons:
#   The system is out of physical RAM or swap space
#   This process is running with CompressedOops enabled, and the Java Heap may be blocking the growth of the native heap
# Possible solutions:
#   Reduce memory load on the system
#   Increase physical memory or swap space
#   Check if swap backing store is full
#   Decrease Java heap size (-Xmx/-Xms)
#   Decrease number of Java threads
#   Decrease Java thread stack sizes (-Xss)
#   Set larger code cache with -XX:ReservedCodeCacheSize=
#   JVM is running with Unscaled Compressed Oops mode in which the Java heap is
#     placed in the first 4GB address space. The Java Heap base address is the
#     maximum limit for the native heap growth. Please use -XX:HeapBaseMinAddress
#     to set the Java Heap base and to place the Java Heap above 4GB virtual address.
# This output file may be truncated or incomplete.
#
#  Out of Memory Error (os_windows.cpp:3825), pid=2324, tid=15864
#
# JRE version:  (17.0.11) (build )
# Java VM: OpenJDK 64-Bit Server VM (17.0.11+0--11852314, mixed mode, sharing, tiered, compressed oops, compressed class ptrs, g1 gc, windows-amd64)
# No core dump will be written. Minidumps are not enabled by default on client versions of Windows
#

---------------  S U M M A R Y ------------

Command Line: org.jetbrains.kotlin.cli.jvm.K2JVMCompiler @D:\android\Android Project\fundflow_mobile\app\build\20241113_10552208036036459276.compiler.options

Host: Intel(R) Core(TM) i7-7600U CPU @ 2.80GHz, 4 cores, 7G,  Windows 10 , 64 bit Build 19041 (10.0.19041.4957)
Time: Wed Nov 13 15:40:59 2024 SE Asia Standard Time elapsed time: 0.027885 seconds (0d 0h 0m 0s)

---------------  T H R E A D  ---------------

Current thread (0x0000026ff669c9b0):  JavaThread "Unknown thread" [_thread_in_vm, id=15864, stack(0x00000075d8700000,0x00000075d8800000)]

Stack: [0x00000075d8700000,0x00000075d8800000]
Native frames: (J=compiled Java code, j=interpreted, Vv=VM code, C=native code)
V  [jvm.dll+0x687bb9]
V  [jvm.dll+0x84142a]
V  [jvm.dll+0x8430ae]
V  [jvm.dll+0x843713]
V  [jvm.dll+0x24a35f]
V  [jvm.dll+0x684989]
V  [jvm.dll+0x67923a]
V  [jvm.dll+0x30af0b]
V  [jvm.dll+0x3123b6]
V  [jvm.dll+0x361dfe]
V  [jvm.dll+0x36202f]
V  [jvm.dll+0x2e0d38]
V  [jvm.dll+0x2e1ca4]
V  [jvm.dll+0x811f21]
V  [jvm.dll+0x36fb68]
V  [jvm.dll+0x7f0896]
V  [jvm.dll+0x3f3d2f]
V  [jvm.dll+0x3f58e1]
C  [jli.dll+0x528f]
C  [ucrtbase.dll+0x21bb2]
C  [KERNEL32.DLL+0x17374]
C  [ntdll.dll+0x4cc91]


---------------  P R O C E S S  ---------------

Threads class SMR info:
_java_thread_list=0x00007ff952b0efd8, length=0, elements={
}

Java Threads: ( => current thread )

Other Threads:
  0x0000026ff66f7070 GCTaskThread "GC Thread#0" [stack: 0x00000075d8800000,0x00000075d8900000] [id=12016]
  0x0000026ff6708b60 ConcurrentGCThread "G1 Main Marker" [stack: 0x00000075d8900000,0x00000075d8a00000] [id=14276]
  0x0000026ff6709c30 ConcurrentGCThread "G1 Conc#0" [stack: 0x00000075d8a00000,0x00000075d8b00000] [id=6792]

[error occurred during error reporting (printing all threads), id 0xc0000005, EXCEPTION_ACCESS_VIOLATION (0xc0000005) at pc=0x00007ff9522c1907]

VM state: not at safepoint (not fully initialized)

VM Mutex/Monitor currently owned by a thread:  ([mutex/lock_event])
[0x0000026ff66966e0] Heap_lock - owner thread: 0x0000026ff669c9b0

Heap address: 0x0000000081c00000, size: 2020 MB, Compressed Oops mode: 32-bit

CDS archive(s) mapped at: [0x0000000000000000-0x0000000000000000-0x0000000000000000), size 0, SharedBaseAddress: 0x0000000800000000, ArchiveRelocationMode: 1.
Narrow klass base: 0x0000000000000000, Narrow klass shift: 0, Narrow klass range: 0x0

GC Precious Log:
<Empty>

Heap:
 garbage-first heap   total 0K, used 0K [0x0000000081c00000, 0x0000000100000000)
  region size 1024K, 0 young (0K), 0 survivors (0K)
 Metaspace       used 0K, committed 0K, reserved 0K
  class space    used 0K, committed 0K, reserved 0K

Heap Regions: E=young(eden), S=young(survivor), O=old, HS=humongous(starts), HC=humongous(continues), CS=collection set, F=free, OA=open archive, CA=closed archive, TAMS=top-at-mark-start (previous, next)

Card table byte_map: [0x0000026ff9f80000,0x0000026ffa380000] _byte_map_base: 0x0000026ff9b72000

Marking Bits (Prev, Next): (CMBitMap*) 0x0000026ff66f85b0, (CMBitMap*) 0x0000026ff66f85f0
 Prev Bits: [0x0000026ffa780000, 0x0000026ffc710000)
 Next Bits: [0x0000026ffc710000, 0x0000026ffe6a0000)

GC Heap History (0 events):
No events

Dll operation events (1 events):
Event: 0.016 Loaded shared library D:\android\jbr\bin\java.dll

Deoptimization events (0 events):
No events

Classes unloaded (0 events):
No events

Classes redefined (0 events):
No events

Internal exceptions (0 events):
No events

VM Operations (0 events):
No events

Events (0 events):
No events


Dynamic libraries:
0x00007ff659050000 - 0x00007ff65905a000 	D:\android\jbr\bin\java.exe
0x00007ff9bc7f0000 - 0x00007ff9bc9e8000 	C:\WINDOWS\SYSTEM32\ntdll.dll
0x00007ff9bae50000 - 0x00007ff9baf12000 	C:\WINDOWS\System32\KERNEL32.DLL
0x00007ff9ba010000 - 0x00007ff9ba30e000 	C:\WINDOWS\System32\KERNELBASE.dll
0x00007ff9b9f10000 - 0x00007ff9ba010000 	C:\WINDOWS\System32\ucrtbase.dll
0x00007ff991a00000 - 0x00007ff991a17000 	D:\android\jbr\bin\jli.dll
0x00007ff9962e0000 - 0x00007ff9962fb000 	D:\android\jbr\bin\VCRUNTIME140.dll
0x00007ff9ba950000 - 0x00007ff9baaed000 	C:\WINDOWS\System32\USER32.dll
0x00007ff9a7810000 - 0x00007ff9a7aaa000 	C:\WINDOWS\WinSxS\amd64_microsoft.windows.common-controls_6595b64144ccf1df_6.0.19041.4355_none_60b8b9eb71f62e16\COMCTL32.dll
0x00007ff9b9ee0000 - 0x00007ff9b9f02000 	C:\WINDOWS\System32\win32u.dll
0x00007ff9bc580000 - 0x00007ff9bc61e000 	C:\WINDOWS\System32\msvcrt.dll
0x00007ff9bafb0000 - 0x00007ff9bafdb000 	C:\WINDOWS\System32\GDI32.dll
0x00007ff9ba5d0000 - 0x00007ff9ba6e7000 	C:\WINDOWS\System32\gdi32full.dll
0x00007ff9ba470000 - 0x00007ff9ba50d000 	C:\WINDOWS\System32\msvcp_win.dll
0x00007ff9bc480000 - 0x00007ff9bc4af000 	C:\WINDOWS\System32\IMM32.DLL
0x00007ff9b3780000 - 0x00007ff9b378c000 	D:\android\jbr\bin\vcruntime140_1.dll
0x00007ff972ea0000 - 0x00007ff972f2d000 	D:\android\jbr\bin\msvcp140.dll
0x00007ff951fd0000 - 0x00007ff952c53000 	D:\android\jbr\bin\server\jvm.dll
0x00007ff9bc680000 - 0x00007ff9bc732000 	C:\WINDOWS\System32\ADVAPI32.dll
0x00007ff9bc4b0000 - 0x00007ff9bc550000 	C:\WINDOWS\System32\sechost.dll
0x00007ff9bbbe0000 - 0x00007ff9bbd03000 	C:\WINDOWS\System32\RPCRT4.dll
0x00007ff9ba5a0000 - 0x00007ff9ba5c7000 	C:\WINDOWS\System32\bcrypt.dll
0x00007ff9b9cf0000 - 0x00007ff9b9d3b000 	C:\WINDOWS\SYSTEM32\POWRPROF.dll
0x00007ff9b45a0000 - 0x00007ff9b45a9000 	C:\WINDOWS\SYSTEM32\WSOCK32.dll
0x00007ff9bc740000 - 0x00007ff9bc7ab000 	C:\WINDOWS\System32\WS2_32.dll
0x00007ff9b76f0000 - 0x00007ff9b76fa000 	C:\WINDOWS\SYSTEM32\VERSION.dll
0x00007ff995250000 - 0x00007ff995277000 	C:\WINDOWS\SYSTEM32\WINMM.dll
0x00007ff9b9cd0000 - 0x00007ff9b9ce2000 	C:\WINDOWS\SYSTEM32\UMPDC.dll
0x00007ff9b8670000 - 0x00007ff9b8682000 	C:\WINDOWS\SYSTEM32\kernel.appcore.dll
0x00007ff9b2fa0000 - 0x00007ff9b2faa000 	D:\android\jbr\bin\jimage.dll
0x00007ff9b0ff0000 - 0x00007ff9b11d4000 	C:\WINDOWS\SYSTEM32\DBGHELP.DLL
0x00007ff994e50000 - 0x00007ff994e84000 	C:\WINDOWS\SYSTEM32\dbgcore.DLL
0x00007ff9ba510000 - 0x00007ff9ba592000 	C:\WINDOWS\System32\bcryptPrimitives.dll
0x00007ff992400000 - 0x00007ff992425000 	D:\android\jbr\bin\java.dll

dbghelp: loaded successfully - version: 4.0.5 - missing functions: none
symbol engine: initialized successfully - sym options: 0x614 - pdb path: .;D:\android\jbr\bin;C:\WINDOWS\SYSTEM32;C:\WINDOWS\WinSxS\amd64_microsoft.windows.common-controls_6595b64144ccf1df_6.0.19041.4355_none_60b8b9eb71f62e16;D:\android\jbr\bin\server

VM Arguments:
java_command: org.jetbrains.kotlin.cli.jvm.K2JVMCompiler @D:\android\Android Project\fundflow_mobile\app\build\20241113_10552208036036459276.compiler.options
java_class_path (initial): C:\Users\USER\.gradle\caches\modules-2\files-2.1\org.jetbrains.kotlin\kotlin-compiler-embeddable\1.9.0\2c8c3a7402becca891f12739b3e9fd2dc2adbd7a\kotlin-compiler-embeddable-1.9.0.jar;C:\Users\USER\.gradle\caches\modules-2\files-2.1\org.jetbrains.kotlin\kotlin-stdlib\1.9.0\8ee15ef0c67dc83d874f412d84378d7f0eb50b63\kotlin-stdlib-1.9.0.jar;C:\Users\USER\.gradle\caches\modules-2\files-2.1\org.jetbrains.kotlin\kotlin-script-runtime\1.9.0\4b3102cbbb7e1b58d9d1adf89563f00069ffa7d1\kotlin-script-runtime-1.9.0.jar;C:\Users\USER\.gradle\caches\modules-2\files-2.1\org.jetbrains.kotlin\kotlin-reflect\1.6.10\1cbe9c92c12a94eea200d23c2bbaedaf3daf5132\kotlin-reflect-1.6.10.jar;C:\Users\USER\.gradle\caches\modules-2\files-2.1\org.jetbrains.kotlin\kotlin-daemon-embeddable\1.9.0\186543f5e28cf8d9a0290fecc2cf34301c40a65c\kotlin-daemon-embeddable-1.9.0.jar;C:\Users\USER\.gradle\caches\modules-2\files-2.1\org.jetbrains.intellij.deps\trove4j\1.0.20200330\3afb14d5f9ceb459d724e907a21145e8ff394f02\trove4j-1.0.20200330.jar;C:\Users\USER\.gradle\caches\modules-2\files-2.1\org.jetbrains.kotlin\kotlin-stdlib-common\1.9.0\cd65c21cfd1eec4d44ef09f9f52b6d9f8a720636\kotlin-stdlib-common-1.9.0.jar;C:\Users\USER\.gradle\caches\modules-2\files-2.1\org.jetbrains\annotations\13.0\919f0dfe192fb4e063e7dacadee7f8bb9a2672a9\annotations-13.0.jar
Launcher Type: SUN_STANDARD

[Global flags]
     intx CICompilerCount                          = 3                                         {product} {ergonomic}
     uint ConcGCThreads                            = 1                                         {product} {ergonomic}
     uint G1ConcRefinementThreads                  = 4                                         {product} {ergonomic}
   size_t G1HeapRegionSize                         = 1048576                                   {product} {ergonomic}
    uintx GCDrainStackTargetSize                   = 64                                        {product} {ergonomic}
   size_t InitialHeapSize                          = 134217728                                 {product} {ergonomic}
   size_t MarkStackSize                            = 4194304                                   {product} {ergonomic}
   size_t MaxHeapSize                              = 2118123520                                {product} {ergonomic}
   size_t MinHeapDeltaBytes                        = 1048576                                   {product} {ergonomic}
   size_t MinHeapSize                              = 8388608                                   {product} {ergonomic}
    uintx NonNMethodCodeHeapSize                   = 5832780                                {pd product} {ergonomic}
    uintx NonProfiledCodeHeapSize                  = 122912730                              {pd product} {ergonomic}
    uintx ProfiledCodeHeapSize                     = 122912730                              {pd product} {ergonomic}
    uintx ReservedCodeCacheSize                    = 251658240                              {pd product} {ergonomic}
     bool SegmentedCodeCache                       = true                                      {product} {ergonomic}
   size_t SoftMaxHeapSize                          = 2118123520                             {manageable} {ergonomic}
     bool UseCompressedClassPointers               = true                           {product lp64_product} {ergonomic}
     bool UseCompressedOops                        = true                           {product lp64_product} {ergonomic}
     bool UseG1GC                                  = true                                      {product} {ergonomic}
     bool UseLargePagesIndividualAllocation        = false                                  {pd product} {ergonomic}

Logging:
Log output configuration:
 #0: stdout all=warning uptime,level,tags
 #1: stderr all=off uptime,level,tags

Environment Variables:
PATH=C:\Python312\Scripts\;C:\Python312\;C:\Program Files\Common Files\Oracle\Java\javapath;C:\Program Files (x86)\Common Files\Oracle\Java\javapath;C:\Program Files (x86)\Common Files\Intel\Shared Files\cpp\bin\Intel64;C:\WINDOWS\system32;C:\WINDOWS;C:\WINDOWS\System32\Wbem;C:\WINDOWS\System32\WindowsPowerShell\v1.0\;C:\WINDOWS\System32\OpenSSH\;C:\Program Files\dotnet\;C:\Program Files\Git\cmd;C:\xampp\php;C:\composer;C:\Program Files\node-v20.17.0;C:\Program Files\Git;C:\ProgramData\chocolatey\bin;C:\Program Files\nodejs\;C:\Users\USER\AppData\Local\Microsoft\WindowsApps;;C:\Users\USER\AppData\Local\Programs\Microsoft VS Code\bin;C:\Users\USER\AppData\Roaming\Composer\vendor\bin;C:\Users\USER\AppData\Roaming\npm
USERNAME=USER
OS=Windows_NT
PROCESSOR_IDENTIFIER=Intel64 Family 6 Model 142 Stepping 9, GenuineIntel
TMP=C:\Users\USER\AppData\Local\Temp
TEMP=C:\Users\USER\AppData\Local\Temp



Periodic native trim disabled

JNI global refs:
JNI global refs: 0, weak refs: 0

JNI global refs memory usage: 0, weak refs: 0

Process memory usage:
Resident Set Size: 10748K (0% of 8267448K total physical memory with 1176224K free physical memory)

OOME stack traces (most recent first):
Classloader memory used:


---------------  S Y S T E M  ---------------

OS:
 Windows 10 , 64 bit Build 19041 (10.0.19041.4957)
OS uptime: 0 days 21:14 hours
Hyper-V role detected

CPU: total 4 (initial active 4) (2 cores per cpu, 2 threads per core) family 6 model 142 stepping 9 microcode 0xf6, cx8, cmov, fxsr, ht, mmx, 3dnowpref, sse, sse2, sse3, ssse3, sse4.1, sse4.2, popcnt, lzcnt, tsc, tscinvbit, avx, avx2, aes, erms, clmul, bmi1, bmi2, rtm, adx, fma, vzeroupper, clflush, clflushopt, hv
Processor Information for all 4 processors :
  Max Mhz: 2901, Current Mhz: 2901, Mhz Limit: 2901

Memory: 4k page, system-wide physical 8073M (1148M free)
TotalPageFile size 12061M (AvailPageFile size 38M)
current process WorkingSet (physical memory assigned to process): 10M, peak: 10M
current process commit charge ("private bytes"): 51M, peak: 179M

vm_info: OpenJDK 64-Bit Server VM (17.0.11+0--11852314) for windows-amd64 JRE (17.0.11+0--11852314), built on May 16 2024 21:29:20 by "androidbuild" with MS VC++ 16.10 / 16.11 (VS2019)

END.
