#
# There is insufficient memory for the Java Runtime Environment to continue.
# Native memory allocation (mmap) failed to map 150994944 bytes. Error detail: G1 virtual space
# Possible reasons:
#   The system is out of physical RAM or swap space
#   This process is running with CompressedOops enabled, and the Java Heap may be blocking the growth of the native heap
# Possible solutions:
#   Reduce memory load on the system
#   Increase physical memory or swap space
#   Check if swap backing store is full
#   Decrease Java heap size (-Xmx/-Xms)
#   Decrease number of Java threads
#   Decrease Java thread stack sizes (-Xss)
#   Set larger code cache with -XX:ReservedCodeCacheSize=
#   JVM is running with Unscaled Compressed Oops mode in which the Java heap is
#     placed in the first 4GB address space. The Java Heap base address is the
#     maximum limit for the native heap growth. Please use -XX:HeapBaseMinAddress
#     to set the Java Heap base and to place the Java Heap above 4GB virtual address.
# This output file may be truncated or incomplete.
#
#  Out of Memory Error (os_windows.cpp:3825), pid=11616, tid=16088
#
# JRE version: OpenJDK Runtime Environment (17.0.11) (build 17.0.11+0--11852314)
# Java VM: OpenJDK 64-Bit Server VM (17.0.11+0--11852314, mixed mode, tiered, compressed oops, compressed class ptrs, g1 gc, windows-amd64)
# No core dump will be written. Minidumps are not enabled by default on client versions of Windows
#

---------------  S U M M A R Y ------------

Command Line: org.jetbrains.kotlin.cli.jvm.K2JVMCompiler @D:\android\Android Project\fundflow_mobile\app\build\20241025_3447212943837079624.compiler.options

Host: Intel(R) Core(TM) i7-7600U CPU @ 2.80GHz, 4 cores, 7G,  Windows 10 , 64 bit Build 19041 (10.0.19041.4957)
Time: Fri Oct 25 15:21:39 2024 SE Asia Standard Time elapsed time: 20.126268 seconds (0d 0h 0m 20s)

---------------  T H R E A D  ---------------

Current thread (0x000001501ba20a60):  VMThread "VM Thread" [stack: 0x00000032e5200000,0x00000032e5300000] [id=16088]

Stack: [0x00000032e5200000,0x00000032e5300000]
Native frames: (J=compiled Java code, j=interpreted, Vv=VM code, C=native code)
V  [jvm.dll+0x687bb9]
V  [jvm.dll+0x84142a]
V  [jvm.dll+0x8430ae]
V  [jvm.dll+0x843713]
V  [jvm.dll+0x24a35f]
V  [jvm.dll+0x684989]
V  [jvm.dll+0x67923a]
V  [jvm.dll+0x30af0b]
V  [jvm.dll+0x3123b6]
V  [jvm.dll+0x361dfe]
V  [jvm.dll+0x36202f]
V  [jvm.dll+0x2e0d38]
V  [jvm.dll+0x2df144]
V  [jvm.dll+0x2de74c]
V  [jvm.dll+0x32305b]
V  [jvm.dll+0x847e0b]
V  [jvm.dll+0x848b42]
V  [jvm.dll+0x84905d]
V  [jvm.dll+0x849434]
V  [jvm.dll+0x849500]
V  [jvm.dll+0x7efa4a]
V  [jvm.dll+0x686a35]
C  [ucrtbase.dll+0x21bb2]
C  [KERNEL32.DLL+0x17374]
C  [ntdll.dll+0x4cc91]

VM_Operation (0x00000032e4cfc460): G1CollectForAllocation, mode: safepoint, requested by thread 0x0000015002500ab0


---------------  P R O C E S S  ---------------

Threads class SMR info:
_java_thread_list=0x00000150215210f0, length=13, elements={
0x0000015002500ab0, 0x000001501bb8e010, 0x000001501bb8ee90, 0x000001501bbcf630,
0x000001501bbd1110, 0x000001501bbc5370, 0x000001501bbc6c50, 0x000001501bbc7850,
0x000001501bbcade0, 0x000001501bbe9b40, 0x000001501bd53b10, 0x000001501bd54290,
0x0000015022610190
}

Java Threads: ( => current thread )
  0x0000015002500ab0 JavaThread "main" [_thread_blocked, id=16112, stack(0x00000032e4c00000,0x00000032e4d00000)]
  0x000001501bb8e010 JavaThread "Reference Handler" daemon [_thread_blocked, id=18064, stack(0x00000032e5300000,0x00000032e5400000)]
  0x000001501bb8ee90 JavaThread "Finalizer" daemon [_thread_blocked, id=16512, stack(0x00000032e5400000,0x00000032e5500000)]
  0x000001501bbcf630 JavaThread "Signal Dispatcher" daemon [_thread_blocked, id=1672, stack(0x00000032e5500000,0x00000032e5600000)]
  0x000001501bbd1110 JavaThread "Attach Listener" daemon [_thread_blocked, id=11564, stack(0x00000032e5600000,0x00000032e5700000)]
  0x000001501bbc5370 JavaThread "Service Thread" daemon [_thread_blocked, id=5988, stack(0x00000032e5700000,0x00000032e5800000)]
  0x000001501bbc6c50 JavaThread "Monitor Deflation Thread" daemon [_thread_blocked, id=12760, stack(0x00000032e5800000,0x00000032e5900000)]
  0x000001501bbc7850 JavaThread "C2 CompilerThread0" daemon [_thread_blocked, id=3252, stack(0x00000032e5900000,0x00000032e5a00000)]
  0x000001501bbcade0 JavaThread "C1 CompilerThread0" daemon [_thread_blocked, id=17612, stack(0x00000032e5a00000,0x00000032e5b00000)]
  0x000001501bbe9b40 JavaThread "Sweeper thread" daemon [_thread_blocked, id=2100, stack(0x00000032e5b00000,0x00000032e5c00000)]
  0x000001501bd53b10 JavaThread "Notification Thread" daemon [_thread_blocked, id=2616, stack(0x00000032e5c00000,0x00000032e5d00000)]
  0x000001501bd54290 JavaThread "Common-Cleaner" daemon [_thread_blocked, id=16792, stack(0x00000032e5e00000,0x00000032e5f00000)]
  0x0000015022610190 JavaThread "C2 CompilerThread1" daemon [_thread_blocked, id=3388, stack(0x00000032e5f00000,0x00000032e6000000)]

Other Threads:
=>0x000001501ba20a60 VMThread "VM Thread" [stack: 0x00000032e5200000,0x00000032e5300000] [id=16088]
  0x000001501bd53ff0 WatcherThread [stack: 0x00000032e5d00000,0x00000032e5e00000] [id=13400]
  0x0000015002559130 GCTaskThread "GC Thread#0" [stack: 0x00000032e4d00000,0x00000032e4e00000] [id=18048]
  0x0000015020329670 GCTaskThread "GC Thread#1" [stack: 0x00000032e6000000,0x00000032e6100000] [id=17724]
  0x0000015020329930 GCTaskThread "GC Thread#2" [stack: 0x00000032e6100000,0x00000032e6200000] [id=5432]
  0x000001502032bdd0 GCTaskThread "GC Thread#3" [stack: 0x00000032e6200000,0x00000032e6300000] [id=9136]
  0x0000015002569d00 ConcurrentGCThread "G1 Main Marker" [stack: 0x00000032e4e00000,0x00000032e4f00000] [id=17280]
  0x000001500256a720 ConcurrentGCThread "G1 Conc#0" [stack: 0x00000032e4f00000,0x00000032e5000000] [id=15616]
  0x000001501b88edf0 ConcurrentGCThread "G1 Refine#0" [stack: 0x00000032e5000000,0x00000032e5100000] [id=12560]
  0x00000150218ca740 ConcurrentGCThread "G1 Refine#1" [stack: 0x00000032e6300000,0x00000032e6400000] [id=15172]
  0x0000015023c82d40 ConcurrentGCThread "G1 Refine#2" [stack: 0x00000032e6400000,0x00000032e6500000] [id=11644]
  0x000001501b88f730 ConcurrentGCThread "G1 Service" [stack: 0x00000032e5100000,0x00000032e5200000] [id=8860]

Threads with active compile tasks:
C2 CompilerThread0    20161 15832       4       org.jetbrains.kotlin.resolve.OverridingUtil::resolveUnknownVisibilityForMember (248 bytes)
C2 CompilerThread1    20161 15813       4       org.jetbrains.kotlin.types.SimpleTypeImpl::<init> (122 bytes)

VM state: at safepoint (normal execution)

VM Mutex/Monitor currently owned by a thread:  ([mutex/lock_event])
[0x00000150024f99f0] Threads_lock - owner thread: 0x000001501ba20a60
[0x00000150024f98d0] Heap_lock - owner thread: 0x0000015002500ab0

Heap address: 0x0000000081c00000, size: 2020 MB, Compressed Oops mode: 32-bit

CDS archive(s) not mapped
Compressed class space mapped at: 0x0000000100000000-0x0000000140000000, reserved size: 1073741824
Narrow klass base: 0x0000000000000000, Narrow klass shift: 3, Narrow klass range: 0x140000000

GC Precious Log:
 CPUs: 4 total, 4 available
 Memory: 8073M
 Large Page Support: Disabled
 NUMA Support: Disabled
 Compressed Oops: Enabled (32-bit)
 Heap Region Size: 1M
 Heap Min Capacity: 8M
 Heap Initial Capacity: 128M
 Heap Max Capacity: 2020M
 Pre-touch: Disabled
 Parallel Workers: 4
 Concurrent Workers: 1
 Concurrent Refinement Workers: 4
 Periodic GC: Disabled

Heap:
 garbage-first heap   total 172032K, used 119466K [0x0000000081c00000, 0x0000000100000000)
  region size 1024K, 3 young (3072K), 3 survivors (3072K)
 Metaspace       used 81214K, committed 81664K, reserved 1179648K
  class space    used 9076K, committed 9280K, reserved 1048576K

Heap Regions: E=young(eden), S=young(survivor), O=old, HS=humongous(starts), HC=humongous(continues), CS=collection set, F=free, OA=open archive, CA=closed archive, TAMS=top-at-mark-start (previous, next)
|   0|0x0000000081c00000, 0x0000000081d00000, 0x0000000081d00000|100%|HS|  |TAMS 0x0000000081d00000, 0x0000000081c00000| Complete 
|   1|0x0000000081d00000, 0x0000000081e00000, 0x0000000081e00000|100%|HC|  |TAMS 0x0000000081e00000, 0x0000000081d00000| Complete 
|   2|0x0000000081e00000, 0x0000000081f00000, 0x0000000081f00000|100%|HC|  |TAMS 0x0000000081f00000, 0x0000000081e00000| Complete 
|   3|0x0000000081f00000, 0x0000000082000000, 0x0000000082000000|100%|HC|  |TAMS 0x0000000082000000, 0x0000000081f00000| Complete 
|   4|0x0000000082000000, 0x0000000082100000, 0x0000000082100000|100%| O|  |TAMS 0x0000000082100000, 0x0000000082000000| Untracked 
|   5|0x0000000082100000, 0x00000000821f2800, 0x0000000082200000| 94%| O|  |TAMS 0x00000000821f2800, 0x0000000082100000| Untracked 
|   6|0x0000000082200000, 0x0000000082300000, 0x0000000082300000|100%| O|  |TAMS 0x0000000082300000, 0x0000000082200000| Untracked 
|   7|0x0000000082300000, 0x0000000082400000, 0x0000000082400000|100%| O|  |TAMS 0x0000000082400000, 0x0000000082300000| Untracked 
|   8|0x0000000082400000, 0x0000000082500000, 0x0000000082500000|100%| O|  |TAMS 0x0000000082500000, 0x0000000082400000| Untracked 
|   9|0x0000000082500000, 0x0000000082600000, 0x0000000082600000|100%| O|  |TAMS 0x0000000082600000, 0x0000000082500000| Untracked 
|  10|0x0000000082600000, 0x0000000082700000, 0x0000000082700000|100%| O|  |TAMS 0x0000000082700000, 0x0000000082600000| Untracked 
|  11|0x0000000082700000, 0x0000000082800000, 0x0000000082800000|100%| O|  |TAMS 0x0000000082800000, 0x0000000082700000| Untracked 
|  12|0x0000000082800000, 0x0000000082900000, 0x0000000082900000|100%| O|  |TAMS 0x0000000082900000, 0x0000000082800000| Untracked 
|  13|0x0000000082900000, 0x0000000082a00000, 0x0000000082a00000|100%| O|  |TAMS 0x0000000082a00000, 0x0000000082900000| Untracked 
|  14|0x0000000082a00000, 0x0000000082b00000, 0x0000000082b00000|100%| O|  |TAMS 0x0000000082b00000, 0x0000000082a00000| Untracked 
|  15|0x0000000082b00000, 0x0000000082c00000, 0x0000000082c00000|100%| O|  |TAMS 0x0000000082c00000, 0x0000000082b00000| Untracked 
|  16|0x0000000082c00000, 0x0000000082d00000, 0x0000000082d00000|100%| O|  |TAMS 0x0000000082c00000, 0x0000000082c00000| Untracked 
|  17|0x0000000082d00000, 0x0000000082e00000, 0x0000000082e00000|100%| O|  |TAMS 0x0000000082e00000, 0x0000000082d00000| Untracked 
|  18|0x0000000082e00000, 0x0000000082f00000, 0x0000000082f00000|100%| O|  |TAMS 0x0000000082f00000, 0x0000000082e00000| Untracked 
|  19|0x0000000082f00000, 0x0000000083000000, 0x0000000083000000|100%| O|  |TAMS 0x0000000083000000, 0x0000000082f00000| Untracked 
|  20|0x0000000083000000, 0x0000000083100000, 0x0000000083100000|100%| O|  |TAMS 0x0000000083100000, 0x0000000083000000| Untracked 
|  21|0x0000000083100000, 0x0000000083200000, 0x0000000083200000|100%| O|  |TAMS 0x0000000083200000, 0x0000000083100000| Untracked 
|  22|0x0000000083200000, 0x0000000083300000, 0x0000000083300000|100%|HS|  |TAMS 0x0000000083300000, 0x0000000083200000| Complete 
|  23|0x0000000083300000, 0x0000000083400000, 0x0000000083400000|100%|HC|  |TAMS 0x0000000083400000, 0x0000000083300000| Complete 
|  24|0x0000000083400000, 0x0000000083500000, 0x0000000083500000|100%| O|  |TAMS 0x0000000083500000, 0x0000000083400000| Untracked 
|  25|0x0000000083500000, 0x0000000083600000, 0x0000000083600000|100%| O|  |TAMS 0x0000000083600000, 0x0000000083500000| Untracked 
|  26|0x0000000083600000, 0x0000000083700000, 0x0000000083700000|100%| O|  |TAMS 0x0000000083700000, 0x0000000083600000| Untracked 
|  27|0x0000000083700000, 0x0000000083800000, 0x0000000083800000|100%| O|  |TAMS 0x0000000083800000, 0x0000000083700000| Untracked 
|  28|0x0000000083800000, 0x0000000083900000, 0x0000000083900000|100%| O|  |TAMS 0x0000000083900000, 0x0000000083800000| Untracked 
|  29|0x0000000083900000, 0x0000000083a00000, 0x0000000083a00000|100%| O|  |TAMS 0x0000000083a00000, 0x0000000083900000| Untracked 
|  30|0x0000000083a00000, 0x0000000083b00000, 0x0000000083b00000|100%| O|  |TAMS 0x0000000083b00000, 0x0000000083a00000| Untracked 
|  31|0x0000000083b00000, 0x0000000083c00000, 0x0000000083c00000|100%| O|  |TAMS 0x0000000083c00000, 0x0000000083b00000| Untracked 
|  32|0x0000000083c00000, 0x0000000083d00000, 0x0000000083d00000|100%| O|  |TAMS 0x0000000083d00000, 0x0000000083c00000| Untracked 
|  33|0x0000000083d00000, 0x0000000083e00000, 0x0000000083e00000|100%| O|  |TAMS 0x0000000083e00000, 0x0000000083d00000| Untracked 
|  34|0x0000000083e00000, 0x0000000083f00000, 0x0000000083f00000|100%| O|  |TAMS 0x0000000083f00000, 0x0000000083e00000| Untracked 
|  35|0x0000000083f00000, 0x0000000084000000, 0x0000000084000000|100%| O|  |TAMS 0x0000000084000000, 0x0000000083f00000| Untracked 
|  36|0x0000000084000000, 0x0000000084100000, 0x0000000084100000|100%| O|  |TAMS 0x0000000084100000, 0x0000000084000000| Untracked 
|  37|0x0000000084100000, 0x0000000084200000, 0x0000000084200000|100%| O|  |TAMS 0x0000000084200000, 0x0000000084100000| Untracked 
|  38|0x0000000084200000, 0x0000000084300000, 0x0000000084300000|100%| O|  |TAMS 0x0000000084300000, 0x0000000084200000| Untracked 
|  39|0x0000000084300000, 0x0000000084400000, 0x0000000084400000|100%| O|  |TAMS 0x0000000084400000, 0x0000000084300000| Untracked 
|  40|0x0000000084400000, 0x0000000084500000, 0x0000000084500000|100%| O|  |TAMS 0x0000000084500000, 0x0000000084400000| Untracked 
|  41|0x0000000084500000, 0x0000000084600000, 0x0000000084600000|100%| O|  |TAMS 0x0000000084600000, 0x0000000084500000| Untracked 
|  42|0x0000000084600000, 0x0000000084700000, 0x0000000084700000|100%| O|  |TAMS 0x0000000084700000, 0x0000000084600000| Untracked 
|  43|0x0000000084700000, 0x0000000084800000, 0x0000000084800000|100%| O|  |TAMS 0x0000000084800000, 0x0000000084700000| Untracked 
|  44|0x0000000084800000, 0x0000000084900000, 0x0000000084900000|100%| O|  |TAMS 0x0000000084800000, 0x0000000084800000| Untracked 
|  45|0x0000000084900000, 0x0000000084a00000, 0x0000000084a00000|100%| O|  |TAMS 0x0000000084a00000, 0x0000000084900000| Untracked 
|  46|0x0000000084a00000, 0x0000000084b00000, 0x0000000084b00000|100%| O|  |TAMS 0x0000000084b00000, 0x0000000084a00000| Untracked 
|  47|0x0000000084b00000, 0x0000000084c00000, 0x0000000084c00000|100%| O|  |TAMS 0x0000000084c00000, 0x0000000084b00000| Untracked 
|  48|0x0000000084c00000, 0x0000000084d00000, 0x0000000084d00000|100%| O|  |TAMS 0x0000000084d00000, 0x0000000084c00000| Untracked 
|  49|0x0000000084d00000, 0x0000000084e00000, 0x0000000084e00000|100%| O|  |TAMS 0x0000000084e00000, 0x0000000084d00000| Untracked 
|  50|0x0000000084e00000, 0x0000000084f00000, 0x0000000084f00000|100%| O|  |TAMS 0x0000000084f00000, 0x0000000084e00000| Untracked 
|  51|0x0000000084f00000, 0x0000000085000000, 0x0000000085000000|100%| O|  |TAMS 0x0000000085000000, 0x0000000084f00000| Untracked 
|  52|0x0000000085000000, 0x0000000085100000, 0x0000000085100000|100%| O|  |TAMS 0x0000000085100000, 0x0000000085000000| Untracked 
|  53|0x0000000085100000, 0x0000000085200000, 0x0000000085200000|100%| O|  |TAMS 0x0000000085200000, 0x0000000085100000| Untracked 
|  54|0x0000000085200000, 0x0000000085300000, 0x0000000085300000|100%| O|  |TAMS 0x0000000085300000, 0x0000000085200000| Untracked 
|  55|0x0000000085300000, 0x0000000085400000, 0x0000000085400000|100%| O|  |TAMS 0x0000000085400000, 0x0000000085300000| Untracked 
|  56|0x0000000085400000, 0x0000000085500000, 0x0000000085500000|100%| O|  |TAMS 0x0000000085500000, 0x0000000085400000| Untracked 
|  57|0x0000000085500000, 0x0000000085600000, 0x0000000085600000|100%| O|  |TAMS 0x0000000085600000, 0x0000000085500000| Untracked 
|  58|0x0000000085600000, 0x0000000085700000, 0x0000000085700000|100%| O|  |TAMS 0x0000000085700000, 0x0000000085600000| Untracked 
|  59|0x0000000085700000, 0x0000000085800000, 0x0000000085800000|100%| O|  |TAMS 0x0000000085732e00, 0x0000000085700000| Untracked 
|  60|0x0000000085800000, 0x0000000085900000, 0x0000000085900000|100%| O|  |TAMS 0x0000000085800000, 0x0000000085800000| Untracked 
|  61|0x0000000085900000, 0x0000000085a00000, 0x0000000085a00000|100%| O|  |TAMS 0x0000000085900000, 0x0000000085900000| Untracked 
|  62|0x0000000085a00000, 0x0000000085b00000, 0x0000000085b00000|100%| O|  |TAMS 0x0000000085a00000, 0x0000000085a00000| Untracked 
|  63|0x0000000085b00000, 0x0000000085c00000, 0x0000000085c00000|100%| O|  |TAMS 0x0000000085b00000, 0x0000000085b00000| Untracked 
|  64|0x0000000085c00000, 0x0000000085d00000, 0x0000000085d00000|100%| O|  |TAMS 0x0000000085c00000, 0x0000000085c00000| Untracked 
|  65|0x0000000085d00000, 0x0000000085e00000, 0x0000000085e00000|100%| O|  |TAMS 0x0000000085d00000, 0x0000000085d00000| Untracked 
|  66|0x0000000085e00000, 0x0000000085f00000, 0x0000000085f00000|100%| O|  |TAMS 0x0000000085e00000, 0x0000000085e00000| Untracked 
|  67|0x0000000085f00000, 0x0000000086000000, 0x0000000086000000|100%| O|  |TAMS 0x0000000085f00000, 0x0000000085f00000| Untracked 
|  68|0x0000000086000000, 0x0000000086100000, 0x0000000086100000|100%| O|  |TAMS 0x0000000086000000, 0x0000000086000000| Untracked 
|  69|0x0000000086100000, 0x0000000086200000, 0x0000000086200000|100%| O|  |TAMS 0x0000000086100000, 0x0000000086100000| Untracked 
|  70|0x0000000086200000, 0x0000000086300000, 0x0000000086300000|100%| O|  |TAMS 0x0000000086200000, 0x0000000086200000| Untracked 
|  71|0x0000000086300000, 0x0000000086400000, 0x0000000086400000|100%| O|  |TAMS 0x0000000086300000, 0x0000000086300000| Untracked 
|  72|0x0000000086400000, 0x0000000086500000, 0x0000000086500000|100%|HS|  |TAMS 0x0000000086400000, 0x0000000086400000| Complete 
|  73|0x0000000086500000, 0x0000000086600000, 0x0000000086600000|100%|HC|  |TAMS 0x0000000086500000, 0x0000000086500000| Complete 
|  74|0x0000000086600000, 0x0000000086700000, 0x0000000086700000|100%| O|  |TAMS 0x0000000086600000, 0x0000000086600000| Untracked 
|  75|0x0000000086700000, 0x0000000086800000, 0x0000000086800000|100%| O|  |TAMS 0x0000000086700000, 0x0000000086700000| Untracked 
|  76|0x0000000086800000, 0x0000000086900000, 0x0000000086900000|100%| O|  |TAMS 0x0000000086800000, 0x0000000086800000| Untracked 
|  77|0x0000000086900000, 0x0000000086a00000, 0x0000000086a00000|100%| O|  |TAMS 0x0000000086900000, 0x0000000086900000| Untracked 
|  78|0x0000000086a00000, 0x0000000086b00000, 0x0000000086b00000|100%| O|  |TAMS 0x0000000086a00000, 0x0000000086a00000| Untracked 
|  79|0x0000000086b00000, 0x0000000086c00000, 0x0000000086c00000|100%| O|  |TAMS 0x0000000086b00000, 0x0000000086b00000| Untracked 
|  80|0x0000000086c00000, 0x0000000086d00000, 0x0000000086d00000|100%| O|  |TAMS 0x0000000086c00000, 0x0000000086c00000| Untracked 
|  81|0x0000000086d00000, 0x0000000086e00000, 0x0000000086e00000|100%| O|  |TAMS 0x0000000086d00000, 0x0000000086d00000| Untracked 
|  82|0x0000000086e00000, 0x0000000086f00000, 0x0000000086f00000|100%| O|  |TAMS 0x0000000086e00000, 0x0000000086e00000| Untracked 
|  83|0x0000000086f00000, 0x0000000087000000, 0x0000000087000000|100%| O|  |TAMS 0x0000000086f00000, 0x0000000086f00000| Untracked 
|  84|0x0000000087000000, 0x0000000087100000, 0x0000000087100000|100%| O|  |TAMS 0x0000000087000000, 0x0000000087000000| Untracked 
|  85|0x0000000087100000, 0x0000000087200000, 0x0000000087200000|100%| O|  |TAMS 0x0000000087100000, 0x0000000087100000| Untracked 
|  86|0x0000000087200000, 0x0000000087300000, 0x0000000087300000|100%| O|  |TAMS 0x0000000087200000, 0x0000000087200000| Untracked 
|  87|0x0000000087300000, 0x0000000087400000, 0x0000000087400000|100%| O|  |TAMS 0x0000000087300000, 0x0000000087300000| Untracked 
|  88|0x0000000087400000, 0x0000000087500000, 0x0000000087500000|100%| O|  |TAMS 0x0000000087400000, 0x0000000087400000| Untracked 
|  89|0x0000000087500000, 0x0000000087600000, 0x0000000087600000|100%| O|  |TAMS 0x0000000087500000, 0x0000000087500000| Untracked 
|  90|0x0000000087600000, 0x0000000087700000, 0x0000000087700000|100%| O|  |TAMS 0x0000000087600000, 0x0000000087600000| Untracked 
|  91|0x0000000087700000, 0x0000000087800000, 0x0000000087800000|100%| O|  |TAMS 0x0000000087700000, 0x0000000087700000| Untracked 
|  92|0x0000000087800000, 0x0000000087900000, 0x0000000087900000|100%| O|  |TAMS 0x0000000087800000, 0x0000000087800000| Untracked 
|  93|0x0000000087900000, 0x0000000087a00000, 0x0000000087a00000|100%| O|  |TAMS 0x0000000087900000, 0x0000000087900000| Untracked 
|  94|0x0000000087a00000, 0x0000000087b00000, 0x0000000087b00000|100%| O|  |TAMS 0x0000000087a00000, 0x0000000087a00000| Untracked 
|  95|0x0000000087b00000, 0x0000000087c00000, 0x0000000087c00000|100%| O|  |TAMS 0x0000000087b00000, 0x0000000087b00000| Untracked 
|  96|0x0000000087c00000, 0x0000000087d00000, 0x0000000087d00000|100%| O|  |TAMS 0x0000000087c00000, 0x0000000087c00000| Untracked 
|  97|0x0000000087d00000, 0x0000000087e00000, 0x0000000087e00000|100%| O|  |TAMS 0x0000000087d00000, 0x0000000087d00000| Untracked 
|  98|0x0000000087e00000, 0x0000000087f00000, 0x0000000087f00000|100%| O|  |TAMS 0x0000000087e00000, 0x0000000087e00000| Untracked 
|  99|0x0000000087f00000, 0x0000000088000000, 0x0000000088000000|100%| O|  |TAMS 0x0000000087f00000, 0x0000000087f00000| Untracked 
| 100|0x0000000088000000, 0x0000000088100000, 0x0000000088100000|100%| O|  |TAMS 0x0000000088000000, 0x0000000088000000| Untracked 
| 101|0x0000000088100000, 0x0000000088200000, 0x0000000088200000|100%| O|  |TAMS 0x0000000088100000, 0x0000000088100000| Untracked 
| 102|0x0000000088200000, 0x0000000088300000, 0x0000000088300000|100%| O|  |TAMS 0x0000000088200000, 0x0000000088200000| Untracked 
| 103|0x0000000088300000, 0x0000000088400000, 0x0000000088400000|100%| O|  |TAMS 0x0000000088300000, 0x0000000088300000| Untracked 
| 104|0x0000000088400000, 0x0000000088500000, 0x0000000088500000|100%| O|  |TAMS 0x0000000088400000, 0x0000000088400000| Untracked 
| 105|0x0000000088500000, 0x0000000088600000, 0x0000000088600000|100%| O|  |TAMS 0x0000000088500000, 0x0000000088500000| Untracked 
| 106|0x0000000088600000, 0x0000000088700000, 0x0000000088700000|100%| O|  |TAMS 0x0000000088600000, 0x0000000088600000| Untracked 
| 107|0x0000000088700000, 0x0000000088800000, 0x0000000088800000|100%| O|  |TAMS 0x0000000088700000, 0x0000000088700000| Untracked 
| 108|0x0000000088800000, 0x0000000088900000, 0x0000000088900000|100%| O|  |TAMS 0x0000000088800000, 0x0000000088800000| Untracked 
| 109|0x0000000088900000, 0x0000000088a00000, 0x0000000088a00000|100%| O|  |TAMS 0x0000000088900000, 0x0000000088900000| Untracked 
| 110|0x0000000088a00000, 0x0000000088b00000, 0x0000000088b00000|100%| O|  |TAMS 0x0000000088a00000, 0x0000000088a00000| Untracked 
| 111|0x0000000088b00000, 0x0000000088c00000, 0x0000000088c00000|100%| O|  |TAMS 0x0000000088b00000, 0x0000000088b00000| Untracked 
| 112|0x0000000088c00000, 0x0000000088ceec00, 0x0000000088d00000| 93%| O|  |TAMS 0x0000000088c00000, 0x0000000088c00000| Untracked 
| 113|0x0000000088d00000, 0x0000000088d00000, 0x0000000088e00000|  0%| F|  |TAMS 0x0000000088d00000, 0x0000000088d00000| Untracked 
| 114|0x0000000088e00000, 0x0000000088e00000, 0x0000000088f00000|  0%| F|  |TAMS 0x0000000088e00000, 0x0000000088e00000| Untracked 
| 115|0x0000000088f00000, 0x0000000088f00000, 0x0000000089000000|  0%| F|  |TAMS 0x0000000088f00000, 0x0000000088f00000| Untracked 
| 116|0x0000000089000000, 0x0000000089000000, 0x0000000089100000|  0%| F|  |TAMS 0x0000000089000000, 0x0000000089000000| Untracked 
| 117|0x0000000089100000, 0x0000000089100000, 0x0000000089200000|  0%| F|  |TAMS 0x0000000089100000, 0x0000000089100000| Untracked 
| 118|0x0000000089200000, 0x0000000089200000, 0x0000000089300000|  0%| F|  |TAMS 0x0000000089200000, 0x0000000089200000| Untracked 
| 119|0x0000000089300000, 0x0000000089300000, 0x0000000089400000|  0%| F|  |TAMS 0x0000000089300000, 0x0000000089300000| Untracked 
| 120|0x0000000089400000, 0x0000000089400000, 0x0000000089500000|  0%| F|  |TAMS 0x0000000089400000, 0x0000000089400000| Untracked 
| 121|0x0000000089500000, 0x0000000089500000, 0x0000000089600000|  0%| F|  |TAMS 0x0000000089500000, 0x0000000089500000| Untracked 
| 122|0x0000000089600000, 0x0000000089600000, 0x0000000089700000|  0%| F|  |TAMS 0x0000000089600000, 0x0000000089600000| Untracked 
| 123|0x0000000089700000, 0x0000000089700000, 0x0000000089800000|  0%| F|  |TAMS 0x0000000089700000, 0x0000000089700000| Untracked 
| 124|0x0000000089800000, 0x0000000089800000, 0x0000000089900000|  0%| F|  |TAMS 0x0000000089800000, 0x0000000089800000| Untracked 
| 125|0x0000000089900000, 0x0000000089900000, 0x0000000089a00000|  0%| F|  |TAMS 0x0000000089900000, 0x0000000089900000| Untracked 
| 126|0x0000000089a00000, 0x0000000089a00000, 0x0000000089b00000|  0%| F|  |TAMS 0x0000000089a00000, 0x0000000089a00000| Untracked 
| 127|0x0000000089b00000, 0x0000000089b00000, 0x0000000089c00000|  0%| F|  |TAMS 0x0000000089b00000, 0x0000000089b00000| Untracked 
| 128|0x0000000089c00000, 0x0000000089c00000, 0x0000000089d00000|  0%| F|  |TAMS 0x0000000089c00000, 0x0000000089c00000| Untracked 
| 129|0x0000000089d00000, 0x0000000089d00000, 0x0000000089e00000|  0%| F|  |TAMS 0x0000000089d00000, 0x0000000089d00000| Untracked 
| 130|0x0000000089e00000, 0x0000000089e00000, 0x0000000089f00000|  0%| F|  |TAMS 0x0000000089e00000, 0x0000000089e00000| Untracked 
| 131|0x0000000089f00000, 0x0000000089f00000, 0x000000008a000000|  0%| F|  |TAMS 0x0000000089f00000, 0x0000000089f00000| Untracked 
| 132|0x000000008a000000, 0x000000008a000000, 0x000000008a100000|  0%| F|  |TAMS 0x000000008a000000, 0x000000008a000000| Untracked 
| 133|0x000000008a100000, 0x000000008a100000, 0x000000008a200000|  0%| F|  |TAMS 0x000000008a100000, 0x000000008a100000| Untracked 
| 134|0x000000008a200000, 0x000000008a200000, 0x000000008a300000|  0%| F|  |TAMS 0x000000008a200000, 0x000000008a200000| Untracked 
| 135|0x000000008a300000, 0x000000008a300000, 0x000000008a400000|  0%| F|  |TAMS 0x000000008a300000, 0x000000008a300000| Untracked 
| 136|0x000000008a400000, 0x000000008a400000, 0x000000008a500000|  0%| F|  |TAMS 0x000000008a400000, 0x000000008a400000| Untracked 
| 137|0x000000008a500000, 0x000000008a500000, 0x000000008a600000|  0%| F|  |TAMS 0x000000008a500000, 0x000000008a500000| Untracked 
| 138|0x000000008a600000, 0x000000008a600000, 0x000000008a700000|  0%| F|  |TAMS 0x000000008a600000, 0x000000008a600000| Untracked 
| 139|0x000000008a700000, 0x000000008a7c94c8, 0x000000008a800000| 78%| S|CS|TAMS 0x000000008a700000, 0x000000008a700000| Complete 
| 140|0x000000008a800000, 0x000000008a900000, 0x000000008a900000|100%| S|CS|TAMS 0x000000008a800000, 0x000000008a800000| Complete 
| 141|0x000000008a900000, 0x000000008aa00000, 0x000000008aa00000|100%| S|CS|TAMS 0x000000008a900000, 0x000000008a900000| Complete 
| 142|0x000000008aa00000, 0x000000008aa00000, 0x000000008ab00000|  0%| F|  |TAMS 0x000000008aa00000, 0x000000008aa00000| Untracked 
| 143|0x000000008ab00000, 0x000000008ab00000, 0x000000008ac00000|  0%| F|  |TAMS 0x000000008ab00000, 0x000000008ab00000| Untracked 
| 144|0x000000008ac00000, 0x000000008ac00000, 0x000000008ad00000|  0%| F|  |TAMS 0x000000008ac00000, 0x000000008ac00000| Untracked 
| 145|0x000000008ad00000, 0x000000008ad00000, 0x000000008ae00000|  0%| F|  |TAMS 0x000000008ad00000, 0x000000008ad00000| Untracked 
| 146|0x000000008ae00000, 0x000000008ae00000, 0x000000008af00000|  0%| F|  |TAMS 0x000000008ae00000, 0x000000008ae00000| Untracked 
| 147|0x000000008af00000, 0x000000008af00000, 0x000000008b000000|  0%| F|  |TAMS 0x000000008af00000, 0x000000008af00000| Untracked 
| 148|0x000000008b000000, 0x000000008b000000, 0x000000008b100000|  0%| F|  |TAMS 0x000000008b000000, 0x000000008b000000| Untracked 
| 149|0x000000008b100000, 0x000000008b100000, 0x000000008b200000|  0%| F|  |TAMS 0x000000008b100000, 0x000000008b100000| Untracked 
| 150|0x000000008b200000, 0x000000008b200000, 0x000000008b300000|  0%| F|  |TAMS 0x000000008b200000, 0x000000008b200000| Untracked 
| 151|0x000000008b300000, 0x000000008b300000, 0x000000008b400000|  0%| F|  |TAMS 0x000000008b300000, 0x000000008b300000| Untracked 
| 152|0x000000008b400000, 0x000000008b400000, 0x000000008b500000|  0%| F|  |TAMS 0x000000008b400000, 0x000000008b400000| Untracked 
| 153|0x000000008b500000, 0x000000008b500000, 0x000000008b600000|  0%| F|  |TAMS 0x000000008b500000, 0x000000008b500000| Untracked 
| 154|0x000000008b600000, 0x000000008b600000, 0x000000008b700000|  0%| F|  |TAMS 0x000000008b600000, 0x000000008b600000| Untracked 
| 155|0x000000008b700000, 0x000000008b700000, 0x000000008b800000|  0%| F|  |TAMS 0x000000008b700000, 0x000000008b700000| Untracked 
| 156|0x000000008b800000, 0x000000008b800000, 0x000000008b900000|  0%| F|  |TAMS 0x000000008b800000, 0x000000008b800000| Untracked 
| 157|0x000000008b900000, 0x000000008b900000, 0x000000008ba00000|  0%| F|  |TAMS 0x000000008b900000, 0x000000008b900000| Untracked 
| 158|0x000000008ba00000, 0x000000008ba00000, 0x000000008bb00000|  0%| F|  |TAMS 0x000000008ba00000, 0x000000008ba00000| Untracked 
| 159|0x000000008bb00000, 0x000000008bb00000, 0x000000008bc00000|  0%| F|  |TAMS 0x000000008bb00000, 0x000000008bb00000| Untracked 
| 160|0x000000008bc00000, 0x000000008bc00000, 0x000000008bd00000|  0%| F|  |TAMS 0x000000008bc00000, 0x000000008bc00000| Untracked 
| 161|0x000000008bd00000, 0x000000008bd00000, 0x000000008be00000|  0%| F|  |TAMS 0x000000008bd00000, 0x000000008bd00000| Untracked 
| 162|0x000000008be00000, 0x000000008be00000, 0x000000008bf00000|  0%| F|  |TAMS 0x000000008be00000, 0x000000008be00000| Untracked 
| 163|0x000000008bf00000, 0x000000008bf00000, 0x000000008c000000|  0%| F|  |TAMS 0x000000008bf00000, 0x000000008bf00000| Untracked 
| 164|0x000000008c000000, 0x000000008c000000, 0x000000008c100000|  0%| F|  |TAMS 0x000000008c000000, 0x000000008c000000| Untracked 
| 165|0x000000008c100000, 0x000000008c100000, 0x000000008c200000|  0%| F|  |TAMS 0x000000008c100000, 0x000000008c100000| Untracked 
| 166|0x000000008c200000, 0x000000008c200000, 0x000000008c300000|  0%| F|  |TAMS 0x000000008c200000, 0x000000008c200000| Untracked 
|2019|0x00000000fff00000, 0x0000000100000000, 0x0000000100000000|100%| O|  |TAMS 0x0000000100000000, 0x00000000fff00000| Untracked 

Card table byte_map: [0x0000015014de0000,0x00000150151e0000] _byte_map_base: 0x00000150149d2000

Marking Bits (Prev, Next): (CMBitMap*) 0x0000015002559750, (CMBitMap*) 0x0000015002559790
 Prev Bits: [0x00000150155e0000, 0x0000015017570000)
 Next Bits: [0x0000015017570000, 0x0000015019500000)

Polling page: 0x00000150004b0000

Metaspace:

Usage:
  Non-class:     70.45 MB used.
      Class:      8.86 MB used.
       Both:     79.31 MB used.

Virtual space:
  Non-class space:      128.00 MB reserved,      70.69 MB ( 55%) committed,  2 nodes.
      Class space:        1.00 GB reserved,       9.06 MB ( <1%) committed,  1 nodes.
             Both:        1.12 GB reserved,      79.75 MB (  7%) committed. 

Chunk freelists:
   Non-Class:  9.36 MB
       Class:  6.98 MB
        Both:  16.34 MB

MaxMetaspaceSize: unlimited
CompressedClassSpaceSize: 1.00 GB
Initial GC threshold: 21.00 MB
Current GC threshold: 106.06 MB
CDS: off
MetaspaceReclaimPolicy: balanced
 - commit_granule_bytes: 65536.
 - commit_granule_words: 8192.
 - virtual_space_node_default_size: 8388608.
 - enlarge_chunks_in_place: 1.
 - new_chunks_are_fully_committed: 0.
 - uncommit_free_chunks: 1.
 - use_allocation_guard: 0.
 - handle_deallocations: 1.


Internal statistics:

num_allocs_failed_limit: 15.
num_arena_births: 494.
num_arena_deaths: 0.
num_vsnodes_births: 3.
num_vsnodes_deaths: 0.
num_space_committed: 1274.
num_space_uncommitted: 0.
num_chunks_returned_to_freelist: 15.
num_chunks_taken_from_freelist: 3277.
num_chunk_merges: 12.
num_chunk_splits: 2538.
num_chunks_enlarged: 2131.
num_inconsistent_stats: 0.

CodeHeap 'non-profiled nmethods': size=120000Kb used=7375Kb max_used=7384Kb free=112624Kb
 bounds [0x000001500d4b0000, 0x000001500dbf0000, 0x00000150149e0000]
CodeHeap 'profiled nmethods': size=120000Kb used=36756Kb max_used=36756Kb free=83243Kb
 bounds [0x00000150059e0000, 0x0000015007dd0000, 0x000001500cf10000]
CodeHeap 'non-nmethods': size=5760Kb used=1391Kb max_used=1485Kb free=4368Kb
 bounds [0x000001500cf10000, 0x000001500d180000, 0x000001500d4b0000]
 total_blobs=14082 nmethods=13364 adapters=627
 compilation: enabled
              stopped_count=0, restarted_count=0
 full_count=0

Compilation events (20 events):
Event: 20.061 Thread 0x000001501bbcade0 16195       1       org.jetbrains.kotlin.ir.builders.declarations.IrClassBuilder::isValue (5 bytes)
Event: 20.061 Thread 0x000001501bbcade0 nmethod 16195 0x000001500dbe3110 code [0x000001500dbe32a0, 0x000001500dbe3378]
Event: 20.061 Thread 0x000001501bbcade0 16196       1       org.jetbrains.kotlin.ir.builders.declarations.IrClassBuilder::isExpect (5 bytes)
Event: 20.061 Thread 0x000001501bbcade0 nmethod 16196 0x000001500dbe3410 code [0x000001500dbe35a0, 0x000001500dbe3678]
Event: 20.061 Thread 0x000001501bbcade0 16197       1       org.jetbrains.kotlin.ir.builders.declarations.IrClassBuilder::isFun (5 bytes)
Event: 20.061 Thread 0x000001501bbcade0 nmethod 16197 0x000001500dbe3710 code [0x000001500dbe38a0, 0x000001500dbe3978]
Event: 20.068 Thread 0x000001501bbcade0 16199       2       java.util.zip.ZipFile::<init> (144 bytes)
Event: 20.069 Thread 0x000001501bbcade0 nmethod 16199 0x0000015007dc3910 code [0x0000015007dc3b80, 0x0000015007dc43b8]
Event: 20.069 Thread 0x000001501bbcade0 16200       2       java.util.zip.ZipCoder::get (20 bytes)
Event: 20.069 Thread 0x000001501bbcade0 nmethod 16200 0x0000015007dc4890 code [0x0000015007dc4a40, 0x0000015007dc4c18]
Event: 20.069 Thread 0x000001501bbcade0 16201   !   2       java.util.zip.ZipFile$Source::get (190 bytes)
Event: 20.069 Thread 0x0000015022610190 nmethod 15934 0x000001500dbe3a10 code [0x000001500dbe3be0, 0x000001500dbe4498]
Event: 20.069 Thread 0x0000015022610190 15935       4       kotlin.collections.CollectionsKt___CollectionsKt::joinToString (72 bytes)
Event: 20.070 Thread 0x000001501bbcade0 nmethod 16201 0x0000015007dc4d10 code [0x0000015007dc4f80, 0x0000015007dc59d8]
Event: 20.078 Thread 0x0000015022610190 nmethod 15935 0x000001500dbe4a10 code [0x000001500dbe4be0, 0x000001500dbe5378]
Event: 20.078 Thread 0x0000015022610190 15805       4       org.jetbrains.kotlin.descriptors.impl.VariableDescriptorImpl::<init> (49 bytes)
Event: 20.085 Thread 0x0000015022610190 nmethod 15805 0x000001500dbe5890 code [0x000001500dbe5a00, 0x000001500dbe5fd8]
Event: 20.085 Thread 0x0000015022610190 15835       4       org.jetbrains.kotlin.descriptors.impl.AbstractTypeParameterDescriptor::getVariance (14 bytes)
Event: 20.085 Thread 0x0000015022610190 nmethod 15835 0x000001500d5b4e90 code [0x000001500d5b5000, 0x000001500d5b5098]
Event: 20.085 Thread 0x0000015022610190 15813       4       org.jetbrains.kotlin.types.SimpleTypeImpl::<init> (122 bytes)

GC Heap History (20 events):
Event: 8.262 GC heap after
{Heap after GC invocations=23 (full 0):
 garbage-first heap   total 119808K, used 61557K [0x0000000081c00000, 0x0000000100000000)
  region size 1024K, 1 young (1024K), 1 survivors (1024K)
 Metaspace       used 62813K, committed 63168K, reserved 1114112K
  class space    used 7440K, committed 7616K, reserved 1048576K
}
Event: 9.558 GC heap before
{Heap before GC invocations=23 (full 0):
 garbage-first heap   total 119808K, used 94325K [0x0000000081c00000, 0x0000000100000000)
  region size 1024K, 33 young (33792K), 1 survivors (1024K)
 Metaspace       used 64706K, committed 65088K, reserved 1114112K
  class space    used 7551K, committed 7744K, reserved 1048576K
}
Event: 9.572 GC heap after
{Heap after GC invocations=24 (full 0):
 garbage-first heap   total 172032K, used 64430K [0x0000000081c00000, 0x0000000100000000)
  region size 1024K, 4 young (4096K), 4 survivors (4096K)
 Metaspace       used 64706K, committed 65088K, reserved 1114112K
  class space    used 7551K, committed 7744K, reserved 1048576K
}
Event: 13.415 GC heap before
{Heap before GC invocations=25 (full 0):
 garbage-first heap   total 172032K, used 132014K [0x0000000081c00000, 0x0000000100000000)
  region size 1024K, 70 young (71680K), 4 survivors (4096K)
 Metaspace       used 67785K, committed 68096K, reserved 1114112K
  class space    used 7764K, committed 7936K, reserved 1048576K
}
Event: 13.433 GC heap after
{Heap after GC invocations=26 (full 0):
 garbage-first heap   total 172032K, used 73576K [0x0000000081c00000, 0x0000000100000000)
  region size 1024K, 9 young (9216K), 9 survivors (9216K)
 Metaspace       used 67785K, committed 68096K, reserved 1114112K
  class space    used 7764K, committed 7936K, reserved 1048576K
}
Event: 13.477 GC heap before
{Heap before GC invocations=26 (full 0):
 garbage-first heap   total 172032K, used 74600K [0x0000000081c00000, 0x0000000100000000)
  region size 1024K, 10 young (10240K), 9 survivors (9216K)
 Metaspace       used 67789K, committed 68096K, reserved 1114112K
  class space    used 7764K, committed 7936K, reserved 1048576K
}
Event: 13.490 GC heap after
{Heap after GC invocations=27 (full 0):
 garbage-first heap   total 172032K, used 74671K [0x0000000081c00000, 0x0000000100000000)
  region size 1024K, 2 young (2048K), 2 survivors (2048K)
 Metaspace       used 67789K, committed 68096K, reserved 1114112K
  class space    used 7764K, committed 7936K, reserved 1048576K
}
Event: 14.953 GC heap before
{Heap before GC invocations=27 (full 0):
 garbage-first heap   total 172032K, used 134063K [0x0000000081c00000, 0x0000000100000000)
  region size 1024K, 57 young (58368K), 2 survivors (2048K)
 Metaspace       used 68300K, committed 68608K, reserved 1114112K
  class space    used 7791K, committed 7936K, reserved 1048576K
}
Event: 14.962 GC heap after
{Heap after GC invocations=28 (full 0):
 garbage-first heap   total 172032K, used 81330K [0x0000000081c00000, 0x0000000100000000)
  region size 1024K, 6 young (6144K), 6 survivors (6144K)
 Metaspace       used 68300K, committed 68608K, reserved 1114112K
  class space    used 7791K, committed 7936K, reserved 1048576K
}
Event: 16.545 GC heap before
{Heap before GC invocations=28 (full 0):
 garbage-first heap   total 172032K, used 135602K [0x0000000081c00000, 0x0000000100000000)
  region size 1024K, 59 young (60416K), 6 survivors (6144K)
 Metaspace       used 69110K, committed 69376K, reserved 1114112K
  class space    used 7846K, committed 8000K, reserved 1048576K
}
Event: 16.563 GC heap after
{Heap after GC invocations=29 (full 0):
 garbage-first heap   total 172032K, used 87049K [0x0000000081c00000, 0x0000000100000000)
  region size 1024K, 6 young (6144K), 6 survivors (6144K)
 Metaspace       used 69110K, committed 69376K, reserved 1114112K
  class space    used 7846K, committed 8000K, reserved 1048576K
}
Event: 17.570 GC heap before
{Heap before GC invocations=29 (full 0):
 garbage-first heap   total 172032K, used 137225K [0x0000000081c00000, 0x0000000100000000)
  region size 1024K, 55 young (56320K), 6 survivors (6144K)
 Metaspace       used 74975K, committed 75328K, reserved 1179648K
  class space    used 8418K, committed 8576K, reserved 1048576K
}
Event: 17.582 GC heap after
{Heap after GC invocations=30 (full 0):
 garbage-first heap   total 172032K, used 91042K [0x0000000081c00000, 0x0000000100000000)
  region size 1024K, 4 young (4096K), 4 survivors (4096K)
 Metaspace       used 74975K, committed 75328K, reserved 1179648K
  class space    used 8418K, committed 8576K, reserved 1048576K
}
Event: 18.563 GC heap before
{Heap before GC invocations=30 (full 0):
 garbage-first heap   total 172032K, used 140194K [0x0000000081c00000, 0x0000000100000000)
  region size 1024K, 52 young (53248K), 4 survivors (4096K)
 Metaspace       used 77199K, committed 77568K, reserved 1179648K
  class space    used 8656K, committed 8832K, reserved 1048576K
}
Event: 18.580 GC heap after
{Heap after GC invocations=31 (full 0):
 garbage-first heap   total 172032K, used 98792K [0x0000000081c00000, 0x0000000100000000)
  region size 1024K, 7 young (7168K), 7 survivors (7168K)
 Metaspace       used 77199K, committed 77568K, reserved 1179648K
  class space    used 8656K, committed 8832K, reserved 1048576K
}
Event: 19.100 GC heap before
{Heap before GC invocations=31 (full 0):
 garbage-first heap   total 172032K, used 139752K [0x0000000081c00000, 0x0000000100000000)
  region size 1024K, 47 young (48128K), 7 survivors (7168K)
 Metaspace       used 78287K, committed 78592K, reserved 1179648K
  class space    used 8765K, committed 8896K, reserved 1048576K
}
Event: 19.117 GC heap after
{Heap after GC invocations=32 (full 0):
 garbage-first heap   total 172032K, used 105418K [0x0000000081c00000, 0x0000000100000000)
  region size 1024K, 6 young (6144K), 6 survivors (6144K)
 Metaspace       used 78287K, committed 78592K, reserved 1179648K
  class space    used 8765K, committed 8896K, reserved 1048576K
}
Event: 19.599 GC heap before
{Heap before GC invocations=32 (full 0):
 garbage-first heap   total 172032K, used 140234K [0x0000000081c00000, 0x0000000100000000)
  region size 1024K, 40 young (40960K), 6 survivors (6144K)
 Metaspace       used 78844K, committed 79232K, reserved 1179648K
  class space    used 8797K, committed 8960K, reserved 1048576K
}
Event: 19.621 GC heap after
{Heap after GC invocations=33 (full 0):
 garbage-first heap   total 172032K, used 115281K [0x0000000081c00000, 0x0000000100000000)
  region size 1024K, 5 young (5120K), 5 survivors (5120K)
 Metaspace       used 78844K, committed 79232K, reserved 1179648K
  class space    used 8797K, committed 8960K, reserved 1048576K
}
Event: 20.089 GC heap before
{Heap before GC invocations=33 (full 0):
 garbage-first heap   total 172032K, used 140881K [0x0000000081c00000, 0x0000000100000000)
  region size 1024K, 30 young (30720K), 5 survivors (5120K)
 Metaspace       used 81214K, committed 81664K, reserved 1179648K
  class space    used 9076K, committed 9280K, reserved 1048576K
}

Dll operation events (2 events):
Event: 0.006 Loaded shared library D:\android\jbr\bin\java.dll
Event: 1.509 Loaded shared library D:\android\jbr\bin\verify.dll

Deoptimization events (20 events):
Event: 19.839 Thread 0x0000015002500ab0 DEOPT PACKING pc=0x000001500daf5b14 sp=0x00000032e4cfbf90
Event: 19.839 Thread 0x0000015002500ab0 DEOPT UNPACKING pc=0x000001500cf669a3 sp=0x00000032e4cfbf58 mode 2
Event: 19.839 Thread 0x0000015002500ab0 Uncommon trap: trap_request=0xffffffde fr.pc=0x000001500daf5b14 relative=0x0000000000000494
Event: 19.839 Thread 0x0000015002500ab0 Uncommon trap: reason=class_check action=maybe_recompile pc=0x000001500daf5b14 method=org.jetbrains.kotlin.com.intellij.extapi.psi.ASTDelegatePsiElement.getTextRange()Lorg/jetbrains/kotlin/com/intellij/openapi/util/TextRange; @ 4 c2
Event: 19.839 Thread 0x0000015002500ab0 DEOPT PACKING pc=0x000001500daf5b14 sp=0x00000032e4cfbf90
Event: 19.839 Thread 0x0000015002500ab0 DEOPT UNPACKING pc=0x000001500cf669a3 sp=0x00000032e4cfbf58 mode 2
Event: 19.903 Thread 0x0000015002500ab0 Uncommon trap: trap_request=0xffffff45 fr.pc=0x000001500db8b7e0 relative=0x00000000000017c0
Event: 19.903 Thread 0x0000015002500ab0 Uncommon trap: reason=unstable_if action=reinterpret pc=0x000001500db8b7e0 method=org.jetbrains.kotlin.ir.util.TypeTranslator.translateType(Lorg/jetbrains/kotlin/types/KotlinType;Lorg/jetbrains/kotlin/types/Variance;)Lorg/jetbrains/kotlin/ir/types/IrTypeP
Event: 19.903 Thread 0x0000015002500ab0 DEOPT PACKING pc=0x000001500db8b7e0 sp=0x00000032e4cfa010
Event: 19.903 Thread 0x0000015002500ab0 DEOPT UNPACKING pc=0x000001500cf669a3 sp=0x00000032e4cf9fc8 mode 2
Event: 19.910 Thread 0x0000015002500ab0 DEOPT PACKING pc=0x0000015007d533f4 sp=0x00000032e4cfa9d0
Event: 19.910 Thread 0x0000015002500ab0 DEOPT UNPACKING pc=0x000001500cf67143 sp=0x00000032e4cf9fc8 mode 0
Event: 19.910 Thread 0x0000015002500ab0 DEOPT PACKING pc=0x0000015007d47b44 sp=0x00000032e4cfc570
Event: 19.910 Thread 0x0000015002500ab0 DEOPT UNPACKING pc=0x000001500cf67143 sp=0x00000032e4cfba38 mode 0
Event: 19.995 Thread 0x0000015002500ab0 Uncommon trap: trap_request=0xffffff66 fr.pc=0x000001500d80980c relative=0x000000000000016c
Event: 19.995 Thread 0x0000015002500ab0 Uncommon trap: reason=speculate_class_check action=maybe_recompile pc=0x000001500d80980c method=org.jetbrains.kotlin.com.google.common.collect.ImmutableList.listIterator()Lorg/jetbrains/kotlin/com/google/common/collect/UnmodifiableListIterator; @ 2 c2
Event: 19.995 Thread 0x0000015002500ab0 DEOPT PACKING pc=0x000001500d80980c sp=0x00000032e4cfe3b0
Event: 19.995 Thread 0x0000015002500ab0 DEOPT UNPACKING pc=0x000001500cf669a3 sp=0x00000032e4cfe308 mode 2
Event: 20.068 Thread 0x0000015002500ab0 DEOPT PACKING pc=0x0000015005d4db24 sp=0x00000032e4cfcf30
Event: 20.068 Thread 0x0000015002500ab0 DEOPT UNPACKING pc=0x000001500cf67143 sp=0x00000032e4cfc488 mode 0

Classes unloaded (0 events):
No events

Classes redefined (0 events):
No events

Internal exceptions (20 events):
Event: 6.940 Thread 0x0000015002500ab0 Exception <a 'java/lang/NoSuchMethodError'{0x0000000087bc6b60}: 'java.lang.Object java.lang.invoke.Invokers$Holder.linkToTargetMethod(java.lang.Object, java.lang.Object, java.lang.Object, int, java.lang.Object)'> (0x0000000087bc6b60) 
thrown [s\src\hotspot\share\interpreter\linkResolver.cpp, line 771]
Event: 7.001 Thread 0x0000015002500ab0 Exception <a 'java/lang/NoSuchMethodError'{0x00000000879a6690}: 'void java.lang.invoke.DirectMethodHandle$Holder.invokeInterface(java.lang.Object, java.lang.Object)'> (0x00000000879a6690) 
thrown [s\src\hotspot\share\interpreter\linkResolver.cpp, line 771]
Event: 7.156 Thread 0x0000015002500ab0 Exception <a 'java/lang/IncompatibleClassChangeError'{0x0000000088e912b0}: Found class java.lang.Object, but interface was expected> (0x0000000088e912b0) 
thrown [s\src\hotspot\share\interpreter\linkResolver.cpp, line 838]
Event: 7.366 Thread 0x0000015002500ab0 Implicit null exception at 0x000001500d5b1f94 to 0x000001500d5b208c
Event: 7.366 Thread 0x0000015002500ab0 Implicit null exception at 0x000001500d5178e0 to 0x000001500d51797a
Event: 7.384 Thread 0x0000015002500ab0 Exception <a 'java/lang/NoSuchMethodError'{0x00000000887d6320}: 'java.lang.Object java.lang.invoke.DirectMethodHandle$Holder.invokeInterface(java.lang.Object, java.lang.Object, java.lang.Object)'> (0x00000000887d6320) 
thrown [s\src\hotspot\share\interpreter\linkResolver.cpp, line 771]
Event: 7.385 Thread 0x0000015002500ab0 Exception <a 'java/lang/IncompatibleClassChangeError'{0x00000000887d9c90}: Found class java.lang.Object, but interface was expected> (0x00000000887d9c90) 
thrown [s\src\hotspot\share\interpreter\linkResolver.cpp, line 838]
Event: 8.652 Thread 0x0000015002500ab0 Exception <a 'java/lang/NoSuchMethodError'{0x00000000887e9e88}: 'java.lang.Object java.lang.invoke.DirectMethodHandle$Holder.newInvokeSpecial(java.lang.Object, java.lang.Object, java.lang.Object, java.lang.Object, java.lang.Object, java.lang.Object, java.lang.Object)'> (0x00000000887e9e88) 
thrown [s\src\hotspot\share\interpreter\linkResolver.cpp, line 771]
Event: 8.652 Thread 0x0000015002500ab0 Exception <a 'java/lang/NoSuchMethodError'{0x00000000887ee798}: 'java.lang.Object java.lang.invoke.Invokers$Holder.linkToTargetMethod(java.lang.Object, java.lang.Object, java.lang.Object, java.lang.Object, java.lang.Object, java.lang.Object, java.lang.Object)'> (0x00000000887ee798) 
thrown [s\src\hotspot\share\interpreter\linkResolver.cpp, line 771]
Event: 8.678 Thread 0x0000015002500ab0 Exception <a 'java/lang/NoSuchMethodError'{0x00000000886e29d8}: 'java.lang.Object java.lang.invoke.DirectMethodHandle$Holder.newInvokeSpecial(java.lang.Object, int, java.lang.Object, java.lang.Object)'> (0x00000000886e29d8) 
thrown [s\src\hotspot\share\interpreter\linkResolver.cpp, line 771]
Event: 10.172 Thread 0x0000015002500ab0 Implicit null exception at 0x000001500d814260 to 0x000001500d814aa0
Event: 13.292 Thread 0x0000015002500ab0 Exception <a 'java/lang/NoSuchMethodError'{0x00000000884d9d60}: 'java.lang.Object java.lang.invoke.DirectMethodHandle$Holder.invokeStatic(java.lang.Object, int, java.lang.Object)'> (0x00000000884d9d60) 
thrown [s\src\hotspot\share\interpreter\linkResolver.cpp, line 771]
Event: 13.621 Thread 0x0000015002500ab0 Implicit null exception at 0x000001500d939c2c to 0x000001500d939cf4
Event: 17.025 Thread 0x0000015002500ab0 Exception <a 'java/lang/NoSuchMethodError'{0x000000008ad41e80}: 'java.lang.Object java.lang.invoke.DirectMethodHandle$Holder.invokeStaticInit(java.lang.Object, java.lang.Object, java.lang.Object, java.lang.Object)'> (0x000000008ad41e80) 
thrown [s\src\hotspot\share\interpreter\linkResolver.cpp, line 771]
Event: 17.226 Thread 0x0000015002500ab0 Exception <a 'java/lang/NoSuchMethodError'{0x0000000089f3f510}: 'java.lang.Object java.lang.invoke.DirectMethodHandle$Holder.newInvokeSpecial(java.lang.Object, java.lang.Object, java.lang.Object, int, int)'> (0x0000000089f3f510) 
thrown [s\src\hotspot\share\interpreter\linkResolver.cpp, line 771]
Event: 17.226 Thread 0x0000015002500ab0 Exception <a 'java/lang/NoSuchMethodError'{0x0000000089f43350}: 'java.lang.Object java.lang.invoke.DirectMethodHandle$Holder.invokeSpecial(java.lang.Object, java.lang.Object, java.lang.Object, java.lang.Object, int, int)'> (0x0000000089f43350) 
thrown [s\src\hotspot\share\interpreter\linkResolver.cpp, line 771]
Event: 17.363 Thread 0x0000015002500ab0 Exception <a 'java/lang/NoSuchMethodError'{0x0000000089a768f8}: 'java.lang.Object java.lang.invoke.DirectMethodHandle$Holder.invokeSpecial(java.lang.Object, java.lang.Object, int, int, java.lang.Object, java.lang.Object, java.lang.Object, java.lang.Object, java.lang.Object)'> (0x0000000089a768f8) 
thrown [s\src\hotspot\share\interpreter\linkResolver.cpp, line 771]
Event: 17.366 Thread 0x0000015002500ab0 Implicit null exception at 0x000001500d51c896 to 0x000001500d51cb6c
Event: 18.254 Thread 0x0000015002500ab0 Exception <a 'java/lang/NoSuchMethodError'{0x000000008a4cef30}: 'java.lang.Object java.lang.invoke.DirectMethodHandle$Holder.newInvokeSpecial(java.lang.Object, java.lang.Object, int, int, java.lang.Object, java.lang.Object, java.lang.Object)'> (0x000000008a4cef30) 
thrown [s\src\hotspot\share\interpreter\linkResolver.cpp, line 771]
Event: 18.255 Thread 0x0000015002500ab0 Exception <a 'java/lang/NoSuchMethodError'{0x000000008a4d3dc0}: 'java.lang.Object java.lang.invoke.DirectMethodHandle$Holder.invokeSpecial(java.lang.Object, java.lang.Object, java.lang.Object, int, int, java.lang.Object, java.lang.Object, java.lang.Object)'> (0x000000008a4d3dc0) 
thrown [s\src\hotspot\share\interpreter\linkResolver.cpp, line 771]

VM Operations (20 events):
Event: 19.569 Executing VM operation: ICBufferFull done
Event: 19.599 Executing VM operation: G1CollectForAllocation
Event: 19.621 Executing VM operation: G1CollectForAllocation done
Event: 19.764 Executing VM operation: ICBufferFull
Event: 19.764 Executing VM operation: ICBufferFull done
Event: 19.907 Executing VM operation: HandshakeAllThreads
Event: 19.907 Executing VM operation: HandshakeAllThreads done
Event: 19.981 Executing VM operation: HandshakeAllThreads
Event: 19.981 Executing VM operation: HandshakeAllThreads done
Event: 20.032 Executing VM operation: ICBufferFull
Event: 20.032 Executing VM operation: ICBufferFull done
Event: 20.064 Executing VM operation: HandshakeAllThreads
Event: 20.064 Executing VM operation: HandshakeAllThreads done
Event: 20.082 Executing VM operation: HandshakeAllThreads
Event: 20.083 Executing VM operation: HandshakeAllThreads done
Event: 20.083 Executing VM operation: HandshakeAllThreads
Event: 20.083 Executing VM operation: HandshakeAllThreads done
Event: 20.084 Executing VM operation: HandshakeAllThreads
Event: 20.084 Executing VM operation: HandshakeAllThreads done
Event: 20.089 Executing VM operation: G1CollectForAllocation

Events (20 events):
Event: 18.841 loading class java/lang/invoke/BoundMethodHandle$Species_LLLLLL
Event: 18.841 loading class java/lang/invoke/BoundMethodHandle$Species_LLLLLL done
Event: 18.842 loading class java/lang/invoke/BoundMethodHandle$Species_LLLLLLL
Event: 18.845 loading class java/lang/invoke/BoundMethodHandle$Species_LLLLLLL done
Event: 19.528 loading class java/lang/invoke/BoundMethodHandle$Species_LLLLLLLL
Event: 19.528 loading class java/lang/invoke/BoundMethodHandle$Species_LLLLLLLL done
Event: 19.529 loading class java/lang/invoke/BoundMethodHandle$Species_LLLLLLLLL
Event: 19.530 loading class java/lang/invoke/BoundMethodHandle$Species_LLLLLLLLL done
Event: 19.531 loading class java/lang/invoke/LambdaFormEditor$1
Event: 19.531 loading class java/lang/invoke/LambdaFormEditor$1 done
Event: 19.531 loading class java/util/TreeMap$EntrySet
Event: 19.531 loading class java/util/TreeMap$EntrySet done
Event: 19.531 loading class java/util/TreeMap$EntryIterator
Event: 19.531 loading class java/util/TreeMap$EntryIterator done
Event: 19.950 loading class java/lang/invoke/BoundMethodHandle$Species_LLLLLLLLLL
Event: 19.950 loading class java/lang/invoke/BoundMethodHandle$Species_LLLLLLLLLL done
Event: 19.951 loading class java/lang/invoke/BoundMethodHandle$Species_LLLLLLLLLLL
Event: 19.951 loading class java/lang/invoke/BoundMethodHandle$Species_LLLLLLLLLLL done
Event: 20.085 Thread 0x000001501bbe9b40 flushing nmethod 0x000001500d5b3910
Event: 20.087 Thread 0x000001501bbe9b40 flushing nmethod 0x000001500d969f90


Dynamic libraries:
0x00007ff6b3090000 - 0x00007ff6b309a000 	D:\android\jbr\bin\java.exe
0x00007ffbc17b0000 - 0x00007ffbc19a8000 	C:\WINDOWS\SYSTEM32\ntdll.dll
0x00007ffbc1540000 - 0x00007ffbc1602000 	C:\WINDOWS\System32\KERNEL32.DLL
0x00007ffbbee50000 - 0x00007ffbbf14e000 	C:\WINDOWS\System32\KERNELBASE.dll
0x00007ffbbf2f0000 - 0x00007ffbbf3f0000 	C:\WINDOWS\System32\ucrtbase.dll
0x00007ffbb95a0000 - 0x00007ffbb95bb000 	D:\android\jbr\bin\VCRUNTIME140.dll
0x00007ffbb6400000 - 0x00007ffbb6417000 	D:\android\jbr\bin\jli.dll
0x00007ffbbfb00000 - 0x00007ffbbfc9d000 	C:\WINDOWS\System32\USER32.dll
0x00007ffbac6b0000 - 0x00007ffbac94a000 	C:\WINDOWS\WinSxS\amd64_microsoft.windows.common-controls_6595b64144ccf1df_6.0.19041.4355_none_60b8b9eb71f62e16\COMCTL32.dll
0x00007ffbbf2c0000 - 0x00007ffbbf2e2000 	C:\WINDOWS\System32\win32u.dll
0x00007ffbc01d0000 - 0x00007ffbc026e000 	C:\WINDOWS\System32\msvcrt.dll
0x00007ffbc01a0000 - 0x00007ffbc01cb000 	C:\WINDOWS\System32\GDI32.dll
0x00007ffbbf150000 - 0x00007ffbbf267000 	C:\WINDOWS\System32\gdi32full.dll
0x00007ffbbf3f0000 - 0x00007ffbbf48d000 	C:\WINDOWS\System32\msvcp_win.dll
0x00007ffbc08f0000 - 0x00007ffbc091f000 	C:\WINDOWS\System32\IMM32.DLL
0x00007ffbb9560000 - 0x00007ffbb956c000 	D:\android\jbr\bin\vcruntime140_1.dll
0x00007ffb83950000 - 0x00007ffb839dd000 	D:\android\jbr\bin\msvcp140.dll
0x00007ffb78df0000 - 0x00007ffb79a73000 	D:\android\jbr\bin\server\jvm.dll
0x00007ffbbfca0000 - 0x00007ffbbfd52000 	C:\WINDOWS\System32\ADVAPI32.dll
0x00007ffbc0d30000 - 0x00007ffbc0dd0000 	C:\WINDOWS\System32\sechost.dll
0x00007ffbbfeb0000 - 0x00007ffbbffd3000 	C:\WINDOWS\System32\RPCRT4.dll
0x00007ffbbf7a0000 - 0x00007ffbbf7c7000 	C:\WINDOWS\System32\bcrypt.dll
0x00007ffbbecb0000 - 0x00007ffbbecfb000 	C:\WINDOWS\SYSTEM32\POWRPROF.dll
0x00007ffb9b060000 - 0x00007ffb9b087000 	C:\WINDOWS\SYSTEM32\WINMM.dll
0x00007ffbb9a60000 - 0x00007ffbb9a69000 	C:\WINDOWS\SYSTEM32\WSOCK32.dll
0x00007ffbbc4a0000 - 0x00007ffbbc4aa000 	C:\WINDOWS\SYSTEM32\VERSION.dll
0x00007ffbc0270000 - 0x00007ffbc02db000 	C:\WINDOWS\System32\WS2_32.dll
0x00007ffbbec90000 - 0x00007ffbbeca2000 	C:\WINDOWS\SYSTEM32\UMPDC.dll
0x00007ffbbd630000 - 0x00007ffbbd642000 	C:\WINDOWS\SYSTEM32\kernel.appcore.dll
0x00007ffbb96f0000 - 0x00007ffbb96fa000 	D:\android\jbr\bin\jimage.dll
0x00007ffbb4600000 - 0x00007ffbb47e4000 	C:\WINDOWS\SYSTEM32\DBGHELP.DLL
0x00007ffb993a0000 - 0x00007ffb993d4000 	C:\WINDOWS\SYSTEM32\dbgcore.DLL
0x00007ffbbf710000 - 0x00007ffbbf792000 	C:\WINDOWS\System32\bcryptPrimitives.dll
0x00007ffba5770000 - 0x00007ffba5795000 	D:\android\jbr\bin\java.dll
0x00007ffbb86d0000 - 0x00007ffbb86e8000 	D:\android\jbr\bin\zip.dll
0x00007ffbc0dd0000 - 0x00007ffbc153f000 	C:\WINDOWS\System32\SHELL32.dll
0x00007ffbbce40000 - 0x00007ffbbd5e4000 	C:\WINDOWS\SYSTEM32\windows.storage.dll
0x00007ffbc09d0000 - 0x00007ffbc0d23000 	C:\WINDOWS\System32\combase.dll
0x00007ffbbe6d0000 - 0x00007ffbbe6fe000 	C:\WINDOWS\SYSTEM32\Wldp.dll
0x00007ffbc1690000 - 0x00007ffbc175d000 	C:\WINDOWS\System32\OLEAUT32.dll
0x00007ffbbf7d0000 - 0x00007ffbbf87d000 	C:\WINDOWS\System32\SHCORE.dll
0x00007ffbbfd70000 - 0x00007ffbbfdc5000 	C:\WINDOWS\System32\shlwapi.dll
0x00007ffbbed80000 - 0x00007ffbbeda4000 	C:\WINDOWS\SYSTEM32\profapi.dll
0x00007ffbb8350000 - 0x00007ffbb8369000 	D:\android\jbr\bin\net.dll
0x00007ffbbc5b0000 - 0x00007ffbbc6bd000 	C:\WINDOWS\SYSTEM32\WINHTTP.dll
0x00007ffbbe4b0000 - 0x00007ffbbe51a000 	C:\WINDOWS\system32\mswsock.dll
0x00007ffbb6470000 - 0x00007ffbb6486000 	D:\android\jbr\bin\nio.dll
0x00007ffbb83a0000 - 0x00007ffbb83b0000 	D:\android\jbr\bin\verify.dll

dbghelp: loaded successfully - version: 4.0.5 - missing functions: none
symbol engine: initialized successfully - sym options: 0x614 - pdb path: .;D:\android\jbr\bin;C:\WINDOWS\SYSTEM32;C:\WINDOWS\WinSxS\amd64_microsoft.windows.common-controls_6595b64144ccf1df_6.0.19041.4355_none_60b8b9eb71f62e16;D:\android\jbr\bin\server

VM Arguments:
java_command: org.jetbrains.kotlin.cli.jvm.K2JVMCompiler @D:\android\Android Project\fundflow_mobile\app\build\20241025_3447212943837079624.compiler.options
java_class_path (initial): C:\Users\USER\.gradle\caches\modules-2\files-2.1\org.jetbrains.kotlin\kotlin-compiler-embeddable\1.9.0\2c8c3a7402becca891f12739b3e9fd2dc2adbd7a\kotlin-compiler-embeddable-1.9.0.jar;C:\Users\USER\.gradle\caches\modules-2\files-2.1\org.jetbrains.kotlin\kotlin-stdlib\1.9.0\8ee15ef0c67dc83d874f412d84378d7f0eb50b63\kotlin-stdlib-1.9.0.jar;C:\Users\USER\.gradle\caches\modules-2\files-2.1\org.jetbrains.kotlin\kotlin-script-runtime\1.9.0\4b3102cbbb7e1b58d9d1adf89563f00069ffa7d1\kotlin-script-runtime-1.9.0.jar;C:\Users\USER\.gradle\caches\modules-2\files-2.1\org.jetbrains.kotlin\kotlin-reflect\1.6.10\1cbe9c92c12a94eea200d23c2bbaedaf3daf5132\kotlin-reflect-1.6.10.jar;C:\Users\USER\.gradle\caches\modules-2\files-2.1\org.jetbrains.kotlin\kotlin-daemon-embeddable\1.9.0\186543f5e28cf8d9a0290fecc2cf34301c40a65c\kotlin-daemon-embeddable-1.9.0.jar;C:\Users\USER\.gradle\caches\modules-2\files-2.1\org.jetbrains.intellij.deps\trove4j\1.0.20200330\3afb14d5f9ceb459d724e907a21145e8ff394f02\trove4j-1.0.20200330.jar;C:\Users\USER\.gradle\caches\modules-2\files-2.1\org.jetbrains.kotlin\kotlin-stdlib-common\1.9.0\cd65c21cfd1eec4d44ef09f9f52b6d9f8a720636\kotlin-stdlib-common-1.9.0.jar;C:\Users\USER\.gradle\caches\modules-2\files-2.1\org.jetbrains\annotations\13.0\919f0dfe192fb4e063e7dacadee7f8bb9a2672a9\annotations-13.0.jar
Launcher Type: SUN_STANDARD

[Global flags]
     intx CICompilerCount                          = 3                                         {product} {ergonomic}
     uint ConcGCThreads                            = 1                                         {product} {ergonomic}
     uint G1ConcRefinementThreads                  = 4                                         {product} {ergonomic}
   size_t G1HeapRegionSize                         = 1048576                                   {product} {ergonomic}
    uintx GCDrainStackTargetSize                   = 64                                        {product} {ergonomic}
   size_t InitialHeapSize                          = 134217728                                 {product} {ergonomic}
   size_t MarkStackSize                            = 4194304                                   {product} {ergonomic}
   size_t MaxHeapSize                              = 2118123520                                {product} {ergonomic}
   size_t MaxNewSize                               = 1270874112                                {product} {ergonomic}
   size_t MinHeapDeltaBytes                        = 1048576                                   {product} {ergonomic}
   size_t MinHeapSize                              = 8388608                                   {product} {ergonomic}
    uintx NonNMethodCodeHeapSize                   = 5832780                                {pd product} {ergonomic}
    uintx NonProfiledCodeHeapSize                  = 122912730                              {pd product} {ergonomic}
    uintx ProfiledCodeHeapSize                     = 122912730                              {pd product} {ergonomic}
    uintx ReservedCodeCacheSize                    = 251658240                              {pd product} {ergonomic}
     bool SegmentedCodeCache                       = true                                      {product} {ergonomic}
   size_t SoftMaxHeapSize                          = 2118123520                             {manageable} {ergonomic}
     bool UseCompressedClassPointers               = true                           {product lp64_product} {ergonomic}
     bool UseCompressedOops                        = true                           {product lp64_product} {ergonomic}
     bool UseG1GC                                  = true                                      {product} {ergonomic}
     bool UseLargePagesIndividualAllocation        = false                                  {pd product} {ergonomic}

Logging:
Log output configuration:
 #0: stdout all=warning uptime,level,tags
 #1: stderr all=off uptime,level,tags

Environment Variables:
PATH=C:\Python312\Scripts\;C:\Python312\;C:\Program Files\Common Files\Oracle\Java\javapath;C:\Program Files (x86)\Common Files\Oracle\Java\javapath;C:\Program Files (x86)\Common Files\Intel\Shared Files\cpp\bin\Intel64;C:\WINDOWS\system32;C:\WINDOWS;C:\WINDOWS\System32\Wbem;C:\WINDOWS\System32\WindowsPowerShell\v1.0\;C:\WINDOWS\System32\OpenSSH\;C:\Program Files\dotnet\;C:\Program Files\Git\cmd;C:\xampp\php;C:\composer;C:\Program Files\node-v20.17.0;C:\Program Files\Git;C:\ProgramData\chocolatey\bin;C:\Program Files\nodejs\;C:\Users\USER\AppData\Local\Microsoft\WindowsApps;;C:\Users\USER\AppData\Local\Programs\Microsoft VS Code\bin;C:\Users\USER\AppData\Roaming\Composer\vendor\bin;C:\Users\USER\AppData\Roaming\npm
USERNAME=USER
OS=Windows_NT
PROCESSOR_IDENTIFIER=Intel64 Family 6 Model 142 Stepping 9, GenuineIntel
TMP=C:\Users\USER\AppData\Local\Temp
TEMP=C:\Users\USER\AppData\Local\Temp



Periodic native trim disabled

JNI global refs:
JNI global refs: 10, weak refs: 9

JNI global refs memory usage: 843, weak refs: 841

Process memory usage:
Resident Set Size: 404852K (4% of 8267448K total physical memory with 612100K free physical memory)

OOME stack traces (most recent first):
Classloader memory used:
Loader jdk.internal.loader.ClassLoaders$AppClassLoader                                 : 8394K
Loader bootstrap                                                                       : 1443K
Loader java.net.URLClassLoader                                                         : 291K
Loader jdk.internal.reflect.DelegatingClassLoader                                      : 22719B


---------------  S Y S T E M  ---------------

OS:
 Windows 10 , 64 bit Build 19041 (10.0.19041.4957)
OS uptime: 1 days 4:40 hours
Hyper-V role detected

CPU: total 4 (initial active 4) (2 cores per cpu, 2 threads per core) family 6 model 142 stepping 9 microcode 0xf6, cx8, cmov, fxsr, ht, mmx, 3dnowpref, sse, sse2, sse3, ssse3, sse4.1, sse4.2, popcnt, lzcnt, tsc, tscinvbit, avx, avx2, aes, erms, clmul, bmi1, bmi2, rtm, adx, fma, vzeroupper, clflush, clflushopt, hv
Processor Information for all 4 processors :
  Max Mhz: 2901, Current Mhz: 2901, Mhz Limit: 2901

Memory: 4k page, system-wide physical 8073M (597M free)
TotalPageFile size 12073M (AvailPageFile size 146M)
current process WorkingSet (physical memory assigned to process): 395M, peak: 396M
current process commit charge ("private bytes"): 423M, peak: 568M

vm_info: OpenJDK 64-Bit Server VM (17.0.11+0--11852314) for windows-amd64 JRE (17.0.11+0--11852314), built on May 16 2024 21:29:20 by "androidbuild" with MS VC++ 16.10 / 16.11 (VS2019)

END.
