#
# There is insufficient memory for the Java Runtime Environment to continue.
# Native memory allocation (mmap) failed to map 141557760 bytes. Error detail: G1 virtual space
# Possible reasons:
#   The system is out of physical RAM or swap space
#   This process is running with CompressedOops enabled, and the Java Heap may be blocking the growth of the native heap
# Possible solutions:
#   Reduce memory load on the system
#   Increase physical memory or swap space
#   Check if swap backing store is full
#   Decrease Java heap size (-Xmx/-Xms)
#   Decrease number of Java threads
#   Decrease Java thread stack sizes (-Xss)
#   Set larger code cache with -XX:ReservedCodeCacheSize=
#   JVM is running with Unscaled Compressed Oops mode in which the Java heap is
#     placed in the first 4GB address space. The Java Heap base address is the
#     maximum limit for the native heap growth. Please use -XX:HeapBaseMinAddress
#     to set the Java Heap base and to place the Java Heap above 4GB virtual address.
# This output file may be truncated or incomplete.
#
#  Out of Memory Error (os_windows.cpp:3825), pid=17288, tid=17136
#
# JRE version: OpenJDK Runtime Environment (17.0.11) (build 17.0.11+0--11852314)
# Java VM: OpenJDK 64-Bit Server VM (17.0.11+0--11852314, mixed mode, tiered, compressed oops, compressed class ptrs, g1 gc, windows-amd64)
# No core dump will be written. Minidumps are not enabled by default on client versions of Windows
#

---------------  S U M M A R Y ------------

Command Line: --add-opens=java.base/java.util=ALL-UNNAMED --add-opens=java.base/java.lang=ALL-UNNAMED --add-opens=java.base/java.lang.invoke=ALL-UNNAMED --add-opens=java.prefs/java.util.prefs=ALL-UNNAMED --add-opens=java.base/java.nio.charset=ALL-UNNAMED --add-opens=java.base/java.net=ALL-UNNAMED --add-opens=java.base/java.util.concurrent.atomic=ALL-UNNAMED -Xmx2048m -Dfile.encoding=UTF-8 -Duser.country=ID -Duser.language=en -Duser.variant -javaagent:C:\Users\ACER\.gradle\wrapper\dists\gradle-8.7-bin\bhs2wmbdwecv87pi65oeuq5iu\gradle-8.7\lib\agents\gradle-instrumentation-agent-8.7.jar org.gradle.launcher.daemon.bootstrap.GradleDaemon 8.7

Host: 11th Gen Intel(R) Core(TM) i3-1115G4 @ 3.00GHz, 4 cores, 7G,  Windows 11 , 64 bit Build 22621 (10.0.22621.3958)
Time: Fri Sep 27 00:27:36 2024 SE Asia Standard Time elapsed time: 38.930893 seconds (0d 0h 0m 38s)

---------------  T H R E A D  ---------------

Current thread (0x00000179a9a1ed20):  VMThread "VM Thread" [stack: 0x0000007724c00000,0x0000007724d00000] [id=17136]

Stack: [0x0000007724c00000,0x0000007724d00000]
Native frames: (J=compiled Java code, j=interpreted, Vv=VM code, C=native code)
V  [jvm.dll+0x687bb9]
V  [jvm.dll+0x84142a]
V  [jvm.dll+0x8430ae]
V  [jvm.dll+0x843713]
V  [jvm.dll+0x24a35f]
V  [jvm.dll+0x684989]
V  [jvm.dll+0x67923a]
V  [jvm.dll+0x30af0b]
V  [jvm.dll+0x3123b6]
V  [jvm.dll+0x361dfe]
V  [jvm.dll+0x36202f]
V  [jvm.dll+0x2e0d38]
V  [jvm.dll+0x2df144]
V  [jvm.dll+0x2de74c]
V  [jvm.dll+0x32305b]
V  [jvm.dll+0x847e0b]
V  [jvm.dll+0x848b42]
V  [jvm.dll+0x84905d]
V  [jvm.dll+0x849434]
V  [jvm.dll+0x849500]
V  [jvm.dll+0x7efa4a]
V  [jvm.dll+0x686a35]
C  [ucrtbase.dll+0x29333]
C  [KERNEL32.DLL+0x1257d]
C  [ntdll.dll+0x5af28]

VM_Operation (0x00000077262f35d0): G1CollectForAllocation, mode: safepoint, requested by thread 0x00000179ae873270


---------------  P R O C E S S  ---------------

Threads class SMR info:
_java_thread_list=0x00000179b17d9740, length=48, elements={
0x000001799041c560, 0x00000179a9b70bd0, 0x00000179a9b71790, 0x00000179a9bb5290,
0x00000179a9bb5e50, 0x00000179a9bba930, 0x00000179a9bbb2f0, 0x00000179a9bbc090,
0x00000179a9bc8050, 0x00000179a9bc8a50, 0x00000179a9d10c40, 0x00000179a9e062a0,
0x00000179b0854f20, 0x00000179af71df00, 0x00000179b0f893c0, 0x00000179b15bb820,
0x00000179aecbd440, 0x00000179ae8755e0, 0x00000179ae873270, 0x00000179ae8741a0,
0x00000179ae875af0, 0x00000179ae872340, 0x00000179ae874bc0, 0x00000179ae873780,
0x00000179ae19d2e0, 0x00000179ae19f140, 0x00000179ae1a1ed0, 0x00000179ae1a0fa0,
0x00000179ae1a28f0, 0x00000179ae19b480, 0x00000179ae1a2e00, 0x00000179ae19d7f0,
0x00000179ae19e720, 0x00000179ae19c8c0, 0x00000179ae19cdd0, 0x00000179ae19f650,
0x00000179ae1a0580, 0x00000179afaac930, 0x00000179afab05f0, 0x00000179afab1a30,
0x00000179afab1010, 0x00000179afaafbd0, 0x00000179afab0b00, 0x00000179afaaba00,
0x00000179afaaafe0, 0x00000179afaadd70, 0x00000179afaaaad0, 0x00000179afab00e0
}

Java Threads: ( => current thread )
  0x000001799041c560 JavaThread "main" [_thread_blocked, id=15144, stack(0x0000007724600000,0x0000007724700000)]
  0x00000179a9b70bd0 JavaThread "Reference Handler" daemon [_thread_blocked, id=4232, stack(0x0000007724d00000,0x0000007724e00000)]
  0x00000179a9b71790 JavaThread "Finalizer" daemon [_thread_blocked, id=13524, stack(0x0000007724e00000,0x0000007724f00000)]
  0x00000179a9bb5290 JavaThread "Signal Dispatcher" daemon [_thread_blocked, id=2756, stack(0x0000007724f00000,0x0000007725000000)]
  0x00000179a9bb5e50 JavaThread "Attach Listener" daemon [_thread_blocked, id=10932, stack(0x0000007725000000,0x0000007725100000)]
  0x00000179a9bba930 JavaThread "Service Thread" daemon [_thread_blocked, id=15812, stack(0x0000007725100000,0x0000007725200000)]
  0x00000179a9bbb2f0 JavaThread "Monitor Deflation Thread" daemon [_thread_blocked, id=10216, stack(0x0000007725200000,0x0000007725300000)]
  0x00000179a9bbc090 JavaThread "C2 CompilerThread0" daemon [_thread_blocked, id=18152, stack(0x0000007725300000,0x0000007725400000)]
  0x00000179a9bc8050 JavaThread "C1 CompilerThread0" daemon [_thread_blocked, id=9588, stack(0x0000007725400000,0x0000007725500000)]
  0x00000179a9bc8a50 JavaThread "Sweeper thread" daemon [_thread_blocked, id=12912, stack(0x0000007725500000,0x0000007725600000)]
  0x00000179a9d10c40 JavaThread "Common-Cleaner" daemon [_thread_blocked, id=4220, stack(0x0000007725600000,0x0000007725700000)]
  0x00000179a9e062a0 JavaThread "Notification Thread" daemon [_thread_blocked, id=2920, stack(0x0000007725700000,0x0000007725800000)]
  0x00000179b0854f20 JavaThread "Daemon health stats" [_thread_blocked, id=14252, stack(0x0000007725c00000,0x0000007725d00000)]
  0x00000179af71df00 JavaThread "Incoming local TCP Connector on port 52004" [_thread_in_native, id=14304, stack(0x0000007725d00000,0x0000007725e00000)]
  0x00000179b0f893c0 JavaThread "Daemon periodic checks" [_thread_blocked, id=15192, stack(0x0000007725e00000,0x0000007725f00000)]
  0x00000179b15bb820 JavaThread "Daemon" [_thread_blocked, id=3732, stack(0x0000007725f00000,0x0000007726000000)]
  0x00000179aecbd440 JavaThread "Handler for socket connection from /127.0.0.1:52004 to /127.0.0.1:52005" [_thread_in_native, id=17544, stack(0x0000007726000000,0x0000007726100000)]
  0x00000179ae8755e0 JavaThread "Cancel handler" [_thread_blocked, id=16440, stack(0x0000007726100000,0x0000007726200000)]
  0x00000179ae873270 JavaThread "Daemon worker" [_thread_blocked, id=4916, stack(0x0000007726200000,0x0000007726300000)]
  0x00000179ae8741a0 JavaThread "Asynchronous log dispatcher for DefaultDaemonConnection: socket connection from /127.0.0.1:52004 to /127.0.0.1:52005" [_thread_blocked, id=14872, stack(0x0000007726300000,0x0000007726400000)]
  0x00000179ae875af0 JavaThread "Stdin handler" [_thread_blocked, id=14768, stack(0x0000007726400000,0x0000007726500000)]
  0x00000179ae872340 JavaThread "Daemon client event forwarder" [_thread_blocked, id=15748, stack(0x0000007726500000,0x0000007726600000)]
  0x00000179ae874bc0 JavaThread "Cache worker for journal cache (C:\Users\ACER\.gradle\caches\journal-1)" [_thread_blocked, id=15696, stack(0x0000007726600000,0x0000007726700000)]
  0x00000179ae873780 JavaThread "File lock request listener" [_thread_in_native, id=16448, stack(0x0000007726700000,0x0000007726800000)]
  0x00000179ae19d2e0 JavaThread "Cache worker for file hash cache (C:\Users\ACER\.gradle\caches\8.7\fileHashes)" [_thread_blocked, id=9460, stack(0x0000007726800000,0x0000007726900000)]
  0x00000179ae19f140 JavaThread "Cache worker for file hash cache (D:\Fundflow2\.gradle\8.7\fileHashes)" [_thread_blocked, id=18072, stack(0x0000007726a00000,0x0000007726b00000)]
  0x00000179ae1a1ed0 JavaThread "File watcher server" daemon [_thread_blocked, id=9472, stack(0x0000007726b00000,0x0000007726c00000)]
  0x00000179ae1a0fa0 JavaThread "File watcher consumer" daemon [_thread_blocked, id=13260, stack(0x0000007726c00000,0x0000007726d00000)]
  0x00000179ae1a28f0 JavaThread "jar transforms" [_thread_blocked, id=17160, stack(0x0000007726d00000,0x0000007726e00000)]
  0x00000179ae19b480 JavaThread "jar transforms Thread 2" [_thread_blocked, id=2376, stack(0x0000007726e00000,0x0000007726f00000)]
  0x00000179ae1a2e00 JavaThread "jar transforms Thread 3" [_thread_blocked, id=15372, stack(0x0000007726f00000,0x0000007727000000)]
  0x00000179ae19d7f0 JavaThread "jar transforms Thread 4" [_thread_blocked, id=18132, stack(0x0000007727000000,0x0000007727100000)]
  0x00000179ae19e720 JavaThread "Cache worker for checksums cache (D:\Fundflow2\.gradle\8.7\checksums)" [_thread_blocked, id=1832, stack(0x0000007727100000,0x0000007727200000)]
  0x00000179ae19c8c0 JavaThread "Cache worker for cache directory md-supplier (C:\Users\ACER\.gradle\caches\8.7\md-supplier)" [_thread_blocked, id=12028, stack(0x0000007726900000,0x0000007726a00000)]
  0x00000179ae19cdd0 JavaThread "Cache worker for cache directory md-rule (C:\Users\ACER\.gradle\caches\8.7\md-rule)" [_thread_blocked, id=2580, stack(0x0000007727200000,0x0000007727300000)]
  0x00000179ae19f650 JavaThread "Cache worker for file content cache (C:\Users\ACER\.gradle\caches\8.7\fileContent)" [_thread_blocked, id=1544, stack(0x0000007727300000,0x0000007727400000)]
  0x00000179ae1a0580 JavaThread "Unconstrained build operations" [_thread_blocked, id=2492, stack(0x0000007727500000,0x0000007727600000)]
  0x00000179afaac930 JavaThread "Unconstrained build operations Thread 2" [_thread_blocked, id=7072, stack(0x0000007727600000,0x0000007727700000)]
  0x00000179afab05f0 JavaThread "Unconstrained build operations Thread 3" [_thread_blocked, id=13256, stack(0x0000007727700000,0x0000007727800000)]
  0x00000179afab1a30 JavaThread "Unconstrained build operations Thread 4" [_thread_blocked, id=9376, stack(0x0000007727800000,0x0000007727900000)]
  0x00000179afab1010 JavaThread "Unconstrained build operations Thread 5" [_thread_blocked, id=11628, stack(0x0000007727900000,0x0000007727a00000)]
  0x00000179afaafbd0 JavaThread "Cache worker for Build Output Cleanup Cache (D:\Fundflow2\.gradle\buildOutputCleanup)" [_thread_blocked, id=8252, stack(0x0000007727a00000,0x0000007727b00000)]
  0x00000179afab0b00 JavaThread "Unconstrained build operations Thread 6" [_thread_blocked, id=5144, stack(0x0000007727b00000,0x0000007727c00000)]
  0x00000179afaaba00 JavaThread "Unconstrained build operations Thread 7" [_thread_blocked, id=16388, stack(0x0000007727c00000,0x0000007727d00000)]
  0x00000179afaaafe0 JavaThread "Unconstrained build operations Thread 8" [_thread_blocked, id=15256, stack(0x0000007727d00000,0x0000007727e00000)]
  0x00000179afaadd70 JavaThread "Unconstrained build operations Thread 9" [_thread_blocked, id=12460, stack(0x0000007727e00000,0x0000007727f00000)]
  0x00000179afaaaad0 JavaThread "Unconstrained build operations Thread 10" [_thread_blocked, id=7456, stack(0x0000007727f00000,0x0000007728000000)]
  0x00000179afab00e0 JavaThread "Unconstrained build operations Thread 11" [_thread_blocked, id=3480, stack(0x0000007728000000,0x0000007728100000)]

Other Threads:
=>0x00000179a9a1ed20 VMThread "VM Thread" [stack: 0x0000007724c00000,0x0000007724d00000] [id=17136]
  0x000001799041d3e0 WatcherThread [stack: 0x0000007725800000,0x0000007725900000] [id=5880]
  0x0000017990476bb0 GCTaskThread "GC Thread#0" [stack: 0x0000007724700000,0x0000007724800000] [id=3516]
  0x00000179a9baae50 GCTaskThread "GC Thread#1" [stack: 0x0000007725900000,0x0000007725a00000] [id=5100]
  0x00000179a9ba9590 GCTaskThread "GC Thread#2" [stack: 0x0000007725a00000,0x0000007725b00000] [id=8860]
  0x00000179a9ba92d0 GCTaskThread "GC Thread#3" [stack: 0x0000007725b00000,0x0000007725c00000] [id=16180]
  0x0000017990488310 ConcurrentGCThread "G1 Main Marker" [stack: 0x0000007724800000,0x0000007724900000] [id=18184]
  0x0000017990489140 ConcurrentGCThread "G1 Conc#0" [stack: 0x0000007724900000,0x0000007724a00000] [id=1788]
  0x00000179a9895f80 ConcurrentGCThread "G1 Refine#0" [stack: 0x0000007724a00000,0x0000007724b00000] [id=9160]
  0x00000179a98969b0 ConcurrentGCThread "G1 Service" [stack: 0x0000007724b00000,0x0000007724c00000] [id=16048]

Threads with active compile tasks:

VM state: at safepoint (normal execution)

VM Mutex/Monitor currently owned by a thread:  ([mutex/lock_event])
[0x0000017990419c70] Threads_lock - owner thread: 0x00000179a9a1ed20
[0x0000017990417f30] Heap_lock - owner thread: 0x00000179ae873270

Heap address: 0x0000000080000000, size: 2048 MB, Compressed Oops mode: 32-bit

CDS archive(s) not mapped
Compressed class space mapped at: 0x0000000100000000-0x0000000140000000, reserved size: 1073741824
Narrow klass base: 0x0000000000000000, Narrow klass shift: 3, Narrow klass range: 0x140000000

GC Precious Log:
 CPUs: 4 total, 4 available
 Memory: 7971M
 Large Page Support: Disabled
 NUMA Support: Disabled
 Compressed Oops: Enabled (32-bit)
 Heap Region Size: 1M
 Heap Min Capacity: 8M
 Heap Initial Capacity: 126M
 Heap Max Capacity: 2G
 Pre-touch: Disabled
 Parallel Workers: 4
 Concurrent Workers: 1
 Concurrent Refinement Workers: 4
 Periodic GC: Disabled

Heap:
 garbage-first heap   total 138240K, used 81762K [0x0000000080000000, 0x0000000100000000)
  region size 1024K, 1 young (1024K), 1 survivors (1024K)
 Metaspace       used 67468K, committed 68096K, reserved 1114112K
  class space    used 9618K, committed 9920K, reserved 1048576K

Heap Regions: E=young(eden), S=young(survivor), O=old, HS=humongous(starts), HC=humongous(continues), CS=collection set, F=free, OA=open archive, CA=closed archive, TAMS=top-at-mark-start (previous, next)
|   0|0x0000000080000000, 0x0000000080100000, 0x0000000080100000|100%| O|  |TAMS 0x0000000080100000, 0x0000000080000000| Untracked 
|   1|0x0000000080100000, 0x0000000080200000, 0x0000000080200000|100%|HS|  |TAMS 0x0000000080200000, 0x0000000080100000| Complete 
|   2|0x0000000080200000, 0x0000000080300000, 0x0000000080300000|100%|HC|  |TAMS 0x0000000080300000, 0x0000000080200000| Complete 
|   3|0x0000000080300000, 0x0000000080400000, 0x0000000080400000|100%|HC|  |TAMS 0x0000000080400000, 0x0000000080300000| Complete 
|   4|0x0000000080400000, 0x0000000080500000, 0x0000000080500000|100%|HC|  |TAMS 0x0000000080500000, 0x0000000080400000| Complete 
|   5|0x0000000080500000, 0x0000000080600000, 0x0000000080600000|100%| O|  |TAMS 0x0000000080500000, 0x0000000080500000| Untracked 
|   6|0x0000000080600000, 0x0000000080700000, 0x0000000080700000|100%| O|  |TAMS 0x0000000080700000, 0x0000000080600000| Untracked 
|   7|0x0000000080700000, 0x0000000080800000, 0x0000000080800000|100%| O|  |TAMS 0x0000000080800000, 0x0000000080700000| Untracked 
|   8|0x0000000080800000, 0x0000000080900000, 0x0000000080900000|100%| O|  |TAMS 0x0000000080900000, 0x0000000080800000| Untracked 
|   9|0x0000000080900000, 0x0000000080a00000, 0x0000000080a00000|100%| O|  |TAMS 0x0000000080a00000, 0x0000000080900000| Untracked 
|  10|0x0000000080a00000, 0x0000000080b00000, 0x0000000080b00000|100%| O|  |TAMS 0x0000000080b00000, 0x0000000080a00000| Untracked 
|  11|0x0000000080b00000, 0x0000000080c00000, 0x0000000080c00000|100%| O|  |TAMS 0x0000000080c00000, 0x0000000080b00000| Untracked 
|  12|0x0000000080c00000, 0x0000000080d00000, 0x0000000080d00000|100%| O|  |TAMS 0x0000000080d00000, 0x0000000080c00000| Untracked 
|  13|0x0000000080d00000, 0x0000000080e00000, 0x0000000080e00000|100%| O|  |TAMS 0x0000000080e00000, 0x0000000080d00000| Untracked 
|  14|0x0000000080e00000, 0x0000000080f00000, 0x0000000080f00000|100%| O|  |TAMS 0x0000000080f00000, 0x0000000080e00000| Untracked 
|  15|0x0000000080f00000, 0x0000000081000000, 0x0000000081000000|100%| O|  |TAMS 0x0000000081000000, 0x0000000080f00000| Untracked 
|  16|0x0000000081000000, 0x0000000081100000, 0x0000000081100000|100%| O|  |TAMS 0x0000000081100000, 0x0000000081000000| Untracked 
|  17|0x0000000081100000, 0x0000000081200000, 0x0000000081200000|100%| O|  |TAMS 0x0000000081200000, 0x0000000081100000| Untracked 
|  18|0x0000000081200000, 0x0000000081300000, 0x0000000081300000|100%| O|  |TAMS 0x0000000081300000, 0x0000000081200000| Untracked 
|  19|0x0000000081300000, 0x0000000081400000, 0x0000000081400000|100%| O|  |TAMS 0x0000000081400000, 0x0000000081300000| Untracked 
|  20|0x0000000081400000, 0x0000000081500000, 0x0000000081500000|100%|HS|  |TAMS 0x0000000081500000, 0x0000000081400000| Complete 
|  21|0x0000000081500000, 0x0000000081600000, 0x0000000081600000|100%|HC|  |TAMS 0x0000000081600000, 0x0000000081500000| Complete 
|  22|0x0000000081600000, 0x0000000081700000, 0x0000000081700000|100%|HC|  |TAMS 0x0000000081700000, 0x0000000081600000| Complete 
|  23|0x0000000081700000, 0x0000000081800000, 0x0000000081800000|100%|HC|  |TAMS 0x0000000081800000, 0x0000000081700000| Complete 
|  24|0x0000000081800000, 0x0000000081900000, 0x0000000081900000|100%|HC|  |TAMS 0x0000000081900000, 0x0000000081800000| Complete 
|  25|0x0000000081900000, 0x0000000081a00000, 0x0000000081a00000|100%|HS|  |TAMS 0x0000000081a00000, 0x0000000081900000| Complete 
|  26|0x0000000081a00000, 0x0000000081b00000, 0x0000000081b00000|100%|HC|  |TAMS 0x0000000081b00000, 0x0000000081a00000| Complete 
|  27|0x0000000081b00000, 0x0000000081c00000, 0x0000000081c00000|100%|HC|  |TAMS 0x0000000081c00000, 0x0000000081b00000| Complete 
|  28|0x0000000081c00000, 0x0000000081d00000, 0x0000000081d00000|100%|HS|  |TAMS 0x0000000081d00000, 0x0000000081c00000| Complete 
|  29|0x0000000081d00000, 0x0000000081e00000, 0x0000000081e00000|100%|HC|  |TAMS 0x0000000081e00000, 0x0000000081d00000| Complete 
|  30|0x0000000081e00000, 0x0000000081f00000, 0x0000000081f00000|100%|HC|  |TAMS 0x0000000081f00000, 0x0000000081e00000| Complete 
|  31|0x0000000081f00000, 0x0000000082000000, 0x0000000082000000|100%|HS|  |TAMS 0x0000000082000000, 0x0000000081f00000| Complete 
|  32|0x0000000082000000, 0x0000000082100000, 0x0000000082100000|100%| O|  |TAMS 0x0000000082100000, 0x0000000082000000| Untracked 
|  33|0x0000000082100000, 0x0000000082200000, 0x0000000082200000|100%| O|  |TAMS 0x0000000082200000, 0x0000000082100000| Untracked 
|  34|0x0000000082200000, 0x0000000082300000, 0x0000000082300000|100%| O|  |TAMS 0x0000000082300000, 0x0000000082200000| Untracked 
|  35|0x0000000082300000, 0x0000000082400000, 0x0000000082400000|100%| O|  |TAMS 0x0000000082400000, 0x0000000082300000| Untracked 
|  36|0x0000000082400000, 0x0000000082500000, 0x0000000082500000|100%| O|  |TAMS 0x0000000082500000, 0x0000000082400000| Untracked 
|  37|0x0000000082500000, 0x0000000082600000, 0x0000000082600000|100%| O|  |TAMS 0x0000000082600000, 0x0000000082500000| Untracked 
|  38|0x0000000082600000, 0x0000000082700000, 0x0000000082700000|100%| O|  |TAMS 0x0000000082700000, 0x0000000082600000| Untracked 
|  39|0x0000000082700000, 0x0000000082800000, 0x0000000082800000|100%| O|  |TAMS 0x0000000082800000, 0x0000000082700000| Untracked 
|  40|0x0000000082800000, 0x0000000082900000, 0x0000000082900000|100%| O|  |TAMS 0x0000000082900000, 0x0000000082800000| Untracked 
|  41|0x0000000082900000, 0x0000000082a00000, 0x0000000082a00000|100%| O|  |TAMS 0x0000000082a00000, 0x0000000082900000| Untracked 
|  42|0x0000000082a00000, 0x0000000082b00000, 0x0000000082b00000|100%| O|  |TAMS 0x0000000082b00000, 0x0000000082a00000| Untracked 
|  43|0x0000000082b00000, 0x0000000082c00000, 0x0000000082c00000|100%| O|  |TAMS 0x0000000082c00000, 0x0000000082b00000| Untracked 
|  44|0x0000000082c00000, 0x0000000082d00000, 0x0000000082d00000|100%| O|  |TAMS 0x0000000082d00000, 0x0000000082c00000| Untracked 
|  45|0x0000000082d00000, 0x0000000082e00000, 0x0000000082e00000|100%| O|  |TAMS 0x0000000082e00000, 0x0000000082d00000| Untracked 
|  46|0x0000000082e00000, 0x0000000082f00000, 0x0000000082f00000|100%| O|  |TAMS 0x0000000082f00000, 0x0000000082e00000| Untracked 
|  47|0x0000000082f00000, 0x0000000083000000, 0x0000000083000000|100%| O|  |TAMS 0x0000000083000000, 0x0000000082f00000| Untracked 
|  48|0x0000000083000000, 0x0000000083100000, 0x0000000083100000|100%|HS|  |TAMS 0x0000000083100000, 0x0000000083000000| Complete 
|  49|0x0000000083100000, 0x0000000083200000, 0x0000000083200000|100%|HC|  |TAMS 0x0000000083200000, 0x0000000083100000| Complete 
|  50|0x0000000083200000, 0x0000000083300000, 0x0000000083300000|100%|HC|  |TAMS 0x0000000083300000, 0x0000000083200000| Complete 
|  51|0x0000000083300000, 0x0000000083400000, 0x0000000083400000|100%| O|  |TAMS 0x0000000083400000, 0x0000000083300000| Untracked 
|  52|0x0000000083400000, 0x0000000083500000, 0x0000000083500000|100%|HS|  |TAMS 0x0000000083500000, 0x0000000083400000| Complete 
|  53|0x0000000083500000, 0x0000000083600000, 0x0000000083600000|100%|HC|  |TAMS 0x0000000083600000, 0x0000000083500000| Complete 
|  54|0x0000000083600000, 0x0000000083700000, 0x0000000083700000|100%|HC|  |TAMS 0x0000000083700000, 0x0000000083600000| Complete 
|  55|0x0000000083700000, 0x0000000083800000, 0x0000000083800000|100%|HC|  |TAMS 0x0000000083800000, 0x0000000083700000| Complete 
|  56|0x0000000083800000, 0x0000000083900000, 0x0000000083900000|100%|HC|  |TAMS 0x0000000083900000, 0x0000000083800000| Complete 
|  57|0x0000000083900000, 0x0000000083a00000, 0x0000000083a00000|100%|HS|  |TAMS 0x0000000083a00000, 0x0000000083900000| Complete 
|  58|0x0000000083a00000, 0x0000000083b00000, 0x0000000083b00000|100%|HC|  |TAMS 0x0000000083b00000, 0x0000000083a00000| Complete 
|  59|0x0000000083b00000, 0x0000000083c00000, 0x0000000083c00000|100%|HC|  |TAMS 0x0000000083c00000, 0x0000000083b00000| Complete 
|  60|0x0000000083c00000, 0x0000000083d00000, 0x0000000083d00000|100%|HC|  |TAMS 0x0000000083d00000, 0x0000000083c00000| Complete 
|  61|0x0000000083d00000, 0x0000000083e00000, 0x0000000083e00000|100%|HC|  |TAMS 0x0000000083e00000, 0x0000000083d00000| Complete 
|  62|0x0000000083e00000, 0x0000000083f00000, 0x0000000083f00000|100%| O|  |TAMS 0x0000000083f00000, 0x0000000083e00000| Untracked 
|  63|0x0000000083f00000, 0x0000000084000000, 0x0000000084000000|100%| O|  |TAMS 0x0000000084000000, 0x0000000083f00000| Untracked 
|  64|0x0000000084000000, 0x0000000084100000, 0x0000000084100000|100%| O|  |TAMS 0x0000000084100000, 0x0000000084000000| Untracked 
|  65|0x0000000084100000, 0x0000000084200000, 0x0000000084200000|100%| O|  |TAMS 0x0000000084200000, 0x0000000084100000| Untracked 
|  66|0x0000000084200000, 0x0000000084300000, 0x0000000084300000|100%| O|  |TAMS 0x0000000084300000, 0x0000000084200000| Untracked 
|  67|0x0000000084300000, 0x0000000084400000, 0x0000000084400000|100%| O|  |TAMS 0x0000000084400000, 0x0000000084300000| Untracked 
|  68|0x0000000084400000, 0x0000000084400000, 0x0000000084500000|  0%| F|  |TAMS 0x0000000084400000, 0x0000000084400000| Untracked 
|  69|0x0000000084500000, 0x0000000084500000, 0x0000000084600000|  0%| F|  |TAMS 0x0000000084500000, 0x0000000084500000| Untracked 
|  70|0x0000000084600000, 0x0000000084700000, 0x0000000084700000|100%| O|  |TAMS 0x0000000084700000, 0x0000000084600000| Untracked 
|  71|0x0000000084700000, 0x0000000084800000, 0x0000000084800000|100%| O|  |TAMS 0x0000000084800000, 0x0000000084700000| Untracked 
|  72|0x0000000084800000, 0x0000000084900000, 0x0000000084900000|100%| O|  |TAMS 0x0000000084900000, 0x0000000084800000| Untracked 
|  73|0x0000000084900000, 0x0000000084a00000, 0x0000000084a00000|100%| O|  |TAMS 0x0000000084a00000, 0x0000000084900000| Untracked 
|  74|0x0000000084a00000, 0x0000000084b00000, 0x0000000084b00000|100%| O|  |TAMS 0x0000000084a6b000, 0x0000000084a00000| Untracked 
|  75|0x0000000084b00000, 0x0000000084c00000, 0x0000000084c00000|100%| O|  |TAMS 0x0000000084b00000, 0x0000000084b00000| Untracked 
|  76|0x0000000084c00000, 0x0000000084d00000, 0x0000000084d00000|100%| O|  |TAMS 0x0000000084c00000, 0x0000000084c00000| Untracked 
|  77|0x0000000084d00000, 0x0000000084e00000, 0x0000000084e00000|100%| O|  |TAMS 0x0000000084d00000, 0x0000000084d00000| Untracked 
|  78|0x0000000084e00000, 0x0000000084f00000, 0x0000000084f00000|100%| O|  |TAMS 0x0000000084e00000, 0x0000000084e00000| Untracked 
|  79|0x0000000084f00000, 0x0000000085000000, 0x0000000085000000|100%| O|  |TAMS 0x0000000084f00000, 0x0000000084f00000| Untracked 
|  80|0x0000000085000000, 0x00000000850dbc00, 0x0000000085100000| 85%| O|  |TAMS 0x0000000085000000, 0x0000000085000000| Untracked 
|  81|0x0000000085100000, 0x0000000085100000, 0x0000000085200000|  0%| F|  |TAMS 0x0000000085100000, 0x0000000085100000| Untracked 
|  82|0x0000000085200000, 0x0000000085200000, 0x0000000085300000|  0%| F|  |TAMS 0x0000000085200000, 0x0000000085200000| Untracked 
|  83|0x0000000085300000, 0x0000000085300000, 0x0000000085400000|  0%| F|  |TAMS 0x0000000085300000, 0x0000000085300000| Untracked 
|  84|0x0000000085400000, 0x0000000085400000, 0x0000000085500000|  0%| F|  |TAMS 0x0000000085400000, 0x0000000085400000| Untracked 
|  85|0x0000000085500000, 0x0000000085500000, 0x0000000085600000|  0%| F|  |TAMS 0x0000000085500000, 0x0000000085500000| Untracked 
|  86|0x0000000085600000, 0x0000000085600000, 0x0000000085700000|  0%| F|  |TAMS 0x0000000085600000, 0x0000000085600000| Untracked 
|  87|0x0000000085700000, 0x0000000085700000, 0x0000000085800000|  0%| F|  |TAMS 0x0000000085700000, 0x0000000085700000| Untracked 
|  88|0x0000000085800000, 0x0000000085800000, 0x0000000085900000|  0%| F|  |TAMS 0x0000000085800000, 0x0000000085800000| Untracked 
|  89|0x0000000085900000, 0x0000000085900000, 0x0000000085a00000|  0%| F|  |TAMS 0x0000000085900000, 0x0000000085900000| Untracked 
|  90|0x0000000085a00000, 0x0000000085a00000, 0x0000000085b00000|  0%| F|  |TAMS 0x0000000085a00000, 0x0000000085a00000| Untracked 
|  91|0x0000000085b00000, 0x0000000085b00000, 0x0000000085c00000|  0%| F|  |TAMS 0x0000000085b00000, 0x0000000085b00000| Untracked 
|  92|0x0000000085c00000, 0x0000000085c00000, 0x0000000085d00000|  0%| F|  |TAMS 0x0000000085c00000, 0x0000000085c00000| Untracked 
|  93|0x0000000085d00000, 0x0000000085d00000, 0x0000000085e00000|  0%| F|  |TAMS 0x0000000085d00000, 0x0000000085d00000| Untracked 
|  94|0x0000000085e00000, 0x0000000085e00000, 0x0000000085f00000|  0%| F|  |TAMS 0x0000000085e00000, 0x0000000085e00000| Untracked 
|  95|0x0000000085f00000, 0x0000000085f00000, 0x0000000086000000|  0%| F|  |TAMS 0x0000000085f00000, 0x0000000085f00000| Untracked 
|  96|0x0000000086000000, 0x0000000086000000, 0x0000000086100000|  0%| F|  |TAMS 0x0000000086000000, 0x0000000086000000| Untracked 
|  97|0x0000000086100000, 0x0000000086100000, 0x0000000086200000|  0%| F|  |TAMS 0x0000000086100000, 0x0000000086100000| Untracked 
|  98|0x0000000086200000, 0x0000000086200000, 0x0000000086300000|  0%| F|  |TAMS 0x0000000086200000, 0x0000000086200000| Untracked 
|  99|0x0000000086300000, 0x0000000086300000, 0x0000000086400000|  0%| F|  |TAMS 0x0000000086300000, 0x0000000086300000| Untracked 
| 100|0x0000000086400000, 0x0000000086400000, 0x0000000086500000|  0%| F|  |TAMS 0x0000000086400000, 0x0000000086400000| Untracked 
| 101|0x0000000086500000, 0x0000000086500000, 0x0000000086600000|  0%| F|  |TAMS 0x0000000086500000, 0x0000000086500000| Untracked 
| 102|0x0000000086600000, 0x0000000086600000, 0x0000000086700000|  0%| F|  |TAMS 0x0000000086600000, 0x0000000086600000| Untracked 
| 103|0x0000000086700000, 0x0000000086700000, 0x0000000086800000|  0%| F|  |TAMS 0x0000000086700000, 0x0000000086700000| Untracked 
| 104|0x0000000086800000, 0x00000000868fcda8, 0x0000000086900000| 98%| S|CS|TAMS 0x0000000086800000, 0x0000000086800000| Complete 
| 105|0x0000000086900000, 0x0000000086900000, 0x0000000086a00000|  0%| F|  |TAMS 0x0000000086900000, 0x0000000086900000| Untracked 
| 106|0x0000000086a00000, 0x0000000086a00000, 0x0000000086b00000|  0%| F|  |TAMS 0x0000000086a00000, 0x0000000086a00000| Untracked 
| 107|0x0000000086b00000, 0x0000000086b00000, 0x0000000086c00000|  0%| F|  |TAMS 0x0000000086b00000, 0x0000000086b00000| Untracked 
| 108|0x0000000086c00000, 0x0000000086c00000, 0x0000000086d00000|  0%| F|  |TAMS 0x0000000086c00000, 0x0000000086c00000| Untracked 
| 109|0x0000000086d00000, 0x0000000086d00000, 0x0000000086e00000|  0%| F|  |TAMS 0x0000000086d00000, 0x0000000086d00000| Untracked 
| 110|0x0000000086e00000, 0x0000000086e00000, 0x0000000086f00000|  0%| F|  |TAMS 0x0000000086e00000, 0x0000000086e00000| Untracked 
| 111|0x0000000086f00000, 0x0000000086f00000, 0x0000000087000000|  0%| F|  |TAMS 0x0000000086f00000, 0x0000000086f00000| Untracked 
| 112|0x0000000087000000, 0x0000000087000000, 0x0000000087100000|  0%| F|  |TAMS 0x0000000087000000, 0x0000000087000000| Untracked 
| 113|0x0000000087100000, 0x0000000087100000, 0x0000000087200000|  0%| F|  |TAMS 0x0000000087100000, 0x0000000087100000| Untracked 
| 114|0x0000000087200000, 0x0000000087200000, 0x0000000087300000|  0%| F|  |TAMS 0x0000000087200000, 0x0000000087200000| Untracked 
| 115|0x0000000087300000, 0x0000000087300000, 0x0000000087400000|  0%| F|  |TAMS 0x0000000087300000, 0x0000000087300000| Untracked 
| 116|0x0000000087400000, 0x0000000087400000, 0x0000000087500000|  0%| F|  |TAMS 0x0000000087400000, 0x0000000087400000| Untracked 
| 117|0x0000000087500000, 0x0000000087500000, 0x0000000087600000|  0%| F|  |TAMS 0x0000000087500000, 0x0000000087500000| Untracked 
| 118|0x0000000087600000, 0x0000000087600000, 0x0000000087700000|  0%| F|  |TAMS 0x0000000087600000, 0x0000000087600000| Untracked 
| 119|0x0000000087700000, 0x0000000087700000, 0x0000000087800000|  0%| F|  |TAMS 0x0000000087700000, 0x0000000087700000| Untracked 
| 120|0x0000000087800000, 0x0000000087800000, 0x0000000087900000|  0%| F|  |TAMS 0x0000000087800000, 0x0000000087800000| Untracked 
| 121|0x0000000087900000, 0x0000000087900000, 0x0000000087a00000|  0%| F|  |TAMS 0x0000000087900000, 0x0000000087900000| Untracked 
| 122|0x0000000087a00000, 0x0000000087a00000, 0x0000000087b00000|  0%| F|  |TAMS 0x0000000087a00000, 0x0000000087a00000| Untracked 
| 123|0x0000000087b00000, 0x0000000087b00000, 0x0000000087c00000|  0%| F|  |TAMS 0x0000000087b00000, 0x0000000087b00000| Untracked 
| 124|0x0000000087c00000, 0x0000000087c00000, 0x0000000087d00000|  0%| F|  |TAMS 0x0000000087c00000, 0x0000000087c00000| Untracked 
| 125|0x0000000087d00000, 0x0000000087d00000, 0x0000000087e00000|  0%| F|  |TAMS 0x0000000087d00000, 0x0000000087d00000| Untracked 
| 126|0x0000000087e00000, 0x0000000087e00000, 0x0000000087f00000|  0%| F|  |TAMS 0x0000000087e00000, 0x0000000087e00000| Untracked 
| 127|0x0000000087f00000, 0x0000000087f00000, 0x0000000088000000|  0%| F|  |TAMS 0x0000000087f00000, 0x0000000087f00000| Untracked 
| 128|0x0000000088000000, 0x0000000088000000, 0x0000000088100000|  0%| F|  |TAMS 0x0000000088000000, 0x0000000088000000| Untracked 
| 129|0x0000000088100000, 0x0000000088100000, 0x0000000088200000|  0%| F|  |TAMS 0x0000000088100000, 0x0000000088100000| Untracked 
| 130|0x0000000088200000, 0x0000000088200000, 0x0000000088300000|  0%| F|  |TAMS 0x0000000088200000, 0x0000000088200000| Untracked 
| 131|0x0000000088300000, 0x0000000088300000, 0x0000000088400000|  0%| F|  |TAMS 0x0000000088300000, 0x0000000088300000| Untracked 
| 132|0x0000000088400000, 0x0000000088400000, 0x0000000088500000|  0%| F|  |TAMS 0x0000000088400000, 0x0000000088400000| Untracked 
| 133|0x0000000088500000, 0x0000000088500000, 0x0000000088600000|  0%| F|  |TAMS 0x0000000088500000, 0x0000000088500000| Untracked 
| 134|0x0000000088600000, 0x0000000088600000, 0x0000000088700000|  0%| F|  |TAMS 0x0000000088600000, 0x0000000088600000| Untracked 

Card table byte_map: [0x00000179a2cf0000,0x00000179a30f0000] _byte_map_base: 0x00000179a28f0000

Marking Bits (Prev, Next): (CMBitMap*) 0x0000017990477210, (CMBitMap*) 0x00000179904771d0
 Prev Bits: [0x00000179a54f0000, 0x00000179a74f0000)
 Next Bits: [0x00000179a34f0000, 0x00000179a54f0000)

Polling page: 0x000001798fbd0000

Metaspace:

Usage:
  Non-class:     56.49 MB used.
      Class:      9.39 MB used.
       Both:     65.89 MB used.

Virtual space:
  Non-class space:       64.00 MB reserved,      56.81 MB ( 89%) committed,  1 nodes.
      Class space:        1.00 GB reserved,       9.69 MB ( <1%) committed,  1 nodes.
             Both:        1.06 GB reserved,      66.50 MB (  6%) committed. 

Chunk freelists:
   Non-Class:  6.97 MB
       Class:  6.34 MB
        Both:  13.31 MB

MaxMetaspaceSize: unlimited
CompressedClassSpaceSize: 1.00 GB
Initial GC threshold: 21.00 MB
Current GC threshold: 102.50 MB
CDS: off
MetaspaceReclaimPolicy: balanced
 - commit_granule_bytes: 65536.
 - commit_granule_words: 8192.
 - virtual_space_node_default_size: 8388608.
 - enlarge_chunks_in_place: 1.
 - new_chunks_are_fully_committed: 0.
 - uncommit_free_chunks: 1.
 - use_allocation_guard: 0.
 - handle_deallocations: 1.


Internal statistics:

num_allocs_failed_limit: 6.
num_arena_births: 772.
num_arena_deaths: 0.
num_vsnodes_births: 2.
num_vsnodes_deaths: 0.
num_space_committed: 1064.
num_space_uncommitted: 0.
num_chunks_returned_to_freelist: 6.
num_chunks_taken_from_freelist: 3156.
num_chunk_merges: 6.
num_chunk_splits: 2085.
num_chunks_enlarged: 1413.
num_inconsistent_stats: 0.

CodeHeap 'non-profiled nmethods': size=120000Kb used=3794Kb max_used=3794Kb free=116205Kb
 bounds [0x000001799b3c0000, 0x000001799b780000, 0x00000179a28f0000]
CodeHeap 'profiled nmethods': size=120000Kb used=13335Kb max_used=13335Kb free=106664Kb
 bounds [0x00000179938f0000, 0x0000017994600000, 0x000001799ae20000]
CodeHeap 'non-nmethods': size=5760Kb used=2347Kb max_used=2393Kb free=3412Kb
 bounds [0x000001799ae20000, 0x000001799b090000, 0x000001799b3c0000]
 total_blobs=7697 nmethods=6841 adapters=768
 compilation: enabled
              stopped_count=0, restarted_count=0
 full_count=0

Compilation events (20 events):
Event: 38.873 Thread 0x00000179a9bc8050 7600       3       kotlin.reflect.jvm.internal.impl.name.FqName::toUnsafe (13 bytes)
Event: 38.873 Thread 0x00000179a9bc8050 nmethod 7600 0x00000179945f2090 code [0x00000179945f2240, 0x00000179945f23c8]
Event: 38.873 Thread 0x00000179a9bc8050 7599       3       kotlin.reflect.jvm.internal.impl.name.FqName::asString (16 bytes)
Event: 38.874 Thread 0x00000179a9bc8050 nmethod 7599 0x00000179945f2490 code [0x00000179945f2640, 0x00000179945f2898]
Event: 38.874 Thread 0x00000179a9bc8050 7598       3       kotlin.reflect.jvm.internal.impl.name.Name::identifier (18 bytes)
Event: 38.874 Thread 0x00000179a9bc8050 nmethod 7598 0x00000179945f2990 code [0x00000179945f2b60, 0x00000179945f2eb8]
Event: 38.878 Thread 0x00000179a9bc8050 7601       3       java.util.jar.JarFile::getEntry (35 bytes)
Event: 38.878 Thread 0x00000179a9bc8050 nmethod 7601 0x00000179945f3010 code [0x00000179945f3200, 0x00000179945f3678]
Event: 38.881 Thread 0x00000179a9bc8050 7602       3       java.util.jar.JarFile::getVersionedEntry (133 bytes)
Event: 38.882 Thread 0x00000179a9bc8050 nmethod 7602 0x00000179945f3810 code [0x00000179945f3ae0, 0x00000179945f48b8]
Event: 38.882 Thread 0x00000179a9bc8050 7603       3       java.util.zip.ZipFile$1::getMetaInfVersions (5 bytes)
Event: 38.882 Thread 0x00000179a9bc8050 nmethod 7603 0x00000179945f4e90 code [0x00000179945f5040, 0x00000179945f52c8]
Event: 38.882 Thread 0x00000179a9bc8050 7604   !   3       java.util.zip.ZipFile::getMetaInfVersions (26 bytes)
Event: 38.882 Thread 0x00000179a9bc8050 nmethod 7604 0x00000179945f5490 code [0x00000179945f5640, 0x00000179945f5868]
Event: 38.894 Thread 0x00000179a9bc8050 7605       3       kotlin.reflect.jvm.internal.ReflectProperties::lazySoft (14 bytes)
Event: 38.894 Thread 0x00000179a9bbc090 7606       4       java.util.jar.JarFile::getEntry (35 bytes)
Event: 38.894 Thread 0x00000179a9bc8050 nmethod 7605 0x00000179945f5a10 code [0x00000179945f5be0, 0x00000179945f5ea8]
Event: 38.910 Thread 0x00000179a9bbc090 nmethod 7606 0x000001799b774010 code [0x000001799b774200, 0x000001799b775050]
Event: 38.910 Thread 0x00000179a9bbc090 7607       4       java.lang.Package::isSealed (26 bytes)
Event: 38.910 Thread 0x00000179a9bbc090 nmethod 7607 0x000001799b6c2d10 code [0x000001799b6c2e80, 0x000001799b6c2f58]

GC Heap History (20 events):
Event: 31.859 GC heap after
{Heap after GC invocations=23 (full 0):
 garbage-first heap   total 109568K, used 69705K [0x0000000080000000, 0x0000000100000000)
  region size 1024K, 1 young (1024K), 1 survivors (1024K)
 Metaspace       used 53154K, committed 53632K, reserved 1114112K
  class space    used 7068K, committed 7296K, reserved 1048576K
}
Event: 32.593 GC heap before
{Heap before GC invocations=23 (full 0):
 garbage-first heap   total 109568K, used 90185K [0x0000000080000000, 0x0000000100000000)
  region size 1024K, 21 young (21504K), 1 survivors (1024K)
 Metaspace       used 53986K, committed 54592K, reserved 1114112K
  class space    used 7204K, committed 7488K, reserved 1048576K
}
Event: 32.595 GC heap after
{Heap after GC invocations=24 (full 0):
 garbage-first heap   total 109568K, used 70489K [0x0000000080000000, 0x0000000100000000)
  region size 1024K, 2 young (2048K), 2 survivors (2048K)
 Metaspace       used 53986K, committed 54592K, reserved 1114112K
  class space    used 7204K, committed 7488K, reserved 1048576K
}
Event: 33.873 GC heap before
{Heap before GC invocations=25 (full 0):
 garbage-first heap   total 121856K, used 90969K [0x0000000080000000, 0x0000000100000000)
  region size 1024K, 22 young (22528K), 2 survivors (2048K)
 Metaspace       used 56388K, committed 56896K, reserved 1114112K
  class space    used 7603K, committed 7872K, reserved 1048576K
}
Event: 33.877 GC heap after
{Heap after GC invocations=26 (full 0):
 garbage-first heap   total 121856K, used 71572K [0x0000000080000000, 0x0000000100000000)
  region size 1024K, 3 young (3072K), 3 survivors (3072K)
 Metaspace       used 56388K, committed 56896K, reserved 1114112K
  class space    used 7603K, committed 7872K, reserved 1048576K
}
Event: 33.898 GC heap before
{Heap before GC invocations=26 (full 0):
 garbage-first heap   total 121856K, used 73620K [0x0000000080000000, 0x0000000100000000)
  region size 1024K, 5 young (5120K), 3 survivors (3072K)
 Metaspace       used 56749K, committed 57280K, reserved 1114112K
  class space    used 7674K, committed 7936K, reserved 1048576K
}
Event: 33.901 GC heap after
{Heap after GC invocations=27 (full 0):
 garbage-first heap   total 121856K, used 71628K [0x0000000080000000, 0x0000000100000000)
  region size 1024K, 1 young (1024K), 1 survivors (1024K)
 Metaspace       used 56749K, committed 57280K, reserved 1114112K
  class space    used 7674K, committed 7936K, reserved 1048576K
}
Event: 34.709 GC heap before
{Heap before GC invocations=27 (full 0):
 garbage-first heap   total 121856K, used 98252K [0x0000000080000000, 0x0000000100000000)
  region size 1024K, 27 young (27648K), 1 survivors (1024K)
 Metaspace       used 59339K, committed 59904K, reserved 1114112K
  class space    used 8106K, committed 8384K, reserved 1048576K
}
Event: 34.716 GC heap after
{Heap after GC invocations=28 (full 0):
 garbage-first heap   total 121856K, used 73238K [0x0000000080000000, 0x0000000100000000)
  region size 1024K, 2 young (2048K), 2 survivors (2048K)
 Metaspace       used 59339K, committed 59904K, reserved 1114112K
  class space    used 8106K, committed 8384K, reserved 1048576K
}
Event: 35.731 GC heap before
{Heap before GC invocations=29 (full 0):
 garbage-first heap   total 126976K, used 98838K [0x0000000080000000, 0x0000000100000000)
  region size 1024K, 27 young (27648K), 2 survivors (2048K)
 Metaspace       used 61679K, committed 62336K, reserved 1114112K
  class space    used 8455K, committed 8768K, reserved 1048576K
}
Event: 35.738 GC heap after
{Heap after GC invocations=30 (full 0):
 garbage-first heap   total 126976K, used 75655K [0x0000000080000000, 0x0000000100000000)
  region size 1024K, 4 young (4096K), 4 survivors (4096K)
 Metaspace       used 61679K, committed 62336K, reserved 1114112K
  class space    used 8455K, committed 8768K, reserved 1048576K
}
Event: 35.823 GC heap before
{Heap before GC invocations=30 (full 0):
 garbage-first heap   total 126976K, used 77703K [0x0000000080000000, 0x0000000100000000)
  region size 1024K, 6 young (6144K), 4 survivors (4096K)
 Metaspace       used 61737K, committed 62336K, reserved 1114112K
  class space    used 8456K, committed 8768K, reserved 1048576K
}
Event: 35.831 GC heap after
{Heap after GC invocations=31 (full 0):
 garbage-first heap   total 126976K, used 76168K [0x0000000080000000, 0x0000000100000000)
  region size 1024K, 1 young (1024K), 1 survivors (1024K)
 Metaspace       used 61737K, committed 62336K, reserved 1114112K
  class space    used 8456K, committed 8768K, reserved 1048576K
}
Event: 36.696 GC heap before
{Heap before GC invocations=31 (full 0):
 garbage-first heap   total 126976K, used 101768K [0x0000000080000000, 0x0000000100000000)
  region size 1024K, 27 young (27648K), 1 survivors (1024K)
 Metaspace       used 62300K, committed 62976K, reserved 1114112K
  class space    used 8492K, committed 8768K, reserved 1048576K
}
Event: 36.702 GC heap after
{Heap after GC invocations=32 (full 0):
 garbage-first heap   total 126976K, used 80329K [0x0000000080000000, 0x0000000100000000)
  region size 1024K, 4 young (4096K), 4 survivors (4096K)
 Metaspace       used 62300K, committed 62976K, reserved 1114112K
  class space    used 8492K, committed 8768K, reserved 1048576K
}
Event: 38.180 GC heap before
{Heap before GC invocations=33 (full 0):
 garbage-first heap   total 138240K, used 101833K [0x0000000080000000, 0x0000000100000000)
  region size 1024K, 26 young (26624K), 4 survivors (4096K)
 Metaspace       used 62524K, committed 63168K, reserved 1114112K
  class space    used 8507K, committed 8832K, reserved 1048576K
}
Event: 38.187 GC heap after
{Heap after GC invocations=34 (full 0):
 garbage-first heap   total 138240K, used 82096K [0x0000000080000000, 0x0000000100000000)
  region size 1024K, 4 young (4096K), 4 survivors (4096K)
 Metaspace       used 62524K, committed 63168K, reserved 1114112K
  class space    used 8507K, committed 8832K, reserved 1048576K
}
Event: 38.284 GC heap before
{Heap before GC invocations=34 (full 0):
 garbage-first heap   total 138240K, used 84144K [0x0000000080000000, 0x0000000100000000)
  region size 1024K, 6 young (6144K), 4 survivors (4096K)
 Metaspace       used 62536K, committed 63168K, reserved 1114112K
  class space    used 8507K, committed 8832K, reserved 1048576K
}
Event: 38.289 GC heap after
{Heap after GC invocations=35 (full 0):
 garbage-first heap   total 138240K, used 81403K [0x0000000080000000, 0x0000000100000000)
  region size 1024K, 1 young (1024K), 1 survivors (1024K)
 Metaspace       used 62536K, committed 63168K, reserved 1114112K
  class space    used 8507K, committed 8832K, reserved 1048576K
}
Event: 38.926 GC heap before
{Heap before GC invocations=35 (full 0):
 garbage-first heap   total 138240K, used 111099K [0x0000000080000000, 0x0000000100000000)
  region size 1024K, 30 young (30720K), 1 survivors (1024K)
 Metaspace       used 67468K, committed 68096K, reserved 1114112K
  class space    used 9618K, committed 9920K, reserved 1048576K
}

Dll operation events (3 events):
Event: 0.016 Loaded shared library C:\Program Files\Android\Android Studio\jbr\bin\java.dll
Event: 0.186 Loaded shared library C:\Program Files\Android\Android Studio\jbr\bin\zip.dll
Event: 1.141 Loaded shared library C:\Program Files\Android\Android Studio\jbr\bin\verify.dll

Deoptimization events (20 events):
Event: 38.344 Thread 0x00000179ae873270 Uncommon trap: trap_request=0xffffffc6 fr.pc=0x000001799b746ba8 relative=0x0000000000000f68
Event: 38.344 Thread 0x00000179ae873270 Uncommon trap: reason=bimorphic_or_optimized_type_check action=maybe_recompile pc=0x000001799b746ba8 method=org.gradle.internal.snapshot.ChildMap$Entry.handleAncestorDescendantOrExactMatch(Lorg/gradle/internal/snapshot/VfsRelativePath;Lorg/gradle/internal
Event: 38.344 Thread 0x00000179ae873270 DEOPT PACKING pc=0x000001799b746ba8 sp=0x00000077262f70b0
Event: 38.344 Thread 0x00000179ae873270 DEOPT UNPACKING pc=0x000001799ae7a1a3 sp=0x00000077262f7090 mode 2
Event: 38.605 Thread 0x00000179ae873270 Uncommon trap: trap_request=0xfffffff4 fr.pc=0x000001799b47a67c relative=0x000000000000017c
Event: 38.605 Thread 0x00000179ae873270 Uncommon trap: reason=null_check action=make_not_entrant pc=0x000001799b47a67c method=java.lang.reflect.Array.newInstance(Ljava/lang/Class;I)Ljava/lang/Object; @ 2 c2
Event: 38.605 Thread 0x00000179ae873270 DEOPT PACKING pc=0x000001799b47a67c sp=0x00000077262f4520
Event: 38.605 Thread 0x00000179ae873270 DEOPT UNPACKING pc=0x000001799ae7a1a3 sp=0x00000077262f44b8 mode 2
Event: 38.763 Thread 0x00000179ae873270 Uncommon trap: trap_request=0xffffff45 fr.pc=0x000001799b499a84 relative=0x0000000000000084
Event: 38.763 Thread 0x00000179ae873270 Uncommon trap: reason=unstable_if action=reinterpret pc=0x000001799b499a84 method=java.lang.CharacterDataLatin1.isWhitespace(I)Z @ 14 c2
Event: 38.763 Thread 0x00000179ae873270 DEOPT PACKING pc=0x000001799b499a84 sp=0x00000077262f67d0
Event: 38.763 Thread 0x00000179ae873270 DEOPT UNPACKING pc=0x000001799ae7a1a3 sp=0x00000077262f6740 mode 2
Event: 38.772 Thread 0x00000179ae873270 Uncommon trap: trap_request=0xffffff45 fr.pc=0x000001799b4dbed8 relative=0x00000000000012b8
Event: 38.772 Thread 0x00000179ae873270 Uncommon trap: reason=unstable_if action=reinterpret pc=0x000001799b4dbed8 method=java.util.concurrent.ConcurrentHashMap.putVal(Ljava/lang/Object;Ljava/lang/Object;Z)Ljava/lang/Object; @ 245 c2
Event: 38.772 Thread 0x00000179ae873270 DEOPT PACKING pc=0x000001799b4dbed8 sp=0x00000077262f5f30
Event: 38.772 Thread 0x00000179ae873270 DEOPT UNPACKING pc=0x000001799ae7a1a3 sp=0x00000077262f5ea8 mode 2
Event: 38.877 Thread 0x00000179ae873270 Uncommon trap: trap_request=0xffffff45 fr.pc=0x000001799b457d34 relative=0x0000000000000cb4
Event: 38.877 Thread 0x00000179ae873270 Uncommon trap: reason=unstable_if action=reinterpret pc=0x000001799b457d34 method=java.util.jar.JarFile.getEntry(Ljava/lang/String;)Ljava/util/zip/ZipEntry; @ 15 c2
Event: 38.877 Thread 0x00000179ae873270 DEOPT PACKING pc=0x000001799b457d34 sp=0x00000077262f4ec0
Event: 38.877 Thread 0x00000179ae873270 DEOPT UNPACKING pc=0x000001799ae7a1a3 sp=0x00000077262f4ea8 mode 2

Classes unloaded (0 events):
No events

Classes redefined (0 events):
No events

Internal exceptions (20 events):
Event: 35.023 Thread 0x00000179ae873270 Exception <a 'java/lang/NoSuchMethodError'{0x000000008796d160}: 'java.lang.Object java.lang.invoke.Invokers$Holder.invoker(java.lang.Object, java.lang.Object, java.lang.Object, java.lang.Object, java.lang.Object, java.lang.Object, java.lang.Object, java.lang.Object, java.lang.Object, java.lang.Object, java.lang.Object, java.lang.Object, java.lang.Object, java.lang.Object, java.lang.Object, java.lang.Object, java.lang.Object, java.lang.Object, java.lang.Object, java.lang.Object, java.lang.Object, java.lang.
Event: 35.027 Thread 0x00000179ae873270 Exception <a 'java/lang/NoSuchMethodError'{0x0000000087973d60}: 'java.lang.Object java.lang.invoke.DelegatingMethodHandle$Holder.delegate(java.lang.Object, java.lang.Object, java.lang.Object, java.lang.Object, java.lang.Object, java.lang.Object, java.lang.Object, java.lang.Object, java.lang.Object, java.lang.Object, java.lang.Object, java.lang.Object, java.lang.Object, java.lang.Object, java.lang.Object, java.lang.Object, java.lang.Object, java.lang.Object, java.lang.Object, java.lang.Object, java.lang.Obj
Event: 35.066 Thread 0x00000179ae873270 Exception <a 'java/lang/NoSuchMethodError'{0x00000000878675a8}: 'java.lang.Object java.lang.invoke.DirectMethodHandle$Holder.invokeStatic(java.lang.Object, java.lang.Object, java.lang.Object, java.lang.Object, java.lang.Object, java.lang.Object, java.lang.Object, java.lang.Object, java.lang.Object, java.lang.Object, java.lang.Object, java.lang.Object, java.lang.Object, java.lang.Object, java.lang.Object, java.lang.Object, java.lang.Object, java.lang.Object, java.lang.Object, java.lang.Object, java.lang.Obj
Event: 35.218 Thread 0x00000179ae873270 Exception <a 'java/lang/NoSuchMethodError'{0x00000000872ef710}: static Lorg/gradle/api/internal/catalog/DefaultVersionCatalog;.<clinit>()V> (0x00000000872ef710) 
thrown [s\src\hotspot\share\prims\jni.cpp, line 1127]
Event: 35.226 Thread 0x00000179ae873270 Exception <a 'java/lang/NoSuchMethodError'{0x0000000087143540}: static [Ljava/lang/Object;.<clinit>()V> (0x0000000087143540) 
thrown [s\src\hotspot\share\prims\jni.cpp, line 1127]
Event: 35.229 Thread 0x00000179ae873270 Exception <a 'java/lang/NoSuchMethodError'{0x0000000087178f18}: static Lorg/gradle/api/internal/catalog/DependencyModel;.<clinit>()V> (0x0000000087178f18) 
thrown [s\src\hotspot\share\prims\jni.cpp, line 1127]
Event: 35.229 Thread 0x00000179ae873270 Exception <a 'java/lang/NoSuchMethodError'{0x000000008717ca20}: static Lorg/gradle/api/internal/catalog/AbstractContextAwareModel;.<clinit>()V> (0x000000008717ca20) 
thrown [s\src\hotspot\share\prims\jni.cpp, line 1127]
Event: 35.230 Thread 0x00000179ae873270 Exception <a 'java/lang/NoSuchMethodError'{0x0000000087196860}: static Lorg/gradle/api/internal/artifacts/dependencies/AbstractVersionConstraint;.<clinit>()V> (0x0000000087196860) 
thrown [s\src\hotspot\share\prims\jni.cpp, line 1127]
Event: 35.237 Thread 0x00000179ae873270 Exception <a 'java/lang/NoSuchMethodError'{0x00000000871f7720}: static Lorg/gradle/api/internal/catalog/PluginModel;.<clinit>()V> (0x00000000871f7720) 
thrown [s\src\hotspot\share\prims\jni.cpp, line 1127]
Event: 35.239 Thread 0x00000179ae873270 Exception <a 'java/lang/NoSuchMethodError'{0x000000008700edf8}: static Lorg/gradle/api/internal/catalog/VersionModel;.<clinit>()V> (0x000000008700edf8) 
thrown [s\src\hotspot\share\prims\jni.cpp, line 1127]
Event: 35.374 Thread 0x00000179ae873270 Exception <a 'java/lang/NoSuchMethodError'{0x0000000086db8af0}: 'int java.lang.invoke.DirectMethodHandle$Holder.invokeSpecialIFC(java.lang.Object, java.lang.Object, java.lang.Object)'> (0x0000000086db8af0) 
thrown [s\src\hotspot\share\interpreter\linkResolver.cpp, line 771]
Event: 35.427 Thread 0x00000179ae873270 Exception <a 'java/lang/NoSuchMethodError'{0x0000000086978eb0}: 'java.lang.Object java.lang.invoke.DirectMethodHandle$Holder.newInvokeSpecial(java.lang.Object, java.lang.Object, java.lang.Object, java.lang.Object, java.lang.Object, int)'> (0x0000000086978eb0) 
thrown [s\src\hotspot\share\interpreter\linkResolver.cpp, line 771]
Event: 35.427 Thread 0x00000179ae873270 Exception <a 'java/lang/NoSuchMethodError'{0x000000008697e5b0}: 'java.lang.Object java.lang.invoke.DirectMethodHandle$Holder.invokeSpecial(java.lang.Object, java.lang.Object, java.lang.Object, java.lang.Object, java.lang.Object, java.lang.Object, int)'> (0x000000008697e5b0) 
thrown [s\src\hotspot\share\interpreter\linkResolver.cpp, line 771]
Event: 35.428 Thread 0x00000179ae873270 Exception <a 'java/lang/NoSuchMethodError'{0x0000000086983898}: 'java.lang.Object java.lang.invoke.Invokers$Holder.linkToTargetMethod(java.lang.Object, java.lang.Object, java.lang.Object, java.lang.Object, int, java.lang.Object)'> (0x0000000086983898) 
thrown [s\src\hotspot\share\interpreter\linkResolver.cpp, line 771]
Event: 35.433 Thread 0x00000179ae873270 Exception <a 'java/lang/NoSuchMethodError'{0x00000000869b6c00}: 'java.lang.Object java.lang.invoke.DirectMethodHandle$Holder.invokeSpecial(java.lang.Object, java.lang.Object, java.lang.Object, java.lang.Object, java.lang.Object, long)'> (0x00000000869b6c00) 
thrown [s\src\hotspot\share\interpreter\linkResolver.cpp, line 771]
Event: 35.435 Thread 0x00000179ae873270 Exception <a 'java/lang/NoSuchMethodError'{0x00000000869da4c0}: 'void java.lang.invoke.DirectMethodHandle$Holder.invokeStatic(java.lang.Object, java.lang.Object, java.lang.Object, int, java.lang.Object)'> (0x00000000869da4c0) 
thrown [s\src\hotspot\share\interpreter\linkResolver.cpp, line 771]
Event: 38.364 Thread 0x00000179ae873270 Exception <a 'java/lang/IncompatibleClassChangeError'{0x00000000886bed80}: Found class java.lang.Object, but interface was expected> (0x00000000886bed80) 
thrown [s\src\hotspot\share\interpreter\linkResolver.cpp, line 838]
Event: 38.400 Thread 0x00000179ae873270 Exception <a 'java/lang/NoSuchMethodError'{0x000000008858e5b0}: 'void java.lang.invoke.DirectMethodHandle$Holder.invokeVirtual(java.lang.Object, java.lang.Object)'> (0x000000008858e5b0) 
thrown [s\src\hotspot\share\interpreter\linkResolver.cpp, line 771]
Event: 38.477 Thread 0x00000179ae873270 Exception <a 'java/lang/NoSuchMethodError'{0x000000008826b5e8}: 'java.lang.Object java.lang.invoke.DirectMethodHandle$Holder.invokeStaticInit(java.lang.Object, int)'> (0x000000008826b5e8) 
thrown [s\src\hotspot\share\interpreter\linkResolver.cpp, line 771]
Event: 38.605 Thread 0x00000179ae873270 Implicit null exception at 0x000001799b47a513 to 0x000001799b47a668

VM Operations (20 events):
Event: 37.847 Executing VM operation: Cleanup done
Event: 38.180 Executing VM operation: G1CollectForAllocation
Event: 38.188 Executing VM operation: G1CollectForAllocation done
Event: 38.284 Executing VM operation: G1CollectForAllocation
Event: 38.289 Executing VM operation: G1CollectForAllocation done
Event: 38.341 Executing VM operation: HandshakeAllThreads
Event: 38.341 Executing VM operation: HandshakeAllThreads done
Event: 38.344 Executing VM operation: HandshakeAllThreads
Event: 38.345 Executing VM operation: HandshakeAllThreads done
Event: 38.355 Executing VM operation: HandshakeAllThreads
Event: 38.355 Executing VM operation: HandshakeAllThreads done
Event: 38.470 Executing VM operation: HandshakeAllThreads
Event: 38.470 Executing VM operation: HandshakeAllThreads done
Event: 38.476 Executing VM operation: HandshakeAllThreads
Event: 38.476 Executing VM operation: HandshakeAllThreads done
Event: 38.541 Executing VM operation: HandshakeAllThreads
Event: 38.541 Executing VM operation: HandshakeAllThreads done
Event: 38.543 Executing VM operation: HandshakeAllThreads
Event: 38.543 Executing VM operation: HandshakeAllThreads done
Event: 38.926 Executing VM operation: G1CollectForAllocation

Events (20 events):
Event: 35.874 loading class java/util/Collections$ReverseComparator done
Event: 35.874 loading class java/util/Collections$ReverseComparator2
Event: 35.875 loading class java/util/Collections$ReverseComparator2 done
Event: 36.057 loading class java/util/LinkedList$LLSpliterator
Event: 36.057 loading class java/util/LinkedList$LLSpliterator done
Event: 36.129 Thread 0x00000179afab0b00 Thread added: 0x00000179afab0b00
Event: 36.129 Thread 0x00000179afaaba00 Thread added: 0x00000179afaaba00
Event: 36.129 Thread 0x00000179afaaafe0 Thread added: 0x00000179afaaafe0
Event: 36.268 Thread 0x00000179afaadd70 Thread added: 0x00000179afaadd70
Event: 36.271 Thread 0x00000179afaaaad0 Thread added: 0x00000179afaaaad0
Event: 36.273 Thread 0x00000179afab00e0 Thread added: 0x00000179afab00e0
Event: 36.838 Thread 0x00000179a9ee5ed0 Thread exited: 0x00000179a9ee5ed0
Event: 38.346 Thread 0x00000179a9bc8a50 flushing nmethod 0x000001799b6a0910
Event: 38.346 Thread 0x00000179a9bc8a50 flushing nmethod 0x000001799b6c2310
Event: 38.347 Thread 0x00000179a9bc8a50 flushing nmethod 0x0000017993a64590
Event: 38.347 Thread 0x00000179a9bc8a50 flushing nmethod 0x0000017993a65390
Event: 38.349 Thread 0x00000179a9bc8a50 flushing nmethod 0x0000017993db9b10
Event: 38.350 Thread 0x00000179a9bc8a50 flushing nmethod 0x0000017993fedd10
Event: 38.350 Thread 0x00000179a9bc8a50 flushing nmethod 0x0000017993ff5390
Event: 38.350 Thread 0x00000179a9bc8a50 flushing nmethod 0x0000017994030190


Dynamic libraries:
0x00007ff6bd250000 - 0x00007ff6bd25a000 	C:\Program Files\Android\Android Studio\jbr\bin\java.exe
0x00007ffd77410000 - 0x00007ffd77627000 	C:\Windows\SYSTEM32\ntdll.dll
0x00007ffd761d0000 - 0x00007ffd76294000 	C:\Windows\System32\KERNEL32.DLL
0x00007ffd74730000 - 0x00007ffd74add000 	C:\Windows\System32\KERNELBASE.dll
0x00007ffd74c20000 - 0x00007ffd74d31000 	C:\Windows\System32\ucrtbase.dll
0x00007ffd38940000 - 0x00007ffd3895b000 	C:\Program Files\Android\Android Studio\jbr\bin\VCRUNTIME140.dll
0x00007ffd52390000 - 0x00007ffd523a7000 	C:\Program Files\Android\Android Studio\jbr\bin\jli.dll
0x00007ffd766b0000 - 0x00007ffd7685e000 	C:\Windows\System32\USER32.dll
0x00007ffd74ed0000 - 0x00007ffd74ef6000 	C:\Windows\System32\win32u.dll
0x00007ffd5e850000 - 0x00007ffd5eae3000 	C:\Windows\WinSxS\amd64_microsoft.windows.common-controls_6595b64144ccf1df_6.0.22621.3672_none_2713b9d173822955\COMCTL32.dll
0x00007ffd76930000 - 0x00007ffd76959000 	C:\Windows\System32\GDI32.dll
0x00007ffd76880000 - 0x00007ffd76927000 	C:\Windows\System32\msvcrt.dll
0x00007ffd74d40000 - 0x00007ffd74e59000 	C:\Windows\System32\gdi32full.dll
0x00007ffd750a0000 - 0x00007ffd7513a000 	C:\Windows\System32\msvcp_win.dll
0x00007ffd75540000 - 0x00007ffd75571000 	C:\Windows\System32\IMM32.DLL
0x00007ffd62c60000 - 0x00007ffd62c6c000 	C:\Program Files\Android\Android Studio\jbr\bin\vcruntime140_1.dll
0x00007ffd25740000 - 0x00007ffd257cd000 	C:\Program Files\Android\Android Studio\jbr\bin\msvcp140.dll
0x00007ffd1f8a0000 - 0x00007ffd20523000 	C:\Program Files\Android\Android Studio\jbr\bin\server\jvm.dll
0x00007ffd75ad0000 - 0x00007ffd75b82000 	C:\Windows\System32\ADVAPI32.dll
0x00007ffd75a20000 - 0x00007ffd75ac9000 	C:\Windows\System32\sechost.dll
0x00007ffd74f00000 - 0x00007ffd74f28000 	C:\Windows\System32\bcrypt.dll
0x00007ffd757a0000 - 0x00007ffd758b4000 	C:\Windows\System32\RPCRT4.dll
0x00007ffd735e0000 - 0x00007ffd7362d000 	C:\Windows\SYSTEM32\POWRPROF.dll
0x00007ffd3f800000 - 0x00007ffd3f809000 	C:\Windows\SYSTEM32\WSOCK32.dll
0x00007ffd63170000 - 0x00007ffd6317a000 	C:\Windows\SYSTEM32\VERSION.dll
0x00007ffd76630000 - 0x00007ffd766a1000 	C:\Windows\System32\WS2_32.dll
0x00007ffd6b3a0000 - 0x00007ffd6b3d4000 	C:\Windows\SYSTEM32\WINMM.dll
0x00007ffd735a0000 - 0x00007ffd735b3000 	C:\Windows\SYSTEM32\UMPDC.dll
0x00007ffd73870000 - 0x00007ffd73888000 	C:\Windows\SYSTEM32\kernel.appcore.dll
0x00007ffd6b830000 - 0x00007ffd6b83a000 	C:\Program Files\Android\Android Studio\jbr\bin\jimage.dll
0x00007ffd72080000 - 0x00007ffd722b2000 	C:\Windows\SYSTEM32\DBGHELP.DLL
0x00007ffd75150000 - 0x00007ffd754de000 	C:\Windows\System32\combase.dll
0x00007ffd756c0000 - 0x00007ffd75797000 	C:\Windows\System32\OLEAUT32.dll
0x00007ffd43bf0000 - 0x00007ffd43c22000 	C:\Windows\SYSTEM32\dbgcore.DLL
0x00007ffd74ba0000 - 0x00007ffd74c1b000 	C:\Windows\System32\bcryptPrimitives.dll
0x00007ffd523b0000 - 0x00007ffd523be000 	C:\Program Files\Android\Android Studio\jbr\bin\instrument.dll
0x00007ffd6b700000 - 0x00007ffd6b725000 	C:\Program Files\Android\Android Studio\jbr\bin\java.dll
0x00007ffd697a0000 - 0x00007ffd697b8000 	C:\Program Files\Android\Android Studio\jbr\bin\zip.dll
0x00007ffd76a00000 - 0x00007ffd77267000 	C:\Windows\System32\SHELL32.dll
0x00007ffd72670000 - 0x00007ffd72f6f000 	C:\Windows\SYSTEM32\windows.storage.dll
0x00007ffd72530000 - 0x00007ffd7266f000 	C:\Windows\SYSTEM32\wintypes.dll
0x00007ffd75920000 - 0x00007ffd75a19000 	C:\Windows\System32\SHCORE.dll
0x00007ffd76450000 - 0x00007ffd764ae000 	C:\Windows\System32\shlwapi.dll
0x00007ffd74660000 - 0x00007ffd74687000 	C:\Windows\SYSTEM32\profapi.dll
0x00007ffd62c80000 - 0x00007ffd62c99000 	C:\Program Files\Android\Android Studio\jbr\bin\net.dll
0x00007ffd6e710000 - 0x00007ffd6e846000 	C:\Windows\SYSTEM32\WINHTTP.dll
0x00007ffd73ce0000 - 0x00007ffd73d49000 	C:\Windows\system32\mswsock.dll
0x00007ffd61120000 - 0x00007ffd61136000 	C:\Program Files\Android\Android Studio\jbr\bin\nio.dll
0x00007ffd5d700000 - 0x00007ffd5d710000 	C:\Program Files\Android\Android Studio\jbr\bin\verify.dll
0x00007ffd38740000 - 0x00007ffd38767000 	C:\Users\ACER\.gradle\native\c067742578af261105cb4f569cf0c3c89f3d7b1fecec35dd04571415982c5e48\windows-amd64\native-platform.dll
0x00007ffd16990000 - 0x00007ffd16ad4000 	C:\Users\ACER\.gradle\native\38dada09dfb8b06ba9b0570ebf7e218e3eb74d4ef43ca46872605cf95ebc2f47\windows-amd64\native-platform-file-events.dll
0x00007ffd69790000 - 0x00007ffd69799000 	C:\Program Files\Android\Android Studio\jbr\bin\management.dll
0x00007ffd68d60000 - 0x00007ffd68d6b000 	C:\Program Files\Android\Android Studio\jbr\bin\management_ext.dll
0x00007ffd76860000 - 0x00007ffd76868000 	C:\Windows\System32\PSAPI.DLL
0x00007ffd73f40000 - 0x00007ffd73f5b000 	C:\Windows\SYSTEM32\CRYPTSP.dll
0x00007ffd737d0000 - 0x00007ffd73805000 	C:\Windows\system32\rsaenh.dll
0x00007ffd73dd0000 - 0x00007ffd73df8000 	C:\Windows\SYSTEM32\USERENV.dll
0x00007ffd73f30000 - 0x00007ffd73f3c000 	C:\Windows\SYSTEM32\CRYPTBASE.dll
0x00007ffd732e0000 - 0x00007ffd7330d000 	C:\Windows\SYSTEM32\IPHLPAPI.DLL
0x00007ffd76870000 - 0x00007ffd76879000 	C:\Windows\System32\NSI.dll
0x00007ffd6e6e0000 - 0x00007ffd6e6f9000 	C:\Windows\SYSTEM32\dhcpcsvc6.DLL
0x00007ffd6e6b0000 - 0x00007ffd6e6cf000 	C:\Windows\SYSTEM32\dhcpcsvc.DLL
0x00007ffd73310000 - 0x00007ffd73408000 	C:\Windows\SYSTEM32\DNSAPI.dll
0x00007ffd6b6f0000 - 0x00007ffd6b6f9000 	C:\Program Files\Android\Android Studio\jbr\bin\extnet.dll
0x00007ffd5d6e0000 - 0x00007ffd5d6e8000 	C:\Windows\system32\wshunix.dll

dbghelp: loaded successfully - version: 4.0.5 - missing functions: none
symbol engine: initialized successfully - sym options: 0x614 - pdb path: .;C:\Program Files\Android\Android Studio\jbr\bin;C:\Windows\SYSTEM32;C:\Windows\WinSxS\amd64_microsoft.windows.common-controls_6595b64144ccf1df_6.0.22621.3672_none_2713b9d173822955;C:\Program Files\Android\Android Studio\jbr\bin\server;C:\Users\ACER\.gradle\native\c067742578af261105cb4f569cf0c3c89f3d7b1fecec35dd04571415982c5e48\windows-amd64;C:\Users\ACER\.gradle\native\38dada09dfb8b06ba9b0570ebf7e218e3eb74d4ef43ca46872605cf95ebc2f47\windows-amd64

VM Arguments:
jvm_args: --add-opens=java.base/java.util=ALL-UNNAMED --add-opens=java.base/java.lang=ALL-UNNAMED --add-opens=java.base/java.lang.invoke=ALL-UNNAMED --add-opens=java.prefs/java.util.prefs=ALL-UNNAMED --add-opens=java.base/java.nio.charset=ALL-UNNAMED --add-opens=java.base/java.net=ALL-UNNAMED --add-opens=java.base/java.util.concurrent.atomic=ALL-UNNAMED -Xmx2048m -Dfile.encoding=UTF-8 -Duser.country=ID -Duser.language=en -Duser.variant -javaagent:C:\Users\ACER\.gradle\wrapper\dists\gradle-8.7-bin\bhs2wmbdwecv87pi65oeuq5iu\gradle-8.7\lib\agents\gradle-instrumentation-agent-8.7.jar 
java_command: org.gradle.launcher.daemon.bootstrap.GradleDaemon 8.7
java_class_path (initial): C:\Users\ACER\.gradle\wrapper\dists\gradle-8.7-bin\bhs2wmbdwecv87pi65oeuq5iu\gradle-8.7\lib\gradle-launcher-8.7.jar
Launcher Type: SUN_STANDARD

[Global flags]
     intx CICompilerCount                          = 3                                         {product} {ergonomic}
     uint ConcGCThreads                            = 1                                         {product} {ergonomic}
     uint G1ConcRefinementThreads                  = 4                                         {product} {ergonomic}
   size_t G1HeapRegionSize                         = 1048576                                   {product} {ergonomic}
    uintx GCDrainStackTargetSize                   = 64                                        {product} {ergonomic}
   size_t InitialHeapSize                          = 132120576                                 {product} {ergonomic}
   size_t MarkStackSize                            = 4194304                                   {product} {ergonomic}
   size_t MaxHeapSize                              = 2147483648                                {product} {command line}
   size_t MaxNewSize                               = 1287651328                                {product} {ergonomic}
   size_t MinHeapDeltaBytes                        = 1048576                                   {product} {ergonomic}
   size_t MinHeapSize                              = 8388608                                   {product} {ergonomic}
    uintx NonNMethodCodeHeapSize                   = 5832780                                {pd product} {ergonomic}
    uintx NonProfiledCodeHeapSize                  = 122912730                              {pd product} {ergonomic}
    uintx ProfiledCodeHeapSize                     = 122912730                              {pd product} {ergonomic}
    uintx ReservedCodeCacheSize                    = 251658240                              {pd product} {ergonomic}
     bool SegmentedCodeCache                       = true                                      {product} {ergonomic}
   size_t SoftMaxHeapSize                          = 2147483648                             {manageable} {ergonomic}
     bool UseCompressedClassPointers               = true                           {product lp64_product} {ergonomic}
     bool UseCompressedOops                        = true                           {product lp64_product} {ergonomic}
     bool UseG1GC                                  = true                                      {product} {ergonomic}
     bool UseLargePagesIndividualAllocation        = false                                  {pd product} {ergonomic}

Logging:
Log output configuration:
 #0: stdout all=warning uptime,level,tags
 #1: stderr all=off uptime,level,tags

Environment Variables:
PATH=C:\Program Files\Python312\Scripts\;C:\Program Files\Python312\;C:\ProgramData\Oracle\Java\javapath;C:\Program Files\Common Files\Oracle\Java\javapath;C:\Program Files (x86)\Common Files\Oracle\Java\javapath;C:\Windows\system32;C:\Windows;C:\Windows\System32\Wbem;C:\Windows\System32\WindowsPowerShell\v1.0\;C:\Windows\System32\OpenSSH\;C:\Program Files (x86)\NVIDIA Corporation\PhysX\Common;C:\Program Files\dotnet\;C:\Program Files\NVIDIA Corporation\NVIDIA NvDLISR;C:\Program Files\Git\cmd;C:\Program Files\nodejs\;D:\xampp\php;C:\composer;C:\Program Files\php-8.3.11-nts-Win32-vs16-x64;;C:\Program Files\Git LFS;C:\Program Files\MySQL\MySQL Shell 8.0\bin\;C:\Users\ACER\AppData\Local\Microsoft\WindowsApps;;C:\Users\ACER\AppData\Local\Programs\Microsoft VS Code\bin;C:\Users\ACER\AppData\Local\spicetify;C:\Users\ACER\AppData\Roaming\npm;C:\Users\ACER\AppData\Roaming\Composer\vendor\bin
USERNAME=ACER
OS=Windows_NT
PROCESSOR_IDENTIFIER=Intel64 Family 6 Model 140 Stepping 1, GenuineIntel
TMP=C:\Users\ACER\AppData\Local\Temp
TEMP=C:\Users\ACER\AppData\Local\Temp



Periodic native trim disabled

JNI global refs:
JNI global refs: 25, weak refs: 0

JNI global refs memory usage: 843, weak refs: 841

Process memory usage:
Resident Set Size: 330364K (4% of 8162616K total physical memory with 455944K free physical memory)

OOME stack traces (most recent first):
Classloader memory used:
Loader org.gradle.internal.classloader.VisitableURLClassLoader                         : 4436K
Loader bootstrap                                                                       : 2511K
Loader org.gradle.initialization.MixInLegacyTypesClassLoader                           : 1132K
Loader org.gradle.internal.classloader.VisitableURLClassLoader                         : 122K
Loader org.gradle.internal.classloader.VisitableURLClassLoader$InstrumentingVisitableURLClassLoader: 90403B
Loader jdk.internal.loader.ClassLoaders$PlatformClassLoader                            : 65030B
Loader jdk.internal.reflect.DelegatingClassLoader                                      : 35157B
Loader jdk.internal.loader.ClassLoaders$AppClassLoader                                 : 28748B
Loader org.gradle.groovy.scripts.internal.DefaultScriptCompilationHandler$ScriptClassLoader: 10734B
Loader org.codehaus.groovy.runtime.callsite.CallSiteClassLoader                        : 6077B

Classes loaded by more than one classloader:
Class org.gradle.internal.Cast                                                        : loaded 3 times (x 69B)
Class Program                                                                         : loaded 3 times (x 70B)
Class org.gradle.api.GradleException                                                  : loaded 3 times (x 80B)
Class org.gradle.internal.classpath.ClassPath                                         : loaded 2 times (x 68B)
Class org.gradle.api.internal.classpath.DefaultModuleRegistry                         : loaded 2 times (x 84B)
Class org.gradle.internal.exceptions.NonGradleCauseExceptionsHolder                   : loaded 2 times (x 68B)
Class Settings_gradle$1$1                                                             : loaded 2 times (x 72B)
Class org.gradle.api.Action                                                           : loaded 2 times (x 68B)
Class org.jetbrains.kotlin.idea.gradleTooling.model.samWithReceiver.SamWithReceiverModel: loaded 2 times (x 68B)
Class org.jetbrains.plugins.gradle.model.ExternalProject                              : loaded 2 times (x 68B)
Class org.jetbrains.plugins.gradle.model.IntelliJSettings                             : loaded 2 times (x 68B)
Class org.jetbrains.kotlin.idea.gradleTooling.KotlinMPPGradleModel                    : loaded 2 times (x 68B)
Class org.gradle.api.internal.DefaultClassPathProvider                                : loaded 2 times (x 74B)
Class org.gradle.internal.installation.GradleInstallation$1                           : loaded 2 times (x 73B)
Class org.gradle.internal.exceptions.DefaultMultiCauseException                       : loaded 2 times (x 93B)
Class org.gradle.tooling.model.UnsupportedMethodException                             : loaded 2 times (x 80B)
Class org.gradle.internal.time.MonotonicClock                                         : loaded 2 times (x 75B)
Class org.gradle.internal.classloader.FilteringClassLoader                            : loaded 2 times (x 103B)
Class org.gradle.tooling.model.Model                                                  : loaded 2 times (x 68B)
Class org.gradle.internal.classpath.DefaultClassPath$ImmutableUniqueList$Builder      : loaded 2 times (x 73B)
Class sync_studio_tooling1_7e89nt762exbfuqft09h3ztsj                                  : loaded 2 times (x 177B)
Class org.jetbrains.kotlin.idea.gradleTooling.KotlinSourceSetContainer                : loaded 2 times (x 68B)
Class org.gradle.internal.classloader.ClassLoaderVisitor                              : loaded 2 times (x 74B)
Class org.gradle.internal.time.DefaultCountdownTimer                                  : loaded 2 times (x 86B)
Class org.gradle.internal.service.DefaultServiceLocator                               : loaded 2 times (x 81B)
Class org.jetbrains.plugins.gradle.model.jar.JarTaskManifestConfiguration             : loaded 2 times (x 68B)
Class org.gradle.internal.service.UnknownServiceException                             : loaded 2 times (x 81B)
Class org.jetbrains.plugins.gradle.model.DependencyAccessorsModel                     : loaded 2 times (x 68B)
Class org.gradle.internal.classloader.DefaultClassLoaderFactory                       : loaded 2 times (x 80B)
Class org.jetbrains.plugins.gradle.model.GradleExtensions                             : loaded 2 times (x 68B)
Class org.jetbrains.plugins.gradle.model.VersionCatalogsModel                         : loaded 2 times (x 68B)
Class org.gradle.internal.classloader.VisitableURLClassLoader$Spec                    : loaded 2 times (x 72B)
Class org.gradle.tooling.model.ProjectModel                                           : loaded 2 times (x 68B)
Class org.jetbrains.plugins.gradle.model.MavenRepositoryModel                         : loaded 2 times (x 68B)
Class org.gradle.util.GradleVersion                                                   : loaded 2 times (x 81B)
Class org.gradle.api.internal.classpath.ModuleRegistry                                : loaded 2 times (x 68B)
Class org.jetbrains.plugins.gradle.model.RepositoriesModel                            : loaded 2 times (x 68B)
Class kotlin.jvm.internal.markers.KMappedMarker                                       : loaded 2 times (x 68B)
Class org.gradle.api.internal.ClassPathProvider                                       : loaded 2 times (x 68B)
Class org.gradle.internal.classloader.ClasspathUtil$1                                 : loaded 2 times (x 74B)
Class org.gradle.internal.classloader.ClassLoaderFactory                              : loaded 2 times (x 68B)
Class org.gradle.api.internal.classpath.ManifestUtil                                  : loaded 2 times (x 69B)
Class org.gradle.api.specs.Spec                                                       : loaded 2 times (x 68B)
Class org.gradle.tooling.internal.gradle.GradleBuildIdentity                          : loaded 2 times (x 68B)
Class org.gradle.internal.IoActions                                                   : loaded 2 times (x 69B)
Class org.gradle.api.internal.classpath.EffectiveClassPath                            : loaded 2 times (x 88B)
Class kotlin.jvm.internal.DefaultConstructorMarker                                    : loaded 2 times (x 69B)
Class org.gradle.internal.exceptions.ResolutionProvider                               : loaded 2 times (x 68B)
Class org.jetbrains.kotlin.idea.gradleTooling.model.annotation.AnnotationBasedPluginModel: loaded 2 times (x 68B)
Class org.jetbrains.kotlin.idea.gradleTooling.model.assignment.AssignmentModel        : loaded 2 times (x 68B)
Class org.gradle.internal.installation.CurrentGradleInstallation                      : loaded 2 times (x 71B)
Class org.gradle.internal.agents.InstrumentingClassLoader                             : loaded 2 times (x 68B)
Class org.gradle.internal.installation.CurrentGradleInstallationLocator               : loaded 2 times (x 69B)
Class org.gradle.api.internal.classpath.Module                                        : loaded 2 times (x 68B)
Class org.gradle.internal.service.CachingServiceLocator                               : loaded 2 times (x 80B)
Class org.gradle.internal.time.Timer                                                  : loaded 2 times (x 68B)
Class org.jetbrains.plugins.gradle.model.tests.ExternalTestsModel                     : loaded 2 times (x 68B)
Class org.jetbrains.kotlin.idea.gradleTooling.KotlinDslScriptAdditionalTask           : loaded 2 times (x 68B)
Class org.gradle.internal.classpath.DefaultClassPath                                  : loaded 2 times (x 88B)
Class com.intellij.openapi.externalSystem.model.project.dependencies.ProjectDependencies: loaded 2 times (x 68B)
Class org.jetbrains.kotlin.idea.gradleTooling.PrepareKotlinIdeImportTaskModel         : loaded 2 times (x 68B)
Class org.gradle.internal.impldep.com.google.common.base.Preconditions                : loaded 2 times (x 69B)
Class kotlin.jvm.functions.Function1                                                  : loaded 2 times (x 68B)
Class org.gradle.internal.time.Time                                                   : loaded 2 times (x 69B)
Class org.gradle.internal.time.TimeSource$1                                           : loaded 2 times (x 75B)
Class org.gradle.internal.classloader.SystemClassLoaderSpec                           : loaded 2 times (x 69B)
Class kotlin.Function                                                                 : loaded 2 times (x 68B)
Class org.gradle.api.UncheckedIOException                                             : loaded 2 times (x 80B)
Class org.gradle.tooling.internal.gradle.DefaultProjectIdentifier                     : loaded 2 times (x 84B)
Class ijInit1_a7zc6o0pmplhgsoljtqddwhxf                                               : loaded 2 times (x 177B)
Class org.gradle.tooling.internal.gradle.GradleProjectIdentity                        : loaded 2 times (x 68B)
Class org.gradle.internal.time.CountdownTimer                                         : loaded 2 times (x 68B)
Class org.gradle.internal.time.Clock                                                  : loaded 2 times (x 68B)
Class org.gradle.internal.classloader.ClasspathUtil                                   : loaded 2 times (x 69B)
Class org.gradle.tooling.model.BuildIdentifier                                        : loaded 2 times (x 68B)
Class org.gradle.api.internal.DefaultClassPathRegistry                                : loaded 2 times (x 74B)
Class org.gradle.api.internal.classpath.DefaultModuleRegistry$DefaultModule           : loaded 2 times (x 84B)
Class org.gradle.internal.time.TimeSource                                             : loaded 2 times (x 68B)
Class org.jetbrains.kotlin.android.synthetic.idea.AndroidExtensionsGradleModel        : loaded 2 times (x 68B)
Class org.gradle.api.internal.classpath.UnknownModuleException                        : loaded 2 times (x 80B)
Class org.jetbrains.plugins.gradle.model.IntelliJProjectSettings                      : loaded 2 times (x 68B)
Class org.gradle.internal.service.ServiceLookupException                              : loaded 2 times (x 80B)
Class org.gradle.cache.GlobalCache                                                    : loaded 2 times (x 68B)
Class org.jetbrains.kotlin.idea.gradleTooling.model.lombok.LombokModel                : loaded 2 times (x 68B)
Class org.gradle.tooling.model.ProjectIdentifier                                      : loaded 2 times (x 68B)
Class [Lorg.gradle.api.internal.ClassPathProvider;                                    : loaded 2 times (x 67B)
Class org.gradle.internal.operations.MultipleBuildOperationFailures                   : loaded 2 times (x 93B)
Class org.gradle.util.internal.GUtil                                                  : loaded 2 times (x 69B)
Class org.jetbrains.plugins.gradle.model.AnnotationProcessingModel                    : loaded 2 times (x 68B)
Class org.gradle.internal.classloader.ClassLoaderSpec                                 : loaded 2 times (x 69B)
Class org.gradle.internal.classloader.VisitableURLClassLoader                         : loaded 2 times (x 115B)
Class org.gradle.internal.installation.GradleInstallation                             : loaded 2 times (x 73B)
Class org.gradle.api.internal.ClassPathRegistry                                       : loaded 2 times (x 68B)
Class org.gradle.internal.classloader.VisitableURLClassLoader$InstrumentingVisitableURLClassLoader: loaded 2 times (x 121B)
Class org.gradle.internal.classloader.ClassLoaderHierarchy                            : loaded 2 times (x 68B)
Class org.gradle.internal.exceptions.MultiCauseException                              : loaded 2 times (x 68B)
Class org.jetbrains.kotlin.idea.gradleTooling.model.parcelize.ParcelizeGradleModel    : loaded 2 times (x 68B)
Class org.gradle.internal.InternalTransformer                                         : loaded 2 times (x 68B)
Class org.jetbrains.kotlin.idea.gradleTooling.model.noarg.NoArgModel                  : loaded 2 times (x 68B)
Class org.jetbrains.kotlin.idea.gradleTooling.KotlinGradleModel                       : loaded 2 times (x 68B)
Class org.gradle.tooling.internal.gradle.DefaultBuildIdentifier                       : loaded 2 times (x 77B)
Class org.gradle.internal.service.ServiceLocator                                      : loaded 2 times (x 68B)
Class Settings_gradle$1                                                               : loaded 2 times (x 72B)
Class sync_studio_tooling1_7e89nt762exbfuqft09h3ztsj$_run_closure1                    : loaded 2 times (x 137B)
Class org.jetbrains.kotlin.idea.gradleTooling.model.allopen.AllOpenModel              : loaded 2 times (x 68B)
Class org.gradle.internal.classpath.DefaultClassPath$ImmutableUniqueList              : loaded 2 times (x 159B)
Class org.gradle.internal.time.DefaultTimer                                           : loaded 2 times (x 78B)
Class org.gradle.internal.classpath.TransformedClassPath                              : loaded 2 times (x 94B)
Class Settings_gradle                                                                 : loaded 2 times (x 126B)


---------------  S Y S T E M  ---------------

OS:
 Windows 11 , 64 bit Build 22621 (10.0.22621.3958)
OS uptime: 0 days 1:31 hours
Hyper-V role detected

CPU: total 4 (initial active 4) (2 cores per cpu, 2 threads per core) family 6 model 140 stepping 1 microcode 0x8a, cx8, cmov, fxsr, ht, mmx, 3dnowpref, sse, sse2, sse3, ssse3, sse4.1, sse4.2, popcnt, lzcnt, tsc, tscinvbit, avx, avx2, aes, erms, clmul, bmi1, bmi2, adx, avx512f, avx512dq, avx512cd, avx512bw, avx512vl, sha, fma, vzeroupper, avx512_vpopcntdq, avx512_vpclmulqdq, avx512_vaes, avx512_vnni, clflush, clflushopt, clwb, avx512_vbmi2, avx512_vbmi, hv
Processor Information for all 4 processors :
  Max Mhz: 2995, Current Mhz: 2995, Mhz Limit: 2995

Memory: 4k page, system-wide physical 7971M (435M free)
TotalPageFile size 15971M (AvailPageFile size 10M)
current process WorkingSet (physical memory assigned to process): 322M, peak: 322M
current process commit charge ("private bytes"): 349M, peak: 485M

vm_info: OpenJDK 64-Bit Server VM (17.0.11+0--11852314) for windows-amd64 JRE (17.0.11+0--11852314), built on May 16 2024 21:29:20 by "androidbuild" with MS VC++ 16.10 / 16.11 (VS2019)

END.
