#
# There is insufficient memory for the Java Runtime Environment to continue.
# Native memory allocation (malloc) failed to allocate 1425968 bytes. Error detail: Chunk::new
# Possible reasons:
#   The system is out of physical RAM or swap space
#   This process is running with CompressedOops enabled, and the Java Heap may be blocking the growth of the native heap
# Possible solutions:
#   Reduce memory load on the system
#   Increase physical memory or swap space
#   Check if swap backing store is full
#   Decrease Java heap size (-Xmx/-Xms)
#   Decrease number of Java threads
#   Decrease Java thread stack sizes (-Xss)
#   Set larger code cache with -XX:ReservedCodeCacheSize=
#   JVM is running with Unscaled Compressed Oops mode in which the Java heap is
#     placed in the first 4GB address space. The Java Heap base address is the
#     maximum limit for the native heap growth. Please use -XX:HeapBaseMinAddress
#     to set the Java Heap base and to place the Java Heap above 4GB virtual address.
# This output file may be truncated or incomplete.
#
#  Out of Memory Error (arena.cpp:191), pid=11448, tid=15204
#
# JRE version: OpenJDK Runtime Environment (17.0.11) (build 17.0.11+0--11852314)
# Java VM: OpenJDK 64-Bit Server VM (17.0.11+0--11852314, mixed mode, tiered, compressed oops, compressed class ptrs, g1 gc, windows-amd64)
# No core dump will be written. Minidumps are not enabled by default on client versions of Windows
#

---------------  S U M M A R Y ------------

Command Line: org.jetbrains.kotlin.cli.jvm.K2JVMCompiler @D:\android\Android Project\fundflow_mobile\app\build\20241102_12910194363744355616.compiler.options

Host: Intel(R) Core(TM) i7-7600U CPU @ 2.80GHz, 4 cores, 7G,  Windows 10 , 64 bit Build 19041 (10.0.19041.4957)
Time: Sat Nov  2 16:48:04 2024 SE Asia Standard Time elapsed time: 14.167038 seconds (0d 0h 0m 14s)

---------------  T H R E A D  ---------------

Current thread (0x000002bbdf0404b0):  JavaThread "C2 CompilerThread1" daemon [_thread_in_native, id=15204, stack(0x000000c054600000,0x000000c054700000)]


Current CompileTask:
C2:  14167 11677       4       org.jetbrains.kotlin.types.checker.ClassicTypeSystemContext$DefaultImpls::typeDepth (273 bytes)

Stack: [0x000000c054600000,0x000000c054700000]
Native frames: (J=compiled Java code, j=interpreted, Vv=VM code, C=native code)
V  [jvm.dll+0x687bb9]
V  [jvm.dll+0x84142a]
V  [jvm.dll+0x8430ae]
V  [jvm.dll+0x843713]
V  [jvm.dll+0x24a35f]
V  [jvm.dll+0xac544]
V  [jvm.dll+0xacb8c]
V  [jvm.dll+0x369c37]
V  [jvm.dll+0x33416a]
V  [jvm.dll+0x33360a]
V  [jvm.dll+0x21bed1]
V  [jvm.dll+0x21b311]
V  [jvm.dll+0x1a63ed]
V  [jvm.dll+0x22b1ee]
V  [jvm.dll+0x229375]
V  [jvm.dll+0x7f5647]
V  [jvm.dll+0x7efa4a]
V  [jvm.dll+0x686a35]
C  [ucrtbase.dll+0x21bb2]
C  [KERNEL32.DLL+0x17374]
C  [ntdll.dll+0x4cc91]


---------------  P R O C E S S  ---------------

Threads class SMR info:
_java_thread_list=0x000002bbdf09b050, length=13, elements={
0x000002bbc01fe690, 0x000002bbd9727250, 0x000002bbd96f0880, 0x000002bbd97149b0,
0x000002bbd9715570, 0x000002bbd987f400, 0x000002bbd987fcd0, 0x000002bbd9882440,
0x000002bbd98c6e30, 0x000002bbd9883230, 0x000002bbd9a2da10, 0x000002bbd9a3d290,
0x000002bbdf0404b0
}

Java Threads: ( => current thread )
  0x000002bbc01fe690 JavaThread "main" [_thread_in_Java, id=13492, stack(0x000000c053300000,0x000000c053400000)]
  0x000002bbd9727250 JavaThread "Reference Handler" daemon [_thread_blocked, id=13792, stack(0x000000c053a00000,0x000000c053b00000)]
  0x000002bbd96f0880 JavaThread "Finalizer" daemon [_thread_blocked, id=9900, stack(0x000000c053b00000,0x000000c053c00000)]
  0x000002bbd97149b0 JavaThread "Signal Dispatcher" daemon [_thread_blocked, id=16784, stack(0x000000c053c00000,0x000000c053d00000)]
  0x000002bbd9715570 JavaThread "Attach Listener" daemon [_thread_blocked, id=2564, stack(0x000000c053d00000,0x000000c053e00000)]
  0x000002bbd987f400 JavaThread "Service Thread" daemon [_thread_blocked, id=15432, stack(0x000000c053e00000,0x000000c053f00000)]
  0x000002bbd987fcd0 JavaThread "Monitor Deflation Thread" daemon [_thread_blocked, id=14704, stack(0x000000c053f00000,0x000000c054000000)]
  0x000002bbd9882440 JavaThread "C2 CompilerThread0" daemon [_thread_in_native, id=3308, stack(0x000000c054000000,0x000000c054100000)]
  0x000002bbd98c6e30 JavaThread "C1 CompilerThread0" daemon [_thread_blocked, id=7368, stack(0x000000c054100000,0x000000c054200000)]
  0x000002bbd9883230 JavaThread "Sweeper thread" daemon [_thread_in_vm, id=1976, stack(0x000000c054200000,0x000000c054300000)]
  0x000002bbd9a2da10 JavaThread "Notification Thread" daemon [_thread_blocked, id=13168, stack(0x000000c054300000,0x000000c054400000)]
  0x000002bbd9a3d290 JavaThread "Common-Cleaner" daemon [_thread_blocked, id=9684, stack(0x000000c054500000,0x000000c054600000)]
=>0x000002bbdf0404b0 JavaThread "C2 CompilerThread1" daemon [_thread_in_native, id=15204, stack(0x000000c054600000,0x000000c054700000)]

Other Threads:
  0x000002bbd96eec50 VMThread "VM Thread" [stack: 0x000000c053900000,0x000000c053a00000] [id=7864]
  0x000002bbd9a2eb20 WatcherThread [stack: 0x000000c054400000,0x000000c054500000] [id=17176]
  0x000002bbc0258740 GCTaskThread "GC Thread#0" [stack: 0x000000c053400000,0x000000c053500000] [id=17144]
  0x000002bbd9712840 GCTaskThread "GC Thread#1" [stack: 0x000000c054700000,0x000000c054800000] [id=15740]
  0x000002bbd9712000 GCTaskThread "GC Thread#2" [stack: 0x000000c054800000,0x000000c054900000] [id=6848]
  0x000002bbd9711240 GCTaskThread "GC Thread#3" [stack: 0x000000c054900000,0x000000c054a00000] [id=14268]
  0x000002bbc0269310 ConcurrentGCThread "G1 Main Marker" [stack: 0x000000c053500000,0x000000c053600000] [id=9676]
  0x000002bbc026a4d0 ConcurrentGCThread "G1 Conc#0" [stack: 0x000000c053600000,0x000000c053700000] [id=15436]
  0x000002bbd95540c0 ConcurrentGCThread "G1 Refine#0" [stack: 0x000000c053700000,0x000000c053800000] [id=3372]
  0x000002bbded4ab70 ConcurrentGCThread "G1 Refine#1" [stack: 0x000000c054a00000,0x000000c054b00000] [id=11544]
  0x000002bbd9556a10 ConcurrentGCThread "G1 Service" [stack: 0x000000c053800000,0x000000c053900000] [id=15096]

Threads with active compile tasks:
C2 CompilerThread0    14195 11527       4       org.jetbrains.kotlin.types.checker.NewCapturedTypeKt::captureArguments (659 bytes)
C2 CompilerThread1    14195 11677       4       org.jetbrains.kotlin.types.checker.ClassicTypeSystemContext$DefaultImpls::typeDepth (273 bytes)

VM state: not at safepoint (normal execution)

VM Mutex/Monitor currently owned by a thread:  ([mutex/lock_event])
[0x000002bbc01fa490] CompiledIC_lock - owner thread: 0x000002bbd9883230

Heap address: 0x0000000081c00000, size: 2020 MB, Compressed Oops mode: 32-bit

CDS archive(s) not mapped
Compressed class space mapped at: 0x0000000100000000-0x0000000140000000, reserved size: 1073741824
Narrow klass base: 0x0000000000000000, Narrow klass shift: 3, Narrow klass range: 0x140000000

GC Precious Log:
 CPUs: 4 total, 4 available
 Memory: 8073M
 Large Page Support: Disabled
 NUMA Support: Disabled
 Compressed Oops: Enabled (32-bit)
 Heap Region Size: 1M
 Heap Min Capacity: 8M
 Heap Initial Capacity: 128M
 Heap Max Capacity: 2020M
 Pre-touch: Disabled
 Parallel Workers: 4
 Concurrent Workers: 1
 Concurrent Refinement Workers: 4
 Periodic GC: Disabled

Heap:
 garbage-first heap   total 154624K, used 108340K [0x0000000081c00000, 0x0000000100000000)
  region size 1024K, 29 young (29696K), 2 survivors (2048K)
 Metaspace       used 68052K, committed 68352K, reserved 1114112K
  class space    used 7780K, committed 7936K, reserved 1048576K

Heap Regions: E=young(eden), S=young(survivor), O=old, HS=humongous(starts), HC=humongous(continues), CS=collection set, F=free, OA=open archive, CA=closed archive, TAMS=top-at-mark-start (previous, next)
|   0|0x0000000081c00000, 0x0000000081d00000, 0x0000000081d00000|100%|HS|  |TAMS 0x0000000081d00000, 0x0000000081c00000| Complete 
|   1|0x0000000081d00000, 0x0000000081e00000, 0x0000000081e00000|100%|HC|  |TAMS 0x0000000081e00000, 0x0000000081d00000| Complete 
|   2|0x0000000081e00000, 0x0000000081f00000, 0x0000000081f00000|100%|HC|  |TAMS 0x0000000081f00000, 0x0000000081e00000| Complete 
|   3|0x0000000081f00000, 0x0000000082000000, 0x0000000082000000|100%|HC|  |TAMS 0x0000000082000000, 0x0000000081f00000| Complete 
|   4|0x0000000082000000, 0x0000000082100000, 0x0000000082100000|100%| O|  |TAMS 0x0000000082100000, 0x0000000082000000| Untracked 
|   5|0x0000000082100000, 0x00000000821f2a00, 0x0000000082200000| 94%| O|  |TAMS 0x00000000821f2a00, 0x0000000082100000| Untracked 
|   6|0x0000000082200000, 0x0000000082300000, 0x0000000082300000|100%| O|  |TAMS 0x0000000082300000, 0x0000000082200000| Untracked 
|   7|0x0000000082300000, 0x0000000082400000, 0x0000000082400000|100%| O|  |TAMS 0x0000000082400000, 0x0000000082300000| Untracked 
|   8|0x0000000082400000, 0x0000000082500000, 0x0000000082500000|100%| O|  |TAMS 0x0000000082500000, 0x0000000082400000| Untracked 
|   9|0x0000000082500000, 0x0000000082600000, 0x0000000082600000|100%| O|  |TAMS 0x0000000082600000, 0x0000000082500000| Untracked 
|  10|0x0000000082600000, 0x0000000082700000, 0x0000000082700000|100%| O|  |TAMS 0x0000000082700000, 0x0000000082600000| Untracked 
|  11|0x0000000082700000, 0x0000000082800000, 0x0000000082800000|100%| O|  |TAMS 0x0000000082800000, 0x0000000082700000| Untracked 
|  12|0x0000000082800000, 0x0000000082900000, 0x0000000082900000|100%| O|  |TAMS 0x0000000082900000, 0x0000000082800000| Untracked 
|  13|0x0000000082900000, 0x0000000082a00000, 0x0000000082a00000|100%| O|  |TAMS 0x0000000082a00000, 0x0000000082900000| Untracked 
|  14|0x0000000082a00000, 0x0000000082b00000, 0x0000000082b00000|100%| O|  |TAMS 0x0000000082b00000, 0x0000000082a00000| Untracked 
|  15|0x0000000082b00000, 0x0000000082c00000, 0x0000000082c00000|100%| O|  |TAMS 0x0000000082c00000, 0x0000000082b00000| Untracked 
|  16|0x0000000082c00000, 0x0000000082d00000, 0x0000000082d00000|100%| O|  |TAMS 0x0000000082d00000, 0x0000000082c00000| Untracked 
|  17|0x0000000082d00000, 0x0000000082e00000, 0x0000000082e00000|100%| O|  |TAMS 0x0000000082e00000, 0x0000000082d00000| Untracked 
|  18|0x0000000082e00000, 0x0000000082f00000, 0x0000000082f00000|100%| O|  |TAMS 0x0000000082f00000, 0x0000000082e00000| Untracked 
|  19|0x0000000082f00000, 0x0000000083000000, 0x0000000083000000|100%| O|  |TAMS 0x0000000083000000, 0x0000000082f00000| Untracked 
|  20|0x0000000083000000, 0x0000000083100000, 0x0000000083100000|100%| O|  |TAMS 0x0000000083100000, 0x0000000083000000| Untracked 
|  21|0x0000000083100000, 0x0000000083200000, 0x0000000083200000|100%| O|  |TAMS 0x0000000083200000, 0x0000000083100000| Untracked 
|  22|0x0000000083200000, 0x0000000083300000, 0x0000000083300000|100%|HS|  |TAMS 0x0000000083300000, 0x0000000083200000| Complete 
|  23|0x0000000083300000, 0x0000000083400000, 0x0000000083400000|100%|HC|  |TAMS 0x0000000083400000, 0x0000000083300000| Complete 
|  24|0x0000000083400000, 0x0000000083500000, 0x0000000083500000|100%| O|  |TAMS 0x0000000083500000, 0x0000000083400000| Untracked 
|  25|0x0000000083500000, 0x0000000083600000, 0x0000000083600000|100%| O|  |TAMS 0x0000000083600000, 0x0000000083500000| Untracked 
|  26|0x0000000083600000, 0x0000000083700000, 0x0000000083700000|100%| O|  |TAMS 0x0000000083700000, 0x0000000083600000| Untracked 
|  27|0x0000000083700000, 0x0000000083800000, 0x0000000083800000|100%| O|  |TAMS 0x0000000083800000, 0x0000000083700000| Untracked 
|  28|0x0000000083800000, 0x0000000083900000, 0x0000000083900000|100%| O|  |TAMS 0x0000000083900000, 0x0000000083800000| Untracked 
|  29|0x0000000083900000, 0x0000000083a00000, 0x0000000083a00000|100%| O|  |TAMS 0x0000000083a00000, 0x0000000083900000| Untracked 
|  30|0x0000000083a00000, 0x0000000083b00000, 0x0000000083b00000|100%| O|  |TAMS 0x0000000083b00000, 0x0000000083a00000| Untracked 
|  31|0x0000000083b00000, 0x0000000083c00000, 0x0000000083c00000|100%| O|  |TAMS 0x0000000083c00000, 0x0000000083b00000| Untracked 
|  32|0x0000000083c00000, 0x0000000083d00000, 0x0000000083d00000|100%| O|  |TAMS 0x0000000083d00000, 0x0000000083c00000| Untracked 
|  33|0x0000000083d00000, 0x0000000083e00000, 0x0000000083e00000|100%| O|  |TAMS 0x0000000083e00000, 0x0000000083d00000| Untracked 
|  34|0x0000000083e00000, 0x0000000083f00000, 0x0000000083f00000|100%| O|  |TAMS 0x0000000083f00000, 0x0000000083e00000| Untracked 
|  35|0x0000000083f00000, 0x0000000084000000, 0x0000000084000000|100%| O|  |TAMS 0x0000000084000000, 0x0000000083f00000| Untracked 
|  36|0x0000000084000000, 0x0000000084100000, 0x0000000084100000|100%| O|  |TAMS 0x0000000084100000, 0x0000000084000000| Untracked 
|  37|0x0000000084100000, 0x0000000084200000, 0x0000000084200000|100%| O|  |TAMS 0x0000000084200000, 0x0000000084100000| Untracked 
|  38|0x0000000084200000, 0x0000000084300000, 0x0000000084300000|100%| O|  |TAMS 0x0000000084300000, 0x0000000084200000| Untracked 
|  39|0x0000000084300000, 0x0000000084400000, 0x0000000084400000|100%| O|  |TAMS 0x0000000084400000, 0x0000000084300000| Untracked 
|  40|0x0000000084400000, 0x0000000084500000, 0x0000000084500000|100%| O|  |TAMS 0x0000000084500000, 0x0000000084400000| Untracked 
|  41|0x0000000084500000, 0x0000000084600000, 0x0000000084600000|100%| O|  |TAMS 0x0000000084600000, 0x0000000084500000| Untracked 
|  42|0x0000000084600000, 0x0000000084700000, 0x0000000084700000|100%| O|  |TAMS 0x0000000084700000, 0x0000000084600000| Untracked 
|  43|0x0000000084700000, 0x0000000084800000, 0x0000000084800000|100%| O|  |TAMS 0x0000000084800000, 0x0000000084700000| Untracked 
|  44|0x0000000084800000, 0x0000000084900000, 0x0000000084900000|100%| O|  |TAMS 0x0000000084900000, 0x0000000084800000| Untracked 
|  45|0x0000000084900000, 0x0000000084a00000, 0x0000000084a00000|100%| O|  |TAMS 0x0000000084a00000, 0x0000000084900000| Untracked 
|  46|0x0000000084a00000, 0x0000000084b00000, 0x0000000084b00000|100%| O|  |TAMS 0x0000000084b00000, 0x0000000084a00000| Untracked 
|  47|0x0000000084b00000, 0x0000000084c00000, 0x0000000084c00000|100%| O|  |TAMS 0x0000000084c00000, 0x0000000084b00000| Untracked 
|  48|0x0000000084c00000, 0x0000000084d00000, 0x0000000084d00000|100%| O|  |TAMS 0x0000000084d00000, 0x0000000084c00000| Untracked 
|  49|0x0000000084d00000, 0x0000000084e00000, 0x0000000084e00000|100%| O|  |TAMS 0x0000000084e00000, 0x0000000084d00000| Untracked 
|  50|0x0000000084e00000, 0x0000000084f00000, 0x0000000084f00000|100%| O|  |TAMS 0x0000000084f00000, 0x0000000084e00000| Untracked 
|  51|0x0000000084f00000, 0x0000000085000000, 0x0000000085000000|100%| O|  |TAMS 0x0000000085000000, 0x0000000084f00000| Untracked 
|  52|0x0000000085000000, 0x0000000085100000, 0x0000000085100000|100%| O|  |TAMS 0x0000000085100000, 0x0000000085000000| Untracked 
|  53|0x0000000085100000, 0x0000000085200000, 0x0000000085200000|100%| O|  |TAMS 0x0000000085200000, 0x0000000085100000| Untracked 
|  54|0x0000000085200000, 0x0000000085300000, 0x0000000085300000|100%| O|  |TAMS 0x0000000085300000, 0x0000000085200000| Untracked 
|  55|0x0000000085300000, 0x0000000085400000, 0x0000000085400000|100%| O|  |TAMS 0x0000000085400000, 0x0000000085300000| Untracked 
|  56|0x0000000085400000, 0x0000000085500000, 0x0000000085500000|100%| O|  |TAMS 0x0000000085500000, 0x0000000085400000| Untracked 
|  57|0x0000000085500000, 0x0000000085600000, 0x0000000085600000|100%| O|  |TAMS 0x0000000085600000, 0x0000000085500000| Untracked 
|  58|0x0000000085600000, 0x0000000085700000, 0x0000000085700000|100%| O|  |TAMS 0x0000000085700000, 0x0000000085600000| Untracked 
|  59|0x0000000085700000, 0x0000000085800000, 0x0000000085800000|100%| O|  |TAMS 0x0000000085800000, 0x0000000085700000| Complete 
|  60|0x0000000085800000, 0x0000000085900000, 0x0000000085900000|100%| O|  |TAMS 0x0000000085900000, 0x0000000085800000| Untracked 
|  61|0x0000000085900000, 0x0000000085a00000, 0x0000000085a00000|100%| O|  |TAMS 0x0000000085a00000, 0x0000000085900000| Untracked 
|  62|0x0000000085a00000, 0x0000000085b00000, 0x0000000085b00000|100%| O|  |TAMS 0x0000000085b00000, 0x0000000085a00000| Untracked 
|  63|0x0000000085b00000, 0x0000000085c00000, 0x0000000085c00000|100%| O|  |TAMS 0x0000000085c00000, 0x0000000085b00000| Untracked 
|  64|0x0000000085c00000, 0x0000000085d00000, 0x0000000085d00000|100%| O|  |TAMS 0x0000000085d00000, 0x0000000085c00000| Untracked 
|  65|0x0000000085d00000, 0x0000000085e00000, 0x0000000085e00000|100%| O|  |TAMS 0x0000000085e00000, 0x0000000085d00000| Untracked 
|  66|0x0000000085e00000, 0x0000000085f00000, 0x0000000085f00000|100%| O|  |TAMS 0x0000000085f00000, 0x0000000085e00000| Untracked 
|  67|0x0000000085f00000, 0x0000000086000000, 0x0000000086000000|100%| O|  |TAMS 0x0000000085f24a00, 0x0000000085f00000| Untracked 
|  68|0x0000000086000000, 0x0000000086100000, 0x0000000086100000|100%| O|  |TAMS 0x0000000086000000, 0x0000000086000000| Untracked 
|  69|0x0000000086100000, 0x0000000086200000, 0x0000000086200000|100%| O|  |TAMS 0x0000000086100000, 0x0000000086100000| Untracked 
|  70|0x0000000086200000, 0x0000000086300000, 0x0000000086300000|100%| O|  |TAMS 0x0000000086200000, 0x0000000086200000| Untracked 
|  71|0x0000000086300000, 0x0000000086400000, 0x0000000086400000|100%| O|  |TAMS 0x0000000086300000, 0x0000000086300000| Untracked 
|  72|0x0000000086400000, 0x0000000086500000, 0x0000000086500000|100%| O|  |TAMS 0x0000000086400000, 0x0000000086400000| Untracked 
|  73|0x0000000086500000, 0x0000000086600000, 0x0000000086600000|100%| O|  |TAMS 0x0000000086500000, 0x0000000086500000| Untracked 
|  74|0x0000000086600000, 0x0000000086669400, 0x0000000086700000| 41%| O|  |TAMS 0x0000000086600000, 0x0000000086600000| Untracked 
|  75|0x0000000086700000, 0x0000000086800000, 0x0000000086800000|100%|HS|  |TAMS 0x0000000086700000, 0x0000000086700000| Complete 
|  76|0x0000000086800000, 0x0000000086900000, 0x0000000086900000|100%|HC|  |TAMS 0x0000000086800000, 0x0000000086800000| Complete 
|  77|0x0000000086900000, 0x0000000086a00000, 0x0000000086a00000|100%|HS|  |TAMS 0x0000000086900000, 0x0000000086900000| Complete 
|  78|0x0000000086a00000, 0x0000000086a00000, 0x0000000086b00000|  0%| F|  |TAMS 0x0000000086a00000, 0x0000000086a00000| Untracked 
|  79|0x0000000086b00000, 0x0000000086b00000, 0x0000000086c00000|  0%| F|  |TAMS 0x0000000086b00000, 0x0000000086b00000| Untracked 
|  80|0x0000000086c00000, 0x0000000086c00000, 0x0000000086d00000|  0%| F|  |TAMS 0x0000000086c00000, 0x0000000086c00000| Untracked 
|  81|0x0000000086d00000, 0x0000000086d00000, 0x0000000086e00000|  0%| F|  |TAMS 0x0000000086d00000, 0x0000000086d00000| Untracked 
|  82|0x0000000086e00000, 0x0000000086e00000, 0x0000000086f00000|  0%| F|  |TAMS 0x0000000086e00000, 0x0000000086e00000| Untracked 
|  83|0x0000000086f00000, 0x0000000086f00000, 0x0000000087000000|  0%| F|  |TAMS 0x0000000086f00000, 0x0000000086f00000| Untracked 
|  84|0x0000000087000000, 0x0000000087000000, 0x0000000087100000|  0%| F|  |TAMS 0x0000000087000000, 0x0000000087000000| Untracked 
|  85|0x0000000087100000, 0x0000000087100000, 0x0000000087200000|  0%| F|  |TAMS 0x0000000087100000, 0x0000000087100000| Untracked 
|  86|0x0000000087200000, 0x0000000087200000, 0x0000000087300000|  0%| F|  |TAMS 0x0000000087200000, 0x0000000087200000| Untracked 
|  87|0x0000000087300000, 0x0000000087300000, 0x0000000087400000|  0%| F|  |TAMS 0x0000000087300000, 0x0000000087300000| Untracked 
|  88|0x0000000087400000, 0x0000000087400000, 0x0000000087500000|  0%| F|  |TAMS 0x0000000087400000, 0x0000000087400000| Untracked 
|  89|0x0000000087500000, 0x0000000087500000, 0x0000000087600000|  0%| F|  |TAMS 0x0000000087500000, 0x0000000087500000| Untracked 
|  90|0x0000000087600000, 0x0000000087600000, 0x0000000087700000|  0%| F|  |TAMS 0x0000000087600000, 0x0000000087600000| Untracked 
|  91|0x0000000087700000, 0x0000000087700000, 0x0000000087800000|  0%| F|  |TAMS 0x0000000087700000, 0x0000000087700000| Untracked 
|  92|0x0000000087800000, 0x0000000087800000, 0x0000000087900000|  0%| F|  |TAMS 0x0000000087800000, 0x0000000087800000| Untracked 
|  93|0x0000000087900000, 0x0000000087900000, 0x0000000087a00000|  0%| F|  |TAMS 0x0000000087900000, 0x0000000087900000| Untracked 
|  94|0x0000000087a00000, 0x0000000087a00000, 0x0000000087b00000|  0%| F|  |TAMS 0x0000000087a00000, 0x0000000087a00000| Untracked 
|  95|0x0000000087b00000, 0x0000000087b00000, 0x0000000087c00000|  0%| F|  |TAMS 0x0000000087b00000, 0x0000000087b00000| Untracked 
|  96|0x0000000087c00000, 0x0000000087c00000, 0x0000000087d00000|  0%| F|  |TAMS 0x0000000087c00000, 0x0000000087c00000| Untracked 
|  97|0x0000000087d00000, 0x0000000087d00000, 0x0000000087e00000|  0%| F|  |TAMS 0x0000000087d00000, 0x0000000087d00000| Untracked 
|  98|0x0000000087e00000, 0x0000000087e00000, 0x0000000087f00000|  0%| F|  |TAMS 0x0000000087e00000, 0x0000000087e00000| Untracked 
|  99|0x0000000087f00000, 0x0000000087f00000, 0x0000000088000000|  0%| F|  |TAMS 0x0000000087f00000, 0x0000000087f00000| Untracked 
| 100|0x0000000088000000, 0x0000000088000000, 0x0000000088100000|  0%| F|  |TAMS 0x0000000088000000, 0x0000000088000000| Untracked 
| 101|0x0000000088100000, 0x0000000088100000, 0x0000000088200000|  0%| F|  |TAMS 0x0000000088100000, 0x0000000088100000| Untracked 
| 102|0x0000000088200000, 0x0000000088200000, 0x0000000088300000|  0%| F|  |TAMS 0x0000000088200000, 0x0000000088200000| Untracked 
| 103|0x0000000088300000, 0x0000000088300000, 0x0000000088400000|  0%| F|  |TAMS 0x0000000088300000, 0x0000000088300000| Untracked 
| 104|0x0000000088400000, 0x0000000088400000, 0x0000000088500000|  0%| F|  |TAMS 0x0000000088400000, 0x0000000088400000| Untracked 
| 105|0x0000000088500000, 0x0000000088500000, 0x0000000088600000|  0%| F|  |TAMS 0x0000000088500000, 0x0000000088500000| Untracked 
| 106|0x0000000088600000, 0x0000000088600000, 0x0000000088700000|  0%| F|  |TAMS 0x0000000088600000, 0x0000000088600000| Untracked 
| 107|0x0000000088700000, 0x0000000088700000, 0x0000000088800000|  0%| F|  |TAMS 0x0000000088700000, 0x0000000088700000| Untracked 
| 108|0x0000000088800000, 0x0000000088800000, 0x0000000088900000|  0%| F|  |TAMS 0x0000000088800000, 0x0000000088800000| Untracked 
| 109|0x0000000088900000, 0x0000000088900000, 0x0000000088a00000|  0%| F|  |TAMS 0x0000000088900000, 0x0000000088900000| Untracked 
| 110|0x0000000088a00000, 0x0000000088a00000, 0x0000000088b00000|  0%| F|  |TAMS 0x0000000088a00000, 0x0000000088a00000| Untracked 
| 111|0x0000000088b00000, 0x0000000088b00000, 0x0000000088c00000|  0%| F|  |TAMS 0x0000000088b00000, 0x0000000088b00000| Untracked 
| 112|0x0000000088c00000, 0x0000000088c00000, 0x0000000088d00000|  0%| F|  |TAMS 0x0000000088c00000, 0x0000000088c00000| Untracked 
| 113|0x0000000088d00000, 0x0000000088d00000, 0x0000000088e00000|  0%| F|  |TAMS 0x0000000088d00000, 0x0000000088d00000| Untracked 
| 114|0x0000000088e00000, 0x0000000088e00000, 0x0000000088f00000|  0%| F|  |TAMS 0x0000000088e00000, 0x0000000088e00000| Untracked 
| 115|0x0000000088f00000, 0x0000000088f00000, 0x0000000089000000|  0%| F|  |TAMS 0x0000000088f00000, 0x0000000088f00000| Untracked 
| 116|0x0000000089000000, 0x0000000089000000, 0x0000000089100000|  0%| F|  |TAMS 0x0000000089000000, 0x0000000089000000| Untracked 
| 117|0x0000000089100000, 0x0000000089100000, 0x0000000089200000|  0%| F|  |TAMS 0x0000000089100000, 0x0000000089100000| Untracked 
| 118|0x0000000089200000, 0x0000000089200000, 0x0000000089300000|  0%| F|  |TAMS 0x0000000089200000, 0x0000000089200000| Untracked 
| 119|0x0000000089300000, 0x0000000089300000, 0x0000000089400000|  0%| F|  |TAMS 0x0000000089300000, 0x0000000089300000| Untracked 
| 120|0x0000000089400000, 0x0000000089400000, 0x0000000089500000|  0%| F|  |TAMS 0x0000000089400000, 0x0000000089400000| Untracked 
| 121|0x0000000089500000, 0x0000000089600000, 0x0000000089600000|100%| E|  |TAMS 0x0000000089500000, 0x0000000089500000| Complete 
| 122|0x0000000089600000, 0x0000000089700000, 0x0000000089700000|100%| E|CS|TAMS 0x0000000089600000, 0x0000000089600000| Complete 
| 123|0x0000000089700000, 0x0000000089800000, 0x0000000089800000|100%| E|CS|TAMS 0x0000000089700000, 0x0000000089700000| Complete 
| 124|0x0000000089800000, 0x0000000089900000, 0x0000000089900000|100%| E|CS|TAMS 0x0000000089800000, 0x0000000089800000| Complete 
| 125|0x0000000089900000, 0x0000000089a00000, 0x0000000089a00000|100%| E|CS|TAMS 0x0000000089900000, 0x0000000089900000| Complete 
| 126|0x0000000089a00000, 0x0000000089b00000, 0x0000000089b00000|100%| E|CS|TAMS 0x0000000089a00000, 0x0000000089a00000| Complete 
| 127|0x0000000089b00000, 0x0000000089c00000, 0x0000000089c00000|100%| E|CS|TAMS 0x0000000089b00000, 0x0000000089b00000| Complete 
| 128|0x0000000089c00000, 0x0000000089d00000, 0x0000000089d00000|100%| E|CS|TAMS 0x0000000089c00000, 0x0000000089c00000| Complete 
| 129|0x0000000089d00000, 0x0000000089e00000, 0x0000000089e00000|100%| E|CS|TAMS 0x0000000089d00000, 0x0000000089d00000| Complete 
| 130|0x0000000089e00000, 0x0000000089f00000, 0x0000000089f00000|100%| E|CS|TAMS 0x0000000089e00000, 0x0000000089e00000| Complete 
| 131|0x0000000089f00000, 0x000000008a000000, 0x000000008a000000|100%| E|CS|TAMS 0x0000000089f00000, 0x0000000089f00000| Complete 
| 132|0x000000008a000000, 0x000000008a100000, 0x000000008a100000|100%| E|CS|TAMS 0x000000008a000000, 0x000000008a000000| Complete 
| 133|0x000000008a100000, 0x000000008a200000, 0x000000008a200000|100%| E|CS|TAMS 0x000000008a100000, 0x000000008a100000| Complete 
| 134|0x000000008a200000, 0x000000008a300000, 0x000000008a300000|100%| E|CS|TAMS 0x000000008a200000, 0x000000008a200000| Complete 
| 135|0x000000008a300000, 0x000000008a400000, 0x000000008a400000|100%| E|CS|TAMS 0x000000008a300000, 0x000000008a300000| Complete 
| 136|0x000000008a400000, 0x000000008a500000, 0x000000008a500000|100%| E|CS|TAMS 0x000000008a400000, 0x000000008a400000| Complete 
| 137|0x000000008a500000, 0x000000008a600000, 0x000000008a600000|100%| E|CS|TAMS 0x000000008a500000, 0x000000008a500000| Complete 
| 138|0x000000008a600000, 0x000000008a700000, 0x000000008a700000|100%| E|CS|TAMS 0x000000008a600000, 0x000000008a600000| Complete 
| 139|0x000000008a700000, 0x000000008a800000, 0x000000008a800000|100%| E|CS|TAMS 0x000000008a700000, 0x000000008a700000| Complete 
| 140|0x000000008a800000, 0x000000008a900000, 0x000000008a900000|100%| E|CS|TAMS 0x000000008a800000, 0x000000008a800000| Complete 
| 141|0x000000008a900000, 0x000000008aa00000, 0x000000008aa00000|100%| E|CS|TAMS 0x000000008a900000, 0x000000008a900000| Complete 
| 142|0x000000008aa00000, 0x000000008ab00000, 0x000000008ab00000|100%| E|CS|TAMS 0x000000008aa00000, 0x000000008aa00000| Complete 
| 143|0x000000008ab00000, 0x000000008ac00000, 0x000000008ac00000|100%| E|CS|TAMS 0x000000008ab00000, 0x000000008ab00000| Complete 
| 144|0x000000008ac00000, 0x000000008ad00000, 0x000000008ad00000|100%| E|CS|TAMS 0x000000008ac00000, 0x000000008ac00000| Complete 
| 145|0x000000008ad00000, 0x000000008ad71300, 0x000000008ae00000| 44%| S|CS|TAMS 0x000000008ad00000, 0x000000008ad00000| Complete 
| 146|0x000000008ae00000, 0x000000008af00000, 0x000000008af00000|100%| S|CS|TAMS 0x000000008ae00000, 0x000000008ae00000| Complete 
| 147|0x000000008af00000, 0x000000008b000000, 0x000000008b000000|100%| E|CS|TAMS 0x000000008af00000, 0x000000008af00000| Complete 
| 148|0x000000008b000000, 0x000000008b100000, 0x000000008b100000|100%| E|CS|TAMS 0x000000008b000000, 0x000000008b000000| Complete 
| 149|0x000000008b100000, 0x000000008b200000, 0x000000008b200000|100%| E|CS|TAMS 0x000000008b100000, 0x000000008b100000| Complete 
|2019|0x00000000fff00000, 0x0000000100000000, 0x0000000100000000|100%| O|  |TAMS 0x0000000100000000, 0x00000000fff00000| Untracked 

Card table byte_map: [0x000002bbd2ae0000,0x000002bbd2ee0000] _byte_map_base: 0x000002bbd26d2000

Marking Bits (Prev, Next): (CMBitMap*) 0x000002bbc0258da0, (CMBitMap*) 0x000002bbc0258d60
 Prev Bits: [0x000002bbd5270000, 0x000002bbd7200000)
 Next Bits: [0x000002bbd32e0000, 0x000002bbd5270000)

Polling page: 0x000002bbbe030000

Metaspace:

Usage:
  Non-class:     58.86 MB used.
      Class:      7.60 MB used.
       Both:     66.46 MB used.

Virtual space:
  Non-class space:       64.00 MB reserved,      59.00 MB ( 92%) committed,  1 nodes.
      Class space:        1.00 GB reserved,       7.75 MB ( <1%) committed,  1 nodes.
             Both:        1.06 GB reserved,      66.75 MB (  6%) committed. 

Chunk freelists:
   Non-Class:  4.66 MB
       Class:  8.27 MB
        Both:  12.92 MB

MaxMetaspaceSize: unlimited
CompressedClassSpaceSize: 1.00 GB
Initial GC threshold: 21.00 MB
Current GC threshold: 110.94 MB
CDS: off
MetaspaceReclaimPolicy: balanced
 - commit_granule_bytes: 65536.
 - commit_granule_words: 8192.
 - virtual_space_node_default_size: 8388608.
 - enlarge_chunks_in_place: 1.
 - new_chunks_are_fully_committed: 0.
 - uncommit_free_chunks: 1.
 - use_allocation_guard: 0.
 - handle_deallocations: 1.


Internal statistics:

num_allocs_failed_limit: 6.
num_arena_births: 316.
num_arena_deaths: 0.
num_vsnodes_births: 2.
num_vsnodes_deaths: 0.
num_space_committed: 1066.
num_space_uncommitted: 0.
num_chunks_returned_to_freelist: 6.
num_chunks_taken_from_freelist: 2552.
num_chunk_merges: 6.
num_chunk_splits: 2023.
num_chunks_enlarged: 1743.
num_inconsistent_stats: 0.

CodeHeap 'non-profiled nmethods': size=120000Kb used=5306Kb max_used=5306Kb free=114693Kb
 bounds [0x000002bbcb1b0000, 0x000002bbcb6e0000, 0x000002bbd26e0000]
CodeHeap 'profiled nmethods': size=120000Kb used=28112Kb max_used=28120Kb free=91887Kb
 bounds [0x000002bbc36e0000, 0x000002bbc5260000, 0x000002bbcac10000]
CodeHeap 'non-nmethods': size=5760Kb used=1303Kb max_used=1382Kb free=4456Kb
 bounds [0x000002bbcac10000, 0x000002bbcae80000, 0x000002bbcb1b0000]
 total_blobs=10689 nmethods=10078 adapters=521
 compilation: enabled
              stopped_count=0, restarted_count=0
 full_count=0

Compilation events (20 events):
Event: 14.134 Thread 0x000002bbd98c6e30 11759   !   3       org.jetbrains.kotlin.load.kotlin.DeserializedDescriptorResolver::readClassData$descriptors_jvm (231 bytes)
Event: 14.137 Thread 0x000002bbd98c6e30 nmethod 11759 0x000002bbc523de10 code [0x000002bbc523e3c0, 0x000002bbc5240b68]
Event: 14.137 Thread 0x000002bbd98c6e30 11762 %     3       org.jetbrains.kotlin.metadata.jvm.deserialization.JvmNameResolverKt::toExpandedRecordsList @ 68 (106 bytes)
Event: 14.138 Thread 0x000002bbd98c6e30 nmethod 11762% 0x000002bbc5242010 code [0x000002bbc52422e0, 0x000002bbc52434a8]
Event: 14.138 Thread 0x000002bbd98c6e30 11760       3       org.jetbrains.kotlin.metadata.jvm.deserialization.JvmProtoBufUtil::readClassDataFrom (31 bytes)
Event: 14.139 Thread 0x000002bbd98c6e30 nmethod 11760 0x000002bbc5243a90 code [0x000002bbc5243d40, 0x000002bbc52447c8]
Event: 14.139 Thread 0x000002bbd98c6e30 11761       3       org.jetbrains.kotlin.metadata.jvm.deserialization.JvmProtoBufUtil::readClassDataFrom (54 bytes)
Event: 14.140 Thread 0x000002bbd98c6e30 nmethod 11761 0x000002bbc5244c10 code [0x000002bbc5244f20, 0x000002bbc52461a8]
Event: 14.140 Thread 0x000002bbd98c6e30 11763       3       org.jetbrains.kotlin.serialization.deserialization.TypeDeserializer::typeArgument (144 bytes)
Event: 14.141 Thread 0x000002bbd98c6e30 nmethod 11763 0x000002bbc5246810 code [0x000002bbc5246b20, 0x000002bbc5247c08]
Event: 14.144 Thread 0x000002bbd98c6e30 11765       3       org.jetbrains.kotlin.load.kotlin.BinaryClassAnnotationAndConstantLoaderImpl::createConstant (46 bytes)
Event: 14.145 Thread 0x000002bbd98c6e30 nmethod 11765 0x000002bbc5248190 code [0x000002bbc52483e0, 0x000002bbc5248bc8]
Event: 14.145 Thread 0x000002bbd98c6e30 11764       3       org.jetbrains.kotlin.load.kotlin.BinaryClassAnnotationAndConstantLoaderImpl$AbstractAnnotationArgumentVisitor::visit (15 bytes)
Event: 14.145 Thread 0x000002bbd98c6e30 nmethod 11764 0x000002bbc5248f10 code [0x000002bbc52490c0, 0x000002bbc5249338]
Event: 14.155 Thread 0x000002bbd98c6e30 11767       1       org.jetbrains.kotlin.metadata.jvm.deserialization.JvmMemberSignature$Method::getName (5 bytes)
Event: 14.155 Thread 0x000002bbd98c6e30 nmethod 11767 0x000002bbcb6dde10 code [0x000002bbcb6ddfa0, 0x000002bbcb6de078]
Event: 14.155 Thread 0x000002bbd98c6e30 11768       1       org.jetbrains.kotlin.metadata.jvm.deserialization.JvmMemberSignature$Method::getDesc (5 bytes)
Event: 14.155 Thread 0x000002bbd98c6e30 nmethod 11768 0x000002bbcb6de110 code [0x000002bbcb6de2a0, 0x000002bbcb6de378]
Event: 14.158 Thread 0x000002bbd98c6e30 11769       1       org.jetbrains.kotlin.metadata.ProtoBuf$Function::getReceiverType (5 bytes)
Event: 14.158 Thread 0x000002bbd98c6e30 nmethod 11769 0x000002bbcb6de410 code [0x000002bbcb6de5a0, 0x000002bbcb6de678]

GC Heap History (20 events):
Event: 5.607 GC heap before
{Heap before GC invocations=19 (full 0):
 garbage-first heap   total 73728K, used 42197K [0x0000000081c00000, 0x0000000100000000)
  region size 1024K, 3 young (3072K), 2 survivors (2048K)
 Metaspace       used 55340K, committed 55552K, reserved 1114112K
  class space    used 6628K, committed 6720K, reserved 1048576K
}
Event: 5.611 GC heap after
{Heap after GC invocations=20 (full 0):
 garbage-first heap   total 99328K, used 40803K [0x0000000081c00000, 0x0000000100000000)
  region size 1024K, 1 young (1024K), 1 survivors (1024K)
 Metaspace       used 55340K, committed 55552K, reserved 1114112K
  class space    used 6628K, committed 6720K, reserved 1048576K
}
Event: 6.643 GC heap before
{Heap before GC invocations=20 (full 0):
 garbage-first heap   total 99328K, used 74595K [0x0000000081c00000, 0x0000000100000000)
  region size 1024K, 34 young (34816K), 1 survivors (1024K)
 Metaspace       used 56873K, committed 57088K, reserved 1114112K
  class space    used 6681K, committed 6784K, reserved 1048576K
}
Event: 6.659 GC heap after
{Heap after GC invocations=21 (full 0):
 garbage-first heap   total 99328K, used 47932K [0x0000000081c00000, 0x0000000100000000)
  region size 1024K, 5 young (5120K), 5 survivors (5120K)
 Metaspace       used 56873K, committed 57088K, reserved 1114112K
  class space    used 6681K, committed 6784K, reserved 1048576K
}
Event: 7.093 GC heap before
{Heap before GC invocations=21 (full 0):
 garbage-first heap   total 99328K, used 75580K [0x0000000081c00000, 0x0000000100000000)
  region size 1024K, 32 young (32768K), 5 survivors (5120K)
 Metaspace       used 57106K, committed 57344K, reserved 1114112K
  class space    used 6689K, committed 6784K, reserved 1048576K
}
Event: 7.117 GC heap after
{Heap after GC invocations=22 (full 0):
 garbage-first heap   total 99328K, used 53194K [0x0000000081c00000, 0x0000000100000000)
  region size 1024K, 4 young (4096K), 4 survivors (4096K)
 Metaspace       used 57106K, committed 57344K, reserved 1114112K
  class space    used 6689K, committed 6784K, reserved 1048576K
}
Event: 7.449 GC heap before
{Heap before GC invocations=22 (full 0):
 garbage-first heap   total 99328K, used 77770K [0x0000000081c00000, 0x0000000100000000)
  region size 1024K, 28 young (28672K), 4 survivors (4096K)
 Metaspace       used 57463K, committed 57792K, reserved 1114112K
  class space    used 6723K, committed 6848K, reserved 1048576K
}
Event: 7.466 GC heap after
{Heap after GC invocations=23 (full 0):
 garbage-first heap   total 99328K, used 56516K [0x0000000081c00000, 0x0000000100000000)
  region size 1024K, 3 young (3072K), 3 survivors (3072K)
 Metaspace       used 57463K, committed 57792K, reserved 1114112K
  class space    used 6723K, committed 6848K, reserved 1048576K
}
Event: 7.557 GC heap before
{Heap before GC invocations=23 (full 0):
 garbage-first heap   total 99328K, used 79044K [0x0000000081c00000, 0x0000000100000000)
  region size 1024K, 25 young (25600K), 3 survivors (3072K)
 Metaspace       used 57467K, committed 57792K, reserved 1114112K
  class space    used 6724K, committed 6848K, reserved 1048576K
}
Event: 7.564 GC heap after
{Heap after GC invocations=24 (full 0):
 garbage-first heap   total 154624K, used 56812K [0x0000000081c00000, 0x0000000100000000)
  region size 1024K, 1 young (1024K), 1 survivors (1024K)
 Metaspace       used 57467K, committed 57792K, reserved 1114112K
  class space    used 6724K, committed 6848K, reserved 1048576K
}
Event: 8.754 GC heap before
{Heap before GC invocations=25 (full 0):
 garbage-first heap   total 154624K, used 109036K [0x0000000081c00000, 0x0000000100000000)
  region size 1024K, 52 young (53248K), 1 survivors (1024K)
 Metaspace       used 62490K, committed 62784K, reserved 1114112K
  class space    used 7431K, committed 7552K, reserved 1048576K
}
Event: 8.762 GC heap after
{Heap after GC invocations=26 (full 0):
 garbage-first heap   total 154624K, used 61231K [0x0000000081c00000, 0x0000000100000000)
  region size 1024K, 5 young (5120K), 5 survivors (5120K)
 Metaspace       used 62490K, committed 62784K, reserved 1114112K
  class space    used 7431K, committed 7552K, reserved 1048576K
}
Event: 8.803 GC heap before
{Heap before GC invocations=26 (full 0):
 garbage-first heap   total 154624K, used 63279K [0x0000000081c00000, 0x0000000100000000)
  region size 1024K, 7 young (7168K), 5 survivors (5120K)
 Metaspace       used 62533K, committed 62784K, reserved 1114112K
  class space    used 7432K, committed 7552K, reserved 1048576K
}
Event: 8.811 GC heap after
{Heap after GC invocations=27 (full 0):
 garbage-first heap   total 154624K, used 61626K [0x0000000081c00000, 0x0000000100000000)
  region size 1024K, 1 young (1024K), 1 survivors (1024K)
 Metaspace       used 62533K, committed 62784K, reserved 1114112K
  class space    used 7432K, committed 7552K, reserved 1048576K
}
Event: 10.931 GC heap before
{Heap before GC invocations=27 (full 0):
 garbage-first heap   total 154624K, used 123066K [0x0000000081c00000, 0x0000000100000000)
  region size 1024K, 61 young (62464K), 1 survivors (1024K)
 Metaspace       used 66454K, committed 66816K, reserved 1114112K
  class space    used 7731K, committed 7936K, reserved 1048576K
}
Event: 10.947 GC heap after
{Heap after GC invocations=28 (full 0):
 garbage-first heap   total 154624K, used 69578K [0x0000000081c00000, 0x0000000100000000)
  region size 1024K, 8 young (8192K), 8 survivors (8192K)
 Metaspace       used 66454K, committed 66816K, reserved 1114112K
  class space    used 7731K, committed 7936K, reserved 1048576K
}
Event: 13.212 GC heap before
{Heap before GC invocations=28 (full 0):
 garbage-first heap   total 154624K, used 121802K [0x0000000081c00000, 0x0000000100000000)
  region size 1024K, 59 young (60416K), 8 survivors (8192K)
 Metaspace       used 67809K, committed 68096K, reserved 1114112K
  class space    used 7763K, committed 7936K, reserved 1048576K
}
Event: 13.236 GC heap after
{Heap after GC invocations=29 (full 0):
 garbage-first heap   total 154624K, used 77312K [0x0000000081c00000, 0x0000000100000000)
  region size 1024K, 8 young (8192K), 8 survivors (8192K)
 Metaspace       used 67809K, committed 68096K, reserved 1114112K
  class space    used 7763K, committed 7936K, reserved 1048576K
}
Event: 13.357 GC heap before
{Heap before GC invocations=29 (full 0):
 garbage-first heap   total 154624K, used 79360K [0x0000000081c00000, 0x0000000100000000)
  region size 1024K, 11 young (11264K), 8 survivors (8192K)
 Metaspace       used 67841K, committed 68160K, reserved 1114112K
  class space    used 7763K, committed 7936K, reserved 1048576K
}
Event: 13.370 GC heap after
{Heap after GC invocations=30 (full 0):
 garbage-first heap   total 154624K, used 78644K [0x0000000081c00000, 0x0000000100000000)
  region size 1024K, 2 young (2048K), 2 survivors (2048K)
 Metaspace       used 67841K, committed 68160K, reserved 1114112K
  class space    used 7763K, committed 7936K, reserved 1048576K
}

Dll operation events (2 events):
Event: 0.008 Loaded shared library D:\android\jbr\bin\java.dll
Event: 1.528 Loaded shared library D:\android\jbr\bin\verify.dll

Deoptimization events (20 events):
Event: 13.967 Thread 0x000002bbc01fe690 Uncommon trap: trap_request=0xffffffde fr.pc=0x000002bbcb6d1940 relative=0x0000000000000500
Event: 13.967 Thread 0x000002bbc01fe690 Uncommon trap: reason=class_check action=maybe_recompile pc=0x000002bbcb6d1940 method=org.jetbrains.kotlin.resolve.calls.tower.ImplicitScopeTowerKt.getResultApplicabilityForCallDiagnostics(Ljava/util/Collection;)Lorg/jetbrains/kotlin/resolve/calls/tower/C
Event: 13.967 Thread 0x000002bbc01fe690 DEOPT PACKING pc=0x000002bbcb6d1940 sp=0x000000c0533fb750
Event: 13.967 Thread 0x000002bbc01fe690 DEOPT UNPACKING pc=0x000002bbcac669a3 sp=0x000000c0533fb6c8 mode 2
Event: 13.974 Thread 0x000002bbc01fe690 Uncommon trap: trap_request=0xffffff66 fr.pc=0x000002bbcb6c4cec relative=0x000000000000322c
Event: 13.974 Thread 0x000002bbc01fe690 Uncommon trap: reason=speculate_class_check action=maybe_recompile pc=0x000002bbcb6c4cec method=org.jetbrains.kotlin.types.model.TypeSystemCommonSuperTypesContext.typeDepth(Lorg/jetbrains/kotlin/types/model/KotlinTypeMarker;)I @ 9 c2
Event: 13.974 Thread 0x000002bbc01fe690 DEOPT PACKING pc=0x000002bbcb6c4cec sp=0x000000c0533fa810
Event: 13.974 Thread 0x000002bbc01fe690 DEOPT UNPACKING pc=0x000002bbcac669a3 sp=0x000000c0533fa768 mode 2
Event: 13.996 Thread 0x000002bbc01fe690 Uncommon trap: trap_request=0xffffffde fr.pc=0x000002bbcb6d1940 relative=0x0000000000000500
Event: 13.996 Thread 0x000002bbc01fe690 Uncommon trap: reason=class_check action=maybe_recompile pc=0x000002bbcb6d1940 method=org.jetbrains.kotlin.resolve.calls.tower.ImplicitScopeTowerKt.getResultApplicabilityForCallDiagnostics(Ljava/util/Collection;)Lorg/jetbrains/kotlin/resolve/calls/tower/C
Event: 13.996 Thread 0x000002bbc01fe690 DEOPT PACKING pc=0x000002bbcb6d1940 sp=0x000000c0533fb780
Event: 13.996 Thread 0x000002bbc01fe690 DEOPT UNPACKING pc=0x000002bbcac669a3 sp=0x000000c0533fb6f8 mode 2
Event: 13.996 Thread 0x000002bbc01fe690 Uncommon trap: trap_request=0xffffffde fr.pc=0x000002bbcb6d1940 relative=0x0000000000000500
Event: 13.996 Thread 0x000002bbc01fe690 Uncommon trap: reason=class_check action=maybe_recompile pc=0x000002bbcb6d1940 method=org.jetbrains.kotlin.resolve.calls.tower.ImplicitScopeTowerKt.getResultApplicabilityForCallDiagnostics(Ljava/util/Collection;)Lorg/jetbrains/kotlin/resolve/calls/tower/C
Event: 13.996 Thread 0x000002bbc01fe690 DEOPT PACKING pc=0x000002bbcb6d1940 sp=0x000000c0533fb780
Event: 13.996 Thread 0x000002bbc01fe690 DEOPT UNPACKING pc=0x000002bbcac669a3 sp=0x000000c0533fb6f8 mode 2
Event: 14.027 Thread 0x000002bbc01fe690 Uncommon trap: trap_request=0xffffff45 fr.pc=0x000002bbcb6a77a4 relative=0x0000000000000084
Event: 14.027 Thread 0x000002bbc01fe690 Uncommon trap: reason=unstable_if action=reinterpret pc=0x000002bbcb6a77a4 method=org.jetbrains.kotlin.resolve.inline.InlineUtil.isInline(Lorg/jetbrains/kotlin/descriptors/DeclarationDescriptor;)Z @ 16 c2
Event: 14.027 Thread 0x000002bbc01fe690 DEOPT PACKING pc=0x000002bbcb6a77a4 sp=0x000000c0533f5a70
Event: 14.027 Thread 0x000002bbc01fe690 DEOPT UNPACKING pc=0x000002bbcac669a3 sp=0x000000c0533f5a00 mode 2

Classes unloaded (0 events):
No events

Classes redefined (0 events):
No events

Internal exceptions (20 events):
Event: 5.025 Thread 0x000002bbc01fe690 Implicit null exception at 0x000002bbcb32844f to 0x000002bbcb328990
Event: 5.119 Thread 0x000002bbc01fe690 Implicit null exception at 0x000002bbcb324d8f to 0x000002bbcb325010
Event: 5.127 Thread 0x000002bbc01fe690 Implicit null exception at 0x000002bbcb1fbb8e to 0x000002bbcb1fbe10
Event: 5.550 Thread 0x000002bbc01fe690 Exception <a 'java/lang/NoSuchMethodError'{0x00000000853dd2b0}: 'int java.lang.invoke.DirectMethodHandle$Holder.invokeStaticInit(java.lang.Object, int)'> (0x00000000853dd2b0) 
thrown [s\src\hotspot\share\interpreter\linkResolver.cpp, line 771]
Event: 5.668 Thread 0x000002bbc01fe690 Exception <a 'java/lang/NoSuchMethodError'{0x0000000087e0d7b0}: 'java.lang.Object java.lang.invoke.DirectMethodHandle$Holder.newInvokeSpecial(java.lang.Object, java.lang.Object, java.lang.Object, java.lang.Object, java.lang.Object, java.lang.Object, java.lang.Object, java.lang.Object)'> (0x0000000087e0d7b0) 
thrown [s\src\hotspot\share\interpreter\linkResolver.cpp, line 771]
Event: 5.669 Thread 0x000002bbc01fe690 Exception <a 'java/lang/NoSuchMethodError'{0x0000000087e12dc8}: 'java.lang.Object java.lang.invoke.DirectMethodHandle$Holder.invokeSpecial(java.lang.Object, java.lang.Object, java.lang.Object, java.lang.Object, java.lang.Object, java.lang.Object, java.lang.Object, java.lang.Object, java.lang.Object)'> (0x0000000087e12dc8) 
thrown [s\src\hotspot\share\interpreter\linkResolver.cpp, line 771]
Event: 5.669 Thread 0x000002bbc01fe690 Exception <a 'java/lang/NoSuchMethodError'{0x0000000087e17cf8}: 'java.lang.Object java.lang.invoke.Invokers$Holder.linkToTargetMethod(java.lang.Object, java.lang.Object, java.lang.Object, java.lang.Object, java.lang.Object, java.lang.Object, java.lang.Object, java.lang.Object)'> (0x0000000087e17cf8) 
thrown [s\src\hotspot\share\interpreter\linkResolver.cpp, line 771]
Event: 6.137 Thread 0x000002bbc01fe690 Exception <a 'java/lang/NoSuchMethodError'{0x0000000086a66220}: 'java.lang.Object java.lang.invoke.DirectMethodHandle$Holder.invokeStaticInit(java.lang.Object, java.lang.Object, java.lang.Object)'> (0x0000000086a66220) 
thrown [s\src\hotspot\share\interpreter\linkResolver.cpp, line 771]
Event: 7.898 Thread 0x000002bbc01fe690 Exception <a 'java/lang/NoSuchMethodError'{0x0000000089d4e640}: 'java.lang.Object java.lang.invoke.DirectMethodHandle$Holder.invokeStatic(java.lang.Object, java.lang.Object, java.lang.Object, java.lang.Object, int)'> (0x0000000089d4e640) 
thrown [s\src\hotspot\share\interpreter\linkResolver.cpp, line 771]
Event: 7.899 Thread 0x000002bbc01fe690 Exception <a 'java/lang/NoSuchMethodError'{0x0000000089d58328}: 'java.lang.Object java.lang.invoke.DirectMethodHandle$Holder.newInvokeSpecial(java.lang.Object, java.lang.Object, java.lang.Object, java.lang.Object, int)'> (0x0000000089d58328) 
thrown [s\src\hotspot\share\interpreter\linkResolver.cpp, line 771]
Event: 7.899 Thread 0x000002bbc01fe690 Exception <a 'java/lang/NoSuchMethodError'{0x0000000089d603f8}: 'java.lang.Object java.lang.invoke.Invokers$Holder.linkToTargetMethod(java.lang.Object, java.lang.Object, java.lang.Object, int, java.lang.Object)'> (0x0000000089d603f8) 
thrown [s\src\hotspot\share\interpreter\linkResolver.cpp, line 771]
Event: 7.972 Thread 0x000002bbc01fe690 Exception <a 'java/lang/NoSuchMethodError'{0x0000000089b40918}: 'void java.lang.invoke.DirectMethodHandle$Holder.invokeInterface(java.lang.Object, java.lang.Object)'> (0x0000000089b40918) 
thrown [s\src\hotspot\share\interpreter\linkResolver.cpp, line 771]
Event: 8.042 Thread 0x000002bbc01fe690 Exception <a 'java/lang/IncompatibleClassChangeError'{0x0000000089ae4e28}: Found class java.lang.Object, but interface was expected> (0x0000000089ae4e28) 
thrown [s\src\hotspot\share\interpreter\linkResolver.cpp, line 838]
Event: 8.258 Thread 0x000002bbc01fe690 Exception <a 'java/lang/NoSuchMethodError'{0x000000008923efb8}: 'java.lang.Object java.lang.invoke.DirectMethodHandle$Holder.invokeInterface(java.lang.Object, java.lang.Object, java.lang.Object)'> (0x000000008923efb8) 
thrown [s\src\hotspot\share\interpreter\linkResolver.cpp, line 771]
Event: 8.258 Thread 0x000002bbc01fe690 Exception <a 'java/lang/IncompatibleClassChangeError'{0x0000000089242928}: Found class java.lang.Object, but interface was expected> (0x0000000089242928) 
thrown [s\src\hotspot\share\interpreter\linkResolver.cpp, line 838]
Event: 9.423 Thread 0x000002bbc01fe690 Exception <a 'java/lang/NoSuchMethodError'{0x000000008a105788}: 'java.lang.Object java.lang.invoke.DirectMethodHandle$Holder.newInvokeSpecial(java.lang.Object, java.lang.Object, java.lang.Object, java.lang.Object, java.lang.Object, java.lang.Object, java.lang.Object)'> (0x000000008a105788) 
thrown [s\src\hotspot\share\interpreter\linkResolver.cpp, line 771]
Event: 9.423 Thread 0x000002bbc01fe690 Exception <a 'java/lang/NoSuchMethodError'{0x000000008a10a098}: 'java.lang.Object java.lang.invoke.Invokers$Holder.linkToTargetMethod(java.lang.Object, java.lang.Object, java.lang.Object, java.lang.Object, java.lang.Object, java.lang.Object, java.lang.Object)'> (0x000000008a10a098) 
thrown [s\src\hotspot\share\interpreter\linkResolver.cpp, line 771]
Event: 9.445 Thread 0x000002bbc01fe690 Exception <a 'java/lang/NoSuchMethodError'{0x000000008a1fbf08}: 'java.lang.Object java.lang.invoke.DirectMethodHandle$Holder.newInvokeSpecial(java.lang.Object, int, java.lang.Object, java.lang.Object)'> (0x000000008a1fbf08) 
thrown [s\src\hotspot\share\interpreter\linkResolver.cpp, line 771]
Event: 10.622 Thread 0x000002bbc01fe690 Implicit null exception at 0x000002bbcb53c10e to 0x000002bbcb53c960
Event: 12.625 Thread 0x000002bbc01fe690 Exception <a 'java/lang/NoSuchMethodError'{0x0000000088a55550}: 'java.lang.Object java.lang.invoke.DirectMethodHandle$Holder.invokeStatic(java.lang.Object, int, java.lang.Object)'> (0x0000000088a55550) 
thrown [s\src\hotspot\share\interpreter\linkResolver.cpp, line 771]

VM Operations (20 events):
Event: 12.629 Executing VM operation: HandshakeAllThreads
Event: 12.629 Executing VM operation: HandshakeAllThreads done
Event: 12.657 Executing VM operation: HandshakeAllThreads
Event: 12.657 Executing VM operation: HandshakeAllThreads done
Event: 12.810 Executing VM operation: ICBufferFull
Event: 12.810 Executing VM operation: ICBufferFull done
Event: 13.212 Executing VM operation: G1CollectForAllocation
Event: 13.237 Executing VM operation: G1CollectForAllocation done
Event: 13.357 Executing VM operation: G1TryInitiateConcMark
Event: 13.370 Executing VM operation: G1TryInitiateConcMark done
Event: 13.539 Executing VM operation: ICBufferFull
Event: 13.540 Executing VM operation: ICBufferFull done
Event: 13.568 Executing VM operation: G1PauseRemark
Event: 13.579 Executing VM operation: G1PauseRemark done
Event: 13.656 Executing VM operation: HandshakeAllThreads
Event: 13.656 Executing VM operation: HandshakeAllThreads done
Event: 13.684 Executing VM operation: G1PauseCleanup
Event: 13.685 Executing VM operation: G1PauseCleanup done
Event: 13.966 Executing VM operation: ICBufferFull
Event: 13.966 Executing VM operation: ICBufferFull done

Events (20 events):
Event: 10.193 Thread 0x000002bbd9883230 flushing nmethod 0x000002bbc48b9a10
Event: 10.193 Thread 0x000002bbd9883230 flushing nmethod 0x000002bbc48eb590
Event: 10.193 Thread 0x000002bbd9883230 flushing nmethod 0x000002bbc48ec710
Event: 10.193 Thread 0x000002bbd9883230 flushing nmethod 0x000002bbc4913a90
Event: 10.193 Thread 0x000002bbd9883230 flushing nmethod 0x000002bbc491e490
Event: 10.193 Thread 0x000002bbd9883230 flushing nmethod 0x000002bbc491ef10
Event: 10.193 Thread 0x000002bbd9883230 flushing nmethod 0x000002bbc4923990
Event: 10.193 Thread 0x000002bbd9883230 flushing nmethod 0x000002bbc499dd10
Event: 10.193 Thread 0x000002bbd9883230 flushing nmethod 0x000002bbc499f590
Event: 10.731 loading class java/util/Collections$CopiesList
Event: 10.731 loading class java/util/Collections$CopiesList done
Event: 11.099 loading class jdk/internal/math/FDBigInteger
Event: 11.099 loading class jdk/internal/math/FDBigInteger done
Event: 11.390 Thread 0x000002bbd9883230 flushing nmethod 0x000002bbc3af1890
Event: 11.391 Thread 0x000002bbd9883230 flushing nmethod 0x000002bbc3d69810
Event: 11.392 Thread 0x000002bbd9883230 flushing nmethod 0x000002bbc3ee3890
Event: 11.393 Thread 0x000002bbd9883230 flushing nmethod 0x000002bbc3f0c510
Event: 11.397 Thread 0x000002bbd9883230 flushing nmethod 0x000002bbc44c7010
Event: 11.398 Thread 0x000002bbd9883230 flushing nmethod 0x000002bbc451ab10
Event: 11.399 Thread 0x000002bbd9883230 flushing nmethod 0x000002bbc4683910


Dynamic libraries:
0x00007ff60be30000 - 0x00007ff60be3a000 	D:\android\jbr\bin\java.exe
0x00007ffc3a8f0000 - 0x00007ffc3aae8000 	C:\WINDOWS\SYSTEM32\ntdll.dll
0x00007ffc38910000 - 0x00007ffc389d2000 	C:\WINDOWS\System32\KERNEL32.DLL
0x00007ffc38480000 - 0x00007ffc3877e000 	C:\WINDOWS\System32\KERNELBASE.dll
0x00007ffc38380000 - 0x00007ffc38480000 	C:\WINDOWS\System32\ucrtbase.dll
0x00007ffc1db10000 - 0x00007ffc1db2b000 	D:\android\jbr\bin\VCRUNTIME140.dll
0x00007ffc066c0000 - 0x00007ffc066d7000 	D:\android\jbr\bin\jli.dll
0x00007ffc39db0000 - 0x00007ffc39f4d000 	C:\WINDOWS\System32\USER32.dll
0x00007ffc25870000 - 0x00007ffc25b0a000 	C:\WINDOWS\WinSxS\amd64_microsoft.windows.common-controls_6595b64144ccf1df_6.0.19041.4355_none_60b8b9eb71f62e16\COMCTL32.dll
0x00007ffc38350000 - 0x00007ffc38372000 	C:\WINDOWS\System32\win32u.dll
0x00007ffc39090000 - 0x00007ffc3912e000 	C:\WINDOWS\System32\msvcrt.dll
0x00007ffc39060000 - 0x00007ffc3908b000 	C:\WINDOWS\System32\GDI32.dll
0x00007ffc38780000 - 0x00007ffc38897000 	C:\WINDOWS\System32\gdi32full.dll
0x00007ffc382b0000 - 0x00007ffc3834d000 	C:\WINDOWS\System32\msvcp_win.dll
0x00007ffc3a150000 - 0x00007ffc3a17f000 	C:\WINDOWS\System32\IMM32.DLL
0x00007ffc31af0000 - 0x00007ffc31afc000 	D:\android\jbr\bin\vcruntime140_1.dll
0x00007ffc030b0000 - 0x00007ffc0313d000 	D:\android\jbr\bin\msvcp140.dll
0x00007ffbd1a60000 - 0x00007ffbd26e3000 	D:\android\jbr\bin\server\jvm.dll
0x00007ffc391b0000 - 0x00007ffc39262000 	C:\WINDOWS\System32\ADVAPI32.dll
0x00007ffc3a0b0000 - 0x00007ffc3a150000 	C:\WINDOWS\System32\sechost.dll
0x00007ffc3a3b0000 - 0x00007ffc3a4d3000 	C:\WINDOWS\System32\RPCRT4.dll
0x00007ffc37f90000 - 0x00007ffc37fb7000 	C:\WINDOWS\System32\bcrypt.dll
0x00007ffc30830000 - 0x00007ffc30839000 	C:\WINDOWS\SYSTEM32\WSOCK32.dll
0x00007ffc37df0000 - 0x00007ffc37e3b000 	C:\WINDOWS\SYSTEM32\POWRPROF.dll
0x00007ffc39130000 - 0x00007ffc3919b000 	C:\WINDOWS\System32\WS2_32.dll
0x00007ffc12190000 - 0x00007ffc121b7000 	C:\WINDOWS\SYSTEM32\WINMM.dll
0x00007ffc35910000 - 0x00007ffc3591a000 	C:\WINDOWS\SYSTEM32\VERSION.dll
0x00007ffc37dd0000 - 0x00007ffc37de2000 	C:\WINDOWS\SYSTEM32\UMPDC.dll
0x00007ffc36770000 - 0x00007ffc36782000 	C:\WINDOWS\SYSTEM32\kernel.appcore.dll
0x00007ffc2ff50000 - 0x00007ffc2ff5a000 	D:\android\jbr\bin\jimage.dll
0x00007ffc2ea40000 - 0x00007ffc2ec24000 	C:\WINDOWS\SYSTEM32\DBGHELP.DLL
0x00007ffc12340000 - 0x00007ffc12374000 	C:\WINDOWS\SYSTEM32\dbgcore.DLL
0x00007ffc38120000 - 0x00007ffc381a2000 	C:\WINDOWS\System32\bcryptPrimitives.dll
0x00007ffc08a90000 - 0x00007ffc08ab5000 	D:\android\jbr\bin\java.dll
0x00007ffc0e5f0000 - 0x00007ffc0e608000 	D:\android\jbr\bin\zip.dll
0x00007ffc39340000 - 0x00007ffc39aaf000 	C:\WINDOWS\System32\SHELL32.dll
0x00007ffc35f80000 - 0x00007ffc36724000 	C:\WINDOWS\SYSTEM32\windows.storage.dll
0x00007ffc3a550000 - 0x00007ffc3a8a3000 	C:\WINDOWS\System32\combase.dll
0x00007ffc37810000 - 0x00007ffc3783e000 	C:\WINDOWS\SYSTEM32\Wldp.dll
0x00007ffc39270000 - 0x00007ffc3933d000 	C:\WINDOWS\System32\OLEAUT32.dll
0x00007ffc39f50000 - 0x00007ffc39ffd000 	C:\WINDOWS\System32\SHCORE.dll
0x00007ffc389e0000 - 0x00007ffc38a35000 	C:\WINDOWS\System32\shlwapi.dll
0x00007ffc37ec0000 - 0x00007ffc37ee4000 	C:\WINDOWS\SYSTEM32\profapi.dll
0x00007ffc0d9f0000 - 0x00007ffc0da09000 	D:\android\jbr\bin\net.dll
0x00007ffc35800000 - 0x00007ffc3590d000 	C:\WINDOWS\SYSTEM32\WINHTTP.dll
0x00007ffc375f0000 - 0x00007ffc3765a000 	C:\WINDOWS\system32\mswsock.dll
0x00007ffc067e0000 - 0x00007ffc067f6000 	D:\android\jbr\bin\nio.dll
0x00007ffc25d00000 - 0x00007ffc25d10000 	D:\android\jbr\bin\verify.dll

dbghelp: loaded successfully - version: 4.0.5 - missing functions: none
symbol engine: initialized successfully - sym options: 0x614 - pdb path: .;D:\android\jbr\bin;C:\WINDOWS\SYSTEM32;C:\WINDOWS\WinSxS\amd64_microsoft.windows.common-controls_6595b64144ccf1df_6.0.19041.4355_none_60b8b9eb71f62e16;D:\android\jbr\bin\server

VM Arguments:
java_command: org.jetbrains.kotlin.cli.jvm.K2JVMCompiler @D:\android\Android Project\fundflow_mobile\app\build\20241102_12910194363744355616.compiler.options
java_class_path (initial): C:\Users\USER\.gradle\caches\modules-2\files-2.1\org.jetbrains.kotlin\kotlin-compiler-embeddable\1.9.0\2c8c3a7402becca891f12739b3e9fd2dc2adbd7a\kotlin-compiler-embeddable-1.9.0.jar;C:\Users\USER\.gradle\caches\modules-2\files-2.1\org.jetbrains.kotlin\kotlin-stdlib\1.9.0\8ee15ef0c67dc83d874f412d84378d7f0eb50b63\kotlin-stdlib-1.9.0.jar;C:\Users\USER\.gradle\caches\modules-2\files-2.1\org.jetbrains.kotlin\kotlin-script-runtime\1.9.0\4b3102cbbb7e1b58d9d1adf89563f00069ffa7d1\kotlin-script-runtime-1.9.0.jar;C:\Users\USER\.gradle\caches\modules-2\files-2.1\org.jetbrains.kotlin\kotlin-reflect\1.6.10\1cbe9c92c12a94eea200d23c2bbaedaf3daf5132\kotlin-reflect-1.6.10.jar;C:\Users\USER\.gradle\caches\modules-2\files-2.1\org.jetbrains.kotlin\kotlin-daemon-embeddable\1.9.0\186543f5e28cf8d9a0290fecc2cf34301c40a65c\kotlin-daemon-embeddable-1.9.0.jar;C:\Users\USER\.gradle\caches\modules-2\files-2.1\org.jetbrains.intellij.deps\trove4j\1.0.20200330\3afb14d5f9ceb459d724e907a21145e8ff394f02\trove4j-1.0.20200330.jar;C:\Users\USER\.gradle\caches\modules-2\files-2.1\org.jetbrains.kotlin\kotlin-stdlib-common\1.9.0\cd65c21cfd1eec4d44ef09f9f52b6d9f8a720636\kotlin-stdlib-common-1.9.0.jar;C:\Users\USER\.gradle\caches\modules-2\files-2.1\org.jetbrains\annotations\13.0\919f0dfe192fb4e063e7dacadee7f8bb9a2672a9\annotations-13.0.jar
Launcher Type: SUN_STANDARD

[Global flags]
     intx CICompilerCount                          = 3                                         {product} {ergonomic}
     uint ConcGCThreads                            = 1                                         {product} {ergonomic}
     uint G1ConcRefinementThreads                  = 4                                         {product} {ergonomic}
   size_t G1HeapRegionSize                         = 1048576                                   {product} {ergonomic}
    uintx GCDrainStackTargetSize                   = 64                                        {product} {ergonomic}
   size_t InitialHeapSize                          = 134217728                                 {product} {ergonomic}
   size_t MarkStackSize                            = 4194304                                   {product} {ergonomic}
   size_t MaxHeapSize                              = 2118123520                                {product} {ergonomic}
   size_t MaxNewSize                               = 1270874112                                {product} {ergonomic}
   size_t MinHeapDeltaBytes                        = 1048576                                   {product} {ergonomic}
   size_t MinHeapSize                              = 8388608                                   {product} {ergonomic}
    uintx NonNMethodCodeHeapSize                   = 5832780                                {pd product} {ergonomic}
    uintx NonProfiledCodeHeapSize                  = 122912730                              {pd product} {ergonomic}
    uintx ProfiledCodeHeapSize                     = 122912730                              {pd product} {ergonomic}
    uintx ReservedCodeCacheSize                    = 251658240                              {pd product} {ergonomic}
     bool SegmentedCodeCache                       = true                                      {product} {ergonomic}
   size_t SoftMaxHeapSize                          = 2118123520                             {manageable} {ergonomic}
     bool UseCompressedClassPointers               = true                           {product lp64_product} {ergonomic}
     bool UseCompressedOops                        = true                           {product lp64_product} {ergonomic}
     bool UseG1GC                                  = true                                      {product} {ergonomic}
     bool UseLargePagesIndividualAllocation        = false                                  {pd product} {ergonomic}

Logging:
Log output configuration:
 #0: stdout all=warning uptime,level,tags
 #1: stderr all=off uptime,level,tags

Environment Variables:
PATH=C:\Python312\Scripts\;C:\Python312\;C:\Program Files\Common Files\Oracle\Java\javapath;C:\Program Files (x86)\Common Files\Oracle\Java\javapath;C:\Program Files (x86)\Common Files\Intel\Shared Files\cpp\bin\Intel64;C:\WINDOWS\system32;C:\WINDOWS;C:\WINDOWS\System32\Wbem;C:\WINDOWS\System32\WindowsPowerShell\v1.0\;C:\WINDOWS\System32\OpenSSH\;C:\Program Files\dotnet\;C:\Program Files\Git\cmd;C:\xampp\php;C:\composer;C:\Program Files\node-v20.17.0;C:\Program Files\Git;C:\ProgramData\chocolatey\bin;C:\Program Files\nodejs\;C:\Users\USER\AppData\Local\Microsoft\WindowsApps;;C:\Users\USER\AppData\Local\Programs\Microsoft VS Code\bin;C:\Users\USER\AppData\Roaming\Composer\vendor\bin;C:\Users\USER\AppData\Roaming\npm
USERNAME=USER
OS=Windows_NT
PROCESSOR_IDENTIFIER=Intel64 Family 6 Model 142 Stepping 9, GenuineIntel
TMP=C:\Users\USER\AppData\Local\Temp
TEMP=C:\Users\USER\AppData\Local\Temp



Periodic native trim disabled

JNI global refs:
JNI global refs: 10, weak refs: 11

JNI global refs memory usage: 843, weak refs: 841

Process memory usage:
Resident Set Size: 354780K (4% of 8267448K total physical memory with 853864K free physical memory)

OOME stack traces (most recent first):
Classloader memory used:
Loader jdk.internal.loader.ClassLoaders$AppClassLoader                                 : 7058K
Loader bootstrap                                                                       : 1373K
Loader java.net.URLClassLoader                                                         : 56383B
Loader jdk.internal.reflect.DelegatingClassLoader                                      : 21006B


---------------  S Y S T E M  ---------------

OS:
 Windows 10 , 64 bit Build 19041 (10.0.19041.4957)
OS uptime: 0 days 6:47 hours
Hyper-V role detected

CPU: total 4 (initial active 4) (2 cores per cpu, 2 threads per core) family 6 model 142 stepping 9 microcode 0xf6, cx8, cmov, fxsr, ht, mmx, 3dnowpref, sse, sse2, sse3, ssse3, sse4.1, sse4.2, popcnt, lzcnt, tsc, tscinvbit, avx, avx2, aes, erms, clmul, bmi1, bmi2, rtm, adx, fma, vzeroupper, clflush, clflushopt, hv
Processor Information for all 4 processors :
  Max Mhz: 2901, Current Mhz: 2901, Mhz Limit: 2901

Memory: 4k page, system-wide physical 8073M (834M free)
TotalPageFile size 12073M (AvailPageFile size 9M)
current process WorkingSet (physical memory assigned to process): 343M, peak: 346M
current process commit charge ("private bytes"): 371M, peak: 376M

vm_info: OpenJDK 64-Bit Server VM (17.0.11+0--11852314) for windows-amd64 JRE (17.0.11+0--11852314), built on May 16 2024 21:29:20 by "androidbuild" with MS VC++ 16.10 / 16.11 (VS2019)

END.
