#
# There is insufficient memory for the Java Runtime Environment to continue.
# Native memory allocation (mmap) failed to map 72351744 bytes. Error detail: G1 virtual space
# Possible reasons:
#   The system is out of physical RAM or swap space
#   This process is running with CompressedOops enabled, and the Java Heap may be blocking the growth of the native heap
# Possible solutions:
#   Reduce memory load on the system
#   Increase physical memory or swap space
#   Check if swap backing store is full
#   Decrease Java heap size (-Xmx/-Xms)
#   Decrease number of Java threads
#   Decrease Java thread stack sizes (-Xss)
#   Set larger code cache with -XX:ReservedCodeCacheSize=
#   JVM is running with Unscaled Compressed Oops mode in which the Java heap is
#     placed in the first 4GB address space. The Java Heap base address is the
#     maximum limit for the native heap growth. Please use -XX:HeapBaseMinAddress
#     to set the Java Heap base and to place the Java Heap above 4GB virtual address.
# This output file may be truncated or incomplete.
#
#  Out of Memory Error (os_windows.cpp:3825), pid=13772, tid=3080
#
# JRE version: OpenJDK Runtime Environment (17.0.11) (build 17.0.11+0--11852314)
# Java VM: OpenJDK 64-Bit Server VM (17.0.11+0--11852314, mixed mode, tiered, compressed oops, compressed class ptrs, g1 gc, windows-amd64)
# No core dump will be written. Minidumps are not enabled by default on client versions of Windows
#

---------------  S U M M A R Y ------------

Command Line: org.jetbrains.kotlin.cli.jvm.K2JVMCompiler @D:\android\Android Project\fundflow_mobile\app\build\20241101_5143802814386963850.compiler.options

Host: Intel(R) Core(TM) i7-7600U CPU @ 2.80GHz, 4 cores, 7G,  Windows 10 , 64 bit Build 19041 (10.0.19041.4957)
Time: Fri Nov  1 09:33:13 2024 SE Asia Standard Time elapsed time: 5.784922 seconds (0d 0h 0m 5s)

---------------  T H R E A D  ---------------

Current thread (0x000001a1c95ccef0):  VMThread "VM Thread" [stack: 0x0000006ff5500000,0x0000006ff5600000] [id=3080]

Stack: [0x0000006ff5500000,0x0000006ff5600000]
Native frames: (J=compiled Java code, j=interpreted, Vv=VM code, C=native code)
V  [jvm.dll+0x687bb9]
V  [jvm.dll+0x84142a]
V  [jvm.dll+0x8430ae]
V  [jvm.dll+0x843713]
V  [jvm.dll+0x24a35f]
V  [jvm.dll+0x684989]
V  [jvm.dll+0x67923a]
V  [jvm.dll+0x30af0b]
V  [jvm.dll+0x3123b6]
V  [jvm.dll+0x361dfe]
V  [jvm.dll+0x36202f]
V  [jvm.dll+0x2e0d38]
V  [jvm.dll+0x2df144]
V  [jvm.dll+0x2de74c]
V  [jvm.dll+0x32305b]
V  [jvm.dll+0x847e0b]
V  [jvm.dll+0x848b42]
V  [jvm.dll+0x84905d]
V  [jvm.dll+0x849434]
V  [jvm.dll+0x849500]
V  [jvm.dll+0x7efa4a]
V  [jvm.dll+0x686a35]
C  [ucrtbase.dll+0x21bb2]
C  [KERNEL32.DLL+0x17374]
C  [ntdll.dll+0x4cc91]

VM_Operation (0x0000006ff4ffdad0): G1CollectForAllocation, mode: safepoint, requested by thread 0x000001a1b00cd7c0


---------------  P R O C E S S  ---------------

Threads class SMR info:
_java_thread_list=0x000001a1c98c3ec0, length=13, elements={
0x000001a1b00cd7c0, 0x000001a1c960b260, 0x000001a1c960bff0, 0x000001a1c95f2600,
0x000001a1c95f3fe0, 0x000001a1c95f68c0, 0x000001a1c95f7190, 0x000001a1c976e8d0,
0x000001a1c976f1e0, 0x000001a1c9771b00, 0x000001a1c98dab30, 0x000001a1c98e7690,
0x000001a1c9a010f0
}

Java Threads: ( => current thread )
  0x000001a1b00cd7c0 JavaThread "main" [_thread_blocked, id=9648, stack(0x0000006ff4f00000,0x0000006ff5000000)]
  0x000001a1c960b260 JavaThread "Reference Handler" daemon [_thread_blocked, id=9968, stack(0x0000006ff5600000,0x0000006ff5700000)]
  0x000001a1c960bff0 JavaThread "Finalizer" daemon [_thread_blocked, id=19368, stack(0x0000006ff5700000,0x0000006ff5800000)]
  0x000001a1c95f2600 JavaThread "Signal Dispatcher" daemon [_thread_blocked, id=10436, stack(0x0000006ff5800000,0x0000006ff5900000)]
  0x000001a1c95f3fe0 JavaThread "Attach Listener" daemon [_thread_blocked, id=7604, stack(0x0000006ff5900000,0x0000006ff5a00000)]
  0x000001a1c95f68c0 JavaThread "Service Thread" daemon [_thread_blocked, id=7364, stack(0x0000006ff5a00000,0x0000006ff5b00000)]
  0x000001a1c95f7190 JavaThread "Monitor Deflation Thread" daemon [_thread_blocked, id=13232, stack(0x0000006ff5b00000,0x0000006ff5c00000)]
  0x000001a1c976e8d0 JavaThread "C2 CompilerThread0" daemon [_thread_blocked, id=9376, stack(0x0000006ff5c00000,0x0000006ff5d00000)]
  0x000001a1c976f1e0 JavaThread "C1 CompilerThread0" daemon [_thread_blocked, id=9248, stack(0x0000006ff5d00000,0x0000006ff5e00000)]
  0x000001a1c9771b00 JavaThread "Sweeper thread" daemon [_thread_blocked, id=15108, stack(0x0000006ff5e00000,0x0000006ff5f00000)]
  0x000001a1c98dab30 JavaThread "Notification Thread" daemon [_thread_blocked, id=14464, stack(0x0000006ff5f00000,0x0000006ff6000000)]
  0x000001a1c98e7690 JavaThread "Common-Cleaner" daemon [_thread_blocked, id=16900, stack(0x0000006ff6100000,0x0000006ff6200000)]
  0x000001a1c9a010f0 JavaThread "C2 CompilerThread1" daemon [_thread_blocked, id=16472, stack(0x0000006ff6200000,0x0000006ff6300000)]

Other Threads:
=>0x000001a1c95ccef0 VMThread "VM Thread" [stack: 0x0000006ff5500000,0x0000006ff5600000] [id=3080]
  0x000001a1c956f750 WatcherThread [stack: 0x0000006ff6000000,0x0000006ff6100000] [id=16564]
  0x000001a1b0128d10 GCTaskThread "GC Thread#0" [stack: 0x0000006ff5000000,0x0000006ff5100000] [id=18212]
  0x000001a1ce16eae0 GCTaskThread "GC Thread#1" [stack: 0x0000006ff6300000,0x0000006ff6400000] [id=3432]
  0x000001a1ce16e3a0 GCTaskThread "GC Thread#2" [stack: 0x0000006ff6400000,0x0000006ff6500000] [id=5792]
  0x000001a1ce184c60 GCTaskThread "GC Thread#3" [stack: 0x0000006ff6500000,0x0000006ff6600000] [id=18504]
  0x000001a1b013a800 ConcurrentGCThread "G1 Main Marker" [stack: 0x0000006ff5100000,0x0000006ff5200000] [id=15524]
  0x000001a1b013b8d0 ConcurrentGCThread "G1 Conc#0" [stack: 0x0000006ff5200000,0x0000006ff5300000] [id=17944]
  0x000001a1c94340c0 ConcurrentGCThread "G1 Refine#0" [stack: 0x0000006ff5300000,0x0000006ff5400000] [id=15116]
  0x000001a1d0327d20 ConcurrentGCThread "G1 Refine#1" [stack: 0x0000006ff6600000,0x0000006ff6700000] [id=15804]
  0x000001a1c94367b0 ConcurrentGCThread "G1 Service" [stack: 0x0000006ff5400000,0x0000006ff5500000] [id=18764]

Threads with active compile tasks:
C2 CompilerThread0     5802 7046       4       org.jetbrains.kotlin.resolve.OverrideResolver$Companion::collectOverriddenDeclarations (105 bytes)
C2 CompilerThread1     5802 7043       4       org.jetbrains.kotlin.com.intellij.util.containers.ContainerUtil::flatten (125 bytes)

VM state: at safepoint (normal execution)

VM Mutex/Monitor currently owned by a thread:  ([mutex/lock_event])
[0x000001a1b00c9ad0] Threads_lock - owner thread: 0x000001a1c95ccef0
[0x000001a1b00c8720] Heap_lock - owner thread: 0x000001a1b00cd7c0

Heap address: 0x0000000081c00000, size: 2020 MB, Compressed Oops mode: 32-bit

CDS archive(s) not mapped
Compressed class space mapped at: 0x0000000100000000-0x0000000140000000, reserved size: 1073741824
Narrow klass base: 0x0000000000000000, Narrow klass shift: 3, Narrow klass range: 0x140000000

GC Precious Log:
 CPUs: 4 total, 4 available
 Memory: 8073M
 Large Page Support: Disabled
 NUMA Support: Disabled
 Compressed Oops: Enabled (32-bit)
 Heap Region Size: 1M
 Heap Min Capacity: 8M
 Heap Initial Capacity: 128M
 Heap Max Capacity: 2020M
 Pre-touch: Disabled
 Parallel Workers: 4
 Concurrent Workers: 1
 Concurrent Refinement Workers: 4
 Periodic GC: Disabled

Heap:
 garbage-first heap   total 132096K, used 56701K [0x0000000081c00000, 0x0000000100000000)
  region size 1024K, 1 young (1024K), 1 survivors (1024K)
 Metaspace       used 57364K, committed 57664K, reserved 1114112K
  class space    used 6724K, committed 6848K, reserved 1048576K

Heap Regions: E=young(eden), S=young(survivor), O=old, HS=humongous(starts), HC=humongous(continues), CS=collection set, F=free, OA=open archive, CA=closed archive, TAMS=top-at-mark-start (previous, next)
|   0|0x0000000081c00000, 0x0000000081d00000, 0x0000000081d00000|100%|HS|  |TAMS 0x0000000081d00000, 0x0000000081d00000| Complete 
|   1|0x0000000081d00000, 0x0000000081e00000, 0x0000000081e00000|100%|HC|  |TAMS 0x0000000081e00000, 0x0000000081e00000| Complete 
|   2|0x0000000081e00000, 0x0000000081f00000, 0x0000000081f00000|100%|HC|  |TAMS 0x0000000081f00000, 0x0000000081f00000| Complete 
|   3|0x0000000081f00000, 0x0000000082000000, 0x0000000082000000|100%|HC|  |TAMS 0x0000000082000000, 0x0000000082000000| Complete 
|   4|0x0000000082000000, 0x00000000820f2a00, 0x0000000082100000| 94%| O|  |TAMS 0x00000000820f2a00, 0x00000000820f2a00| Untracked 
|   5|0x0000000082100000, 0x0000000082200000, 0x0000000082200000|100%| O|  |TAMS 0x0000000082200000, 0x0000000082200000| Untracked 
|   6|0x0000000082200000, 0x0000000082300000, 0x0000000082300000|100%| O|  |TAMS 0x0000000082300000, 0x0000000082300000| Untracked 
|   7|0x0000000082300000, 0x0000000082400000, 0x0000000082400000|100%| O|  |TAMS 0x0000000082400000, 0x0000000082400000| Untracked 
|   8|0x0000000082400000, 0x0000000082500000, 0x0000000082500000|100%| O|  |TAMS 0x0000000082500000, 0x0000000082500000| Untracked 
|   9|0x0000000082500000, 0x0000000082600000, 0x0000000082600000|100%| O|  |TAMS 0x0000000082600000, 0x0000000082600000| Untracked 
|  10|0x0000000082600000, 0x0000000082700000, 0x0000000082700000|100%| O|  |TAMS 0x0000000082700000, 0x0000000082700000| Untracked 
|  11|0x0000000082700000, 0x0000000082800000, 0x0000000082800000|100%| O|  |TAMS 0x0000000082800000, 0x0000000082800000| Untracked 
|  12|0x0000000082800000, 0x0000000082900000, 0x0000000082900000|100%| O|  |TAMS 0x0000000082900000, 0x0000000082900000| Untracked 
|  13|0x0000000082900000, 0x0000000082a00000, 0x0000000082a00000|100%| O|  |TAMS 0x0000000082a00000, 0x0000000082a00000| Untracked 
|  14|0x0000000082a00000, 0x0000000082b00000, 0x0000000082b00000|100%| O|  |TAMS 0x0000000082b00000, 0x0000000082b00000| Untracked 
|  15|0x0000000082b00000, 0x0000000082c00000, 0x0000000082c00000|100%| O|  |TAMS 0x0000000082b00000, 0x0000000082c00000| Untracked 
|  16|0x0000000082c00000, 0x0000000082d00000, 0x0000000082d00000|100%| O|  |TAMS 0x0000000082d00000, 0x0000000082d00000| Untracked 
|  17|0x0000000082d00000, 0x0000000082e00000, 0x0000000082e00000|100%| O|  |TAMS 0x0000000082e00000, 0x0000000082e00000| Untracked 
|  18|0x0000000082e00000, 0x0000000082f00000, 0x0000000082f00000|100%| O|  |TAMS 0x0000000082f00000, 0x0000000082f00000| Untracked 
|  19|0x0000000082f00000, 0x0000000083000000, 0x0000000083000000|100%| O|  |TAMS 0x0000000083000000, 0x0000000083000000| Untracked 
|  20|0x0000000083000000, 0x0000000083100000, 0x0000000083100000|100%| O|  |TAMS 0x0000000083100000, 0x0000000083100000| Untracked 
|  21|0x0000000083100000, 0x0000000083200000, 0x0000000083200000|100%| O|  |TAMS 0x0000000083200000, 0x0000000083200000| Untracked 
|  22|0x0000000083200000, 0x0000000083300000, 0x0000000083300000|100%|HS|  |TAMS 0x0000000083300000, 0x0000000083300000| Complete 
|  23|0x0000000083300000, 0x0000000083400000, 0x0000000083400000|100%|HC|  |TAMS 0x0000000083400000, 0x0000000083400000| Complete 
|  24|0x0000000083400000, 0x0000000083500000, 0x0000000083500000|100%| O|  |TAMS 0x0000000083500000, 0x0000000083500000| Untracked 
|  25|0x0000000083500000, 0x0000000083600000, 0x0000000083600000|100%| O|  |TAMS 0x0000000083600000, 0x0000000083600000| Untracked 
|  26|0x0000000083600000, 0x0000000083700000, 0x0000000083700000|100%| O|  |TAMS 0x0000000083700000, 0x0000000083700000| Untracked 
|  27|0x0000000083700000, 0x0000000083800000, 0x0000000083800000|100%| O|  |TAMS 0x0000000083800000, 0x0000000083800000| Untracked 
|  28|0x0000000083800000, 0x0000000083900000, 0x0000000083900000|100%| O|  |TAMS 0x0000000083900000, 0x0000000083900000| Untracked 
|  29|0x0000000083900000, 0x0000000083a00000, 0x0000000083a00000|100%| O|  |TAMS 0x0000000083a00000, 0x0000000083a00000| Untracked 
|  30|0x0000000083a00000, 0x0000000083b00000, 0x0000000083b00000|100%| O|  |TAMS 0x0000000083a24600, 0x0000000083b00000| Untracked 
|  31|0x0000000083b00000, 0x0000000083c00000, 0x0000000083c00000|100%| O|  |TAMS 0x0000000083b00000, 0x0000000083c00000| Untracked 
|  32|0x0000000083c00000, 0x0000000083d00000, 0x0000000083d00000|100%| O|  |TAMS 0x0000000083c00000, 0x0000000083d00000| Untracked 
|  33|0x0000000083d00000, 0x0000000083e00000, 0x0000000083e00000|100%| O|  |TAMS 0x0000000083d00000, 0x0000000083e00000| Untracked 
|  34|0x0000000083e00000, 0x0000000083f00000, 0x0000000083f00000|100%| O|  |TAMS 0x0000000083e00000, 0x0000000083f00000| Untracked 
|  35|0x0000000083f00000, 0x0000000084000000, 0x0000000084000000|100%| O|  |TAMS 0x0000000083f00000, 0x0000000084000000| Untracked 
|  36|0x0000000084000000, 0x0000000084100000, 0x0000000084100000|100%| O|  |TAMS 0x0000000084000000, 0x0000000084100000| Untracked 
|  37|0x0000000084100000, 0x0000000084200000, 0x0000000084200000|100%| O|  |TAMS 0x0000000084100000, 0x0000000084200000| Untracked 
|  38|0x0000000084200000, 0x0000000084300000, 0x0000000084300000|100%| O|  |TAMS 0x0000000084200000, 0x0000000084300000| Untracked 
|  39|0x0000000084300000, 0x0000000084400000, 0x0000000084400000|100%| O|  |TAMS 0x0000000084300000, 0x0000000084400000| Untracked 
|  40|0x0000000084400000, 0x0000000084500000, 0x0000000084500000|100%| O|  |TAMS 0x0000000084400000, 0x0000000084500000| Untracked 
|  41|0x0000000084500000, 0x0000000084600000, 0x0000000084600000|100%| O|  |TAMS 0x0000000084500000, 0x0000000084600000| Untracked 
|  42|0x0000000084600000, 0x0000000084700000, 0x0000000084700000|100%| O|  |TAMS 0x0000000084600000, 0x0000000084700000| Untracked 
|  43|0x0000000084700000, 0x0000000084800000, 0x0000000084800000|100%| O|  |TAMS 0x0000000084700000, 0x0000000084800000| Untracked 
|  44|0x0000000084800000, 0x0000000084900000, 0x0000000084900000|100%| O|  |TAMS 0x0000000084800000, 0x0000000084900000| Untracked 
|  45|0x0000000084900000, 0x0000000084a00000, 0x0000000084a00000|100%| O|  |TAMS 0x0000000084900000, 0x0000000084a00000| Untracked 
|  46|0x0000000084a00000, 0x0000000084b00000, 0x0000000084b00000|100%| O|  |TAMS 0x0000000084a00000, 0x0000000084a5de00| Untracked 
|  47|0x0000000084b00000, 0x0000000084c00000, 0x0000000084c00000|100%| O|  |TAMS 0x0000000084b00000, 0x0000000084b00000| Untracked 
|  48|0x0000000084c00000, 0x0000000084d00000, 0x0000000084d00000|100%| O|  |TAMS 0x0000000084c00000, 0x0000000084c00000| Untracked 
|  49|0x0000000084d00000, 0x0000000084e00000, 0x0000000084e00000|100%| O|  |TAMS 0x0000000084d00000, 0x0000000084d00000| Untracked 
|  50|0x0000000084e00000, 0x0000000084f00000, 0x0000000084f00000|100%| O|  |TAMS 0x0000000084e00000, 0x0000000084e00000| Untracked 
|  51|0x0000000084f00000, 0x0000000085000000, 0x0000000085000000|100%| O|  |TAMS 0x0000000084f00000, 0x0000000084f00000| Untracked 
|  52|0x0000000085000000, 0x0000000085100000, 0x0000000085100000|100%| O|  |TAMS 0x0000000085000000, 0x0000000085000000| Untracked 
|  53|0x0000000085100000, 0x00000000851d4e00, 0x0000000085200000| 83%| O|  |TAMS 0x0000000085100000, 0x0000000085100000| Untracked 
|  54|0x0000000085200000, 0x0000000085200000, 0x0000000085300000|  0%| F|  |TAMS 0x0000000085200000, 0x0000000085200000| Untracked 
|  55|0x0000000085300000, 0x0000000085300000, 0x0000000085400000|  0%| F|  |TAMS 0x0000000085300000, 0x0000000085300000| Untracked 
|  56|0x0000000085400000, 0x0000000085400000, 0x0000000085500000|  0%| F|  |TAMS 0x0000000085400000, 0x0000000085400000| Untracked 
|  57|0x0000000085500000, 0x0000000085500000, 0x0000000085600000|  0%| F|  |TAMS 0x0000000085500000, 0x0000000085500000| Untracked 
|  58|0x0000000085600000, 0x0000000085600000, 0x0000000085700000|  0%| F|  |TAMS 0x0000000085600000, 0x0000000085600000| Untracked 
|  59|0x0000000085700000, 0x0000000085700000, 0x0000000085800000|  0%| F|  |TAMS 0x0000000085700000, 0x0000000085700000| Untracked 
|  60|0x0000000085800000, 0x0000000085800000, 0x0000000085900000|  0%| F|  |TAMS 0x0000000085800000, 0x0000000085800000| Untracked 
|  61|0x0000000085900000, 0x0000000085900000, 0x0000000085a00000|  0%| F|  |TAMS 0x0000000085900000, 0x0000000085900000| Untracked 
|  62|0x0000000085a00000, 0x0000000085a00000, 0x0000000085b00000|  0%| F|  |TAMS 0x0000000085a00000, 0x0000000085a00000| Untracked 
|  63|0x0000000085b00000, 0x0000000085b00000, 0x0000000085c00000|  0%| F|  |TAMS 0x0000000085b00000, 0x0000000085b00000| Untracked 
|  64|0x0000000085c00000, 0x0000000085c00000, 0x0000000085d00000|  0%| F|  |TAMS 0x0000000085c00000, 0x0000000085c00000| Untracked 
|  65|0x0000000085d00000, 0x0000000085d00000, 0x0000000085e00000|  0%| F|  |TAMS 0x0000000085d00000, 0x0000000085d00000| Untracked 
|  66|0x0000000085e00000, 0x0000000085e00000, 0x0000000085f00000|  0%| F|  |TAMS 0x0000000085e00000, 0x0000000085e00000| Untracked 
|  67|0x0000000085f00000, 0x0000000085f00000, 0x0000000086000000|  0%| F|  |TAMS 0x0000000085f00000, 0x0000000085f00000| Untracked 
|  68|0x0000000086000000, 0x0000000086000000, 0x0000000086100000|  0%| F|  |TAMS 0x0000000086000000, 0x0000000086000000| Untracked 
|  69|0x0000000086100000, 0x0000000086100000, 0x0000000086200000|  0%| F|  |TAMS 0x0000000086100000, 0x0000000086100000| Untracked 
|  70|0x0000000086200000, 0x0000000086200000, 0x0000000086300000|  0%| F|  |TAMS 0x0000000086200000, 0x0000000086200000| Untracked 
|  71|0x0000000086300000, 0x0000000086300000, 0x0000000086400000|  0%| F|  |TAMS 0x0000000086300000, 0x0000000086300000| Untracked 
|  72|0x0000000086400000, 0x0000000086400000, 0x0000000086500000|  0%| F|  |TAMS 0x0000000086400000, 0x0000000086400000| Untracked 
|  73|0x0000000086500000, 0x0000000086500000, 0x0000000086600000|  0%| F|  |TAMS 0x0000000086500000, 0x0000000086500000| Untracked 
|  74|0x0000000086600000, 0x0000000086697c20, 0x0000000086700000| 59%| S|CS|TAMS 0x0000000086600000, 0x0000000086600000| Complete 
|  75|0x0000000086700000, 0x0000000086700000, 0x0000000086800000|  0%| F|  |TAMS 0x0000000086700000, 0x0000000086700000| Untracked 
|  76|0x0000000086800000, 0x0000000086800000, 0x0000000086900000|  0%| F|  |TAMS 0x0000000086800000, 0x0000000086800000| Untracked 
|  77|0x0000000086900000, 0x0000000086900000, 0x0000000086a00000|  0%| F|  |TAMS 0x0000000086900000, 0x0000000086900000| Untracked 
|  78|0x0000000086a00000, 0x0000000086a00000, 0x0000000086b00000|  0%| F|  |TAMS 0x0000000086a00000, 0x0000000086a00000| Untracked 
|  79|0x0000000086b00000, 0x0000000086b00000, 0x0000000086c00000|  0%| F|  |TAMS 0x0000000086b00000, 0x0000000086b00000| Untracked 
|  80|0x0000000086c00000, 0x0000000086c00000, 0x0000000086d00000|  0%| F|  |TAMS 0x0000000086c00000, 0x0000000086c00000| Untracked 
|  81|0x0000000086d00000, 0x0000000086d00000, 0x0000000086e00000|  0%| F|  |TAMS 0x0000000086d00000, 0x0000000086d00000| Untracked 
|  82|0x0000000086e00000, 0x0000000086e00000, 0x0000000086f00000|  0%| F|  |TAMS 0x0000000086e00000, 0x0000000086e00000| Untracked 
|  83|0x0000000086f00000, 0x0000000086f00000, 0x0000000087000000|  0%| F|  |TAMS 0x0000000086f00000, 0x0000000086f00000| Untracked 
|  84|0x0000000087000000, 0x0000000087000000, 0x0000000087100000|  0%| F|  |TAMS 0x0000000087000000, 0x0000000087000000| Untracked 
|  85|0x0000000087100000, 0x0000000087100000, 0x0000000087200000|  0%| F|  |TAMS 0x0000000087100000, 0x0000000087100000| Untracked 
|  86|0x0000000087200000, 0x0000000087200000, 0x0000000087300000|  0%| F|  |TAMS 0x0000000087200000, 0x0000000087200000| Untracked 
|  87|0x0000000087300000, 0x0000000087300000, 0x0000000087400000|  0%| F|  |TAMS 0x0000000087300000, 0x0000000087300000| Untracked 
|  88|0x0000000087400000, 0x0000000087400000, 0x0000000087500000|  0%| F|  |TAMS 0x0000000087400000, 0x0000000087400000| Untracked 
|  89|0x0000000087500000, 0x0000000087500000, 0x0000000087600000|  0%| F|  |TAMS 0x0000000087500000, 0x0000000087500000| Untracked 
|  90|0x0000000087600000, 0x0000000087600000, 0x0000000087700000|  0%| F|  |TAMS 0x0000000087600000, 0x0000000087600000| Untracked 
|  91|0x0000000087700000, 0x0000000087700000, 0x0000000087800000|  0%| F|  |TAMS 0x0000000087700000, 0x0000000087700000| Untracked 
|  92|0x0000000087800000, 0x0000000087800000, 0x0000000087900000|  0%| F|  |TAMS 0x0000000087800000, 0x0000000087800000| Untracked 
|  93|0x0000000087900000, 0x0000000087900000, 0x0000000087a00000|  0%| F|  |TAMS 0x0000000087900000, 0x0000000087900000| Untracked 
|  94|0x0000000087a00000, 0x0000000087a00000, 0x0000000087b00000|  0%| F|  |TAMS 0x0000000087a00000, 0x0000000087a00000| Untracked 
|  95|0x0000000087b00000, 0x0000000087b00000, 0x0000000087c00000|  0%| F|  |TAMS 0x0000000087b00000, 0x0000000087b00000| Untracked 
|  96|0x0000000087c00000, 0x0000000087c00000, 0x0000000087d00000|  0%| F|  |TAMS 0x0000000087c00000, 0x0000000087c00000| Untracked 
|  97|0x0000000087d00000, 0x0000000087d00000, 0x0000000087e00000|  0%| F|  |TAMS 0x0000000087d00000, 0x0000000087d00000| Untracked 
|  98|0x0000000087e00000, 0x0000000087e00000, 0x0000000087f00000|  0%| F|  |TAMS 0x0000000087e00000, 0x0000000087e00000| Untracked 
|  99|0x0000000087f00000, 0x0000000087f00000, 0x0000000088000000|  0%| F|  |TAMS 0x0000000087f00000, 0x0000000087f00000| Untracked 
| 100|0x0000000088000000, 0x0000000088000000, 0x0000000088100000|  0%| F|  |TAMS 0x0000000088000000, 0x0000000088000000| Untracked 
| 101|0x0000000088100000, 0x0000000088100000, 0x0000000088200000|  0%| F|  |TAMS 0x0000000088100000, 0x0000000088100000| Untracked 
| 102|0x0000000088200000, 0x0000000088200000, 0x0000000088300000|  0%| F|  |TAMS 0x0000000088200000, 0x0000000088200000| Untracked 
| 103|0x0000000088300000, 0x0000000088300000, 0x0000000088400000|  0%| F|  |TAMS 0x0000000088300000, 0x0000000088300000| Untracked 
| 104|0x0000000088400000, 0x0000000088400000, 0x0000000088500000|  0%| F|  |TAMS 0x0000000088400000, 0x0000000088400000| Untracked 
| 105|0x0000000088500000, 0x0000000088500000, 0x0000000088600000|  0%| F|  |TAMS 0x0000000088500000, 0x0000000088500000| Untracked 
| 106|0x0000000088600000, 0x0000000088600000, 0x0000000088700000|  0%| F|  |TAMS 0x0000000088600000, 0x0000000088600000| Untracked 
| 107|0x0000000088700000, 0x0000000088700000, 0x0000000088800000|  0%| F|  |TAMS 0x0000000088700000, 0x0000000088700000| Untracked 
| 108|0x0000000088800000, 0x0000000088800000, 0x0000000088900000|  0%| F|  |TAMS 0x0000000088800000, 0x0000000088800000| Untracked 
| 109|0x0000000088900000, 0x0000000088900000, 0x0000000088a00000|  0%| F|  |TAMS 0x0000000088900000, 0x0000000088900000| Untracked 
| 110|0x0000000088a00000, 0x0000000088a00000, 0x0000000088b00000|  0%| F|  |TAMS 0x0000000088a00000, 0x0000000088a00000| Untracked 
| 111|0x0000000088b00000, 0x0000000088b00000, 0x0000000088c00000|  0%| F|  |TAMS 0x0000000088b00000, 0x0000000088b00000| Untracked 
| 112|0x0000000088c00000, 0x0000000088c00000, 0x0000000088d00000|  0%| F|  |TAMS 0x0000000088c00000, 0x0000000088c00000| Untracked 
| 113|0x0000000088d00000, 0x0000000088d00000, 0x0000000088e00000|  0%| F|  |TAMS 0x0000000088d00000, 0x0000000088d00000| Untracked 
| 114|0x0000000088e00000, 0x0000000088e00000, 0x0000000088f00000|  0%| F|  |TAMS 0x0000000088e00000, 0x0000000088e00000| Untracked 
| 115|0x0000000088f00000, 0x0000000088f00000, 0x0000000089000000|  0%| F|  |TAMS 0x0000000088f00000, 0x0000000088f00000| Untracked 
| 116|0x0000000089000000, 0x0000000089000000, 0x0000000089100000|  0%| F|  |TAMS 0x0000000089000000, 0x0000000089000000| Untracked 
| 117|0x0000000089100000, 0x0000000089100000, 0x0000000089200000|  0%| F|  |TAMS 0x0000000089100000, 0x0000000089100000| Untracked 
| 118|0x0000000089200000, 0x0000000089200000, 0x0000000089300000|  0%| F|  |TAMS 0x0000000089200000, 0x0000000089200000| Untracked 
| 119|0x0000000089300000, 0x0000000089300000, 0x0000000089400000|  0%| F|  |TAMS 0x0000000089300000, 0x0000000089300000| Untracked 
| 120|0x0000000089400000, 0x0000000089400000, 0x0000000089500000|  0%| F|  |TAMS 0x0000000089400000, 0x0000000089400000| Untracked 
| 121|0x0000000089500000, 0x0000000089500000, 0x0000000089600000|  0%| F|  |TAMS 0x0000000089500000, 0x0000000089500000| Untracked 
| 122|0x0000000089600000, 0x0000000089600000, 0x0000000089700000|  0%| F|  |TAMS 0x0000000089600000, 0x0000000089600000| Untracked 
| 123|0x0000000089700000, 0x0000000089700000, 0x0000000089800000|  0%| F|  |TAMS 0x0000000089700000, 0x0000000089700000| Untracked 
| 124|0x0000000089800000, 0x0000000089800000, 0x0000000089900000|  0%| F|  |TAMS 0x0000000089800000, 0x0000000089800000| Untracked 
| 125|0x0000000089900000, 0x0000000089900000, 0x0000000089a00000|  0%| F|  |TAMS 0x0000000089900000, 0x0000000089900000| Untracked 
| 126|0x0000000089a00000, 0x0000000089a00000, 0x0000000089b00000|  0%| F|  |TAMS 0x0000000089a00000, 0x0000000089a00000| Untracked 
| 127|0x0000000089b00000, 0x0000000089b00000, 0x0000000089c00000|  0%| F|  |TAMS 0x0000000089b00000, 0x0000000089b00000| Untracked 
|2019|0x00000000fff00000, 0x0000000100000000, 0x0000000100000000|100%| O|  |TAMS 0x0000000100000000, 0x0000000100000000| Untracked 

Card table byte_map: [0x000001a1c29b0000,0x000001a1c2db0000] _byte_map_base: 0x000001a1c25a2000

Marking Bits (Prev, Next): (CMBitMap*) 0x000001a1b012a290, (CMBitMap*) 0x000001a1b012a250
 Prev Bits: [0x000001a1c5140000, 0x000001a1c70d0000)
 Next Bits: [0x000001a1c31b0000, 0x000001a1c5140000)

Polling page: 0x000001a1ae210000

Metaspace:

Usage:
  Non-class:     49.45 MB used.
      Class:      6.57 MB used.
       Both:     56.02 MB used.

Virtual space:
  Non-class space:       64.00 MB reserved,      49.62 MB ( 78%) committed,  1 nodes.
      Class space:        1.00 GB reserved,       6.69 MB ( <1%) committed,  1 nodes.
             Both:        1.06 GB reserved,      56.31 MB (  5%) committed. 

Chunk freelists:
   Non-Class:  14.22 MB
       Class:  9.30 MB
        Both:  23.52 MB

MaxMetaspaceSize: unlimited
CompressedClassSpaceSize: 1.00 GB
Initial GC threshold: 21.00 MB
Current GC threshold: 89.62 MB
CDS: off
MetaspaceReclaimPolicy: balanced
 - commit_granule_bytes: 65536.
 - commit_granule_words: 8192.
 - virtual_space_node_default_size: 8388608.
 - enlarge_chunks_in_place: 1.
 - new_chunks_are_fully_committed: 0.
 - uncommit_free_chunks: 1.
 - use_allocation_guard: 0.
 - handle_deallocations: 1.


Internal statistics:

num_allocs_failed_limit: 6.
num_arena_births: 242.
num_arena_deaths: 0.
num_vsnodes_births: 2.
num_vsnodes_deaths: 0.
num_space_committed: 899.
num_space_uncommitted: 0.
num_chunks_returned_to_freelist: 6.
num_chunks_taken_from_freelist: 2002.
num_chunk_merges: 6.
num_chunk_splits: 1629.
num_chunks_enlarged: 1442.
num_inconsistent_stats: 0.

CodeHeap 'non-profiled nmethods': size=120000Kb used=2794Kb max_used=2844Kb free=117206Kb
 bounds [0x000001a1bb080000, 0x000001a1bb360000, 0x000001a1c25b0000]
CodeHeap 'profiled nmethods': size=120000Kb used=13816Kb max_used=13816Kb free=106183Kb
 bounds [0x000001a1b35b0000, 0x000001a1b4340000, 0x000001a1baae0000]
CodeHeap 'non-nmethods': size=5760Kb used=1285Kb max_used=1379Kb free=4474Kb
 bounds [0x000001a1baae0000, 0x000001a1bad50000, 0x000001a1bb080000]
 total_blobs=6710 nmethods=6114 adapters=507
 compilation: enabled
              stopped_count=0, restarted_count=0
 full_count=0

Compilation events (20 events):
Event: 5.737 Thread 0x000001a1c9a010f0 nmethod 7036 0x000001a1bb287190 code [0x000001a1bb287320, 0x000001a1bb2873f8]
Event: 5.737 Thread 0x000001a1c9a010f0 7037       4       org.jetbrains.kotlin.resolve.OverridingUtil::filterOutOverridden (61 bytes)
Event: 5.737 Thread 0x000001a1c976e8d0 nmethod 7034 0x000001a1bb284d90 code [0x000001a1bb2850c0, 0x000001a1bb286370]
Event: 5.738 Thread 0x000001a1c976e8d0 7035       4       org.jetbrains.kotlin.resolve.DescriptorUtils::getContainingModule (62 bytes)
Event: 5.740 Thread 0x000001a1c976e8d0 nmethod 7035 0x000001a1bb284910 code [0x000001a1bb284aa0, 0x000001a1bb284c18]
Event: 5.740 Thread 0x000001a1c976e8d0 7032       4       java.util.LinkedHashMap::values (25 bytes)
Event: 5.741 Thread 0x000001a1c976e8d0 nmethod 7032 0x000001a1bb284490 code [0x000001a1bb284620, 0x000001a1bb2847f8]
Event: 5.741 Thread 0x000001a1c976e8d0 7038       4       org.jetbrains.kotlin.resolve.descriptorUtil.DescriptorUtilsKt::isTypeRefinementEnabled (50 bytes)
Event: 5.742 Thread 0x000001a1c976e8d0 nmethod 7038 0x000001a1bb284110 code [0x000001a1bb2842a0, 0x000001a1bb284358]
Event: 5.742 Thread 0x000001a1c976e8d0 7039       4       org.jetbrains.kotlin.resolve.OverridingUtil::filterOverrides (257 bytes)
Event: 5.743 Thread 0x000001a1c976e8d0 nmethod 7039 0x000001a1bb283c90 code [0x000001a1bb283e20, 0x000001a1bb283f38]
Event: 5.743 Thread 0x000001a1c976e8d0 7041       4       org.jetbrains.kotlin.resolve.lazy.descriptors.LazyClassDescriptor::getModality (22 bytes)
Event: 5.752 Thread 0x000001a1c976e8d0 nmethod 7041 0x000001a1bb2a9d10 code [0x000001a1bb2a9f00, 0x000001a1bb2aa7e8]
Event: 5.752 Thread 0x000001a1c976e8d0 7042       4       org.jetbrains.kotlin.resolve.OverrideResolver$Companion::isRelevant (70 bytes)
Event: 5.757 Thread 0x000001a1c9a010f0 nmethod 7037 0x000001a1bb2a8790 code [0x000001a1bb2a8980, 0x000001a1bb2a95b8]
Event: 5.757 Thread 0x000001a1c9a010f0 7043       4       org.jetbrains.kotlin.com.intellij.util.containers.ContainerUtil::flatten (125 bytes)
Event: 5.758 Thread 0x000001a1c976e8d0 nmethod 7042 0x000001a1bb2a7f90 code [0x000001a1bb2a8140, 0x000001a1bb2a83e8]
Event: 5.758 Thread 0x000001a1c976e8d0 7046       4       org.jetbrains.kotlin.resolve.OverrideResolver$Companion::collectOverriddenDeclarations (105 bytes)
Event: 5.771 Thread 0x000001a1c976f1e0 7051       2       java.util.AbstractCollection::containsAll (38 bytes)
Event: 5.771 Thread 0x000001a1c976f1e0 nmethod 7051 0x000001a1b3af2b90 code [0x000001a1b3af2d60, 0x000001a1b3af2fb8]

GC Heap History (20 events):
Event: 2.882 GC heap after
{Heap after GC invocations=13 (full 0):
 garbage-first heap   total 58368K, used 30420K [0x0000000081c00000, 0x0000000100000000)
  region size 1024K, 3 young (3072K), 3 survivors (3072K)
 Metaspace       used 48001K, committed 48192K, reserved 1114112K
  class space    used 5820K, committed 5888K, reserved 1048576K
}
Event: 3.029 GC heap before
{Heap before GC invocations=13 (full 0):
 garbage-first heap   total 58368K, used 37588K [0x0000000081c00000, 0x0000000100000000)
  region size 1024K, 12 young (12288K), 3 survivors (3072K)
 Metaspace       used 49981K, committed 50240K, reserved 1114112K
  class space    used 6067K, committed 6144K, reserved 1048576K
}
Event: 3.037 GC heap after
{Heap after GC invocations=14 (full 0):
 garbage-first heap   total 72704K, used 31720K [0x0000000081c00000, 0x0000000100000000)
  region size 1024K, 2 young (2048K), 2 survivors (2048K)
 Metaspace       used 49981K, committed 50240K, reserved 1114112K
  class space    used 6067K, committed 6144K, reserved 1048576K
}
Event: 3.154 GC heap before
{Heap before GC invocations=14 (full 0):
 garbage-first heap   total 72704K, used 52200K [0x0000000081c00000, 0x0000000100000000)
  region size 1024K, 22 young (22528K), 2 survivors (2048K)
 Metaspace       used 50115K, committed 50368K, reserved 1114112K
  class space    used 6067K, committed 6144K, reserved 1048576K
}
Event: 3.160 GC heap after
{Heap after GC invocations=15 (full 0):
 garbage-first heap   total 72704K, used 33043K [0x0000000081c00000, 0x0000000100000000)
  region size 1024K, 3 young (3072K), 3 survivors (3072K)
 Metaspace       used 50115K, committed 50368K, reserved 1114112K
  class space    used 6067K, committed 6144K, reserved 1048576K
}
Event: 3.605 GC heap before
{Heap before GC invocations=15 (full 0):
 garbage-first heap   total 72704K, used 52499K [0x0000000081c00000, 0x0000000100000000)
  region size 1024K, 23 young (23552K), 3 survivors (3072K)
 Metaspace       used 53523K, committed 53760K, reserved 1114112K
  class space    used 6441K, committed 6528K, reserved 1048576K
}
Event: 3.612 GC heap after
{Heap after GC invocations=16 (full 0):
 garbage-first heap   total 72704K, used 34908K [0x0000000081c00000, 0x0000000100000000)
  region size 1024K, 3 young (3072K), 3 survivors (3072K)
 Metaspace       used 53523K, committed 53760K, reserved 1114112K
  class space    used 6441K, committed 6528K, reserved 1048576K
}
Event: 3.911 GC heap before
{Heap before GC invocations=16 (full 0):
 garbage-first heap   total 72704K, used 54364K [0x0000000081c00000, 0x0000000100000000)
  region size 1024K, 22 young (22528K), 3 survivors (3072K)
 Metaspace       used 54781K, committed 55040K, reserved 1114112K
  class space    used 6567K, committed 6656K, reserved 1048576K
}
Event: 3.923 GC heap after
{Heap after GC invocations=17 (full 0):
 garbage-first heap   total 72704K, used 37984K [0x0000000081c00000, 0x0000000100000000)
  region size 1024K, 3 young (3072K), 3 survivors (3072K)
 Metaspace       used 54781K, committed 55040K, reserved 1114112K
  class space    used 6567K, committed 6656K, reserved 1048576K
}
Event: 4.181 GC heap before
{Heap before GC invocations=18 (full 0):
 garbage-first heap   total 72704K, used 55392K [0x0000000081c00000, 0x0000000100000000)
  region size 1024K, 20 young (20480K), 3 survivors (3072K)
 Metaspace       used 55115K, committed 55360K, reserved 1114112K
  class space    used 6601K, committed 6720K, reserved 1048576K
}
Event: 4.191 GC heap after
{Heap after GC invocations=19 (full 0):
 garbage-first heap   total 72704K, used 40956K [0x0000000081c00000, 0x0000000100000000)
  region size 1024K, 3 young (3072K), 3 survivors (3072K)
 Metaspace       used 55115K, committed 55360K, reserved 1114112K
  class space    used 6601K, committed 6720K, reserved 1048576K
}
Event: 4.199 GC heap before
{Heap before GC invocations=19 (full 0):
 garbage-first heap   total 72704K, used 41980K [0x0000000081c00000, 0x0000000100000000)
  region size 1024K, 4 young (4096K), 3 survivors (3072K)
 Metaspace       used 55116K, committed 55360K, reserved 1114112K
  class space    used 6601K, committed 6720K, reserved 1048576K
}
Event: 4.203 GC heap after
{Heap after GC invocations=20 (full 0):
 garbage-first heap   total 101376K, used 40670K [0x0000000081c00000, 0x0000000100000000)
  region size 1024K, 1 young (1024K), 1 survivors (1024K)
 Metaspace       used 55116K, committed 55360K, reserved 1114112K
  class space    used 6601K, committed 6720K, reserved 1048576K
}
Event: 5.031 GC heap before
{Heap before GC invocations=20 (full 0):
 garbage-first heap   total 101376K, used 73438K [0x0000000081c00000, 0x0000000100000000)
  region size 1024K, 33 young (33792K), 1 survivors (1024K)
 Metaspace       used 56691K, committed 56896K, reserved 1114112K
  class space    used 6682K, committed 6784K, reserved 1048576K
}
Event: 5.041 GC heap after
{Heap after GC invocations=21 (full 0):
 garbage-first heap   total 101376K, used 47050K [0x0000000081c00000, 0x0000000100000000)
  region size 1024K, 5 young (5120K), 5 survivors (5120K)
 Metaspace       used 56691K, committed 56896K, reserved 1114112K
  class space    used 6682K, committed 6784K, reserved 1048576K
}
Event: 5.406 GC heap before
{Heap before GC invocations=21 (full 0):
 garbage-first heap   total 101376K, used 74698K [0x0000000081c00000, 0x0000000100000000)
  region size 1024K, 32 young (32768K), 5 survivors (5120K)
 Metaspace       used 56990K, committed 57216K, reserved 1114112K
  class space    used 6690K, committed 6784K, reserved 1048576K
}
Event: 5.428 GC heap after
{Heap after GC invocations=22 (full 0):
 garbage-first heap   total 101376K, used 52546K [0x0000000081c00000, 0x0000000100000000)
  region size 1024K, 4 young (4096K), 4 survivors (4096K)
 Metaspace       used 56990K, committed 57216K, reserved 1114112K
  class space    used 6690K, committed 6784K, reserved 1048576K
}
Event: 5.704 GC heap before
{Heap before GC invocations=22 (full 0):
 garbage-first heap   total 101376K, used 77122K [0x0000000081c00000, 0x0000000100000000)
  region size 1024K, 28 young (28672K), 4 survivors (4096K)
 Metaspace       used 57360K, committed 57664K, reserved 1114112K
  class space    used 6724K, committed 6848K, reserved 1048576K
}
Event: 5.717 GC heap after
{Heap after GC invocations=23 (full 0):
 garbage-first heap   total 101376K, used 55968K [0x0000000081c00000, 0x0000000100000000)
  region size 1024K, 3 young (3072K), 3 survivors (3072K)
 Metaspace       used 57360K, committed 57664K, reserved 1114112K
  class space    used 6724K, committed 6848K, reserved 1048576K
}
Event: 5.777 GC heap before
{Heap before GC invocations=23 (full 0):
 garbage-first heap   total 101376K, used 79520K [0x0000000081c00000, 0x0000000100000000)
  region size 1024K, 26 young (26624K), 3 survivors (3072K)
 Metaspace       used 57364K, committed 57664K, reserved 1114112K
  class space    used 6724K, committed 6848K, reserved 1048576K
}

Dll operation events (2 events):
Event: 0.007 Loaded shared library D:\android\jbr\bin\java.dll
Event: 1.203 Loaded shared library D:\android\jbr\bin\verify.dll

Deoptimization events (20 events):
Event: 5.528 Thread 0x000001a1b00cd7c0 Uncommon trap: trap_request=0xffffff76 fr.pc=0x000001a1bb20f6bc relative=0x0000000000000d3c
Event: 5.528 Thread 0x000001a1b00cd7c0 Uncommon trap: reason=predicate action=maybe_recompile pc=0x000001a1bb20f6bc method=org.jetbrains.kotlin.descriptors.impl.FunctionDescriptorImpl.initialize(Lorg/jetbrains/kotlin/descriptors/ReceiverParameterDescriptor;Lorg/jetbrains/kotlin/descriptors/Rec
Event: 5.528 Thread 0x000001a1b00cd7c0 DEOPT PACKING pc=0x000001a1bb20f6bc sp=0x0000006ff4ffd7f0
Event: 5.528 Thread 0x000001a1b00cd7c0 DEOPT UNPACKING pc=0x000001a1bab369a3 sp=0x0000006ff4ffd720 mode 2
Event: 5.532 Thread 0x000001a1b00cd7c0 Uncommon trap: trap_request=0xffffff45 fr.pc=0x000001a1bb294a10 relative=0x00000000000006d0
Event: 5.532 Thread 0x000001a1b00cd7c0 Uncommon trap: reason=unstable_if action=reinterpret pc=0x000001a1bb294a10 method=java.lang.String.replace(CC)Ljava/lang/String; @ 2 c2
Event: 5.532 Thread 0x000001a1b00cd7c0 DEOPT PACKING pc=0x000001a1bb294a10 sp=0x0000006ff4ffd220
Event: 5.532 Thread 0x000001a1b00cd7c0 DEOPT UNPACKING pc=0x000001a1bab369a3 sp=0x0000006ff4ffd1d0 mode 2
Event: 5.536 Thread 0x000001a1b00cd7c0 Uncommon trap: trap_request=0xffffff45 fr.pc=0x000001a1bb333e48 relative=0x0000000000001068
Event: 5.536 Thread 0x000001a1b00cd7c0 Uncommon trap: reason=unstable_if action=reinterpret pc=0x000001a1bb333e48 method=org.jetbrains.kotlin.util.Checks.isApplicable(Lorg/jetbrains/kotlin/descriptors/FunctionDescriptor;)Z @ 26 c2
Event: 5.536 Thread 0x000001a1b00cd7c0 DEOPT PACKING pc=0x000001a1bb333e48 sp=0x0000006ff4ffd1f0
Event: 5.536 Thread 0x000001a1b00cd7c0 DEOPT UNPACKING pc=0x000001a1bab369a3 sp=0x0000006ff4ffd198 mode 2
Event: 5.536 Thread 0x000001a1b00cd7c0 Uncommon trap: trap_request=0xffffff45 fr.pc=0x000001a1bb0e6454 relative=0x0000000000000134
Event: 5.536 Thread 0x000001a1b00cd7c0 Uncommon trap: reason=unstable_if action=reinterpret pc=0x000001a1bb0e6454 method=org.jetbrains.kotlin.util.AbstractModifierChecks.check(Lorg/jetbrains/kotlin/descriptors/FunctionDescriptor;)Lorg/jetbrains/kotlin/util/CheckResult; @ 40 c2
Event: 5.536 Thread 0x000001a1b00cd7c0 DEOPT PACKING pc=0x000001a1bb0e6454 sp=0x0000006ff4ffd240
Event: 5.536 Thread 0x000001a1b00cd7c0 DEOPT UNPACKING pc=0x000001a1bab369a3 sp=0x0000006ff4ffd1d0 mode 2
Event: 5.622 Thread 0x000001a1b00cd7c0 Uncommon trap: trap_request=0xffffff45 fr.pc=0x000001a1bb16d4b8 relative=0x00000000000003d8
Event: 5.622 Thread 0x000001a1b00cd7c0 Uncommon trap: reason=unstable_if action=reinterpret pc=0x000001a1bb16d4b8 method=java.util.HashMap.getNode(Ljava/lang/Object;)Ljava/util/HashMap$Node; @ 131 c2
Event: 5.622 Thread 0x000001a1b00cd7c0 DEOPT PACKING pc=0x000001a1bb16d4b8 sp=0x0000006ff4ffd420
Event: 5.622 Thread 0x000001a1b00cd7c0 DEOPT UNPACKING pc=0x000001a1bab369a3 sp=0x0000006ff4ffd2c0 mode 2

Classes unloaded (0 events):
No events

Classes redefined (0 events):
No events

Internal exceptions (20 events):
Event: 1.274 Thread 0x000001a1b00cd7c0 Exception <a 'java/lang/NoSuchMethodError'{0x0000000082c8ec58}: 'java.lang.Object java.lang.invoke.Invokers$Holder.invokeExact_MT(java.lang.Object, java.lang.Object, java.lang.Object, java.lang.Object, java.lang.Object, java.lang.Object)'> (0x0000000082c8ec58) 
thrown [s\src\hotspot\share\interpreter\linkResolver.cpp, line 771]
Event: 1.742 Thread 0x000001a1b00cd7c0 Implicit null exception at 0x000001a1bb0988f2 to 0x000001a1bb098f0c
Event: 1.820 Thread 0x000001a1b00cd7c0 Implicit null exception at 0x000001a1bb099f72 to 0x000001a1bb09a5ac
Event: 1.859 Thread 0x000001a1b00cd7c0 Exception <a 'java/lang/NoSuchMethodError'{0x0000000087fe17b0}: 'java.lang.Object java.lang.invoke.DirectMethodHandle$Holder.invokeVirtual(java.lang.Object, java.lang.Object, java.lang.Object)'> (0x0000000087fe17b0) 
thrown [s\src\hotspot\share\interpreter\linkResolver.cpp, line 771]
Event: 2.370 Thread 0x000001a1b00cd7c0 Exception <a 'java/lang/NoSuchMethodError'{0x0000000084638630}: 'java.lang.Object java.lang.invoke.DirectMethodHandle$Holder.newInvokeSpecial(java.lang.Object, java.lang.Object, int)'> (0x0000000084638630) 
thrown [s\src\hotspot\share\interpreter\linkResolver.cpp, line 771]
Event: 2.419 Thread 0x000001a1b00cd7c0 Implicit null exception at 0x000001a1bb1a16d3 to 0x000001a1bb1a17e8
Event: 2.474 Thread 0x000001a1b00cd7c0 Implicit null exception at 0x000001a1bb1a764c to 0x000001a1bb1a7740
Event: 2.564 Thread 0x000001a1b00cd7c0 Exception <a 'java/lang/NoSuchMethodError'{0x0000000089b0f648}: 'java.lang.Object java.lang.invoke.DirectMethodHandle$Holder.newInvokeSpecial(java.lang.Object, java.lang.Object, java.lang.Object, int)'> (0x0000000089b0f648) 
thrown [s\src\hotspot\share\interpreter\linkResolver.cpp, line 771]
Event: 2.564 Thread 0x000001a1b00cd7c0 Exception <a 'java/lang/NoSuchMethodError'{0x0000000089b13cd0}: 'java.lang.Object java.lang.invoke.DirectMethodHandle$Holder.invokeSpecial(java.lang.Object, java.lang.Object, java.lang.Object, java.lang.Object, int)'> (0x0000000089b13cd0) 
thrown [s\src\hotspot\share\interpreter\linkResolver.cpp, line 771]
Event: 2.565 Thread 0x000001a1b00cd7c0 Exception <a 'java/lang/NoSuchMethodError'{0x0000000089b17b40}: 'java.lang.Object java.lang.invoke.Invokers$Holder.linkToTargetMethod(java.lang.Object, java.lang.Object, int, java.lang.Object)'> (0x0000000089b17b40) 
thrown [s\src\hotspot\share\interpreter\linkResolver.cpp, line 771]
Event: 3.686 Thread 0x000001a1b00cd7c0 Exception <a 'java/lang/NoSuchMethodError'{0x0000000087c814a8}: 'java.lang.Object java.lang.invoke.DirectMethodHandle$Holder.newInvokeSpecial(java.lang.Object, int, java.lang.Object)'> (0x0000000087c814a8) 
thrown [s\src\hotspot\share\interpreter\linkResolver.cpp, line 771]
Event: 3.687 Thread 0x000001a1b00cd7c0 Exception <a 'java/lang/NoSuchMethodError'{0x0000000087c87860}: 'int java.lang.invoke.DirectMethodHandle$Holder.invokeInterface(java.lang.Object, java.lang.Object)'> (0x0000000087c87860) 
thrown [s\src\hotspot\share\interpreter\linkResolver.cpp, line 771]
Event: 3.706 Thread 0x000001a1b00cd7c0 Exception <a 'java/lang/NoSuchMethodError'{0x0000000087cfb558}: 'java.lang.Object java.lang.invoke.DirectMethodHandle$Holder.newInvokeSpecial(java.lang.Object, java.lang.Object, java.lang.Object, java.lang.Object, java.lang.Object, java.lang.Object)'> (0x0000000087cfb558) 
thrown [s\src\hotspot\share\interpreter\linkResolver.cpp, line 771]
Event: 3.796 Thread 0x000001a1b00cd7c0 Implicit null exception at 0x000001a1bb1e5f0f to 0x000001a1bb1e6190
Event: 3.878 Thread 0x000001a1b00cd7c0 Implicit null exception at 0x000001a1bb0cdb0e to 0x000001a1bb0cdd90
Event: 4.215 Thread 0x000001a1b00cd7c0 Exception <a 'java/lang/NoSuchMethodError'{0x0000000087e393c0}: 'int java.lang.invoke.DirectMethodHandle$Holder.invokeStaticInit(java.lang.Object, int)'> (0x0000000087e393c0) 
thrown [s\src\hotspot\share\interpreter\linkResolver.cpp, line 771]
Event: 4.300 Thread 0x000001a1b00cd7c0 Exception <a 'java/lang/NoSuchMethodError'{0x0000000087cf18b0}: 'java.lang.Object java.lang.invoke.DirectMethodHandle$Holder.newInvokeSpecial(java.lang.Object, java.lang.Object, java.lang.Object, java.lang.Object, java.lang.Object, java.lang.Object, java.lang.Object, java.lang.Object)'> (0x0000000087cf18b0) 
thrown [s\src\hotspot\share\interpreter\linkResolver.cpp, line 771]
Event: 4.300 Thread 0x000001a1b00cd7c0 Exception <a 'java/lang/NoSuchMethodError'{0x0000000087cf6ec8}: 'java.lang.Object java.lang.invoke.DirectMethodHandle$Holder.invokeSpecial(java.lang.Object, java.lang.Object, java.lang.Object, java.lang.Object, java.lang.Object, java.lang.Object, java.lang.Object, java.lang.Object, java.lang.Object)'> (0x0000000087cf6ec8) 
thrown [s\src\hotspot\share\interpreter\linkResolver.cpp, line 771]
Event: 4.300 Thread 0x000001a1b00cd7c0 Exception <a 'java/lang/NoSuchMethodError'{0x0000000087cfbdf8}: 'java.lang.Object java.lang.invoke.Invokers$Holder.linkToTargetMethod(java.lang.Object, java.lang.Object, java.lang.Object, java.lang.Object, java.lang.Object, java.lang.Object, java.lang.Object, java.lang.Object)'> (0x0000000087cfbdf8) 
thrown [s\src\hotspot\share\interpreter\linkResolver.cpp, line 771]
Event: 4.638 Thread 0x000001a1b00cd7c0 Exception <a 'java/lang/NoSuchMethodError'{0x0000000086a74810}: 'java.lang.Object java.lang.invoke.DirectMethodHandle$Holder.invokeStaticInit(java.lang.Object, java.lang.Object, java.lang.Object)'> (0x0000000086a74810) 
thrown [s\src\hotspot\share\interpreter\linkResolver.cpp, line 771]

VM Operations (20 events):
Event: 5.202 Executing VM operation: ICBufferFull done
Event: 5.285 Executing VM operation: ICBufferFull
Event: 5.285 Executing VM operation: ICBufferFull done
Event: 5.406 Executing VM operation: G1CollectForAllocation
Event: 5.428 Executing VM operation: G1CollectForAllocation done
Event: 5.466 Executing VM operation: HandshakeAllThreads
Event: 5.466 Executing VM operation: HandshakeAllThreads done
Event: 5.537 Executing VM operation: HandshakeAllThreads
Event: 5.537 Executing VM operation: HandshakeAllThreads done
Event: 5.550 Executing VM operation: ICBufferFull
Event: 5.550 Executing VM operation: ICBufferFull done
Event: 5.634 Executing VM operation: HandshakeAllThreads
Event: 5.634 Executing VM operation: HandshakeAllThreads done
Event: 5.660 Executing VM operation: HandshakeAllThreads
Event: 5.660 Executing VM operation: HandshakeAllThreads done
Event: 5.670 Executing VM operation: HandshakeAllThreads
Event: 5.670 Executing VM operation: HandshakeAllThreads done
Event: 5.704 Executing VM operation: G1CollectForAllocation
Event: 5.717 Executing VM operation: G1CollectForAllocation done
Event: 5.777 Executing VM operation: G1CollectForAllocation

Events (20 events):
Event: 5.079 Thread 0x000001a1c9771b00 flushing nmethod 0x000001a1b412ec90
Event: 5.079 Thread 0x000001a1c9771b00 flushing nmethod 0x000001a1b4135710
Event: 5.079 Thread 0x000001a1c9771b00 flushing nmethod 0x000001a1b4140690
Event: 5.079 Thread 0x000001a1c9771b00 flushing nmethod 0x000001a1b4142110
Event: 5.079 Thread 0x000001a1c9771b00 flushing nmethod 0x000001a1b4152c10
Event: 5.079 Thread 0x000001a1c9771b00 flushing nmethod 0x000001a1b4155090
Event: 5.080 Thread 0x000001a1c9771b00 flushing nmethod 0x000001a1b4176990
Event: 5.080 Thread 0x000001a1c9771b00 flushing nmethod 0x000001a1b4186490
Event: 5.080 Thread 0x000001a1c9771b00 flushing nmethod 0x000001a1b4187e10
Event: 5.080 Thread 0x000001a1c9771b00 flushing nmethod 0x000001a1b419d190
Event: 5.080 Thread 0x000001a1c9771b00 flushing nmethod 0x000001a1b419f390
Event: 5.080 Thread 0x000001a1c9771b00 flushing nmethod 0x000001a1b41c8290
Event: 5.080 Thread 0x000001a1c9771b00 flushing nmethod 0x000001a1b41cd990
Event: 5.080 Thread 0x000001a1c9771b00 flushing nmethod 0x000001a1b4231d10
Event: 5.531 loading class java/util/regex/Pattern$Bound
Event: 5.531 loading class java/util/regex/Pattern$Bound done
Event: 5.531 loading class java/util/regex/Pattern$LookBehindEndNode
Event: 5.532 loading class java/util/regex/Pattern$LookBehindEndNode done
Event: 5.532 loading class java/util/regex/Pattern$NotBehind
Event: 5.532 loading class java/util/regex/Pattern$NotBehind done


Dynamic libraries:
0x00007ff744e60000 - 0x00007ff744e6a000 	D:\android\jbr\bin\java.exe
0x00007ffb906f0000 - 0x00007ffb908e8000 	C:\WINDOWS\SYSTEM32\ntdll.dll
0x00007ffb8ec10000 - 0x00007ffb8ecd2000 	C:\WINDOWS\System32\KERNEL32.DLL
0x00007ffb8e2c0000 - 0x00007ffb8e5be000 	C:\WINDOWS\System32\KERNELBASE.dll
0x00007ffb8e610000 - 0x00007ffb8e710000 	C:\WINDOWS\System32\ucrtbase.dll
0x00007ffb61e20000 - 0x00007ffb61e3b000 	D:\android\jbr\bin\VCRUNTIME140.dll
0x00007ffb87ae0000 - 0x00007ffb87af7000 	D:\android\jbr\bin\jli.dll
0x00007ffb8e780000 - 0x00007ffb8e91d000 	C:\WINDOWS\System32\USER32.dll
0x00007ffb8dd90000 - 0x00007ffb8ddb2000 	C:\WINDOWS\System32\win32u.dll
0x00007ffb7b690000 - 0x00007ffb7b92a000 	C:\WINDOWS\WinSxS\amd64_microsoft.windows.common-controls_6595b64144ccf1df_6.0.19041.4355_none_60b8b9eb71f62e16\COMCTL32.dll
0x00007ffb8ebe0000 - 0x00007ffb8ec0b000 	C:\WINDOWS\System32\GDI32.dll
0x00007ffb8de60000 - 0x00007ffb8df77000 	C:\WINDOWS\System32\gdi32full.dll
0x00007ffb8e920000 - 0x00007ffb8e9be000 	C:\WINDOWS\System32\msvcrt.dll
0x00007ffb8ddc0000 - 0x00007ffb8de5d000 	C:\WINDOWS\System32\msvcp_win.dll
0x00007ffb8eb40000 - 0x00007ffb8eb6f000 	C:\WINDOWS\System32\IMM32.DLL
0x00007ffb88370000 - 0x00007ffb8837c000 	D:\android\jbr\bin\vcruntime140_1.dll
0x00007ffb57a20000 - 0x00007ffb57aad000 	D:\android\jbr\bin\msvcp140.dll
0x00007ffb218a0000 - 0x00007ffb22523000 	D:\android\jbr\bin\server\jvm.dll
0x00007ffb8ff80000 - 0x00007ffb90032000 	C:\WINDOWS\System32\ADVAPI32.dll
0x00007ffb903b0000 - 0x00007ffb90450000 	C:\WINDOWS\System32\sechost.dll
0x00007ffb900a0000 - 0x00007ffb901c3000 	C:\WINDOWS\System32\RPCRT4.dll
0x00007ffb8e0c0000 - 0x00007ffb8e0e7000 	C:\WINDOWS\System32\bcrypt.dll
0x00007ffb8dbf0000 - 0x00007ffb8dc3b000 	C:\WINDOWS\SYSTEM32\POWRPROF.dll
0x00007ffb7a470000 - 0x00007ffb7a479000 	C:\WINDOWS\SYSTEM32\WSOCK32.dll
0x00007ffb905e0000 - 0x00007ffb9064b000 	C:\WINDOWS\System32\WS2_32.dll
0x00007ffb67b90000 - 0x00007ffb67bb7000 	C:\WINDOWS\SYSTEM32\WINMM.dll
0x00007ffb8b410000 - 0x00007ffb8b41a000 	C:\WINDOWS\SYSTEM32\VERSION.dll
0x00007ffb8dbd0000 - 0x00007ffb8dbe2000 	C:\WINDOWS\SYSTEM32\UMPDC.dll
0x00007ffb8c570000 - 0x00007ffb8c582000 	C:\WINDOWS\SYSTEM32\kernel.appcore.dll
0x00007ffb7a0b0000 - 0x00007ffb7a0ba000 	D:\android\jbr\bin\jimage.dll
0x00007ffb83d80000 - 0x00007ffb83f64000 	C:\WINDOWS\SYSTEM32\DBGHELP.DLL
0x00007ffb67c00000 - 0x00007ffb67c34000 	C:\WINDOWS\SYSTEM32\dbgcore.DLL
0x00007ffb8e030000 - 0x00007ffb8e0b2000 	C:\WINDOWS\System32\bcryptPrimitives.dll
0x00007ffb73990000 - 0x00007ffb739b5000 	D:\android\jbr\bin\java.dll
0x00007ffb4e9d0000 - 0x00007ffb4e9e8000 	D:\android\jbr\bin\zip.dll
0x00007ffb8f810000 - 0x00007ffb8ff7f000 	C:\WINDOWS\System32\SHELL32.dll
0x00007ffb8bd80000 - 0x00007ffb8c524000 	C:\WINDOWS\SYSTEM32\windows.storage.dll
0x00007ffb8f150000 - 0x00007ffb8f4a3000 	C:\WINDOWS\System32\combase.dll
0x00007ffb8d610000 - 0x00007ffb8d63e000 	C:\WINDOWS\SYSTEM32\Wldp.dll
0x00007ffb8e9c0000 - 0x00007ffb8ea8d000 	C:\WINDOWS\System32\OLEAUT32.dll
0x00007ffb901d0000 - 0x00007ffb9027d000 	C:\WINDOWS\System32\SHCORE.dll
0x00007ffb8eb70000 - 0x00007ffb8ebc5000 	C:\WINDOWS\System32\shlwapi.dll
0x00007ffb8dcc0000 - 0x00007ffb8dce4000 	C:\WINDOWS\SYSTEM32\profapi.dll
0x00007ffb24e90000 - 0x00007ffb24ea9000 	D:\android\jbr\bin\net.dll
0x00007ffb8b4c0000 - 0x00007ffb8b5cd000 	C:\WINDOWS\SYSTEM32\WINHTTP.dll
0x00007ffb8d3f0000 - 0x00007ffb8d45a000 	C:\WINDOWS\system32\mswsock.dll
0x00007ffb24e70000 - 0x00007ffb24e86000 	D:\android\jbr\bin\nio.dll
0x00007ffb8aed0000 - 0x00007ffb8aee0000 	D:\android\jbr\bin\verify.dll

dbghelp: loaded successfully - version: 4.0.5 - missing functions: none
symbol engine: initialized successfully - sym options: 0x614 - pdb path: .;D:\android\jbr\bin;C:\WINDOWS\SYSTEM32;C:\WINDOWS\WinSxS\amd64_microsoft.windows.common-controls_6595b64144ccf1df_6.0.19041.4355_none_60b8b9eb71f62e16;D:\android\jbr\bin\server

VM Arguments:
java_command: org.jetbrains.kotlin.cli.jvm.K2JVMCompiler @D:\android\Android Project\fundflow_mobile\app\build\20241101_5143802814386963850.compiler.options
java_class_path (initial): C:\Users\USER\.gradle\caches\modules-2\files-2.1\org.jetbrains.kotlin\kotlin-compiler-embeddable\1.9.0\2c8c3a7402becca891f12739b3e9fd2dc2adbd7a\kotlin-compiler-embeddable-1.9.0.jar;C:\Users\USER\.gradle\caches\modules-2\files-2.1\org.jetbrains.kotlin\kotlin-stdlib\1.9.0\8ee15ef0c67dc83d874f412d84378d7f0eb50b63\kotlin-stdlib-1.9.0.jar;C:\Users\USER\.gradle\caches\modules-2\files-2.1\org.jetbrains.kotlin\kotlin-script-runtime\1.9.0\4b3102cbbb7e1b58d9d1adf89563f00069ffa7d1\kotlin-script-runtime-1.9.0.jar;C:\Users\USER\.gradle\caches\modules-2\files-2.1\org.jetbrains.kotlin\kotlin-reflect\1.6.10\1cbe9c92c12a94eea200d23c2bbaedaf3daf5132\kotlin-reflect-1.6.10.jar;C:\Users\USER\.gradle\caches\modules-2\files-2.1\org.jetbrains.kotlin\kotlin-daemon-embeddable\1.9.0\186543f5e28cf8d9a0290fecc2cf34301c40a65c\kotlin-daemon-embeddable-1.9.0.jar;C:\Users\USER\.gradle\caches\modules-2\files-2.1\org.jetbrains.intellij.deps\trove4j\1.0.20200330\3afb14d5f9ceb459d724e907a21145e8ff394f02\trove4j-1.0.20200330.jar;C:\Users\USER\.gradle\caches\modules-2\files-2.1\org.jetbrains.kotlin\kotlin-stdlib-common\1.9.0\cd65c21cfd1eec4d44ef09f9f52b6d9f8a720636\kotlin-stdlib-common-1.9.0.jar;C:\Users\USER\.gradle\caches\modules-2\files-2.1\org.jetbrains\annotations\13.0\919f0dfe192fb4e063e7dacadee7f8bb9a2672a9\annotations-13.0.jar
Launcher Type: SUN_STANDARD

[Global flags]
     intx CICompilerCount                          = 3                                         {product} {ergonomic}
     uint ConcGCThreads                            = 1                                         {product} {ergonomic}
     uint G1ConcRefinementThreads                  = 4                                         {product} {ergonomic}
   size_t G1HeapRegionSize                         = 1048576                                   {product} {ergonomic}
    uintx GCDrainStackTargetSize                   = 64                                        {product} {ergonomic}
   size_t InitialHeapSize                          = 134217728                                 {product} {ergonomic}
   size_t MarkStackSize                            = 4194304                                   {product} {ergonomic}
   size_t MaxHeapSize                              = 2118123520                                {product} {ergonomic}
   size_t MaxNewSize                               = 1270874112                                {product} {ergonomic}
   size_t MinHeapDeltaBytes                        = 1048576                                   {product} {ergonomic}
   size_t MinHeapSize                              = 8388608                                   {product} {ergonomic}
    uintx NonNMethodCodeHeapSize                   = 5832780                                {pd product} {ergonomic}
    uintx NonProfiledCodeHeapSize                  = 122912730                              {pd product} {ergonomic}
    uintx ProfiledCodeHeapSize                     = 122912730                              {pd product} {ergonomic}
    uintx ReservedCodeCacheSize                    = 251658240                              {pd product} {ergonomic}
     bool SegmentedCodeCache                       = true                                      {product} {ergonomic}
   size_t SoftMaxHeapSize                          = 2118123520                             {manageable} {ergonomic}
     bool UseCompressedClassPointers               = true                           {product lp64_product} {ergonomic}
     bool UseCompressedOops                        = true                           {product lp64_product} {ergonomic}
     bool UseG1GC                                  = true                                      {product} {ergonomic}
     bool UseLargePagesIndividualAllocation        = false                                  {pd product} {ergonomic}

Logging:
Log output configuration:
 #0: stdout all=warning uptime,level,tags
 #1: stderr all=off uptime,level,tags

Environment Variables:
PATH=C:\Python312\Scripts\;C:\Python312\;C:\Program Files\Common Files\Oracle\Java\javapath;C:\Program Files (x86)\Common Files\Oracle\Java\javapath;C:\Program Files (x86)\Common Files\Intel\Shared Files\cpp\bin\Intel64;C:\WINDOWS\system32;C:\WINDOWS;C:\WINDOWS\System32\Wbem;C:\WINDOWS\System32\WindowsPowerShell\v1.0\;C:\WINDOWS\System32\OpenSSH\;C:\Program Files\dotnet\;C:\Program Files\Git\cmd;C:\xampp\php;C:\composer;C:\Program Files\node-v20.17.0;C:\Program Files\Git;C:\ProgramData\chocolatey\bin;C:\Program Files\nodejs\;C:\Users\USER\AppData\Local\Microsoft\WindowsApps;;C:\Users\USER\AppData\Local\Programs\Microsoft VS Code\bin;C:\Users\USER\AppData\Roaming\Composer\vendor\bin;C:\Users\USER\AppData\Roaming\npm
USERNAME=USER
OS=Windows_NT
PROCESSOR_IDENTIFIER=Intel64 Family 6 Model 142 Stepping 9, GenuineIntel
TMP=C:\Users\USER\AppData\Local\Temp
TEMP=C:\Users\USER\AppData\Local\Temp



Periodic native trim disabled

JNI global refs:
JNI global refs: 9, weak refs: 8

JNI global refs memory usage: 843, weak refs: 841

Process memory usage:
Resident Set Size: 259864K (3% of 8267448K total physical memory with 622736K free physical memory)

OOME stack traces (most recent first):
Classloader memory used:
Loader jdk.internal.loader.ClassLoaders$AppClassLoader                                 : 5812K
Loader bootstrap                                                                       : 1316K
Loader java.net.URLClassLoader                                                         : 27534B
Loader jdk.internal.reflect.DelegatingClassLoader                                      : 15688B


---------------  S Y S T E M  ---------------

OS:
 Windows 10 , 64 bit Build 19041 (10.0.19041.4957)
OS uptime: 0 days 14:05 hours
Hyper-V role detected

CPU: total 4 (initial active 4) (2 cores per cpu, 2 threads per core) family 6 model 142 stepping 9 microcode 0xf6, cx8, cmov, fxsr, ht, mmx, 3dnowpref, sse, sse2, sse3, ssse3, sse4.1, sse4.2, popcnt, lzcnt, tsc, tscinvbit, avx, avx2, aes, erms, clmul, bmi1, bmi2, rtm, adx, fma, vzeroupper, clflush, clflushopt, hv
Processor Information for all 4 processors :
  Max Mhz: 2901, Current Mhz: 2901, Mhz Limit: 2901

Memory: 4k page, system-wide physical 8073M (608M free)
TotalPageFile size 12073M (AvailPageFile size 66M)
current process WorkingSet (physical memory assigned to process): 253M, peak: 259M
current process commit charge ("private bytes"): 313M, peak: 383M

vm_info: OpenJDK 64-Bit Server VM (17.0.11+0--11852314) for windows-amd64 JRE (17.0.11+0--11852314), built on May 16 2024 21:29:20 by "androidbuild" with MS VC++ 16.10 / 16.11 (VS2019)

END.
