#
# There is insufficient memory for the Java Runtime Environment to continue.
# Native memory allocation (malloc) failed to allocate 1386976 bytes. Error detail: Chunk::new
# Possible reasons:
#   The system is out of physical RAM or swap space
#   This process is running with CompressedOops enabled, and the Java Heap may be blocking the growth of the native heap
# Possible solutions:
#   Reduce memory load on the system
#   Increase physical memory or swap space
#   Check if swap backing store is full
#   Decrease Java heap size (-Xmx/-Xms)
#   Decrease number of Java threads
#   Decrease Java thread stack sizes (-Xss)
#   Set larger code cache with -XX:ReservedCodeCacheSize=
#   JVM is running with Unscaled Compressed Oops mode in which the Java heap is
#     placed in the first 4GB address space. The Java Heap base address is the
#     maximum limit for the native heap growth. Please use -XX:HeapBaseMinAddress
#     to set the Java Heap base and to place the Java Heap above 4GB virtual address.
# This output file may be truncated or incomplete.
#
#  Out of Memory Error (arena.cpp:191), pid=1408, tid=9368
#
# JRE version: OpenJDK Runtime Environment (17.0.11) (build 17.0.11+0--11852314)
# Java VM: OpenJDK 64-Bit Server VM (17.0.11+0--11852314, mixed mode, tiered, compressed oops, compressed class ptrs, g1 gc, windows-amd64)
# No core dump will be written. Minidumps are not enabled by default on client versions of Windows
#

---------------  S U M M A R Y ------------

Command Line: org.jetbrains.kotlin.cli.jvm.K2JVMCompiler @D:\android\Android Project\fundflow_mobile\app\build\20241101_13321540681860086393.compiler.options

Host: Intel(R) Core(TM) i7-7600U CPU @ 2.80GHz, 4 cores, 7G,  Windows 10 , 64 bit Build 19041 (10.0.19041.4957)
Time: Fri Nov  1 10:16:30 2024 SE Asia Standard Time elapsed time: 4.042814 seconds (0d 0h 0m 4s)

---------------  T H R E A D  ---------------

Current thread (0x000001af38883540):  JavaThread "C2 CompilerThread1" daemon [_thread_in_native, id=9368, stack(0x0000005051d00000,0x0000005051e00000)]


Current CompileTask:
C2:   4042 4142       4       org.jetbrains.kotlin.com.intellij.lang.impl.PsiBuilderImpl::insertLeaves (88 bytes)

Stack: [0x0000005051d00000,0x0000005051e00000]
Native frames: (J=compiled Java code, j=interpreted, Vv=VM code, C=native code)
V  [jvm.dll+0x687bb9]
V  [jvm.dll+0x84142a]
V  [jvm.dll+0x8430ae]
V  [jvm.dll+0x843713]
V  [jvm.dll+0x24a35f]
V  [jvm.dll+0xac544]
V  [jvm.dll+0xacb8c]
V  [jvm.dll+0x2b194f]
V  [jvm.dll+0x58eba7]
V  [jvm.dll+0x2247e2]
V  [jvm.dll+0x224bdf]
V  [jvm.dll+0x21dd00]
V  [jvm.dll+0x21b201]
V  [jvm.dll+0x1a63ed]
V  [jvm.dll+0x22b1ee]
V  [jvm.dll+0x229375]
V  [jvm.dll+0x7f5647]
V  [jvm.dll+0x7efa4a]
V  [jvm.dll+0x686a35]
C  [ucrtbase.dll+0x21bb2]
C  [KERNEL32.DLL+0x17374]
C  [ntdll.dll+0x4cc91]


---------------  P R O C E S S  ---------------

Threads class SMR info:
_java_thread_list=0x000001af3d0d8110, length=13, elements={
0x000001af1ef00140, 0x000001af38426610, 0x000001af383f2080, 0x000001af38589e40,
0x000001af38580570, 0x000001af38580e40, 0x000001af38581710, 0x000001af38582a10,
0x000001af38584360, 0x000001af38585890, 0x000001af38705c70, 0x000001af38714050,
0x000001af38883540
}

Java Threads: ( => current thread )
  0x000001af1ef00140 JavaThread "main" [_thread_in_Java, id=4372, stack(0x0000005050a00000,0x0000005050b00000)]
  0x000001af38426610 JavaThread "Reference Handler" daemon [_thread_blocked, id=8628, stack(0x0000005051100000,0x0000005051200000)]
  0x000001af383f2080 JavaThread "Finalizer" daemon [_thread_blocked, id=14696, stack(0x0000005051200000,0x0000005051300000)]
  0x000001af38589e40 JavaThread "Signal Dispatcher" daemon [_thread_blocked, id=13968, stack(0x0000005051300000,0x0000005051400000)]
  0x000001af38580570 JavaThread "Attach Listener" daemon [_thread_blocked, id=4528, stack(0x0000005051400000,0x0000005051500000)]
  0x000001af38580e40 JavaThread "Service Thread" daemon [_thread_blocked, id=9564, stack(0x0000005051500000,0x0000005051600000)]
  0x000001af38581710 JavaThread "Monitor Deflation Thread" daemon [_thread_blocked, id=16648, stack(0x0000005051600000,0x0000005051700000)]
  0x000001af38582a10 JavaThread "C2 CompilerThread0" daemon [_thread_in_native, id=1252, stack(0x0000005051700000,0x0000005051800000)]
  0x000001af38584360 JavaThread "C1 CompilerThread0" daemon [_thread_blocked, id=19376, stack(0x0000005051800000,0x0000005051900000)]
  0x000001af38585890 JavaThread "Sweeper thread" daemon [_thread_blocked, id=18396, stack(0x0000005051900000,0x0000005051a00000)]
  0x000001af38705c70 JavaThread "Notification Thread" daemon [_thread_blocked, id=16020, stack(0x0000005051a00000,0x0000005051b00000)]
  0x000001af38714050 JavaThread "Common-Cleaner" daemon [_thread_blocked, id=5876, stack(0x0000005051c00000,0x0000005051d00000)]
=>0x000001af38883540 JavaThread "C2 CompilerThread1" daemon [_thread_in_native, id=9368, stack(0x0000005051d00000,0x0000005051e00000)]

Other Threads:
  0x000001af383e87c0 VMThread "VM Thread" [stack: 0x0000005051000000,0x0000005051100000] [id=14408]
  0x000001af38706560 WatcherThread [stack: 0x0000005051b00000,0x0000005051c00000] [id=15604]
  0x000001af1ef591b0 GCTaskThread "GC Thread#0" [stack: 0x0000005050b00000,0x0000005050c00000] [id=4104]
  0x000001af3d1c5d40 GCTaskThread "GC Thread#1" [stack: 0x0000005051e00000,0x0000005051f00000] [id=13196]
  0x000001af388b4850 GCTaskThread "GC Thread#2" [stack: 0x0000005051f00000,0x0000005052000000] [id=17312]
  0x000001af3d20be90 GCTaskThread "GC Thread#3" [stack: 0x0000005052000000,0x0000005052100000] [id=12100]
  0x000001af1ef69d80 ConcurrentGCThread "G1 Main Marker" [stack: 0x0000005050c00000,0x0000005050d00000] [id=3528]
  0x000001af1ef6a7a0 ConcurrentGCThread "G1 Conc#0" [stack: 0x0000005050d00000,0x0000005050e00000] [id=5768]
  0x000001af382540c0 ConcurrentGCThread "G1 Refine#0" [stack: 0x0000005050e00000,0x0000005050f00000] [id=4044]
  0x000001af38254af0 ConcurrentGCThread "G1 Service" [stack: 0x0000005050f00000,0x0000005051000000] [id=13452]

Threads with active compile tasks:
C2 CompilerThread0     4065 4249       4       org.jetbrains.kotlin.load.java.structure.impl.classFiles.BinaryClassSignatureParser::parseParameterizedClassRefSignature (262 bytes)
C2 CompilerThread1     4065 4142       4       org.jetbrains.kotlin.com.intellij.lang.impl.PsiBuilderImpl::insertLeaves (88 bytes)

VM state: not at safepoint (normal execution)

VM Mutex/Monitor currently owned by a thread: None

Heap address: 0x0000000081c00000, size: 2020 MB, Compressed Oops mode: 32-bit

CDS archive(s) not mapped
Compressed class space mapped at: 0x0000000100000000-0x0000000140000000, reserved size: 1073741824
Narrow klass base: 0x0000000000000000, Narrow klass shift: 3, Narrow klass range: 0x140000000

GC Precious Log:
 CPUs: 4 total, 4 available
 Memory: 8073M
 Large Page Support: Disabled
 NUMA Support: Disabled
 Compressed Oops: Enabled (32-bit)
 Heap Region Size: 1M
 Heap Min Capacity: 8M
 Heap Initial Capacity: 128M
 Heap Max Capacity: 2020M
 Pre-touch: Disabled
 Parallel Workers: 4
 Concurrent Workers: 1
 Concurrent Refinement Workers: 4
 Periodic GC: Disabled

Heap:
 garbage-first heap   total 94208K, used 65536K [0x0000000081c00000, 0x0000000100000000)
  region size 1024K, 33 young (33792K), 2 survivors (2048K)
 Metaspace       used 54666K, committed 54912K, reserved 1114112K
  class space    used 6563K, committed 6656K, reserved 1048576K

Heap Regions: E=young(eden), S=young(survivor), O=old, HS=humongous(starts), HC=humongous(continues), CS=collection set, F=free, OA=open archive, CA=closed archive, TAMS=top-at-mark-start (previous, next)
|   0|0x0000000081c00000, 0x0000000081d00000, 0x0000000081d00000|100%|HS|  |TAMS 0x0000000081d00000, 0x0000000081c00000| Complete 
|   1|0x0000000081d00000, 0x0000000081e00000, 0x0000000081e00000|100%|HC|  |TAMS 0x0000000081e00000, 0x0000000081d00000| Complete 
|   2|0x0000000081e00000, 0x0000000081f00000, 0x0000000081f00000|100%|HC|  |TAMS 0x0000000081f00000, 0x0000000081e00000| Complete 
|   3|0x0000000081f00000, 0x0000000082000000, 0x0000000082000000|100%|HC|  |TAMS 0x0000000082000000, 0x0000000081f00000| Complete 
|   4|0x0000000082000000, 0x0000000082100000, 0x0000000082100000|100%| O|  |TAMS 0x0000000082100000, 0x0000000082000000| Untracked 
|   5|0x0000000082100000, 0x0000000082200000, 0x0000000082200000|100%| O|  |TAMS 0x0000000082200000, 0x0000000082100000| Untracked 
|   6|0x0000000082200000, 0x0000000082300000, 0x0000000082300000|100%| O|  |TAMS 0x0000000082300000, 0x0000000082200000| Untracked 
|   7|0x0000000082300000, 0x0000000082400000, 0x0000000082400000|100%| O|  |TAMS 0x0000000082400000, 0x0000000082300000| Untracked 
|   8|0x0000000082400000, 0x0000000082500000, 0x0000000082500000|100%| O|  |TAMS 0x0000000082500000, 0x0000000082400000| Untracked 
|   9|0x0000000082500000, 0x0000000082600000, 0x0000000082600000|100%| O|  |TAMS 0x0000000082600000, 0x0000000082500000| Untracked 
|  10|0x0000000082600000, 0x0000000082700000, 0x0000000082700000|100%| O|  |TAMS 0x0000000082700000, 0x0000000082600000| Untracked 
|  11|0x0000000082700000, 0x0000000082800000, 0x0000000082800000|100%| O|  |TAMS 0x0000000082800000, 0x0000000082700000| Untracked 
|  12|0x0000000082800000, 0x0000000082900000, 0x0000000082900000|100%| O|  |TAMS 0x0000000082800000, 0x0000000082800000| Untracked 
|  13|0x0000000082900000, 0x0000000082a00000, 0x0000000082a00000|100%| O|  |TAMS 0x0000000082900000, 0x0000000082900000| Untracked 
|  14|0x0000000082a00000, 0x0000000082b00000, 0x0000000082b00000|100%| O|  |TAMS 0x0000000082b00000, 0x0000000082a00000| Untracked 
|  15|0x0000000082b00000, 0x0000000082c00000, 0x0000000082c00000|100%| O|  |TAMS 0x0000000082c00000, 0x0000000082b00000| Untracked 
|  16|0x0000000082c00000, 0x0000000082d00000, 0x0000000082d00000|100%| O|  |TAMS 0x0000000082d00000, 0x0000000082c00000| Untracked 
|  17|0x0000000082d00000, 0x0000000082e00000, 0x0000000082e00000|100%| O|  |TAMS 0x0000000082e00000, 0x0000000082d00000| Untracked 
|  18|0x0000000082e00000, 0x0000000082f00000, 0x0000000082f00000|100%| O|  |TAMS 0x0000000082e95000, 0x0000000082e00000| Untracked 
|  19|0x0000000082f00000, 0x0000000083000000, 0x0000000083000000|100%| O|  |TAMS 0x0000000082f00000, 0x0000000082f00000| Untracked 
|  20|0x0000000083000000, 0x0000000083100000, 0x0000000083100000|100%| O|  |TAMS 0x0000000083000000, 0x0000000083000000| Untracked 
|  21|0x0000000083100000, 0x0000000083200000, 0x0000000083200000|100%| O|  |TAMS 0x0000000083100000, 0x0000000083100000| Untracked 
|  22|0x0000000083200000, 0x0000000083300000, 0x0000000083300000|100%| O|  |TAMS 0x0000000083200000, 0x0000000083200000| Untracked 
|  23|0x0000000083300000, 0x0000000083400000, 0x0000000083400000|100%| O|  |TAMS 0x0000000083300000, 0x0000000083300000| Untracked 
|  24|0x0000000083400000, 0x0000000083500000, 0x0000000083500000|100%|HS|  |TAMS 0x0000000083400000, 0x0000000083400000| Complete 
|  25|0x0000000083500000, 0x0000000083600000, 0x0000000083600000|100%|HC|  |TAMS 0x0000000083500000, 0x0000000083500000| Complete 
|  26|0x0000000083600000, 0x0000000083700000, 0x0000000083700000|100%| O|  |TAMS 0x0000000083600000, 0x0000000083600000| Untracked 
|  27|0x0000000083700000, 0x0000000083800000, 0x0000000083800000|100%| O|  |TAMS 0x0000000083700000, 0x0000000083700000| Untracked 
|  28|0x0000000083800000, 0x0000000083900000, 0x0000000083900000|100%| O|  |TAMS 0x0000000083800000, 0x0000000083800000| Untracked 
|  29|0x0000000083900000, 0x0000000083a00000, 0x0000000083a00000|100%| O|  |TAMS 0x0000000083900000, 0x0000000083900000| Untracked 
|  30|0x0000000083a00000, 0x0000000083b00000, 0x0000000083b00000|100%| O|  |TAMS 0x0000000083a00000, 0x0000000083a00000| Untracked 
|  31|0x0000000083b00000, 0x0000000083c00000, 0x0000000083c00000|100%| O|  |TAMS 0x0000000083b00000, 0x0000000083b00000| Untracked 
|  32|0x0000000083c00000, 0x0000000083c00000, 0x0000000083d00000|  0%| F|  |TAMS 0x0000000083c00000, 0x0000000083c00000| Untracked 
|  33|0x0000000083d00000, 0x0000000083d00000, 0x0000000083e00000|  0%| F|  |TAMS 0x0000000083d00000, 0x0000000083d00000| Untracked 
|  34|0x0000000083e00000, 0x0000000083e00000, 0x0000000083f00000|  0%| F|  |TAMS 0x0000000083e00000, 0x0000000083e00000| Untracked 
|  35|0x0000000083f00000, 0x0000000083f00000, 0x0000000084000000|  0%| F|  |TAMS 0x0000000083f00000, 0x0000000083f00000| Untracked 
|  36|0x0000000084000000, 0x0000000084000000, 0x0000000084100000|  0%| F|  |TAMS 0x0000000084000000, 0x0000000084000000| Untracked 
|  37|0x0000000084100000, 0x0000000084100000, 0x0000000084200000|  0%| F|  |TAMS 0x0000000084100000, 0x0000000084100000| Untracked 
|  38|0x0000000084200000, 0x0000000084200000, 0x0000000084300000|  0%| F|  |TAMS 0x0000000084200000, 0x0000000084200000| Untracked 
|  39|0x0000000084300000, 0x0000000084300000, 0x0000000084400000|  0%| F|  |TAMS 0x0000000084300000, 0x0000000084300000| Untracked 
|  40|0x0000000084400000, 0x0000000084400000, 0x0000000084500000|  0%| F|  |TAMS 0x0000000084400000, 0x0000000084400000| Untracked 
|  41|0x0000000084500000, 0x0000000084500000, 0x0000000084600000|  0%| F|  |TAMS 0x0000000084500000, 0x0000000084500000| Untracked 
|  42|0x0000000084600000, 0x0000000084600000, 0x0000000084700000|  0%| F|  |TAMS 0x0000000084600000, 0x0000000084600000| Untracked 
|  43|0x0000000084700000, 0x0000000084700000, 0x0000000084800000|  0%| F|  |TAMS 0x0000000084700000, 0x0000000084700000| Untracked 
|  44|0x0000000084800000, 0x0000000084800000, 0x0000000084900000|  0%| F|  |TAMS 0x0000000084800000, 0x0000000084800000| Untracked 
|  45|0x0000000084900000, 0x0000000084900000, 0x0000000084a00000|  0%| F|  |TAMS 0x0000000084900000, 0x0000000084900000| Untracked 
|  46|0x0000000084a00000, 0x0000000084a00000, 0x0000000084b00000|  0%| F|  |TAMS 0x0000000084a00000, 0x0000000084a00000| Untracked 
|  47|0x0000000084b00000, 0x0000000084b00000, 0x0000000084c00000|  0%| F|  |TAMS 0x0000000084b00000, 0x0000000084b00000| Untracked 
|  48|0x0000000084c00000, 0x0000000084d00000, 0x0000000084d00000|100%| S|CS|TAMS 0x0000000084c00000, 0x0000000084c00000| Complete 
|  49|0x0000000084d00000, 0x0000000084e00000, 0x0000000084e00000|100%| S|CS|TAMS 0x0000000084d00000, 0x0000000084d00000| Complete 
|  50|0x0000000084e00000, 0x0000000084e00000, 0x0000000084f00000|  0%| F|  |TAMS 0x0000000084e00000, 0x0000000084e00000| Untracked 
|  51|0x0000000084f00000, 0x0000000084f00000, 0x0000000085000000|  0%| F|  |TAMS 0x0000000084f00000, 0x0000000084f00000| Untracked 
|  52|0x0000000085000000, 0x0000000085000000, 0x0000000085100000|  0%| F|  |TAMS 0x0000000085000000, 0x0000000085000000| Untracked 
|  53|0x0000000085100000, 0x0000000085100000, 0x0000000085200000|  0%| F|  |TAMS 0x0000000085100000, 0x0000000085100000| Untracked 
|  54|0x0000000085200000, 0x0000000085200000, 0x0000000085300000|  0%| F|  |TAMS 0x0000000085200000, 0x0000000085200000| Untracked 
|  55|0x0000000085300000, 0x0000000085300000, 0x0000000085400000|  0%| F|  |TAMS 0x0000000085300000, 0x0000000085300000| Untracked 
|  56|0x0000000085400000, 0x0000000085400000, 0x0000000085500000|  0%| F|  |TAMS 0x0000000085400000, 0x0000000085400000| Untracked 
|  57|0x0000000085500000, 0x0000000085500000, 0x0000000085600000|  0%| F|  |TAMS 0x0000000085500000, 0x0000000085500000| Untracked 
|  58|0x0000000085600000, 0x0000000085600000, 0x0000000085700000|  0%| F|  |TAMS 0x0000000085600000, 0x0000000085600000| Untracked 
|  59|0x0000000085700000, 0x0000000085700000, 0x0000000085800000|  0%| F|  |TAMS 0x0000000085700000, 0x0000000085700000| Untracked 
|  60|0x0000000085800000, 0x0000000085800000, 0x0000000085900000|  0%| F|  |TAMS 0x0000000085800000, 0x0000000085800000| Untracked 
|  61|0x0000000085900000, 0x0000000085980a70, 0x0000000085a00000| 50%| E|  |TAMS 0x0000000085900000, 0x0000000085900000| Complete 
|  62|0x0000000085a00000, 0x0000000085b00000, 0x0000000085b00000|100%| E|CS|TAMS 0x0000000085a00000, 0x0000000085a00000| Complete 
|  63|0x0000000085b00000, 0x0000000085c00000, 0x0000000085c00000|100%| E|CS|TAMS 0x0000000085b00000, 0x0000000085b00000| Complete 
|  64|0x0000000085c00000, 0x0000000085d00000, 0x0000000085d00000|100%| E|CS|TAMS 0x0000000085c00000, 0x0000000085c00000| Complete 
|  65|0x0000000085d00000, 0x0000000085e00000, 0x0000000085e00000|100%| E|CS|TAMS 0x0000000085d00000, 0x0000000085d00000| Complete 
|  66|0x0000000085e00000, 0x0000000085f00000, 0x0000000085f00000|100%| E|CS|TAMS 0x0000000085e00000, 0x0000000085e00000| Complete 
|  67|0x0000000085f00000, 0x0000000086000000, 0x0000000086000000|100%| E|CS|TAMS 0x0000000085f00000, 0x0000000085f00000| Complete 
|  68|0x0000000086000000, 0x0000000086100000, 0x0000000086100000|100%| E|CS|TAMS 0x0000000086000000, 0x0000000086000000| Complete 
|  69|0x0000000086100000, 0x0000000086200000, 0x0000000086200000|100%| E|CS|TAMS 0x0000000086100000, 0x0000000086100000| Complete 
|  70|0x0000000086200000, 0x0000000086300000, 0x0000000086300000|100%| E|CS|TAMS 0x0000000086200000, 0x0000000086200000| Complete 
|  71|0x0000000086300000, 0x0000000086400000, 0x0000000086400000|100%| E|CS|TAMS 0x0000000086300000, 0x0000000086300000| Complete 
|  72|0x0000000086400000, 0x0000000086500000, 0x0000000086500000|100%| E|CS|TAMS 0x0000000086400000, 0x0000000086400000| Complete 
|  73|0x0000000086500000, 0x0000000086600000, 0x0000000086600000|100%| E|CS|TAMS 0x0000000086500000, 0x0000000086500000| Complete 
|  74|0x0000000086600000, 0x0000000086700000, 0x0000000086700000|100%| E|CS|TAMS 0x0000000086600000, 0x0000000086600000| Complete 
|  75|0x0000000086700000, 0x0000000086800000, 0x0000000086800000|100%| E|CS|TAMS 0x0000000086700000, 0x0000000086700000| Complete 
|  76|0x0000000086800000, 0x0000000086900000, 0x0000000086900000|100%| E|CS|TAMS 0x0000000086800000, 0x0000000086800000| Complete 
|  77|0x0000000086900000, 0x0000000086a00000, 0x0000000086a00000|100%| E|CS|TAMS 0x0000000086900000, 0x0000000086900000| Complete 
|  78|0x0000000086a00000, 0x0000000086b00000, 0x0000000086b00000|100%| E|CS|TAMS 0x0000000086a00000, 0x0000000086a00000| Complete 
|  79|0x0000000086b00000, 0x0000000086c00000, 0x0000000086c00000|100%| E|CS|TAMS 0x0000000086b00000, 0x0000000086b00000| Complete 
|  80|0x0000000086c00000, 0x0000000086d00000, 0x0000000086d00000|100%| E|CS|TAMS 0x0000000086c00000, 0x0000000086c00000| Complete 
|  81|0x0000000086d00000, 0x0000000086e00000, 0x0000000086e00000|100%| E|CS|TAMS 0x0000000086d00000, 0x0000000086d00000| Complete 
|  82|0x0000000086e00000, 0x0000000086f00000, 0x0000000086f00000|100%| E|CS|TAMS 0x0000000086e00000, 0x0000000086e00000| Complete 
|  83|0x0000000086f00000, 0x0000000087000000, 0x0000000087000000|100%| E|CS|TAMS 0x0000000086f00000, 0x0000000086f00000| Complete 
|  84|0x0000000087000000, 0x0000000087100000, 0x0000000087100000|100%| E|CS|TAMS 0x0000000087000000, 0x0000000087000000| Complete 
|  85|0x0000000087100000, 0x0000000087200000, 0x0000000087200000|100%| E|CS|TAMS 0x0000000087100000, 0x0000000087100000| Complete 
|  95|0x0000000087b00000, 0x0000000087c00000, 0x0000000087c00000|100%| E|CS|TAMS 0x0000000087b00000, 0x0000000087b00000| Complete 
|  96|0x0000000087c00000, 0x0000000087d00000, 0x0000000087d00000|100%| E|CS|TAMS 0x0000000087c00000, 0x0000000087c00000| Complete 
|  97|0x0000000087d00000, 0x0000000087e00000, 0x0000000087e00000|100%| E|CS|TAMS 0x0000000087d00000, 0x0000000087d00000| Complete 
|  98|0x0000000087e00000, 0x0000000087f00000, 0x0000000087f00000|100%| E|CS|TAMS 0x0000000087e00000, 0x0000000087e00000| Complete 
|  99|0x0000000087f00000, 0x0000000088000000, 0x0000000088000000|100%| E|CS|TAMS 0x0000000087f00000, 0x0000000087f00000| Complete 
| 127|0x0000000089b00000, 0x0000000089c00000, 0x0000000089c00000|100%| E|CS|TAMS 0x0000000089b00000, 0x0000000089b00000| Complete 

Card table byte_map: [0x000001af317e0000,0x000001af31be0000] _byte_map_base: 0x000001af313d2000

Marking Bits (Prev, Next): (CMBitMap*) 0x000001af1ef597d0, (CMBitMap*) 0x000001af1ef59810
 Prev Bits: [0x000001af31fe0000, 0x000001af33f70000)
 Next Bits: [0x000001af33f70000, 0x000001af35f00000)

Polling page: 0x000001af1ce80000

Metaspace:

Usage:
  Non-class:     46.98 MB used.
      Class:      6.41 MB used.
       Both:     53.39 MB used.

Virtual space:
  Non-class space:       64.00 MB reserved,      47.12 MB ( 74%) committed,  1 nodes.
      Class space:        1.00 GB reserved,       6.50 MB ( <1%) committed,  1 nodes.
             Both:        1.06 GB reserved,      53.62 MB (  5%) committed. 

Chunk freelists:
   Non-Class:  653.00 KB
       Class:  9.47 MB
        Both:  10.11 MB

MaxMetaspaceSize: unlimited
CompressedClassSpaceSize: 1.00 GB
Initial GC threshold: 21.00 MB
Current GC threshold: 59.31 MB
CDS: off
MetaspaceReclaimPolicy: balanced
 - commit_granule_bytes: 65536.
 - commit_granule_words: 8192.
 - virtual_space_node_default_size: 8388608.
 - enlarge_chunks_in_place: 1.
 - new_chunks_are_fully_committed: 0.
 - uncommit_free_chunks: 1.
 - use_allocation_guard: 0.
 - handle_deallocations: 1.


Internal statistics:

num_allocs_failed_limit: 6.
num_arena_births: 208.
num_arena_deaths: 0.
num_vsnodes_births: 2.
num_vsnodes_deaths: 0.
num_space_committed: 856.
num_space_uncommitted: 0.
num_chunks_returned_to_freelist: 6.
num_chunks_taken_from_freelist: 1843.
num_chunk_merges: 3.
num_chunk_splits: 1527.
num_chunks_enlarged: 1364.
num_inconsistent_stats: 0.

CodeHeap 'non-profiled nmethods': size=120000Kb used=2029Kb max_used=2029Kb free=117970Kb
 bounds [0x000001af29eb0000, 0x000001af2a120000, 0x000001af313e0000]
CodeHeap 'profiled nmethods': size=120000Kb used=9157Kb max_used=9157Kb free=110842Kb
 bounds [0x000001af223e0000, 0x000001af22ce0000, 0x000001af29910000]
CodeHeap 'non-nmethods': size=5760Kb used=1278Kb max_used=1349Kb free=4481Kb
 bounds [0x000001af29910000, 0x000001af29b80000, 0x000001af29eb0000]
 total_blobs=5082 nmethods=4488 adapters=506
 compilation: enabled
              stopped_count=0, restarted_count=0
 full_count=0

Compilation events (20 events):
Event: 4.022 Thread 0x000001af38584360 nmethod 4496 0x000001af22cc1590 code [0x000001af22cc1780, 0x000001af22cc1aa8]
Event: 4.025 Thread 0x000001af38584360 4497       1       org.jetbrains.kotlin.resolve.calls.tower.NewResolvedCallImpl::getPsiKotlinCall (5 bytes)
Event: 4.025 Thread 0x000001af38584360 nmethod 4497 0x000001af2a0a7c90 code [0x000001af2a0a7e20, 0x000001af2a0a7ef8]
Event: 4.025 Thread 0x000001af38584360 4498       2       java.lang.invoke.MethodHandles$Lookup::lookupClassProtectionDomain (29 bytes)
Event: 4.026 Thread 0x000001af38584360 nmethod 4498 0x000001af22cc1c90 code [0x000001af22cc1e40, 0x000001af22cc2028]
Event: 4.026 Thread 0x000001af38584360 4499       2       java.lang.System$2::protectionDomain (5 bytes)
Event: 4.026 Thread 0x000001af38584360 nmethod 4499 0x000001af22cc2190 code [0x000001af22cc2320, 0x000001af22cc2448]
Event: 4.028 Thread 0x000001af38584360 4500       1       org.jetbrains.kotlin.serialization.deserialization.descriptors.DeserializedClassDescriptor::getVisibility (5 bytes)
Event: 4.029 Thread 0x000001af38584360 nmethod 4500 0x000001af2a0a7f90 code [0x000001af2a0a8120, 0x000001af2a0a81f8]
Event: 4.031 Thread 0x000001af38584360 4501       2       java.util.HashMap::containsKey (14 bytes)
Event: 4.031 Thread 0x000001af38584360 nmethod 4501 0x000001af22cc2510 code [0x000001af22cc26a0, 0x000001af22cc27c8]
Event: 4.039 Thread 0x000001af38584360 4502       2       kotlin.ranges.RangesKt___RangesKt::coerceAtLeast (11 bytes)
Event: 4.039 Thread 0x000001af38584360 nmethod 4502 0x000001af22cc2890 code [0x000001af22cc2a20, 0x000001af22cc2b18]
Event: 4.039 Thread 0x000001af38584360 4503       1       org.jetbrains.kotlin.load.java.lazy.descriptors.LazyJavaClassDescriptor::getKind (5 bytes)
Event: 4.039 Thread 0x000001af38584360 nmethod 4503 0x000001af2a0a8290 code [0x000001af2a0a8420, 0x000001af2a0a84f8]
Event: 4.039 Thread 0x000001af38584360 4504       2       kotlin.jvm.internal.Intrinsics::areEqual (22 bytes)
Event: 4.040 Thread 0x000001af38584360 nmethod 4504 0x000001af22cc2b90 code [0x000001af22cc2d20, 0x000001af22cc2e48]
Event: 4.040 Thread 0x000001af38584360 4505       2       org.jetbrains.kotlin.resolve.calls.tower.NewResolvedCallImpl::getResultingDescriptor (17 bytes)
Event: 4.040 Thread 0x000001af38584360 nmethod 4505 0x000001af22cc2f10 code [0x000001af22cc3120, 0x000001af22cc34b8]
Event: 4.041 Thread 0x000001af38584360 4506       2       org.jetbrains.kotlin.psi.KtModifierListOwnerStub::hasModifier (31 bytes)

GC Heap History (20 events):
Event: 1.138 GC heap before
{Heap before GC invocations=2 (full 0):
 garbage-first heap   total 131072K, used 33544K [0x0000000081c00000, 0x0000000100000000)
  region size 1024K, 28 young (28672K), 2 survivors (2048K)
 Metaspace       used 21319K, committed 21504K, reserved 1114112K
  class space    used 2331K, committed 2432K, reserved 1048576K
}
Event: 1.144 GC heap after
{Heap after GC invocations=3 (full 0):
 garbage-first heap   total 131072K, used 10380K [0x0000000081c00000, 0x0000000100000000)
  region size 1024K, 5 young (5120K), 5 survivors (5120K)
 Metaspace       used 21319K, committed 21504K, reserved 1114112K
  class space    used 2331K, committed 2432K, reserved 1048576K
}
Event: 1.472 GC heap before
{Heap before GC invocations=4 (full 0):
 garbage-first heap   total 45056K, used 31884K [0x0000000081c00000, 0x0000000100000000)
  region size 1024K, 26 young (26624K), 5 survivors (5120K)
 Metaspace       used 28167K, committed 28352K, reserved 1114112K
  class space    used 3405K, committed 3456K, reserved 1048576K
}
Event: 1.484 GC heap after
{Heap after GC invocations=5 (full 0):
 garbage-first heap   total 45056K, used 11568K [0x0000000081c00000, 0x0000000100000000)
  region size 1024K, 2 young (2048K), 2 survivors (2048K)
 Metaspace       used 28167K, committed 28352K, reserved 1114112K
  class space    used 3405K, committed 3456K, reserved 1048576K
}
Event: 1.500 GC heap before
{Heap before GC invocations=5 (full 0):
 garbage-first heap   total 45056K, used 12592K [0x0000000081c00000, 0x0000000100000000)
  region size 1024K, 3 young (3072K), 2 survivors (2048K)
 Metaspace       used 28602K, committed 28800K, reserved 1114112K
  class space    used 3569K, committed 3648K, reserved 1048576K
}
Event: 1.503 GC heap after
{Heap after GC invocations=6 (full 0):
 garbage-first heap   total 45056K, used 11578K [0x0000000081c00000, 0x0000000100000000)
  region size 1024K, 1 young (1024K), 1 survivors (1024K)
 Metaspace       used 28602K, committed 28800K, reserved 1114112K
  class space    used 3569K, committed 3648K, reserved 1048576K
}
Event: 1.715 GC heap before
{Heap before GC invocations=6 (full 0):
 garbage-first heap   total 45056K, used 34106K [0x0000000081c00000, 0x0000000100000000)
  region size 1024K, 21 young (21504K), 1 survivors (1024K)
 Metaspace       used 29556K, committed 29824K, reserved 1114112K
  class space    used 3624K, committed 3712K, reserved 1048576K
}
Event: 1.724 GC heap after
{Heap after GC invocations=7 (full 0):
 garbage-first heap   total 45056K, used 18732K [0x0000000081c00000, 0x0000000100000000)
  region size 1024K, 3 young (3072K), 3 survivors (3072K)
 Metaspace       used 29556K, committed 29824K, reserved 1114112K
  class space    used 3624K, committed 3712K, reserved 1048576K
}
Event: 1.872 GC heap before
{Heap before GC invocations=7 (full 0):
 garbage-first heap   total 45056K, used 32044K [0x0000000081c00000, 0x0000000100000000)
  region size 1024K, 16 young (16384K), 3 survivors (3072K)
 Metaspace       used 32229K, committed 32448K, reserved 1114112K
  class space    used 4130K, committed 4224K, reserved 1048576K
}
Event: 1.881 GC heap after
{Heap after GC invocations=8 (full 0):
 garbage-first heap   total 68608K, used 21076K [0x0000000081c00000, 0x0000000100000000)
  region size 1024K, 2 young (2048K), 2 survivors (2048K)
 Metaspace       used 32229K, committed 32448K, reserved 1114112K
  class space    used 4130K, committed 4224K, reserved 1048576K
}
Event: 2.102 GC heap before
{Heap before GC invocations=8 (full 0):
 garbage-first heap   total 68608K, used 40532K [0x0000000081c00000, 0x0000000100000000)
  region size 1024K, 22 young (22528K), 2 survivors (2048K)
 Metaspace       used 36097K, committed 36288K, reserved 1114112K
  class space    used 4557K, committed 4672K, reserved 1048576K
}
Event: 2.110 GC heap after
{Heap after GC invocations=9 (full 0):
 garbage-first heap   total 68608K, used 21340K [0x0000000081c00000, 0x0000000100000000)
  region size 1024K, 4 young (4096K), 4 survivors (4096K)
 Metaspace       used 36097K, committed 36288K, reserved 1114112K
  class space    used 4557K, committed 4672K, reserved 1048576K
}
Event: 2.512 GC heap before
{Heap before GC invocations=10 (full 0):
 garbage-first heap   total 68608K, used 48988K [0x0000000081c00000, 0x0000000100000000)
  region size 1024K, 31 young (31744K), 4 survivors (4096K)
 Metaspace       used 41520K, committed 41728K, reserved 1114112K
  class space    used 5067K, committed 5184K, reserved 1048576K
}
Event: 2.522 GC heap after
{Heap after GC invocations=11 (full 0):
 garbage-first heap   total 68608K, used 23871K [0x0000000081c00000, 0x0000000100000000)
  region size 1024K, 4 young (4096K), 4 survivors (4096K)
 Metaspace       used 41520K, committed 41728K, reserved 1114112K
  class space    used 5067K, committed 5184K, reserved 1048576K
}
Event: 3.093 GC heap before
{Heap before GC invocations=11 (full 0):
 garbage-first heap   total 68608K, used 48447K [0x0000000081c00000, 0x0000000100000000)
  region size 1024K, 29 young (29696K), 4 survivors (4096K)
 Metaspace       used 47483K, committed 47680K, reserved 1114112K
  class space    used 5756K, committed 5824K, reserved 1048576K
}
Event: 3.104 GC heap after
{Heap after GC invocations=12 (full 0):
 garbage-first heap   total 68608K, used 27896K [0x0000000081c00000, 0x0000000100000000)
  region size 1024K, 4 young (4096K), 4 survivors (4096K)
 Metaspace       used 47483K, committed 47680K, reserved 1114112K
  class space    used 5756K, committed 5824K, reserved 1048576K
}
Event: 3.361 GC heap before
{Heap before GC invocations=12 (full 0):
 garbage-first heap   total 68608K, used 52472K [0x0000000081c00000, 0x0000000100000000)
  region size 1024K, 26 young (26624K), 4 survivors (4096K)
 Metaspace       used 50092K, committed 50240K, reserved 1114112K
  class space    used 6067K, committed 6144K, reserved 1048576K
}
Event: 3.374 GC heap after
{Heap after GC invocations=13 (full 0):
 garbage-first heap   total 68608K, used 34489K [0x0000000081c00000, 0x0000000100000000)
  region size 1024K, 4 young (4096K), 4 survivors (4096K)
 Metaspace       used 50092K, committed 50240K, reserved 1114112K
  class space    used 6067K, committed 6144K, reserved 1048576K
}
Event: 3.514 GC heap before
{Heap before GC invocations=13 (full 0):
 garbage-first heap   total 68608K, used 51897K [0x0000000081c00000, 0x0000000100000000)
  region size 1024K, 21 young (21504K), 4 survivors (4096K)
 Metaspace       used 50514K, committed 50752K, reserved 1114112K
  class space    used 6092K, committed 6208K, reserved 1048576K
}
Event: 3.524 GC heap after
{Heap after GC invocations=14 (full 0):
 garbage-first heap   total 94208K, used 34816K [0x0000000081c00000, 0x0000000100000000)
  region size 1024K, 2 young (2048K), 2 survivors (2048K)
 Metaspace       used 50514K, committed 50752K, reserved 1114112K
  class space    used 6092K, committed 6208K, reserved 1048576K
}

Dll operation events (2 events):
Event: 0.006 Loaded shared library D:\android\jbr\bin\java.dll
Event: 1.355 Loaded shared library D:\android\jbr\bin\verify.dll

Deoptimization events (20 events):
Event: 3.823 Thread 0x000001af1ef00140 DEOPT PACKING pc=0x000001af2a005f5c sp=0x0000005050afcd50
Event: 3.823 Thread 0x000001af1ef00140 DEOPT UNPACKING pc=0x000001af299669a3 sp=0x0000005050afcc08 mode 2
Event: 3.823 Thread 0x000001af1ef00140 Uncommon trap: trap_request=0xffffffde fr.pc=0x000001af2a005f5c relative=0x000000000000299c
Event: 3.823 Thread 0x000001af1ef00140 Uncommon trap: reason=class_check action=maybe_recompile pc=0x000001af2a005f5c method=org.jetbrains.kotlin.com.intellij.lang.impl.PsiBuilderImpl.getTokenText()Ljava/lang/String; @ 53 c2
Event: 3.823 Thread 0x000001af1ef00140 DEOPT PACKING pc=0x000001af2a005f5c sp=0x0000005050afcd50
Event: 3.823 Thread 0x000001af1ef00140 DEOPT UNPACKING pc=0x000001af299669a3 sp=0x0000005050afcc08 mode 2
Event: 3.926 Thread 0x000001af1ef00140 Uncommon trap: trap_request=0xffffff45 fr.pc=0x000001af2a09c958 relative=0x00000000000015b8
Event: 3.926 Thread 0x000001af1ef00140 Uncommon trap: reason=unstable_if action=reinterpret pc=0x000001af2a09c958 method=gnu.trove.TObjectHash.insertionIndex(Ljava/lang/Object;)I @ 182 c2
Event: 3.926 Thread 0x000001af1ef00140 DEOPT PACKING pc=0x000001af2a09c958 sp=0x0000005050afb630
Event: 3.926 Thread 0x000001af1ef00140 DEOPT UNPACKING pc=0x000001af299669a3 sp=0x0000005050afb5d8 mode 2
Event: 4.011 Thread 0x000001af1ef00140 Uncommon trap: trap_request=0xffffff45 fr.pc=0x000001af2a040f2c relative=0x00000000000002ec
Event: 4.011 Thread 0x000001af1ef00140 Uncommon trap: reason=unstable_if action=reinterpret pc=0x000001af2a040f2c method=java.util.HashMap.hash(Ljava/lang/Object;)I @ 1 c2
Event: 4.011 Thread 0x000001af1ef00140 DEOPT PACKING pc=0x000001af2a040f2c sp=0x0000005050afc220
Event: 4.011 Thread 0x000001af1ef00140 DEOPT UNPACKING pc=0x000001af299669a3 sp=0x0000005050afc0b0 mode 2
Event: 4.024 Thread 0x000001af1ef00140 Uncommon trap: trap_request=0xffffff45 fr.pc=0x000001af29f5edcc relative=0x000000000000004c
Event: 4.024 Thread 0x000001af1ef00140 Uncommon trap: reason=unstable_if action=reinterpret pc=0x000001af29f5edcc method=kotlin.jvm.internal.Intrinsics.areEqual(Ljava/lang/Object;Ljava/lang/Object;)Z @ 5 c2
Event: 4.024 Thread 0x000001af1ef00140 DEOPT PACKING pc=0x000001af29f5edcc sp=0x0000005050afc0d0
Event: 4.024 Thread 0x000001af1ef00140 DEOPT UNPACKING pc=0x000001af299669a3 sp=0x0000005050afc060 mode 2
Event: 4.037 Thread 0x000001af1ef00140 DEOPT PACKING pc=0x000001af22c3a0c4 sp=0x0000005050afc070
Event: 4.037 Thread 0x000001af1ef00140 DEOPT UNPACKING pc=0x000001af29967143 sp=0x0000005050afb620 mode 0

Classes unloaded (0 events):
No events

Classes redefined (0 events):
No events

Internal exceptions (20 events):
Event: 1.203 Thread 0x000001af1ef00140 Exception <a 'java/lang/NoSuchMethodError'{0x0000000083e8fa58}: 'int java.lang.invoke.DirectMethodHandle$Holder.invokeStaticInit(java.lang.Object, java.lang.Object)'> (0x0000000083e8fa58) 
thrown [s\src\hotspot\share\interpreter\linkResolver.cpp, line 771]
Event: 1.213 Thread 0x000001af1ef00140 Exception <a 'java/lang/NoSuchMethodError'{0x0000000083d6f410}: 'void java.lang.invoke.DirectMethodHandle$Holder.invokeSpecial(java.lang.Object, java.lang.Object, java.lang.Object)'> (0x0000000083d6f410) 
thrown [s\src\hotspot\share\interpreter\linkResolver.cpp, line 771]
Event: 1.271 Thread 0x000001af1ef00140 Exception <a 'java/lang/NoSuchMethodError'{0x0000000083a93c28}: 'void java.lang.invoke.DirectMethodHandle$Holder.invokeStatic(java.lang.Object, java.lang.Object, java.lang.Object, java.lang.Object)'> (0x0000000083a93c28) 
thrown [s\src\hotspot\share\interpreter\linkResolver.cpp, line 771]
Event: 1.329 Thread 0x000001af1ef00140 Exception <a 'java/lang/NoSuchMethodError'{0x0000000083652118}: 'void java.lang.invoke.DirectMethodHandle$Holder.invokeStaticInit(java.lang.Object, java.lang.Object)'> (0x0000000083652118) 
thrown [s\src\hotspot\share\interpreter\linkResolver.cpp, line 771]
Event: 1.409 Thread 0x000001af1ef00140 Exception <a 'java/lang/NoSuchMethodError'{0x00000000831de538}: 'void java.lang.invoke.DirectMethodHandle$Holder.invokeVirtual(java.lang.Object, java.lang.Object)'> (0x00000000831de538) 
thrown [s\src\hotspot\share\interpreter\linkResolver.cpp, line 771]
Event: 1.414 Thread 0x000001af1ef00140 Exception <a 'java/lang/NoSuchMethodError'{0x000000008302a538}: 'int java.lang.invoke.DirectMethodHandle$Holder.invokeVirtual(java.lang.Object, java.lang.Object)'> (0x000000008302a538) 
thrown [s\src\hotspot\share\interpreter\linkResolver.cpp, line 771]
Event: 1.426 Thread 0x000001af1ef00140 Exception <a 'java/lang/NoSuchMethodError'{0x00000000830c29a8}: 'java.lang.Object java.lang.invoke.Invokers$Holder.invokeExact_MT(java.lang.Object, java.lang.Object, java.lang.Object, java.lang.Object, java.lang.Object, java.lang.Object)'> (0x00000000830c29a8) 
thrown [s\src\hotspot\share\interpreter\linkResolver.cpp, line 771]
Event: 1.860 Thread 0x000001af1ef00140 Implicit null exception at 0x000001af29ec9cf2 to 0x000001af29eca30c
Event: 1.948 Thread 0x000001af1ef00140 Implicit null exception at 0x000001af29ec9072 to 0x000001af29ec96ac
Event: 1.978 Thread 0x000001af1ef00140 Exception <a 'java/lang/NoSuchMethodError'{0x0000000085611320}: 'java.lang.Object java.lang.invoke.DirectMethodHandle$Holder.invokeVirtual(java.lang.Object, java.lang.Object, java.lang.Object)'> (0x0000000085611320) 
thrown [s\src\hotspot\share\interpreter\linkResolver.cpp, line 771]
Event: 2.592 Thread 0x000001af1ef00140 Exception <a 'java/lang/NoSuchMethodError'{0x0000000087c48088}: 'java.lang.Object java.lang.invoke.DirectMethodHandle$Holder.newInvokeSpecial(java.lang.Object, java.lang.Object, int)'> (0x0000000087c48088) 
thrown [s\src\hotspot\share\interpreter\linkResolver.cpp, line 771]
Event: 2.647 Thread 0x000001af1ef00140 Implicit null exception at 0x000001af29fe1a53 to 0x000001af29fe1b68
Event: 2.706 Thread 0x000001af1ef00140 Implicit null exception at 0x000001af29fe86cc to 0x000001af29fe87c0
Event: 2.790 Thread 0x000001af1ef00140 Exception <a 'java/lang/NoSuchMethodError'{0x000000008541a1a0}: 'java.lang.Object java.lang.invoke.DirectMethodHandle$Holder.newInvokeSpecial(java.lang.Object, java.lang.Object, java.lang.Object, int)'> (0x000000008541a1a0) 
thrown [s\src\hotspot\share\interpreter\linkResolver.cpp, line 771]
Event: 2.791 Thread 0x000001af1ef00140 Exception <a 'java/lang/NoSuchMethodError'{0x000000008541e828}: 'java.lang.Object java.lang.invoke.DirectMethodHandle$Holder.invokeSpecial(java.lang.Object, java.lang.Object, java.lang.Object, java.lang.Object, int)'> (0x000000008541e828) 
thrown [s\src\hotspot\share\interpreter\linkResolver.cpp, line 771]
Event: 2.791 Thread 0x000001af1ef00140 Exception <a 'java/lang/NoSuchMethodError'{0x0000000085422698}: 'java.lang.Object java.lang.invoke.Invokers$Holder.linkToTargetMethod(java.lang.Object, java.lang.Object, int, java.lang.Object)'> (0x0000000085422698) 
thrown [s\src\hotspot\share\interpreter\linkResolver.cpp, line 771]
Event: 3.854 Thread 0x000001af1ef00140 Exception <a 'java/lang/NoSuchMethodError'{0x0000000086660cf0}: 'java.lang.Object java.lang.invoke.DirectMethodHandle$Holder.newInvokeSpecial(java.lang.Object, int, java.lang.Object)'> (0x0000000086660cf0) 
thrown [s\src\hotspot\share\interpreter\linkResolver.cpp, line 771]
Event: 3.855 Thread 0x000001af1ef00140 Exception <a 'java/lang/NoSuchMethodError'{0x0000000086667098}: 'int java.lang.invoke.DirectMethodHandle$Holder.invokeInterface(java.lang.Object, java.lang.Object)'> (0x0000000086667098) 
thrown [s\src\hotspot\share\interpreter\linkResolver.cpp, line 771]
Event: 3.890 Thread 0x000001af1ef00140 Exception <a 'java/lang/NoSuchMethodError'{0x00000000866d9fe8}: 'java.lang.Object java.lang.invoke.DirectMethodHandle$Holder.newInvokeSpecial(java.lang.Object, java.lang.Object, java.lang.Object, java.lang.Object, java.lang.Object, java.lang.Object)'> (0x00000000866d9fe8) 
thrown [s\src\hotspot\share\interpreter\linkResolver.cpp, line 771]
Event: 4.011 Thread 0x000001af1ef00140 Implicit null exception at 0x000001af2a040c8f to 0x000001af2a040f10

VM Operations (20 events):
Event: 3.276 Executing VM operation: HandshakeAllThreads
Event: 3.276 Executing VM operation: HandshakeAllThreads done
Event: 3.285 Executing VM operation: HandshakeAllThreads
Event: 3.285 Executing VM operation: HandshakeAllThreads done
Event: 3.285 Executing VM operation: HandshakeAllThreads
Event: 3.286 Executing VM operation: HandshakeAllThreads done
Event: 3.361 Executing VM operation: G1CollectForAllocation
Event: 3.374 Executing VM operation: G1CollectForAllocation done
Event: 3.514 Executing VM operation: G1CollectForAllocation
Event: 3.524 Executing VM operation: G1CollectForAllocation done
Event: 3.540 Executing VM operation: HandshakeAllThreads
Event: 3.540 Executing VM operation: HandshakeAllThreads done
Event: 3.546 Executing VM operation: HandshakeAllThreads
Event: 3.546 Executing VM operation: HandshakeAllThreads done
Event: 3.743 Executing VM operation: HandshakeAllThreads
Event: 3.743 Executing VM operation: HandshakeAllThreads done
Event: 3.910 Executing VM operation: ICBufferFull
Event: 3.910 Executing VM operation: ICBufferFull done
Event: 4.037 Executing VM operation: HandshakeAllThreads
Event: 4.037 Executing VM operation: HandshakeAllThreads done

Events (20 events):
Event: 3.007 loading class java/util/stream/ReferencePipeline$2$1
Event: 3.007 loading class java/util/stream/ReferencePipeline$2$1 done
Event: 3.007 loading class java/util/stream/IntPipeline$1$1
Event: 3.007 loading class java/util/stream/Sink$ChainedInt
Event: 3.007 loading class java/util/stream/Sink$OfInt
Event: 3.007 loading class java/util/function/IntConsumer
Event: 3.007 loading class java/util/function/IntConsumer done
Event: 3.007 loading class java/util/stream/Sink$OfInt done
Event: 3.007 loading class java/util/stream/Sink$ChainedInt done
Event: 3.007 loading class java/util/stream/IntPipeline$1$1 done
Event: 3.035 loading class java/util/AbstractList$SubList$1
Event: 3.035 loading class java/util/AbstractList$SubList$1 done
Event: 3.052 loading class java/text/StringCharacterIterator
Event: 3.053 loading class java/text/CharacterIterator
Event: 3.053 loading class java/text/CharacterIterator done
Event: 3.053 loading class java/text/StringCharacterIterator done
Event: 3.286 loading class java/util/ComparableTimSort
Event: 3.286 loading class java/util/ComparableTimSort done
Event: 3.744 loading class java/util/Collections$SingletonMap
Event: 3.744 loading class java/util/Collections$SingletonMap done


Dynamic libraries:
0x00007ff744e60000 - 0x00007ff744e6a000 	D:\android\jbr\bin\java.exe
0x00007ffb906f0000 - 0x00007ffb908e8000 	C:\WINDOWS\SYSTEM32\ntdll.dll
0x00007ffb8ec10000 - 0x00007ffb8ecd2000 	C:\WINDOWS\System32\KERNEL32.DLL
0x00007ffb8e2c0000 - 0x00007ffb8e5be000 	C:\WINDOWS\System32\KERNELBASE.dll
0x00007ffb8e610000 - 0x00007ffb8e710000 	C:\WINDOWS\System32\ucrtbase.dll
0x00007ffb870e0000 - 0x00007ffb870fb000 	D:\android\jbr\bin\VCRUNTIME140.dll
0x00007ffb87ae0000 - 0x00007ffb87af7000 	D:\android\jbr\bin\jli.dll
0x00007ffb8e780000 - 0x00007ffb8e91d000 	C:\WINDOWS\System32\USER32.dll
0x00007ffb8dd90000 - 0x00007ffb8ddb2000 	C:\WINDOWS\System32\win32u.dll
0x00007ffb7b690000 - 0x00007ffb7b92a000 	C:\WINDOWS\WinSxS\amd64_microsoft.windows.common-controls_6595b64144ccf1df_6.0.19041.4355_none_60b8b9eb71f62e16\COMCTL32.dll
0x00007ffb8ebe0000 - 0x00007ffb8ec0b000 	C:\WINDOWS\System32\GDI32.dll
0x00007ffb8e920000 - 0x00007ffb8e9be000 	C:\WINDOWS\System32\msvcrt.dll
0x00007ffb8de60000 - 0x00007ffb8df77000 	C:\WINDOWS\System32\gdi32full.dll
0x00007ffb8ddc0000 - 0x00007ffb8de5d000 	C:\WINDOWS\System32\msvcp_win.dll
0x00007ffb8eb40000 - 0x00007ffb8eb6f000 	C:\WINDOWS\System32\IMM32.DLL
0x00007ffb89a30000 - 0x00007ffb89a3c000 	D:\android\jbr\bin\vcruntime140_1.dll
0x00007ffb57a20000 - 0x00007ffb57aad000 	D:\android\jbr\bin\msvcp140.dll
0x00007ffb218a0000 - 0x00007ffb22523000 	D:\android\jbr\bin\server\jvm.dll
0x00007ffb8ff80000 - 0x00007ffb90032000 	C:\WINDOWS\System32\ADVAPI32.dll
0x00007ffb903b0000 - 0x00007ffb90450000 	C:\WINDOWS\System32\sechost.dll
0x00007ffb900a0000 - 0x00007ffb901c3000 	C:\WINDOWS\System32\RPCRT4.dll
0x00007ffb8e0c0000 - 0x00007ffb8e0e7000 	C:\WINDOWS\System32\bcrypt.dll
0x00007ffb8dbf0000 - 0x00007ffb8dc3b000 	C:\WINDOWS\SYSTEM32\POWRPROF.dll
0x00007ffb7a470000 - 0x00007ffb7a479000 	C:\WINDOWS\SYSTEM32\WSOCK32.dll
0x00007ffb905e0000 - 0x00007ffb9064b000 	C:\WINDOWS\System32\WS2_32.dll
0x00007ffb8b410000 - 0x00007ffb8b41a000 	C:\WINDOWS\SYSTEM32\VERSION.dll
0x00007ffb67b90000 - 0x00007ffb67bb7000 	C:\WINDOWS\SYSTEM32\WINMM.dll
0x00007ffb8dbd0000 - 0x00007ffb8dbe2000 	C:\WINDOWS\SYSTEM32\UMPDC.dll
0x00007ffb8c570000 - 0x00007ffb8c582000 	C:\WINDOWS\SYSTEM32\kernel.appcore.dll
0x00007ffb7a0b0000 - 0x00007ffb7a0ba000 	D:\android\jbr\bin\jimage.dll
0x00007ffb83d80000 - 0x00007ffb83f64000 	C:\WINDOWS\SYSTEM32\DBGHELP.DLL
0x00007ffb67c00000 - 0x00007ffb67c34000 	C:\WINDOWS\SYSTEM32\dbgcore.DLL
0x00007ffb8e030000 - 0x00007ffb8e0b2000 	C:\WINDOWS\System32\bcryptPrimitives.dll
0x00007ffb73990000 - 0x00007ffb739b5000 	D:\android\jbr\bin\java.dll
0x00007ffb4e9d0000 - 0x00007ffb4e9e8000 	D:\android\jbr\bin\zip.dll
0x00007ffb8f810000 - 0x00007ffb8ff7f000 	C:\WINDOWS\System32\SHELL32.dll
0x00007ffb8bd80000 - 0x00007ffb8c524000 	C:\WINDOWS\SYSTEM32\windows.storage.dll
0x00007ffb8f150000 - 0x00007ffb8f4a3000 	C:\WINDOWS\System32\combase.dll
0x00007ffb8d610000 - 0x00007ffb8d63e000 	C:\WINDOWS\SYSTEM32\Wldp.dll
0x00007ffb8e9c0000 - 0x00007ffb8ea8d000 	C:\WINDOWS\System32\OLEAUT32.dll
0x00007ffb901d0000 - 0x00007ffb9027d000 	C:\WINDOWS\System32\SHCORE.dll
0x00007ffb8eb70000 - 0x00007ffb8ebc5000 	C:\WINDOWS\System32\shlwapi.dll
0x00007ffb8dcc0000 - 0x00007ffb8dce4000 	C:\WINDOWS\SYSTEM32\profapi.dll
0x00007ffb24e90000 - 0x00007ffb24ea9000 	D:\android\jbr\bin\net.dll
0x00007ffb8b4c0000 - 0x00007ffb8b5cd000 	C:\WINDOWS\SYSTEM32\WINHTTP.dll
0x00007ffb8d3f0000 - 0x00007ffb8d45a000 	C:\WINDOWS\system32\mswsock.dll
0x00007ffb24e70000 - 0x00007ffb24e86000 	D:\android\jbr\bin\nio.dll
0x00007ffb8aed0000 - 0x00007ffb8aee0000 	D:\android\jbr\bin\verify.dll

dbghelp: loaded successfully - version: 4.0.5 - missing functions: none
symbol engine: initialized successfully - sym options: 0x614 - pdb path: .;D:\android\jbr\bin;C:\WINDOWS\SYSTEM32;C:\WINDOWS\WinSxS\amd64_microsoft.windows.common-controls_6595b64144ccf1df_6.0.19041.4355_none_60b8b9eb71f62e16;D:\android\jbr\bin\server

VM Arguments:
java_command: org.jetbrains.kotlin.cli.jvm.K2JVMCompiler @D:\android\Android Project\fundflow_mobile\app\build\20241101_13321540681860086393.compiler.options
java_class_path (initial): C:\Users\USER\.gradle\caches\modules-2\files-2.1\org.jetbrains.kotlin\kotlin-compiler-embeddable\1.9.0\2c8c3a7402becca891f12739b3e9fd2dc2adbd7a\kotlin-compiler-embeddable-1.9.0.jar;C:\Users\USER\.gradle\caches\modules-2\files-2.1\org.jetbrains.kotlin\kotlin-stdlib\1.9.0\8ee15ef0c67dc83d874f412d84378d7f0eb50b63\kotlin-stdlib-1.9.0.jar;C:\Users\USER\.gradle\caches\modules-2\files-2.1\org.jetbrains.kotlin\kotlin-script-runtime\1.9.0\4b3102cbbb7e1b58d9d1adf89563f00069ffa7d1\kotlin-script-runtime-1.9.0.jar;C:\Users\USER\.gradle\caches\modules-2\files-2.1\org.jetbrains.kotlin\kotlin-reflect\1.6.10\1cbe9c92c12a94eea200d23c2bbaedaf3daf5132\kotlin-reflect-1.6.10.jar;C:\Users\USER\.gradle\caches\modules-2\files-2.1\org.jetbrains.kotlin\kotlin-daemon-embeddable\1.9.0\186543f5e28cf8d9a0290fecc2cf34301c40a65c\kotlin-daemon-embeddable-1.9.0.jar;C:\Users\USER\.gradle\caches\modules-2\files-2.1\org.jetbrains.intellij.deps\trove4j\1.0.20200330\3afb14d5f9ceb459d724e907a21145e8ff394f02\trove4j-1.0.20200330.jar;C:\Users\USER\.gradle\caches\modules-2\files-2.1\org.jetbrains.kotlin\kotlin-stdlib-common\1.9.0\cd65c21cfd1eec4d44ef09f9f52b6d9f8a720636\kotlin-stdlib-common-1.9.0.jar;C:\Users\USER\.gradle\caches\modules-2\files-2.1\org.jetbrains\annotations\13.0\919f0dfe192fb4e063e7dacadee7f8bb9a2672a9\annotations-13.0.jar
Launcher Type: SUN_STANDARD

[Global flags]
     intx CICompilerCount                          = 3                                         {product} {ergonomic}
     uint ConcGCThreads                            = 1                                         {product} {ergonomic}
     uint G1ConcRefinementThreads                  = 4                                         {product} {ergonomic}
   size_t G1HeapRegionSize                         = 1048576                                   {product} {ergonomic}
    uintx GCDrainStackTargetSize                   = 64                                        {product} {ergonomic}
   size_t InitialHeapSize                          = 134217728                                 {product} {ergonomic}
   size_t MarkStackSize                            = 4194304                                   {product} {ergonomic}
   size_t MaxHeapSize                              = 2118123520                                {product} {ergonomic}
   size_t MaxNewSize                               = 1270874112                                {product} {ergonomic}
   size_t MinHeapDeltaBytes                        = 1048576                                   {product} {ergonomic}
   size_t MinHeapSize                              = 8388608                                   {product} {ergonomic}
    uintx NonNMethodCodeHeapSize                   = 5832780                                {pd product} {ergonomic}
    uintx NonProfiledCodeHeapSize                  = 122912730                              {pd product} {ergonomic}
    uintx ProfiledCodeHeapSize                     = 122912730                              {pd product} {ergonomic}
    uintx ReservedCodeCacheSize                    = 251658240                              {pd product} {ergonomic}
     bool SegmentedCodeCache                       = true                                      {product} {ergonomic}
   size_t SoftMaxHeapSize                          = 2118123520                             {manageable} {ergonomic}
     bool UseCompressedClassPointers               = true                           {product lp64_product} {ergonomic}
     bool UseCompressedOops                        = true                           {product lp64_product} {ergonomic}
     bool UseG1GC                                  = true                                      {product} {ergonomic}
     bool UseLargePagesIndividualAllocation        = false                                  {pd product} {ergonomic}

Logging:
Log output configuration:
 #0: stdout all=warning uptime,level,tags
 #1: stderr all=off uptime,level,tags

Environment Variables:
PATH=C:\Python312\Scripts\;C:\Python312\;C:\Program Files\Common Files\Oracle\Java\javapath;C:\Program Files (x86)\Common Files\Oracle\Java\javapath;C:\Program Files (x86)\Common Files\Intel\Shared Files\cpp\bin\Intel64;C:\WINDOWS\system32;C:\WINDOWS;C:\WINDOWS\System32\Wbem;C:\WINDOWS\System32\WindowsPowerShell\v1.0\;C:\WINDOWS\System32\OpenSSH\;C:\Program Files\dotnet\;C:\Program Files\Git\cmd;C:\xampp\php;C:\composer;C:\Program Files\node-v20.17.0;C:\Program Files\Git;C:\ProgramData\chocolatey\bin;C:\Program Files\nodejs\;C:\Users\USER\AppData\Local\Microsoft\WindowsApps;;C:\Users\USER\AppData\Local\Programs\Microsoft VS Code\bin;C:\Users\USER\AppData\Roaming\Composer\vendor\bin;C:\Users\USER\AppData\Roaming\npm
USERNAME=USER
OS=Windows_NT
PROCESSOR_IDENTIFIER=Intel64 Family 6 Model 142 Stepping 9, GenuineIntel
TMP=C:\Users\USER\AppData\Local\Temp
TEMP=C:\Users\USER\AppData\Local\Temp



Periodic native trim disabled

JNI global refs:
JNI global refs: 9, weak refs: 24

JNI global refs memory usage: 843, weak refs: 841

Process memory usage:
Resident Set Size: 245444K (2% of 8267448K total physical memory with 713648K free physical memory)

OOME stack traces (most recent first):
Classloader memory used:
Loader jdk.internal.loader.ClassLoaders$AppClassLoader                                 : 5490K
Loader bootstrap                                                                       : 1305K
Loader java.net.URLClassLoader                                                         : 27526B
Loader jdk.internal.reflect.DelegatingClassLoader                                      : 12173B


---------------  S Y S T E M  ---------------

OS:
 Windows 10 , 64 bit Build 19041 (10.0.19041.4957)
OS uptime: 0 days 14:48 hours
Hyper-V role detected

CPU: total 4 (initial active 4) (2 cores per cpu, 2 threads per core) family 6 model 142 stepping 9 microcode 0xf6, cx8, cmov, fxsr, ht, mmx, 3dnowpref, sse, sse2, sse3, ssse3, sse4.1, sse4.2, popcnt, lzcnt, tsc, tscinvbit, avx, avx2, aes, erms, clmul, bmi1, bmi2, rtm, adx, fma, vzeroupper, clflush, clflushopt, hv
Processor Information for all 4 processors :
  Max Mhz: 2901, Current Mhz: 2901, Mhz Limit: 2901

Memory: 4k page, system-wide physical 8073M (697M free)
TotalPageFile size 12073M (AvailPageFile size 6M)
current process WorkingSet (physical memory assigned to process): 239M, peak: 239M
current process commit charge ("private bytes"): 268M, peak: 271M

vm_info: OpenJDK 64-Bit Server VM (17.0.11+0--11852314) for windows-amd64 JRE (17.0.11+0--11852314), built on May 16 2024 21:29:20 by "androidbuild" with MS VC++ 16.10 / 16.11 (VS2019)

END.
