#
# There is insufficient memory for the Java Runtime Environment to continue.
# Native memory allocation (malloc) failed to allocate 601856 bytes. Error detail: Chunk::new
# Possible reasons:
#   The system is out of physical RAM or swap space
#   This process is running with CompressedOops enabled, and the Java Heap may be blocking the growth of the native heap
# Possible solutions:
#   Reduce memory load on the system
#   Increase physical memory or swap space
#   Check if swap backing store is full
#   Decrease Java heap size (-Xmx/-Xms)
#   Decrease number of Java threads
#   Decrease Java thread stack sizes (-Xss)
#   Set larger code cache with -XX:ReservedCodeCacheSize=
#   JVM is running with Zero Based Compressed Oops mode in which the Java heap is
#     placed in the first 32GB address space. The Java Heap base address is the
#     maximum limit for the native heap growth. Please use -XX:HeapBaseMinAddress
#     to set the Java Heap base and to place the Java Heap above 32GB virtual address.
# This output file may be truncated or incomplete.
#
#  Out of Memory Error (arena.cpp:191), pid=17000, tid=16172
#
# JRE version: OpenJDK Runtime Environment (17.0.11) (build 17.0.11+0--11852314)
# Java VM: OpenJDK 64-Bit Server VM (17.0.11+0--11852314, mixed mode, tiered, compressed oops, compressed class ptrs, g1 gc, windows-amd64)
# No core dump will be written. Minidumps are not enabled by default on client versions of Windows
#

---------------  S U M M A R Y ------------

Command Line: -XX:MaxPermSize=512m --add-opens=java.base/java.util=ALL-UNNAMED --add-opens=java.base/java.lang=ALL-UNNAMED --add-opens=java.base/java.lang.invoke=ALL-UNNAMED --add-opens=java.prefs/java.util.prefs=ALL-UNNAMED --add-exports=jdk.compiler/com.sun.tools.javac.api=ALL-UNNAMED --add-exports=jdk.compiler/com.sun.tools.javac.util=ALL-UNNAMED --add-opens=java.base/java.nio.charset=ALL-UNNAMED --add-opens=java.base/java.net=ALL-UNNAMED --add-opens=java.base/java.util.concurrent.atomic=ALL-UNNAMED -Xmx4096m -Dfile.encoding=UTF-8 -Duser.country=IE -Duser.language=en -Duser.variant -javaagent:C:\Users\USER\.gradle\wrapper\dists\gradle-8.9-bin\90cnw93cvbtalezasaz0blq0a\gradle-8.9\lib\agents\gradle-instrumentation-agent-8.9.jar org.gradle.launcher.daemon.bootstrap.GradleDaemon 8.9

Host: Intel(R) Core(TM) i7-7600U CPU @ 2.80GHz, 4 cores, 7G,  Windows 10 , 64 bit Build 19041 (10.0.19041.4957)
Time: Thu Nov 21 15:23:21 2024 SE Asia Standard Time elapsed time: 1172.807331 seconds (0d 0h 19m 32s)

---------------  T H R E A D  ---------------

Current thread (0x000002234f7a83c0):  JavaThread "C2 CompilerThread0" daemon [_thread_in_native, id=16172, stack(0x00000095b4300000,0x00000095b4400000)]


Current CompileTask:
C2:1172808 27041   !   4       java.util.jar.Attributes::read (494 bytes)

Stack: [0x00000095b4300000,0x00000095b4400000]
Native frames: (J=compiled Java code, j=interpreted, Vv=VM code, C=native code)
V  [jvm.dll+0x687bb9]
V  [jvm.dll+0x84142a]
V  [jvm.dll+0x8430ae]
V  [jvm.dll+0x843713]
V  [jvm.dll+0x24a35f]
V  [jvm.dll+0xac544]
V  [jvm.dll+0xacb8c]
V  [jvm.dll+0x2b194f]
V  [jvm.dll+0x58eba7]
V  [jvm.dll+0x2247e2]
V  [jvm.dll+0x224bdf]
V  [jvm.dll+0x21dd00]
V  [jvm.dll+0x21b201]
V  [jvm.dll+0x1a63ed]
V  [jvm.dll+0x22b1ee]
V  [jvm.dll+0x229375]
V  [jvm.dll+0x7f5647]
V  [jvm.dll+0x7efa4a]
V  [jvm.dll+0x686a35]
C  [ucrtbase.dll+0x21bb2]
C  [KERNEL32.DLL+0x17374]
C  [ntdll.dll+0x4cc91]


---------------  P R O C E S S  ---------------

Threads class SMR info:
_java_thread_list=0x000002235e8b70d0, length=79, elements={
0x000002232f4c3180, 0x000002234f63e020, 0x000002234f6162b0, 0x000002234f629750,
0x000002234f62a020, 0x000002234f62a8f0, 0x000002234f7a7430, 0x000002234f7a83c0,
0x000002234f7a9190, 0x000002234f7b68f0, 0x000002234f920fe0, 0x000002234fa38ab0,
0x0000022355165850, 0x000002234fb36330, 0x000002235582e030, 0x0000022355973a80,
0x0000022355976300, 0x0000022355973570, 0x0000022355975df0, 0x000002235705bb00,
0x000002235705f7c0, 0x000002235705eda0, 0x0000022359a6bad0, 0x00000223596bf7b0,
0x00000223596c48b0, 0x00000223596bfcc0, 0x000002235f7ca7b0, 0x000002235f7cb6e0,
0x000002235f7cacc0, 0x000002235f7cbbf0, 0x000002235f7ca2a0, 0x00000223596c2f60,
0x000002235e949ff0, 0x000002235e94c360, 0x000002235e94d290, 0x000002235e94b940,
0x000002235e94b430, 0x00000223596bd440, 0x0000022359a6bfe0, 0x000002235e94d7a0,
0x0000022360d3e8b0, 0x0000022360d40c20, 0x00000223596bd950, 0x000002235e94be50,
0x000002235e94aa10, 0x000002235e94af20, 0x000002235e94c870, 0x0000022360d40200,
0x0000022360d40710, 0x0000022360d41130, 0x0000022360d3e3a0, 0x0000022360d3d980,
0x000002235fd14ea0, 0x000002235f8f24c0, 0x0000022354b4b0a0, 0x0000022354b4ab90,
0x0000022354b4b5b0, 0x0000022354b4bfd0, 0x00000223596c0bf0, 0x00000223596c3470,
0x00000223596c01d0, 0x0000022354b4c4e0, 0x0000022354b4bac0, 0x000002235f8f1aa0,
0x000002235f8f33f0, 0x000002235f8f3900, 0x00000223619acf00, 0x00000223596c1100,
0x00000223596be880, 0x00000223596c1610, 0x00000223619ae850, 0x000002235f8f1fb0,
0x000002235876c3d0, 0x000002235876c8e0, 0x000002235f8f4830, 0x000002235876cdf0,
0x000002235876aa80, 0x000002235f8f1080, 0x00000223619ade30
}

Java Threads: ( => current thread )
  0x000002232f4c3180 JavaThread "main" [_thread_blocked, id=10020, stack(0x00000095b3600000,0x00000095b3700000)]
  0x000002234f63e020 JavaThread "Reference Handler" daemon [_thread_blocked, id=10072, stack(0x00000095b3d00000,0x00000095b3e00000)]
  0x000002234f6162b0 JavaThread "Finalizer" daemon [_thread_blocked, id=1016, stack(0x00000095b3e00000,0x00000095b3f00000)]
  0x000002234f629750 JavaThread "Signal Dispatcher" daemon [_thread_blocked, id=9560, stack(0x00000095b3f00000,0x00000095b4000000)]
  0x000002234f62a020 JavaThread "Attach Listener" daemon [_thread_blocked, id=8016, stack(0x00000095b4000000,0x00000095b4100000)]
  0x000002234f62a8f0 JavaThread "Service Thread" daemon [_thread_blocked, id=17304, stack(0x00000095b4100000,0x00000095b4200000)]
  0x000002234f7a7430 JavaThread "Monitor Deflation Thread" daemon [_thread_blocked, id=10296, stack(0x00000095b4200000,0x00000095b4300000)]
=>0x000002234f7a83c0 JavaThread "C2 CompilerThread0" daemon [_thread_in_native, id=16172, stack(0x00000095b4300000,0x00000095b4400000)]
  0x000002234f7a9190 JavaThread "C1 CompilerThread0" daemon [_thread_in_native, id=5008, stack(0x00000095b4400000,0x00000095b4500000)]
  0x000002234f7b68f0 JavaThread "Sweeper thread" daemon [_thread_blocked, id=10644, stack(0x00000095b4500000,0x00000095b4600000)]
  0x000002234f920fe0 JavaThread "Common-Cleaner" daemon [_thread_blocked, id=15992, stack(0x00000095b4600000,0x00000095b4700000)]
  0x000002234fa38ab0 JavaThread "Notification Thread" daemon [_thread_blocked, id=12748, stack(0x00000095b4700000,0x00000095b4800000)]
  0x0000022355165850 JavaThread "Daemon health stats" [_thread_blocked, id=13056, stack(0x00000095b4e00000,0x00000095b4f00000)]
  0x000002234fb36330 JavaThread "Incoming local TCP Connector on port 55517" [_thread_in_native, id=2924, stack(0x00000095b4900000,0x00000095b4a00000)]
  0x000002235582e030 JavaThread "Daemon periodic checks" [_thread_blocked, id=12232, stack(0x00000095b4f00000,0x00000095b5000000)]
  0x0000022355973a80 JavaThread "Cache worker for journal cache (C:\Users\USER\.gradle\caches\journal-1)" [_thread_blocked, id=17388, stack(0x00000095b5700000,0x00000095b5800000)]
  0x0000022355976300 JavaThread "File lock request listener" [_thread_in_native, id=17072, stack(0x00000095b5800000,0x00000095b5900000)]
  0x0000022355973570 JavaThread "Cache worker for file hash cache (C:\Users\USER\.gradle\caches\8.9\fileHashes)" [_thread_blocked, id=2484, stack(0x00000095b5900000,0x00000095b5a00000)]
  0x0000022355975df0 JavaThread "File watcher server" daemon [_thread_in_native, id=15836, stack(0x00000095b5d00000,0x00000095b5e00000)]
  0x000002235705bb00 JavaThread "File watcher consumer" daemon [_thread_blocked, id=16072, stack(0x00000095b5e00000,0x00000095b5f00000)]
  0x000002235705f7c0 JavaThread "Cache worker for file content cache (C:\Users\USER\.gradle\caches\8.9\fileContent)" [_thread_blocked, id=13204, stack(0x00000095b6000000,0x00000095b6100000)]
  0x000002235705eda0 JavaThread "Memory manager" [_thread_blocked, id=17044, stack(0x00000095b6d00000,0x00000095b6e00000)]
  0x0000022359a6bad0 JavaThread "Daemon Thread 2" [_thread_blocked, id=2596, stack(0x00000095b3300000,0x00000095b3400000)]
  0x00000223596bf7b0 JavaThread "Handler for socket connection from /127.0.0.1:55517 to /127.0.0.1:50138" [_thread_in_native, id=6692, stack(0x00000095b3400000,0x00000095b3500000)]
  0x00000223596c48b0 JavaThread "Cancel handler" [_thread_blocked, id=11760, stack(0x00000095b3500000,0x00000095b3600000)]
  0x00000223596bfcc0 JavaThread "Daemon worker Thread 2" [_thread_blocked, id=15684, stack(0x00000095b5000000,0x00000095b5100000)]
  0x000002235f7ca7b0 JavaThread "Asynchronous log dispatcher for DefaultDaemonConnection: socket connection from /127.0.0.1:55517 to /127.0.0.1:50138" [_thread_blocked, id=9464, stack(0x00000095b5100000,0x00000095b5200000)]
  0x000002235f7cb6e0 JavaThread "Stdin handler" [_thread_blocked, id=16140, stack(0x00000095b5200000,0x00000095b5300000)]
  0x000002235f7cacc0 JavaThread "Daemon client event forwarder" [_thread_blocked, id=12560, stack(0x00000095b5300000,0x00000095b5400000)]
  0x000002235f7cbbf0 JavaThread "Cache worker for file hash cache (D:\android\Android Project\fundflow_mobile\.gradle\8.9\fileHashes)" [_thread_blocked, id=7124, stack(0x00000095b5400000,0x00000095b5500000)]
  0x000002235f7ca2a0 JavaThread "Cache worker for Build Output Cleanup Cache (D:\android\Android Project\fundflow_mobile\.gradle\buildOutputCleanup)" [_thread_blocked, id=14940, stack(0x00000095b5500000,0x00000095b5600000)]
  0x00000223596c2f60 JavaThread "Cache worker for checksums cache (D:\android\Android Project\fundflow_mobile\.gradle\8.9\checksums)" [_thread_blocked, id=3176, stack(0x00000095b5600000,0x00000095b5700000)]
  0x000002235e949ff0 JavaThread "Cache worker for cache directory md-rule (C:\Users\USER\.gradle\caches\8.9\md-rule)" [_thread_blocked, id=4256, stack(0x00000095b5a00000,0x00000095b5b00000)]
  0x000002235e94c360 JavaThread "Cache worker for cache directory md-supplier (C:\Users\USER\.gradle\caches\8.9\md-supplier)" [_thread_blocked, id=12452, stack(0x00000095b5b00000,0x00000095b5c00000)]
  0x000002235e94d290 JavaThread "Unconstrained build operations" [_thread_blocked, id=14820, stack(0x00000095b5f00000,0x00000095b6000000)]
  0x000002235e94b940 JavaThread "Unconstrained build operations Thread 2" [_thread_blocked, id=11232, stack(0x00000095b6100000,0x00000095b6200000)]
  0x000002235e94b430 JavaThread "Unconstrained build operations Thread 3" [_thread_blocked, id=12500, stack(0x00000095b6200000,0x00000095b6300000)]
  0x00000223596bd440 JavaThread "Unconstrained build operations Thread 4" [_thread_blocked, id=14748, stack(0x00000095b6300000,0x00000095b6400000)]
  0x0000022359a6bfe0 JavaThread "Unconstrained build operations Thread 5" [_thread_blocked, id=840, stack(0x00000095b6400000,0x00000095b6500000)]
  0x000002235e94d7a0 JavaThread "Unconstrained build operations Thread 6" [_thread_blocked, id=9376, stack(0x00000095b6500000,0x00000095b6600000)]
  0x0000022360d3e8b0 JavaThread "build event listener" [_thread_blocked, id=13280, stack(0x00000095b6600000,0x00000095b6700000)]
  0x0000022360d40c20 JavaThread "build event listener" [_thread_blocked, id=12860, stack(0x00000095b6700000,0x00000095b6800000)]
  0x00000223596bd950 JavaThread "included builds" [_thread_blocked, id=4172, stack(0x00000095b6800000,0x00000095b6900000)]
  0x000002235e94be50 JavaThread "Execution worker" [_thread_blocked, id=14604, stack(0x00000095b6900000,0x00000095b6a00000)]
  0x000002235e94aa10 JavaThread "Execution worker Thread 2" [_thread_in_native, id=14668, stack(0x00000095b6a00000,0x00000095b6b00000)]
  0x000002235e94af20 JavaThread "Execution worker Thread 3" [_thread_blocked, id=6964, stack(0x00000095b6b00000,0x00000095b6c00000)]
  0x000002235e94c870 JavaThread "Cache worker for execution history cache (D:\android\Android Project\fundflow_mobile\.gradle\8.9\executionHistory)" [_thread_blocked, id=10392, stack(0x00000095b6c00000,0x00000095b6d00000)]
  0x0000022360d40200 JavaThread "Unconstrained build operations Thread 7" [_thread_blocked, id=5608, stack(0x00000095b6e00000,0x00000095b6f00000)]
  0x0000022360d40710 JavaThread "Unconstrained build operations Thread 8" [_thread_blocked, id=11628, stack(0x00000095b6f00000,0x00000095b7000000)]
  0x0000022360d41130 JavaThread "Unconstrained build operations Thread 9" [_thread_blocked, id=17168, stack(0x00000095b7000000,0x00000095b7100000)]
  0x0000022360d3e3a0 JavaThread "Unconstrained build operations Thread 10" [_thread_blocked, id=7788, stack(0x00000095b7100000,0x00000095b7200000)]
  0x0000022360d3d980 JavaThread "Unconstrained build operations Thread 11" [_thread_blocked, id=16792, stack(0x00000095b7200000,0x00000095b7300000)]
  0x000002235fd14ea0 JavaThread "Unconstrained build operations Thread 12" [_thread_blocked, id=2112, stack(0x00000095b7300000,0x00000095b7400000)]
  0x000002235f8f24c0 JavaThread "WorkerExecutor Queue" [_thread_blocked, id=16916, stack(0x00000095b7700000,0x00000095b7800000)]
  0x0000022354b4b0a0 JavaThread "WorkerExecutor Queue Thread 2" [_thread_blocked, id=2440, stack(0x00000095b7800000,0x00000095b7900000)]
  0x0000022354b4ab90 JavaThread "Unconstrained build operations Thread 13" [_thread_blocked, id=14288, stack(0x00000095b7900000,0x00000095b7a00000)]
  0x0000022354b4b5b0 JavaThread "Unconstrained build operations Thread 14" [_thread_blocked, id=11772, stack(0x00000095b7a00000,0x00000095b7b00000)]
  0x0000022354b4bfd0 JavaThread "Unconstrained build operations Thread 15" [_thread_blocked, id=11912, stack(0x00000095b7b00000,0x00000095b7c00000)]
  0x00000223596c0bf0 JavaThread "Unconstrained build operations Thread 16" [_thread_blocked, id=9796, stack(0x00000095b7c00000,0x00000095b7d00000)]
  0x00000223596c3470 JavaThread "Unconstrained build operations Thread 17" [_thread_blocked, id=7232, stack(0x00000095b7d00000,0x00000095b7e00000)]
  0x00000223596c01d0 JavaThread "Unconstrained build operations Thread 18" [_thread_blocked, id=12780, stack(0x00000095b7e00000,0x00000095b7f00000)]
  0x0000022354b4c4e0 JavaThread "Unconstrained build operations Thread 19" [_thread_blocked, id=2432, stack(0x00000095b7f00000,0x00000095b8000000)]
  0x0000022354b4bac0 JavaThread "WorkerExecutor Queue Thread 3" [_thread_blocked, id=15688, stack(0x00000095b8000000,0x00000095b8100000)]
  0x000002235f8f1aa0 JavaThread "pool-7-thread-1" [_thread_blocked, id=13572, stack(0x00000095b5c00000,0x00000095b5d00000)]
  0x000002235f8f33f0 JavaThread "stderr" [_thread_in_native, id=15104, stack(0x00000095b8100000,0x00000095b8200000)]
  0x000002235f8f3900 JavaThread "stdout" [_thread_in_native, id=9544, stack(0x00000095b8200000,0x00000095b8300000)]
  0x00000223619acf00 JavaThread "Unconstrained build operations Thread 20" [_thread_blocked, id=7704, stack(0x00000095b8400000,0x00000095b8500000)]
  0x00000223596c1100 JavaThread "Unconstrained build operations Thread 21" [_thread_blocked, id=4308, stack(0x00000095b8500000,0x00000095b8600000)]
  0x00000223596be880 JavaThread "Unconstrained build operations Thread 22" [_thread_blocked, id=7860, stack(0x00000095b8600000,0x00000095b8700000)]
  0x00000223596c1610 JavaThread "Unconstrained build operations Thread 23" [_thread_blocked, id=16116, stack(0x00000095b8700000,0x00000095b8800000)]
  0x00000223619ae850 JavaThread "Unconstrained build operations Thread 24" [_thread_blocked, id=10172, stack(0x00000095b8800000,0x00000095b8900000)]
  0x000002235f8f1fb0 JavaThread "WorkerExecutor Queue Thread 4" [_thread_blocked, id=15056, stack(0x00000095b8900000,0x00000095b8a00000)]
  0x000002235876c3d0 JavaThread "RMI Scheduler(0)" daemon [_thread_blocked, id=1208, stack(0x00000095b8a00000,0x00000095b8b00000)]
  0x000002235876c8e0 JavaThread "RMI RenewClean-[127.0.0.1:17667,org.jetbrains.kotlin.daemon.common.LoopbackNetworkInterface$ClientLoopbackSocketFactory@6d415345]" daemon [_thread_blocked, id=11948, stack(0x00000095b8b00000,0x00000095b8c00000)]
  0x000002235f8f4830 JavaThread "RMI GC Daemon" daemon [_thread_blocked, id=808, stack(0x00000095b8c00000,0x00000095b8d00000)]
  0x000002235876cdf0 JavaThread "RMI TCP Accept-0" daemon [_thread_in_native, id=9432, stack(0x00000095b8300000,0x00000095b8400000)]
  0x000002235876aa80 JavaThread "RMI Reaper" [_thread_blocked, id=7556, stack(0x00000095b8d00000,0x00000095b8e00000)]
  0x000002235f8f1080 JavaThread "RMI TCP Connection(1)-127.0.0.1" daemon [_thread_in_native, id=16320, stack(0x00000095b8e00000,0x00000095b8f00000)]
  0x00000223619ade30 JavaThread "Cache worker for Java compile cache (C:\Users\USER\.gradle\caches\8.9\javaCompile)" [_thread_blocked, id=9876, stack(0x00000095b8f00000,0x00000095b9000000)]

Other Threads:
  0x000002234f783740 VMThread "VM Thread" [stack: 0x00000095b3c00000,0x00000095b3d00000] [id=16880]
  0x000002232f4c4050 WatcherThread [stack: 0x00000095b4800000,0x00000095b4900000] [id=8568]
  0x000002232f52d8a0 GCTaskThread "GC Thread#0" [stack: 0x00000095b3700000,0x00000095b3800000] [id=7120]
  0x000002234fb37870 GCTaskThread "GC Thread#1" [stack: 0x00000095b4a00000,0x00000095b4b00000] [id=14528]
  0x000002234faf0bd0 GCTaskThread "GC Thread#2" [stack: 0x00000095b4b00000,0x00000095b4c00000] [id=13708]
  0x000002235453e4f0 GCTaskThread "GC Thread#3" [stack: 0x00000095b4c00000,0x00000095b4d00000] [id=17052]
  0x000002232f53f710 ConcurrentGCThread "G1 Main Marker" [stack: 0x00000095b3800000,0x00000095b3900000] [id=1604]
  0x000002232f540040 ConcurrentGCThread "G1 Conc#0" [stack: 0x00000095b3900000,0x00000095b3a00000] [id=6940]
  0x000002232f57dbe0 ConcurrentGCThread "G1 Refine#0" [stack: 0x00000095b3a00000,0x00000095b3b00000] [id=2600]
  0x0000022354903470 ConcurrentGCThread "G1 Refine#1" [stack: 0x00000095b4d00000,0x00000095b4e00000] [id=14640]
  0x000002235fdd0330 ConcurrentGCThread "G1 Refine#2" [stack: 0x00000095b7500000,0x00000095b7600000] [id=10672]
  0x0000022355ab28e0 ConcurrentGCThread "G1 Refine#3" [stack: 0x00000095b7600000,0x00000095b7700000] [id=1772]
  0x000002232f57e520 ConcurrentGCThread "G1 Service" [stack: 0x00000095b3b00000,0x00000095b3c00000] [id=12116]

Threads with active compile tasks:
C2 CompilerThread0  1172857 27041   !   4       java.util.jar.Attributes::read (494 bytes)

VM state: not at safepoint (normal execution)

VM Mutex/Monitor currently owned by a thread: None

Heap address: 0x0000000700000000, size: 4096 MB, Compressed Oops mode: Zero based, Oop shift amount: 3

CDS archive(s) not mapped
Compressed class space mapped at: 0x0000000800000000-0x0000000840000000, reserved size: 1073741824
Narrow klass base: 0x0000000800000000, Narrow klass shift: 0, Narrow klass range: 0x40000000

GC Precious Log:
 CPUs: 4 total, 4 available
 Memory: 8073M
 Large Page Support: Disabled
 NUMA Support: Disabled
 Compressed Oops: Enabled (Zero based)
 Heap Region Size: 2M
 Heap Min Capacity: 8M
 Heap Initial Capacity: 128M
 Heap Max Capacity: 4G
 Pre-touch: Disabled
 Parallel Workers: 4
 Concurrent Workers: 1
 Concurrent Refinement Workers: 4
 Periodic GC: Disabled

Heap:
 garbage-first heap   total 483328K, used 358415K [0x0000000700000000, 0x0000000800000000)
  region size 2048K, 76 young (155648K), 5 survivors (10240K)
 Metaspace       used 146585K, committed 147712K, reserved 1179648K
  class space    used 19844K, committed 20416K, reserved 1048576K

Heap Regions: E=young(eden), S=young(survivor), O=old, HS=humongous(starts), HC=humongous(continues), CS=collection set, F=free, OA=open archive, CA=closed archive, TAMS=top-at-mark-start (previous, next)
|   0|0x0000000700000000, 0x0000000700200000, 0x0000000700200000|100%|HS|  |TAMS 0x0000000700200000, 0x0000000700200000| Complete 
|   1|0x0000000700200000, 0x0000000700400000, 0x0000000700400000|100%|HC|  |TAMS 0x0000000700400000, 0x0000000700400000| Complete 
|   2|0x0000000700400000, 0x0000000700600000, 0x0000000700600000|100%| O|  |TAMS 0x0000000700600000, 0x0000000700600000| Untracked 
|   3|0x0000000700600000, 0x0000000700800000, 0x0000000700800000|100%| O|  |TAMS 0x0000000700800000, 0x0000000700800000| Untracked 
|   4|0x0000000700800000, 0x0000000700a00000, 0x0000000700a00000|100%| O|  |TAMS 0x0000000700a00000, 0x0000000700a00000| Untracked 
|   5|0x0000000700a00000, 0x0000000700c00000, 0x0000000700c00000|100%| O|  |TAMS 0x0000000700c00000, 0x0000000700c00000| Untracked 
|   6|0x0000000700c00000, 0x0000000700e00000, 0x0000000700e00000|100%| O|  |TAMS 0x0000000700e00000, 0x0000000700e00000| Untracked 
|   7|0x0000000700e00000, 0x0000000701000000, 0x0000000701000000|100%| O|  |TAMS 0x0000000701000000, 0x0000000701000000| Untracked 
|   8|0x0000000701000000, 0x0000000701200000, 0x0000000701200000|100%| O|  |TAMS 0x0000000701200000, 0x0000000701200000| Untracked 
|   9|0x0000000701200000, 0x0000000701400000, 0x0000000701400000|100%| O|  |TAMS 0x0000000701400000, 0x0000000701400000| Untracked 
|  10|0x0000000701400000, 0x0000000701600000, 0x0000000701600000|100%| O|  |TAMS 0x0000000701600000, 0x0000000701600000| Untracked 
|  11|0x0000000701600000, 0x0000000701800000, 0x0000000701800000|100%| O|  |TAMS 0x0000000701800000, 0x0000000701800000| Untracked 
|  12|0x0000000701800000, 0x0000000701a00000, 0x0000000701a00000|100%| O|  |TAMS 0x0000000701a00000, 0x0000000701a00000| Untracked 
|  13|0x0000000701a00000, 0x0000000701c00000, 0x0000000701c00000|100%| O|  |TAMS 0x0000000701c00000, 0x0000000701c00000| Untracked 
|  14|0x0000000701c00000, 0x0000000701e00000, 0x0000000701e00000|100%| O|  |TAMS 0x0000000701e00000, 0x0000000701e00000| Untracked 
|  15|0x0000000701e00000, 0x0000000702000000, 0x0000000702000000|100%| O|  |TAMS 0x0000000702000000, 0x0000000702000000| Untracked 
|  16|0x0000000702000000, 0x0000000702200000, 0x0000000702200000|100%| O|  |TAMS 0x0000000702200000, 0x0000000702200000| Untracked 
|  17|0x0000000702200000, 0x0000000702400000, 0x0000000702400000|100%| O|  |TAMS 0x0000000702400000, 0x0000000702400000| Untracked 
|  18|0x0000000702400000, 0x0000000702600000, 0x0000000702600000|100%| O|  |TAMS 0x0000000702600000, 0x0000000702600000| Untracked 
|  19|0x0000000702600000, 0x0000000702800000, 0x0000000702800000|100%| O|  |TAMS 0x0000000702800000, 0x0000000702800000| Untracked 
|  20|0x0000000702800000, 0x0000000702a00000, 0x0000000702a00000|100%| O|  |TAMS 0x0000000702a00000, 0x0000000702a00000| Untracked 
|  21|0x0000000702a00000, 0x0000000702c00000, 0x0000000702c00000|100%|HS|  |TAMS 0x0000000702c00000, 0x0000000702c00000| Complete 
|  22|0x0000000702c00000, 0x0000000702e00000, 0x0000000702e00000|100%|HS|  |TAMS 0x0000000702e00000, 0x0000000702e00000| Complete 
|  23|0x0000000702e00000, 0x0000000703000000, 0x0000000703000000|100%|HS|  |TAMS 0x0000000703000000, 0x0000000703000000| Complete 
|  24|0x0000000703000000, 0x0000000703200000, 0x0000000703200000|100%|HC|  |TAMS 0x0000000703200000, 0x0000000703200000| Complete 
|  25|0x0000000703200000, 0x0000000703400000, 0x0000000703400000|100%| O|  |TAMS 0x0000000703400000, 0x0000000703400000| Untracked 
|  26|0x0000000703400000, 0x0000000703600000, 0x0000000703600000|100%| O|  |TAMS 0x0000000703600000, 0x0000000703600000| Untracked 
|  27|0x0000000703600000, 0x0000000703800000, 0x0000000703800000|100%| O|  |TAMS 0x0000000703800000, 0x0000000703800000| Untracked 
|  28|0x0000000703800000, 0x0000000703a00000, 0x0000000703a00000|100%| O|  |TAMS 0x0000000703a00000, 0x0000000703a00000| Untracked 
|  29|0x0000000703a00000, 0x0000000703c00000, 0x0000000703c00000|100%| O|  |TAMS 0x0000000703c00000, 0x0000000703c00000| Untracked 
|  30|0x0000000703c00000, 0x0000000703e00000, 0x0000000703e00000|100%| O|  |TAMS 0x0000000703e00000, 0x0000000703e00000| Untracked 
|  31|0x0000000703e00000, 0x0000000704000000, 0x0000000704000000|100%| O|  |TAMS 0x0000000704000000, 0x0000000704000000| Untracked 
|  32|0x0000000704000000, 0x0000000704200000, 0x0000000704200000|100%| O|  |TAMS 0x0000000704200000, 0x0000000704200000| Untracked 
|  33|0x0000000704200000, 0x0000000704400000, 0x0000000704400000|100%| O|  |TAMS 0x0000000704400000, 0x0000000704400000| Untracked 
|  34|0x0000000704400000, 0x0000000704600000, 0x0000000704600000|100%| O|  |TAMS 0x0000000704400000, 0x0000000704600000| Untracked 
|  35|0x0000000704600000, 0x0000000704800000, 0x0000000704800000|100%| O|  |TAMS 0x0000000704800000, 0x0000000704800000| Untracked 
|  36|0x0000000704800000, 0x0000000704a00000, 0x0000000704a00000|100%| O|  |TAMS 0x0000000704a00000, 0x0000000704a00000| Untracked 
|  37|0x0000000704a00000, 0x0000000704c00000, 0x0000000704c00000|100%|HS|  |TAMS 0x0000000704c00000, 0x0000000704c00000| Complete 
|  38|0x0000000704c00000, 0x0000000704e00000, 0x0000000704e00000|100%|HC|  |TAMS 0x0000000704e00000, 0x0000000704e00000| Complete 
|  39|0x0000000704e00000, 0x0000000705000000, 0x0000000705000000|100%| O|  |TAMS 0x0000000705000000, 0x0000000705000000| Untracked 
|  40|0x0000000705000000, 0x0000000705200000, 0x0000000705200000|100%| O|  |TAMS 0x0000000705200000, 0x0000000705200000| Untracked 
|  41|0x0000000705200000, 0x0000000705400000, 0x0000000705400000|100%| O|  |TAMS 0x0000000705400000, 0x0000000705400000| Untracked 
|  42|0x0000000705400000, 0x0000000705600000, 0x0000000705600000|100%| O|  |TAMS 0x0000000705400000, 0x0000000705600000| Untracked 
|  43|0x0000000705600000, 0x0000000705800000, 0x0000000705800000|100%| O|  |TAMS 0x0000000705800000, 0x0000000705800000| Untracked 
|  44|0x0000000705800000, 0x0000000705a00000, 0x0000000705a00000|100%| O|  |TAMS 0x0000000705a00000, 0x0000000705a00000| Untracked 
|  45|0x0000000705a00000, 0x0000000705c00000, 0x0000000705c00000|100%| O|  |TAMS 0x0000000705c00000, 0x0000000705c00000| Untracked 
|  46|0x0000000705c00000, 0x0000000705e00000, 0x0000000705e00000|100%| O|  |TAMS 0x0000000705e00000, 0x0000000705e00000| Untracked 
|  47|0x0000000705e00000, 0x0000000706000000, 0x0000000706000000|100%| O|  |TAMS 0x0000000706000000, 0x0000000706000000| Untracked 
|  48|0x0000000706000000, 0x0000000706200000, 0x0000000706200000|100%| O|  |TAMS 0x0000000706000000, 0x0000000706200000| Untracked 
|  49|0x0000000706200000, 0x0000000706400000, 0x0000000706400000|100%| O|  |TAMS 0x0000000706400000, 0x0000000706400000| Untracked 
|  50|0x0000000706400000, 0x0000000706600000, 0x0000000706600000|100%| O|  |TAMS 0x0000000706600000, 0x0000000706600000| Untracked 
|  51|0x0000000706600000, 0x0000000706800000, 0x0000000706800000|100%| O|  |TAMS 0x0000000706800000, 0x0000000706800000| Untracked 
|  52|0x0000000706800000, 0x0000000706a00000, 0x0000000706a00000|100%| O|  |TAMS 0x0000000706a00000, 0x0000000706a00000| Untracked 
|  53|0x0000000706a00000, 0x0000000706c00000, 0x0000000706c00000|100%| O|  |TAMS 0x0000000706c00000, 0x0000000706c00000| Untracked 
|  54|0x0000000706c00000, 0x0000000706e00000, 0x0000000706e00000|100%| O|  |TAMS 0x0000000706e00000, 0x0000000706e00000| Untracked 
|  55|0x0000000706e00000, 0x0000000707000000, 0x0000000707000000|100%| O|  |TAMS 0x0000000707000000, 0x0000000707000000| Untracked 
|  56|0x0000000707000000, 0x0000000707200000, 0x0000000707200000|100%| O|  |TAMS 0x0000000707200000, 0x0000000707200000| Untracked 
|  57|0x0000000707200000, 0x0000000707400000, 0x0000000707400000|100%| O|  |TAMS 0x0000000707400000, 0x0000000707400000| Untracked 
|  58|0x0000000707400000, 0x0000000707600000, 0x0000000707600000|100%| O|  |TAMS 0x00000007074aa800, 0x0000000707600000| Untracked 
|  59|0x0000000707600000, 0x0000000707800000, 0x0000000707800000|100%| O|  |TAMS 0x0000000707600000, 0x0000000707800000| Untracked 
|  60|0x0000000707800000, 0x0000000707a00000, 0x0000000707a00000|100%| O|  |TAMS 0x0000000707800000, 0x0000000707a00000| Untracked 
|  61|0x0000000707a00000, 0x0000000707c00000, 0x0000000707c00000|100%| O|  |TAMS 0x0000000707a00000, 0x0000000707c00000| Untracked 
|  62|0x0000000707c00000, 0x0000000707e00000, 0x0000000707e00000|100%| O|  |TAMS 0x0000000707c00000, 0x0000000707e00000| Untracked 
|  63|0x0000000707e00000, 0x0000000708000000, 0x0000000708000000|100%| O|  |TAMS 0x0000000707e00000, 0x0000000708000000| Untracked 
|  64|0x0000000708000000, 0x0000000708200000, 0x0000000708200000|100%| O|  |TAMS 0x0000000708000000, 0x0000000708200000| Untracked 
|  65|0x0000000708200000, 0x0000000708400000, 0x0000000708400000|100%| O|  |TAMS 0x0000000708200000, 0x0000000708400000| Untracked 
|  66|0x0000000708400000, 0x0000000708600000, 0x0000000708600000|100%| O|  |TAMS 0x0000000708400000, 0x0000000708600000| Untracked 
|  67|0x0000000708600000, 0x0000000708800000, 0x0000000708800000|100%| O|  |TAMS 0x0000000708600000, 0x0000000708800000| Untracked 
|  68|0x0000000708800000, 0x0000000708a00000, 0x0000000708a00000|100%| O|  |TAMS 0x0000000708800000, 0x0000000708a00000| Untracked 
|  69|0x0000000708a00000, 0x0000000708c00000, 0x0000000708c00000|100%| O|  |TAMS 0x0000000708a00000, 0x0000000708a00000| Untracked 
|  70|0x0000000708c00000, 0x0000000708e00000, 0x0000000708e00000|100%| O|  |TAMS 0x0000000708c00000, 0x0000000708e00000| Untracked 
|  71|0x0000000708e00000, 0x0000000709000000, 0x0000000709000000|100%| O|  |TAMS 0x0000000708e00000, 0x0000000709000000| Untracked 
|  72|0x0000000709000000, 0x0000000709200000, 0x0000000709200000|100%| O|  |TAMS 0x0000000709000000, 0x0000000709200000| Untracked 
|  73|0x0000000709200000, 0x0000000709400000, 0x0000000709400000|100%| O|  |TAMS 0x0000000709200000, 0x0000000709400000| Untracked 
|  74|0x0000000709400000, 0x0000000709600000, 0x0000000709600000|100%| O|  |TAMS 0x0000000709400000, 0x0000000709502000| Untracked 
|  75|0x0000000709600000, 0x0000000709800000, 0x0000000709800000|100%| O|  |TAMS 0x0000000709600000, 0x0000000709600000| Untracked 
|  76|0x0000000709800000, 0x0000000709a00000, 0x0000000709a00000|100%| O|  |TAMS 0x0000000709800000, 0x0000000709800000| Untracked 
|  77|0x0000000709a00000, 0x0000000709c00000, 0x0000000709c00000|100%| O|  |TAMS 0x0000000709a00000, 0x0000000709a00000| Untracked 
|  78|0x0000000709c00000, 0x0000000709e00000, 0x0000000709e00000|100%| O|  |TAMS 0x0000000709c00000, 0x0000000709c00000| Untracked 
|  79|0x0000000709e00000, 0x000000070a000000, 0x000000070a000000|100%| O|  |TAMS 0x0000000709e00000, 0x0000000709e00000| Untracked 
|  80|0x000000070a000000, 0x000000070a200000, 0x000000070a200000|100%| O|  |TAMS 0x000000070a000000, 0x000000070a000000| Untracked 
|  81|0x000000070a200000, 0x000000070a400000, 0x000000070a400000|100%| O|  |TAMS 0x000000070a200000, 0x000000070a200000| Untracked 
|  82|0x000000070a400000, 0x000000070a600000, 0x000000070a600000|100%| O|  |TAMS 0x000000070a400000, 0x000000070a400000| Untracked 
|  83|0x000000070a600000, 0x000000070a800000, 0x000000070a800000|100%| O|  |TAMS 0x000000070a600000, 0x000000070a600000| Untracked 
|  84|0x000000070a800000, 0x000000070aa00000, 0x000000070aa00000|100%| O|  |TAMS 0x000000070a800000, 0x000000070a800000| Untracked 
|  85|0x000000070aa00000, 0x000000070ac00000, 0x000000070ac00000|100%| O|  |TAMS 0x000000070aa00000, 0x000000070aa00000| Untracked 
|  86|0x000000070ac00000, 0x000000070ae00000, 0x000000070ae00000|100%| O|  |TAMS 0x000000070ac00000, 0x000000070ac00000| Untracked 
|  87|0x000000070ae00000, 0x000000070b000000, 0x000000070b000000|100%| O|  |TAMS 0x000000070ae00000, 0x000000070ae00000| Untracked 
|  88|0x000000070b000000, 0x000000070b200000, 0x000000070b200000|100%| O|  |TAMS 0x000000070b000000, 0x000000070b000000| Untracked 
|  89|0x000000070b200000, 0x000000070b400000, 0x000000070b400000|100%| O|  |TAMS 0x000000070b200000, 0x000000070b200000| Untracked 
|  90|0x000000070b400000, 0x000000070b600000, 0x000000070b600000|100%| O|  |TAMS 0x000000070b400000, 0x000000070b400000| Untracked 
|  91|0x000000070b600000, 0x000000070b800000, 0x000000070b800000|100%| O|  |TAMS 0x000000070b600000, 0x000000070b600000| Untracked 
|  92|0x000000070b800000, 0x000000070ba00000, 0x000000070ba00000|100%| O|  |TAMS 0x000000070b800000, 0x000000070b800000| Untracked 
|  93|0x000000070ba00000, 0x000000070bc00000, 0x000000070bc00000|100%| O|  |TAMS 0x000000070ba00000, 0x000000070ba00000| Untracked 
|  94|0x000000070bc00000, 0x000000070be00000, 0x000000070be00000|100%| O|  |TAMS 0x000000070bc00000, 0x000000070bc00000| Untracked 
|  95|0x000000070be00000, 0x000000070c000000, 0x000000070c000000|100%| O|  |TAMS 0x000000070be00000, 0x000000070be00000| Untracked 
|  96|0x000000070c000000, 0x000000070c200000, 0x000000070c200000|100%| O|  |TAMS 0x000000070c000000, 0x000000070c000000| Untracked 
|  97|0x000000070c200000, 0x000000070c400000, 0x000000070c400000|100%| O|  |TAMS 0x000000070c200000, 0x000000070c200000| Untracked 
|  98|0x000000070c400000, 0x000000070c600000, 0x000000070c600000|100%| O|  |TAMS 0x000000070c400000, 0x000000070c400000| Untracked 
|  99|0x000000070c600000, 0x000000070c800000, 0x000000070c800000|100%| O|  |TAMS 0x000000070c600000, 0x000000070c600000| Untracked 
| 100|0x000000070c800000, 0x000000070ca00000, 0x000000070ca00000|100%| O|  |TAMS 0x000000070c800000, 0x000000070c800000| Untracked 
| 101|0x000000070ca00000, 0x000000070caf7200, 0x000000070cc00000| 48%| O|  |TAMS 0x000000070ca00000, 0x000000070ca00000| Untracked 
| 102|0x000000070cc00000, 0x000000070cc00000, 0x000000070ce00000|  0%| F|  |TAMS 0x000000070cc00000, 0x000000070cc00000| Untracked 
| 103|0x000000070ce00000, 0x000000070ce00000, 0x000000070d000000|  0%| F|  |TAMS 0x000000070ce00000, 0x000000070ce00000| Untracked 
| 104|0x000000070d000000, 0x000000070d000000, 0x000000070d200000|  0%| F|  |TAMS 0x000000070d000000, 0x000000070d000000| Untracked 
| 105|0x000000070d200000, 0x000000070d200000, 0x000000070d400000|  0%| F|  |TAMS 0x000000070d200000, 0x000000070d200000| Untracked 
| 106|0x000000070d400000, 0x000000070d400000, 0x000000070d600000|  0%| F|  |TAMS 0x000000070d400000, 0x000000070d400000| Untracked 
| 107|0x000000070d600000, 0x000000070d600000, 0x000000070d800000|  0%| F|  |TAMS 0x000000070d600000, 0x000000070d600000| Untracked 
| 108|0x000000070d800000, 0x000000070d800000, 0x000000070da00000|  0%| F|  |TAMS 0x000000070d800000, 0x000000070d800000| Untracked 
| 109|0x000000070da00000, 0x000000070da00000, 0x000000070dc00000|  0%| F|  |TAMS 0x000000070da00000, 0x000000070da00000| Untracked 
| 110|0x000000070dc00000, 0x000000070dc00000, 0x000000070de00000|  0%| F|  |TAMS 0x000000070dc00000, 0x000000070dc00000| Untracked 
| 111|0x000000070de00000, 0x000000070de00000, 0x000000070e000000|  0%| F|  |TAMS 0x000000070de00000, 0x000000070de00000| Untracked 
| 112|0x000000070e000000, 0x000000070e000000, 0x000000070e200000|  0%| F|  |TAMS 0x000000070e000000, 0x000000070e000000| Untracked 
| 113|0x000000070e200000, 0x000000070e200000, 0x000000070e400000|  0%| F|  |TAMS 0x000000070e200000, 0x000000070e200000| Untracked 
| 114|0x000000070e400000, 0x000000070e400000, 0x000000070e600000|  0%| F|  |TAMS 0x000000070e400000, 0x000000070e400000| Untracked 
| 115|0x000000070e600000, 0x000000070e600000, 0x000000070e800000|  0%| F|  |TAMS 0x000000070e600000, 0x000000070e600000| Untracked 
| 116|0x000000070e800000, 0x000000070e800000, 0x000000070ea00000|  0%| F|  |TAMS 0x000000070e800000, 0x000000070e800000| Untracked 
| 117|0x000000070ea00000, 0x000000070ea00000, 0x000000070ec00000|  0%| F|  |TAMS 0x000000070ea00000, 0x000000070ea00000| Untracked 
| 118|0x000000070ec00000, 0x000000070ec00000, 0x000000070ee00000|  0%| F|  |TAMS 0x000000070ec00000, 0x000000070ec00000| Untracked 
| 119|0x000000070ee00000, 0x000000070ee00000, 0x000000070f000000|  0%| F|  |TAMS 0x000000070ee00000, 0x000000070ee00000| Untracked 
| 120|0x000000070f000000, 0x000000070f000000, 0x000000070f200000|  0%| F|  |TAMS 0x000000070f000000, 0x000000070f000000| Untracked 
| 121|0x000000070f200000, 0x000000070f200000, 0x000000070f400000|  0%| F|  |TAMS 0x000000070f200000, 0x000000070f200000| Untracked 
| 122|0x000000070f400000, 0x000000070f400000, 0x000000070f600000|  0%| F|  |TAMS 0x000000070f400000, 0x000000070f400000| Untracked 
| 123|0x000000070f600000, 0x000000070f600000, 0x000000070f800000|  0%| F|  |TAMS 0x000000070f600000, 0x000000070f600000| Untracked 
| 124|0x000000070f800000, 0x000000070f800000, 0x000000070fa00000|  0%| F|  |TAMS 0x000000070f800000, 0x000000070f800000| Untracked 
| 125|0x000000070fa00000, 0x000000070fa00000, 0x000000070fc00000|  0%| F|  |TAMS 0x000000070fa00000, 0x000000070fa00000| Untracked 
| 126|0x000000070fc00000, 0x000000070fc00000, 0x000000070fe00000|  0%| F|  |TAMS 0x000000070fc00000, 0x000000070fc00000| Untracked 
| 127|0x000000070fe00000, 0x000000070fe00000, 0x0000000710000000|  0%| F|  |TAMS 0x000000070fe00000, 0x000000070fe00000| Untracked 
| 128|0x0000000710000000, 0x0000000710000000, 0x0000000710200000|  0%| F|  |TAMS 0x0000000710000000, 0x0000000710000000| Untracked 
| 129|0x0000000710200000, 0x0000000710200000, 0x0000000710400000|  0%| F|  |TAMS 0x0000000710200000, 0x0000000710200000| Untracked 
| 130|0x0000000710400000, 0x0000000710400000, 0x0000000710600000|  0%| F|  |TAMS 0x0000000710400000, 0x0000000710400000| Untracked 
| 131|0x0000000710600000, 0x0000000710600000, 0x0000000710800000|  0%| F|  |TAMS 0x0000000710600000, 0x0000000710600000| Untracked 
| 132|0x0000000710800000, 0x0000000710800000, 0x0000000710a00000|  0%| F|  |TAMS 0x0000000710800000, 0x0000000710800000| Untracked 
| 133|0x0000000710a00000, 0x0000000710a00000, 0x0000000710c00000|  0%| F|  |TAMS 0x0000000710a00000, 0x0000000710a00000| Untracked 
| 134|0x0000000710c00000, 0x0000000710c00000, 0x0000000710e00000|  0%| F|  |TAMS 0x0000000710c00000, 0x0000000710c00000| Untracked 
| 135|0x0000000710e00000, 0x0000000710e00000, 0x0000000711000000|  0%| F|  |TAMS 0x0000000710e00000, 0x0000000710e00000| Untracked 
| 136|0x0000000711000000, 0x0000000711000000, 0x0000000711200000|  0%| F|  |TAMS 0x0000000711000000, 0x0000000711000000| Untracked 
| 137|0x0000000711200000, 0x0000000711200000, 0x0000000711400000|  0%| F|  |TAMS 0x0000000711200000, 0x0000000711200000| Untracked 
| 138|0x0000000711400000, 0x0000000711400000, 0x0000000711600000|  0%| F|  |TAMS 0x0000000711400000, 0x0000000711400000| Untracked 
| 139|0x0000000711600000, 0x0000000711600000, 0x0000000711800000|  0%| F|  |TAMS 0x0000000711600000, 0x0000000711600000| Untracked 
| 140|0x0000000711800000, 0x0000000711800000, 0x0000000711a00000|  0%| F|  |TAMS 0x0000000711800000, 0x0000000711800000| Untracked 
| 141|0x0000000711a00000, 0x0000000711a00000, 0x0000000711c00000|  0%| F|  |TAMS 0x0000000711a00000, 0x0000000711a00000| Untracked 
| 142|0x0000000711c00000, 0x0000000711c00000, 0x0000000711e00000|  0%| F|  |TAMS 0x0000000711c00000, 0x0000000711c00000| Untracked 
| 143|0x0000000711e00000, 0x0000000711e00000, 0x0000000712000000|  0%| F|  |TAMS 0x0000000711e00000, 0x0000000711e00000| Untracked 
| 144|0x0000000712000000, 0x0000000712000000, 0x0000000712200000|  0%| F|  |TAMS 0x0000000712000000, 0x0000000712000000| Untracked 
| 145|0x0000000712200000, 0x0000000712200000, 0x0000000712400000|  0%| F|  |TAMS 0x0000000712200000, 0x0000000712200000| Untracked 
| 146|0x0000000712400000, 0x0000000712400000, 0x0000000712600000|  0%| F|  |TAMS 0x0000000712400000, 0x0000000712400000| Untracked 
| 147|0x0000000712600000, 0x0000000712600000, 0x0000000712800000|  0%| F|  |TAMS 0x0000000712600000, 0x0000000712600000| Untracked 
| 148|0x0000000712800000, 0x0000000712800000, 0x0000000712a00000|  0%| F|  |TAMS 0x0000000712800000, 0x0000000712800000| Untracked 
| 149|0x0000000712a00000, 0x0000000712a00000, 0x0000000712c00000|  0%| F|  |TAMS 0x0000000712a00000, 0x0000000712a00000| Untracked 
| 150|0x0000000712c00000, 0x0000000712c00000, 0x0000000712e00000|  0%| F|  |TAMS 0x0000000712c00000, 0x0000000712c00000| Untracked 
| 151|0x0000000712e00000, 0x0000000712e00000, 0x0000000713000000|  0%| F|  |TAMS 0x0000000712e00000, 0x0000000712e00000| Untracked 
| 152|0x0000000713000000, 0x0000000713000000, 0x0000000713200000|  0%| F|  |TAMS 0x0000000713000000, 0x0000000713000000| Untracked 
| 153|0x0000000713200000, 0x0000000713200000, 0x0000000713400000|  0%| F|  |TAMS 0x0000000713200000, 0x0000000713200000| Untracked 
| 154|0x0000000713400000, 0x0000000713400000, 0x0000000713600000|  0%| F|  |TAMS 0x0000000713400000, 0x0000000713400000| Untracked 
| 155|0x0000000713600000, 0x0000000713600000, 0x0000000713800000|  0%| F|  |TAMS 0x0000000713600000, 0x0000000713600000| Untracked 
| 156|0x0000000713800000, 0x0000000713800000, 0x0000000713a00000|  0%| F|  |TAMS 0x0000000713800000, 0x0000000713800000| Untracked 
| 157|0x0000000713a00000, 0x0000000713a00000, 0x0000000713c00000|  0%| F|  |TAMS 0x0000000713a00000, 0x0000000713a00000| Untracked 
| 158|0x0000000713c00000, 0x0000000713c00000, 0x0000000713e00000|  0%| F|  |TAMS 0x0000000713c00000, 0x0000000713c00000| Untracked 
| 159|0x0000000713e00000, 0x0000000713e00000, 0x0000000714000000|  0%| F|  |TAMS 0x0000000713e00000, 0x0000000713e00000| Untracked 
| 160|0x0000000714000000, 0x0000000714138360, 0x0000000714200000| 60%| E|  |TAMS 0x0000000714000000, 0x0000000714000000| Complete 
| 161|0x0000000714200000, 0x00000007143ffb70, 0x0000000714400000| 99%| E|  |TAMS 0x0000000714200000, 0x0000000714200000| Complete 
| 162|0x0000000714400000, 0x0000000714600000, 0x0000000714600000|100%| E|CS|TAMS 0x0000000714400000, 0x0000000714400000| Complete 
| 163|0x0000000714600000, 0x0000000714800000, 0x0000000714800000|100%| E|CS|TAMS 0x0000000714600000, 0x0000000714600000| Complete 
| 164|0x0000000714800000, 0x0000000714a00000, 0x0000000714a00000|100%| E|CS|TAMS 0x0000000714800000, 0x0000000714800000| Complete 
| 165|0x0000000714a00000, 0x0000000714c00000, 0x0000000714c00000|100%| E|CS|TAMS 0x0000000714a00000, 0x0000000714a00000| Complete 
| 166|0x0000000714c00000, 0x0000000714e00000, 0x0000000714e00000|100%| E|CS|TAMS 0x0000000714c00000, 0x0000000714c00000| Complete 
| 167|0x0000000714e00000, 0x0000000714f0caa0, 0x0000000715000000| 52%| S|CS|TAMS 0x0000000714e00000, 0x0000000714e00000| Complete 
| 168|0x0000000715000000, 0x0000000715200000, 0x0000000715200000|100%| S|CS|TAMS 0x0000000715000000, 0x0000000715000000| Complete 
| 169|0x0000000715200000, 0x0000000715400000, 0x0000000715400000|100%| S|CS|TAMS 0x0000000715200000, 0x0000000715200000| Complete 
| 170|0x0000000715400000, 0x0000000715600000, 0x0000000715600000|100%| S|CS|TAMS 0x0000000715400000, 0x0000000715400000| Complete 
| 171|0x0000000715600000, 0x0000000715800000, 0x0000000715800000|100%| S|CS|TAMS 0x0000000715600000, 0x0000000715600000| Complete 
| 172|0x0000000715800000, 0x0000000715a00000, 0x0000000715a00000|100%| E|CS|TAMS 0x0000000715800000, 0x0000000715800000| Complete 
| 173|0x0000000715a00000, 0x0000000715c00000, 0x0000000715c00000|100%| E|CS|TAMS 0x0000000715a00000, 0x0000000715a00000| Complete 
| 174|0x0000000715c00000, 0x0000000715e00000, 0x0000000715e00000|100%| E|CS|TAMS 0x0000000715c00000, 0x0000000715c00000| Complete 
| 175|0x0000000715e00000, 0x0000000716000000, 0x0000000716000000|100%| E|CS|TAMS 0x0000000715e00000, 0x0000000715e00000| Complete 
| 176|0x0000000716000000, 0x0000000716200000, 0x0000000716200000|100%| E|CS|TAMS 0x0000000716000000, 0x0000000716000000| Complete 
| 177|0x0000000716200000, 0x0000000716400000, 0x0000000716400000|100%| E|CS|TAMS 0x0000000716200000, 0x0000000716200000| Complete 
| 178|0x0000000716400000, 0x0000000716600000, 0x0000000716600000|100%| E|CS|TAMS 0x0000000716400000, 0x0000000716400000| Complete 
| 179|0x0000000716600000, 0x0000000716800000, 0x0000000716800000|100%| E|CS|TAMS 0x0000000716600000, 0x0000000716600000| Complete 
| 180|0x0000000716800000, 0x0000000716a00000, 0x0000000716a00000|100%| E|CS|TAMS 0x0000000716800000, 0x0000000716800000| Complete 
| 181|0x0000000716a00000, 0x0000000716c00000, 0x0000000716c00000|100%| E|CS|TAMS 0x0000000716a00000, 0x0000000716a00000| Complete 
| 182|0x0000000716c00000, 0x0000000716e00000, 0x0000000716e00000|100%| E|CS|TAMS 0x0000000716c00000, 0x0000000716c00000| Complete 
| 183|0x0000000716e00000, 0x0000000717000000, 0x0000000717000000|100%| E|CS|TAMS 0x0000000716e00000, 0x0000000716e00000| Complete 
| 184|0x0000000717000000, 0x0000000717200000, 0x0000000717200000|100%| E|CS|TAMS 0x0000000717000000, 0x0000000717000000| Complete 
| 185|0x0000000717200000, 0x0000000717400000, 0x0000000717400000|100%| E|CS|TAMS 0x0000000717200000, 0x0000000717200000| Complete 
| 186|0x0000000717400000, 0x0000000717600000, 0x0000000717600000|100%| E|CS|TAMS 0x0000000717400000, 0x0000000717400000| Complete 
| 187|0x0000000717600000, 0x0000000717800000, 0x0000000717800000|100%| E|CS|TAMS 0x0000000717600000, 0x0000000717600000| Complete 
| 188|0x0000000717800000, 0x0000000717a00000, 0x0000000717a00000|100%| E|CS|TAMS 0x0000000717800000, 0x0000000717800000| Complete 
| 189|0x0000000717a00000, 0x0000000717c00000, 0x0000000717c00000|100%| E|CS|TAMS 0x0000000717a00000, 0x0000000717a00000| Complete 
| 190|0x0000000717c00000, 0x0000000717e00000, 0x0000000717e00000|100%| E|CS|TAMS 0x0000000717c00000, 0x0000000717c00000| Complete 
| 191|0x0000000717e00000, 0x0000000718000000, 0x0000000718000000|100%| E|CS|TAMS 0x0000000717e00000, 0x0000000717e00000| Complete 
| 192|0x0000000718000000, 0x0000000718200000, 0x0000000718200000|100%| E|CS|TAMS 0x0000000718000000, 0x0000000718000000| Complete 
| 193|0x0000000718200000, 0x0000000718400000, 0x0000000718400000|100%| E|CS|TAMS 0x0000000718200000, 0x0000000718200000| Complete 
| 194|0x0000000718400000, 0x0000000718600000, 0x0000000718600000|100%| E|CS|TAMS 0x0000000718400000, 0x0000000718400000| Complete 
| 195|0x0000000718600000, 0x0000000718800000, 0x0000000718800000|100%| E|CS|TAMS 0x0000000718600000, 0x0000000718600000| Complete 
| 196|0x0000000718800000, 0x0000000718a00000, 0x0000000718a00000|100%| E|CS|TAMS 0x0000000718800000, 0x0000000718800000| Complete 
| 197|0x0000000718a00000, 0x0000000718c00000, 0x0000000718c00000|100%| E|CS|TAMS 0x0000000718a00000, 0x0000000718a00000| Complete 
| 198|0x0000000718c00000, 0x0000000718e00000, 0x0000000718e00000|100%| E|CS|TAMS 0x0000000718c00000, 0x0000000718c00000| Complete 
| 199|0x0000000718e00000, 0x0000000719000000, 0x0000000719000000|100%| E|CS|TAMS 0x0000000718e00000, 0x0000000718e00000| Complete 
| 200|0x0000000719000000, 0x0000000719200000, 0x0000000719200000|100%| E|CS|TAMS 0x0000000719000000, 0x0000000719000000| Complete 
| 201|0x0000000719200000, 0x0000000719400000, 0x0000000719400000|100%| E|CS|TAMS 0x0000000719200000, 0x0000000719200000| Complete 
| 202|0x0000000719400000, 0x0000000719600000, 0x0000000719600000|100%| E|CS|TAMS 0x0000000719400000, 0x0000000719400000| Complete 
| 203|0x0000000719600000, 0x0000000719800000, 0x0000000719800000|100%| E|CS|TAMS 0x0000000719600000, 0x0000000719600000| Complete 
| 204|0x0000000719800000, 0x0000000719a00000, 0x0000000719a00000|100%| E|CS|TAMS 0x0000000719800000, 0x0000000719800000| Complete 
| 205|0x0000000719a00000, 0x0000000719c00000, 0x0000000719c00000|100%| E|CS|TAMS 0x0000000719a00000, 0x0000000719a00000| Complete 
| 206|0x0000000719c00000, 0x0000000719e00000, 0x0000000719e00000|100%| E|CS|TAMS 0x0000000719c00000, 0x0000000719c00000| Complete 
| 207|0x0000000719e00000, 0x000000071a000000, 0x000000071a000000|100%| E|CS|TAMS 0x0000000719e00000, 0x0000000719e00000| Complete 
| 208|0x000000071a000000, 0x000000071a200000, 0x000000071a200000|100%| E|CS|TAMS 0x000000071a000000, 0x000000071a000000| Complete 
| 209|0x000000071a200000, 0x000000071a400000, 0x000000071a400000|100%| E|CS|TAMS 0x000000071a200000, 0x000000071a200000| Complete 
| 210|0x000000071a400000, 0x000000071a600000, 0x000000071a600000|100%| E|CS|TAMS 0x000000071a400000, 0x000000071a400000| Complete 
| 211|0x000000071a600000, 0x000000071a800000, 0x000000071a800000|100%| E|CS|TAMS 0x000000071a600000, 0x000000071a600000| Complete 
| 212|0x000000071a800000, 0x000000071aa00000, 0x000000071aa00000|100%| E|CS|TAMS 0x000000071a800000, 0x000000071a800000| Complete 
| 213|0x000000071aa00000, 0x000000071ac00000, 0x000000071ac00000|100%| E|CS|TAMS 0x000000071aa00000, 0x000000071aa00000| Complete 
| 214|0x000000071ac00000, 0x000000071ae00000, 0x000000071ae00000|100%| E|CS|TAMS 0x000000071ac00000, 0x000000071ac00000| Complete 
| 215|0x000000071ae00000, 0x000000071b000000, 0x000000071b000000|100%| E|CS|TAMS 0x000000071ae00000, 0x000000071ae00000| Complete 
| 216|0x000000071b000000, 0x000000071b200000, 0x000000071b200000|100%| E|CS|TAMS 0x000000071b000000, 0x000000071b000000| Complete 
| 217|0x000000071b200000, 0x000000071b400000, 0x000000071b400000|100%| E|CS|TAMS 0x000000071b200000, 0x000000071b200000| Complete 
| 218|0x000000071b400000, 0x000000071b600000, 0x000000071b600000|100%| E|CS|TAMS 0x000000071b400000, 0x000000071b400000| Complete 
| 219|0x000000071b600000, 0x000000071b800000, 0x000000071b800000|100%| E|CS|TAMS 0x000000071b600000, 0x000000071b600000| Complete 
| 220|0x000000071b800000, 0x000000071ba00000, 0x000000071ba00000|100%| E|CS|TAMS 0x000000071b800000, 0x000000071b800000| Complete 
| 221|0x000000071ba00000, 0x000000071bc00000, 0x000000071bc00000|100%| E|CS|TAMS 0x000000071ba00000, 0x000000071ba00000| Complete 
| 222|0x000000071bc00000, 0x000000071be00000, 0x000000071be00000|100%| E|CS|TAMS 0x000000071bc00000, 0x000000071bc00000| Complete 
| 223|0x000000071be00000, 0x000000071c000000, 0x000000071c000000|100%| E|CS|TAMS 0x000000071be00000, 0x000000071be00000| Complete 
| 224|0x000000071c000000, 0x000000071c200000, 0x000000071c200000|100%| E|CS|TAMS 0x000000071c000000, 0x000000071c000000| Complete 
| 225|0x000000071c200000, 0x000000071c400000, 0x000000071c400000|100%| E|CS|TAMS 0x000000071c200000, 0x000000071c200000| Complete 
| 226|0x000000071c400000, 0x000000071c600000, 0x000000071c600000|100%| E|CS|TAMS 0x000000071c400000, 0x000000071c400000| Complete 
| 227|0x000000071c600000, 0x000000071c800000, 0x000000071c800000|100%| E|CS|TAMS 0x000000071c600000, 0x000000071c600000| Complete 
| 228|0x000000071c800000, 0x000000071ca00000, 0x000000071ca00000|100%| E|CS|TAMS 0x000000071c800000, 0x000000071c800000| Complete 
| 229|0x000000071ca00000, 0x000000071cc00000, 0x000000071cc00000|100%| E|CS|TAMS 0x000000071ca00000, 0x000000071ca00000| Complete 
| 230|0x000000071cc00000, 0x000000071ce00000, 0x000000071ce00000|100%| E|CS|TAMS 0x000000071cc00000, 0x000000071cc00000| Complete 
| 231|0x000000071ce00000, 0x000000071d000000, 0x000000071d000000|100%| E|CS|TAMS 0x000000071ce00000, 0x000000071ce00000| Complete 
| 232|0x000000071d000000, 0x000000071d200000, 0x000000071d200000|100%| E|CS|TAMS 0x000000071d000000, 0x000000071d000000| Complete 
| 233|0x000000071d200000, 0x000000071d400000, 0x000000071d400000|100%| E|CS|TAMS 0x000000071d200000, 0x000000071d200000| Complete 
| 234|0x000000071d400000, 0x000000071d600000, 0x000000071d600000|100%| E|CS|TAMS 0x000000071d400000, 0x000000071d400000| Complete 
| 235|0x000000071d600000, 0x000000071d800000, 0x000000071d800000|100%| E|CS|TAMS 0x000000071d600000, 0x000000071d600000| Complete 

Card table byte_map: [0x0000022343fa0000,0x00000223447a0000] _byte_map_base: 0x00000223407a0000

Marking Bits (Prev, Next): (CMBitMap*) 0x000002232f52ede0, (CMBitMap*) 0x000002232f52ee20
 Prev Bits: [0x0000022344fa0000, 0x0000022348fa0000)
 Next Bits: [0x0000022348fa0000, 0x000002234cfa0000)

Polling page: 0x000002232f580000

Metaspace:

Usage:
  Non-class:    123.77 MB used.
      Class:     19.38 MB used.
       Both:    143.15 MB used.

Virtual space:
  Non-class space:      128.00 MB reserved,     124.31 MB ( 97%) committed,  2 nodes.
      Class space:        1.00 GB reserved,      19.94 MB (  2%) committed,  1 nodes.
             Both:        1.12 GB reserved,     144.25 MB ( 13%) committed. 

Chunk freelists:
   Non-Class:  3.01 MB
       Class:  11.94 MB
        Both:  14.95 MB

MaxMetaspaceSize: unlimited
CompressedClassSpaceSize: 1.00 GB
Initial GC threshold: 21.00 MB
Current GC threshold: 169.81 MB
CDS: off
MetaspaceReclaimPolicy: balanced
 - commit_granule_bytes: 65536.
 - commit_granule_words: 8192.
 - virtual_space_node_default_size: 8388608.
 - enlarge_chunks_in_place: 1.
 - new_chunks_are_fully_committed: 0.
 - uncommit_free_chunks: 1.
 - use_allocation_guard: 0.
 - handle_deallocations: 1.


Internal statistics:

num_allocs_failed_limit: 15.
num_arena_births: 1958.
num_arena_deaths: 0.
num_vsnodes_births: 3.
num_vsnodes_deaths: 0.
num_space_committed: 2307.
num_space_uncommitted: 0.
num_chunks_returned_to_freelist: 15.
num_chunks_taken_from_freelist: 7894.
num_chunk_merges: 15.
num_chunk_splits: 5137.
num_chunks_enlarged: 3318.
num_inconsistent_stats: 0.

CodeHeap 'non-profiled nmethods': size=120000Kb used=16365Kb max_used=16365Kb free=103634Kb
 bounds [0x000002233bc40000, 0x000002233cc40000, 0x0000022343170000]
CodeHeap 'profiled nmethods': size=120000Kb used=44716Kb max_used=44716Kb free=75283Kb
 bounds [0x0000022334170000, 0x0000022336d20000, 0x000002233b6a0000]
CodeHeap 'non-nmethods': size=5760Kb used=1815Kb max_used=1888Kb free=3944Kb
 bounds [0x000002233b6a0000, 0x000002233b910000, 0x000002233bc40000]
 total_blobs=22297 nmethods=21379 adapters=828
 compilation: enabled
              stopped_count=0, restarted_count=0
 full_count=0

Compilation events (20 events):
Event: 1172.711 Thread 0x000002234f7a83c0 nmethod 27034 0x000002233bea5610 code [0x000002233bea57c0, 0x000002233bea5e78]
Event: 1172.711 Thread 0x000002234f7a83c0 27037   !   4       sun.nio.fs.WindowsPath::createFromNormalizedPath (65 bytes)
Event: 1172.719 Thread 0x000002234f7a9190 27038       3       java.util.zip.ZipFile$Source::initCEN (591 bytes)
Event: 1172.722 Thread 0x000002234f7a9190 nmethod 27038 0x0000022336d0ea10 code [0x0000022336d0ef40, 0x0000022336d12358]
Event: 1172.724 Thread 0x000002234f7a83c0 nmethod 27037 0x000002233cc3a710 code [0x000002233cc3a8c0, 0x000002233cc3b468]
Event: 1172.728 Thread 0x000002234f7a83c0 27039       4       sun.nio.fs.WindowsPath::hashCode (52 bytes)
Event: 1172.733 Thread 0x000002234f7a9190 27040       3       com.sun.tools.javac.util.List::isEmpty (13 bytes)
Event: 1172.733 Thread 0x000002234f7a9190 nmethod 27040 0x000002233693ad90 code [0x000002233693af20, 0x000002233693b098]
Event: 1172.737 Thread 0x000002234f7a83c0 nmethod 27039 0x000002233bea4a90 code [0x000002233bea4c40, 0x000002233bea5298]
Event: 1172.765 Thread 0x000002234f7a83c0 27041   !   4       java.util.jar.Attributes::read (494 bytes)
Event: 1172.768 Thread 0x000002234f7a9190 27042       3       java.util.jar.JarFile::<init> (8 bytes)
Event: 1172.768 Thread 0x000002234f7a9190 nmethod 27042 0x0000022336900a90 code [0x0000022336900c20, 0x0000022336900d68]
Event: 1172.768 Thread 0x000002234f7a9190 27043       3       java.util.jar.JarFile::<init> (11 bytes)
Event: 1172.768 Thread 0x000002234f7a9190 nmethod 27043 0x0000022336826110 code [0x00000223368262c0, 0x0000022336826408]
Event: 1172.778 Thread 0x000002234f7a9190 27044       3       java.util.zip.ZipFile$Source::close (50 bytes)
Event: 1172.778 Thread 0x000002234f7a9190 nmethod 27044 0x0000022336939310 code [0x00000223369394c0, 0x00000223369397a8]
Event: 1172.796 Thread 0x000002234f7a9190 27045       3       java.nio.file.Path::endsWith (21 bytes)
Event: 1172.797 Thread 0x000002234f7a9190 nmethod 27045 0x0000022336942e10 code [0x0000022336942fe0, 0x0000022336943408]
Event: 1172.797 Thread 0x000002234f7a9190 27046       3       sun.nio.fs.WindowsPath::endsWith (151 bytes)
Event: 1172.797 Thread 0x000002234f7a9190 nmethod 27046 0x0000022336d13710 code [0x0000022336d13a00, 0x0000022336d14b28]

GC Heap History (20 events):
Event: 39.348 GC heap before
{Heap before GC invocations=53 (full 0):
 garbage-first heap   total 483328K, used 395604K [0x0000000700000000, 0x0000000800000000)
  region size 2048K, 125 young (256000K), 7 survivors (14336K)
 Metaspace       used 123396K, committed 124288K, reserved 1179648K
  class space    used 17116K, committed 17536K, reserved 1048576K
}
Event: 39.370 GC heap after
{Heap after GC invocations=54 (full 0):
 garbage-first heap   total 483328K, used 155149K [0x0000000700000000, 0x0000000800000000)
  region size 2048K, 7 young (14336K), 7 survivors (14336K)
 Metaspace       used 123396K, committed 124288K, reserved 1179648K
  class space    used 17116K, committed 17536K, reserved 1048576K
}
Event: 41.470 GC heap before
{Heap before GC invocations=54 (full 0):
 garbage-first heap   total 483328K, used 400909K [0x0000000700000000, 0x0000000800000000)
  region size 2048K, 128 young (262144K), 7 survivors (14336K)
 Metaspace       used 124101K, committed 124992K, reserved 1179648K
  class space    used 17207K, committed 17664K, reserved 1048576K
}
Event: 41.501 GC heap after
{Heap after GC invocations=55 (full 0):
 garbage-first heap   total 483328K, used 162728K [0x0000000700000000, 0x0000000800000000)
  region size 2048K, 11 young (22528K), 11 survivors (22528K)
 Metaspace       used 124101K, committed 124992K, reserved 1179648K
  class space    used 17207K, committed 17664K, reserved 1048576K
}
Event: 45.159 GC heap before
{Heap before GC invocations=55 (full 0):
 garbage-first heap   total 483328K, used 402344K [0x0000000700000000, 0x0000000800000000)
  region size 2048K, 128 young (262144K), 11 survivors (22528K)
 Metaspace       used 125795K, committed 126656K, reserved 1179648K
  class space    used 17419K, committed 17856K, reserved 1048576K
}
Event: 45.210 GC heap after
{Heap after GC invocations=56 (full 0):
 garbage-first heap   total 483328K, used 162824K [0x0000000700000000, 0x0000000800000000)
  region size 2048K, 6 young (12288K), 6 survivors (12288K)
 Metaspace       used 125795K, committed 126656K, reserved 1179648K
  class space    used 17419K, committed 17856K, reserved 1048576K
}
Event: 47.067 GC heap before
{Heap before GC invocations=56 (full 0):
 garbage-first heap   total 483328K, used 259080K [0x0000000700000000, 0x0000000800000000)
  region size 2048K, 29 young (59392K), 6 survivors (12288K)
 Metaspace       used 128356K, committed 129280K, reserved 1179648K
  class space    used 17735K, committed 18176K, reserved 1048576K
}
Event: 47.084 GC heap after
{Heap after GC invocations=57 (full 0):
 garbage-first heap   total 483328K, used 168934K [0x0000000700000000, 0x0000000800000000)
  region size 2048K, 5 young (10240K), 5 survivors (10240K)
 Metaspace       used 128356K, committed 129280K, reserved 1179648K
  class space    used 17735K, committed 18176K, reserved 1048576K
}
Event: 762.739 GC heap before
{Heap before GC invocations=57 (full 0):
 garbage-first heap   total 483328K, used 449510K [0x0000000700000000, 0x0000000800000000)
  region size 2048K, 120 young (245760K), 5 survivors (10240K)
 Metaspace       used 130455K, committed 131392K, reserved 1179648K
  class space    used 17941K, committed 18368K, reserved 1048576K
}
Event: 763.158 GC heap after
{Heap after GC invocations=58 (full 0):
 garbage-first heap   total 483328K, used 160150K [0x0000000700000000, 0x0000000800000000)
  region size 2048K, 5 young (10240K), 5 survivors (10240K)
 Metaspace       used 130455K, committed 131392K, reserved 1179648K
  class space    used 17941K, committed 18368K, reserved 1048576K
}
Event: 1152.130 GC heap before
{Heap before GC invocations=58 (full 0):
 garbage-first heap   total 483328K, used 375190K [0x0000000700000000, 0x0000000800000000)
  region size 2048K, 109 young (223232K), 5 survivors (10240K)
 Metaspace       used 134971K, committed 136000K, reserved 1179648K
  class space    used 18446K, committed 18944K, reserved 1048576K
}
Event: 1152.408 GC heap after
{Heap after GC invocations=59 (full 0):
 garbage-first heap   total 483328K, used 205827K [0x0000000700000000, 0x0000000800000000)
  region size 2048K, 14 young (28672K), 14 survivors (28672K)
 Metaspace       used 134971K, committed 136000K, reserved 1179648K
  class space    used 18446K, committed 18944K, reserved 1048576K
}
Event: 1152.472 GC heap before
{Heap before GC invocations=59 (full 0):
 garbage-first heap   total 483328K, used 205827K [0x0000000700000000, 0x0000000800000000)
  region size 2048K, 15 young (30720K), 14 survivors (28672K)
 Metaspace       used 134988K, committed 136000K, reserved 1179648K
  class space    used 18447K, committed 18944K, reserved 1048576K
}
Event: 1152.587 GC heap after
{Heap after GC invocations=60 (full 0):
 garbage-first heap   total 483328K, used 211932K [0x0000000700000000, 0x0000000800000000)
  region size 2048K, 2 young (4096K), 2 survivors (4096K)
 Metaspace       used 134988K, committed 136000K, reserved 1179648K
  class space    used 18447K, committed 18944K, reserved 1048576K
}
Event: 1153.237 GC heap before
{Heap before GC invocations=60 (full 0):
 garbage-first heap   total 483328K, used 261084K [0x0000000700000000, 0x0000000800000000)
  region size 2048K, 12 young (24576K), 2 survivors (4096K)
 Metaspace       used 136114K, committed 137088K, reserved 1179648K
  class space    used 18554K, committed 19008K, reserved 1048576K
}
Event: 1153.244 GC heap after
{Heap after GC invocations=61 (full 0):
 garbage-first heap   total 483328K, used 210213K [0x0000000700000000, 0x0000000800000000)
  region size 2048K, 2 young (4096K), 2 survivors (4096K)
 Metaspace       used 136114K, committed 137088K, reserved 1179648K
  class space    used 18554K, committed 19008K, reserved 1048576K
}
Event: 1154.768 GC heap before
{Heap before GC invocations=61 (full 0):
 garbage-first heap   total 483328K, used 279845K [0x0000000700000000, 0x0000000800000000)
  region size 2048K, 37 young (75776K), 2 survivors (4096K)
 Metaspace       used 138615K, committed 139712K, reserved 1179648K
  class space    used 18851K, committed 19392K, reserved 1048576K
}
Event: 1154.782 GC heap after
{Heap after GC invocations=62 (full 0):
 garbage-first heap   total 483328K, used 214358K [0x0000000700000000, 0x0000000800000000)
  region size 2048K, 4 young (8192K), 4 survivors (8192K)
 Metaspace       used 138615K, committed 139712K, reserved 1179648K
  class space    used 18851K, committed 19392K, reserved 1048576K
}
Event: 1159.505 GC heap before
{Heap before GC invocations=62 (full 0):
 garbage-first heap   total 483328K, used 335190K [0x0000000700000000, 0x0000000800000000)
  region size 2048K, 64 young (131072K), 4 survivors (8192K)
 Metaspace       used 140458K, committed 141568K, reserved 1179648K
  class space    used 19026K, committed 19584K, reserved 1048576K
}
Event: 1159.517 GC heap after
{Heap after GC invocations=63 (full 0):
 garbage-first heap   total 483328K, used 217103K [0x0000000700000000, 0x0000000800000000)
  region size 2048K, 5 young (10240K), 5 survivors (10240K)
 Metaspace       used 140458K, committed 141568K, reserved 1179648K
  class space    used 19026K, committed 19584K, reserved 1048576K
}

Dll operation events (3 events):
Event: 0.016 Loaded shared library D:\android\jbr\bin\java.dll
Event: 0.125 Loaded shared library D:\android\jbr\bin\zip.dll
Event: 0.486 Loaded shared library D:\android\jbr\bin\verify.dll

Deoptimization events (20 events):
Event: 1172.672 Thread 0x000002235e94aa10 Uncommon trap: trap_request=0xffffff45 fr.pc=0x000002233c01cd38 relative=0x0000000000002c38
Event: 1172.673 Thread 0x000002235e94aa10 Uncommon trap: reason=unstable_if action=reinterpret pc=0x000002233c01cd38 method=java.util.zip.ZipFile$Source.initCEN(I)V @ 16 c2
Event: 1172.673 Thread 0x000002235e94aa10 DEOPT PACKING pc=0x000002233c01cd38 sp=0x00000095b6af93b0
Event: 1172.673 Thread 0x000002235e94aa10 DEOPT UNPACKING pc=0x000002233b6f69a3 sp=0x00000095b6af93a8 mode 2
Event: 1172.715 Thread 0x000002235e94aa10 Uncommon trap: trap_request=0xffffffbe fr.pc=0x000002233bea5dc0 relative=0x0000000000000600
Event: 1172.715 Thread 0x000002235e94aa10 Uncommon trap: reason=profile_predicate action=maybe_recompile pc=0x000002233bea5dc0 method=sun.nio.fs.WindowsPath.hashCode()I @ 19 c2
Event: 1172.715 Thread 0x000002235e94aa10 DEOPT PACKING pc=0x000002233bea5dc0 sp=0x00000095b6af9ae0
Event: 1172.715 Thread 0x000002235e94aa10 DEOPT UNPACKING pc=0x000002233b6f69a3 sp=0x00000095b6af9a70 mode 2
Event: 1172.716 Thread 0x000002235e94aa10 Uncommon trap: trap_request=0xffffffbe fr.pc=0x000002233bea5dc0 relative=0x0000000000000600
Event: 1172.716 Thread 0x000002235e94aa10 Uncommon trap: reason=profile_predicate action=maybe_recompile pc=0x000002233bea5dc0 method=sun.nio.fs.WindowsPath.hashCode()I @ 19 c2
Event: 1172.716 Thread 0x000002235e94aa10 DEOPT PACKING pc=0x000002233bea5dc0 sp=0x00000095b6af9ae0
Event: 1172.716 Thread 0x000002235e94aa10 DEOPT UNPACKING pc=0x000002233b6f69a3 sp=0x00000095b6af9a70 mode 2
Event: 1172.717 Thread 0x000002235e94aa10 Uncommon trap: trap_request=0xffffffbe fr.pc=0x000002233bea5dc0 relative=0x0000000000000600
Event: 1172.717 Thread 0x000002235e94aa10 Uncommon trap: reason=profile_predicate action=maybe_recompile pc=0x000002233bea5dc0 method=sun.nio.fs.WindowsPath.hashCode()I @ 19 c2
Event: 1172.717 Thread 0x000002235e94aa10 DEOPT PACKING pc=0x000002233bea5dc0 sp=0x00000095b6af9ae0
Event: 1172.717 Thread 0x000002235e94aa10 DEOPT UNPACKING pc=0x000002233b6f69a3 sp=0x00000095b6af9a70 mode 2
Event: 1172.718 Thread 0x000002235e94aa10 Uncommon trap: trap_request=0xffffffbe fr.pc=0x000002233bea5dc0 relative=0x0000000000000600
Event: 1172.718 Thread 0x000002235e94aa10 Uncommon trap: reason=profile_predicate action=maybe_recompile pc=0x000002233bea5dc0 method=sun.nio.fs.WindowsPath.hashCode()I @ 19 c2
Event: 1172.718 Thread 0x000002235e94aa10 DEOPT PACKING pc=0x000002233bea5dc0 sp=0x00000095b6af9ae0
Event: 1172.718 Thread 0x000002235e94aa10 DEOPT UNPACKING pc=0x000002233b6f69a3 sp=0x00000095b6af9a70 mode 2

Classes unloaded (0 events):
No events

Classes redefined (0 events):
No events

Internal exceptions (20 events):
Event: 1161.606 Thread 0x000002235e94aa10 Exception <a 'java/lang/NoSuchMethodError'{0x00000007184a9c50}: static Lorg/jetbrains/kotlin/build/report/metrics/BuildMetricsReporterImpl;.<clinit>()V> (0x00000007184a9c50) 
thrown [s\src\hotspot\share\prims\jni.cpp, line 1127]
Event: 1161.613 Thread 0x000002235e94aa10 Exception <a 'java/lang/NoSuchMethodError'{0x00000007184f12d0}: static Lorg/jetbrains/kotlin/build/report/metrics/GcMetrics;.<clinit>()V> (0x00000007184f12d0) 
thrown [s\src\hotspot\share\prims\jni.cpp, line 1127]
Event: 1161.978 Thread 0x0000022354b4b0a0 Exception <a 'java/lang/NoSuchMethodError'{0x0000000717ef53c0}: static Lorg/jetbrains/kotlin/daemon/common/LoopbackNetworkInterface$AbstractClientLoopbackSocketFactory;.<clinit>()V> (0x0000000717ef53c0) 
thrown [s\src\hotspot\share\prims\jni.cpp, line 1127]
Event: 1161.979 Thread 0x0000022354b4b0a0 Exception <a 'java/lang/NoSuchMethodError'{0x0000000717f00f20}: static Lorg/jetbrains/kotlin/daemon/common/LoopbackNetworkInterface$ClientLoopbackSocketFactory;.<clinit>()V> (0x0000000717f00f20) 
thrown [s\src\hotspot\share\prims\jni.cpp, line 1127]
Event: 1162.659 Thread 0x0000022354b4b0a0 Exception <a 'java/lang/NoSuchMethodError'{0x0000000717f7e740}: static [Ljava/rmi/server/ObjID;.<clinit>()V> (0x0000000717f7e740) 
thrown [s\src\hotspot\share\prims\jni.cpp, line 1127]
Event: 1162.663 Thread 0x0000022354b4b0a0 Exception <a 'java/lang/NoSuchMethodError'{0x0000000717fb9348}: static [B.<clinit>()V> (0x0000000717fb9348) 
thrown [s\src\hotspot\share\prims\jni.cpp, line 1127]
Event: 1162.726 Thread 0x000002235876c8e0 Exception <a 'java/lang/InterruptedException'{0x0000000717fc91a0}> (0x0000000717fc91a0) 
thrown [s\src\hotspot\share\runtime\objectMonitor.cpp, line 1658]
Event: 1162.730 Thread 0x000002235876c8e0 Exception <a 'java/lang/NoSuchMethodError'{0x0000000717fd1728}: 'java.lang.Object java.lang.invoke.DirectMethodHandle$Holder.newInvokeSpecial(java.lang.Object, java.lang.Object, int, java.lang.Object, long)'> (0x0000000717fd1728) 
thrown [s\src\hotspot\share\interpreter\linkResolver.cpp, line 771]
Event: 1162.997 Thread 0x0000022354b4b0a0 Exception <a 'java/lang/NoSuchMethodError'{0x0000000717c4bae0}: static Lorg/jetbrains/kotlin/daemon/common/CompileService$CallResult;.<clinit>()V> (0x0000000717c4bae0) 
thrown [s\src\hotspot\share\prims\jni.cpp, line 1127]
Event: 1162.998 Thread 0x0000022354b4b0a0 Exception <a 'java/lang/NoSuchMethodError'{0x0000000717c578f8}: static Lorg/jetbrains/kotlin/daemon/common/CompileService$CallResult$Good;.<clinit>()V> (0x0000000717c578f8) 
thrown [s\src\hotspot\share\prims\jni.cpp, line 1127]
Event: 1162.999 Thread 0x0000022354b4b0a0 Exception <a 'java/lang/NoSuchMethodError'{0x0000000717c64ba0}: static Lorg/jetbrains/kotlin/daemon/common/DaemonJVMOptions;.<clinit>()V> (0x0000000717c64ba0) 
thrown [s\src\hotspot\share\prims\jni.cpp, line 1127]
Event: 1163.012 Thread 0x0000022354b4b0a0 Exception <a 'java/lang/NoSuchMethodError'{0x0000000717ca0b40}: static Lorg/jetbrains/kotlin/daemon/common/CompileService$CallResult$Ok;.<clinit>()V> (0x0000000717ca0b40) 
thrown [s\src\hotspot\share\prims\jni.cpp, line 1127]
Event: 1163.054 Thread 0x0000022354b4b0a0 Exception <a 'java/lang/NoSuchMethodError'{0x0000000717a642b8}: static [Ljava/lang/Integer;.<clinit>()V> (0x0000000717a642b8) 
thrown [s\src\hotspot\share\prims\jni.cpp, line 1127]
Event: 1171.781 Thread 0x000002235e94aa10 Implicit null exception at 0x000002233beba7a0 to 0x000002233bebab80
Event: 1171.782 Thread 0x000002235e94aa10 Implicit null exception at 0x000002233bedf360 to 0x000002233bedf3ed
Event: 1171.782 Thread 0x000002235e94aa10 Implicit null exception at 0x000002233c1d0f95 to 0x000002233c1d19c0
Event: 1171.913 Thread 0x000002235e94aa10 Implicit null exception at 0x000002233c0bae00 to 0x000002233c0bb0b0
Event: 1171.913 Thread 0x000002235e94aa10 Implicit null exception at 0x000002233bf5e930 to 0x000002233bf5ed70
Event: 1172.096 Thread 0x000002235e94aa10 Exception <a 'java/lang/NoSuchMethodError'{0x00000007159c2678}: 'java.lang.Object java.lang.invoke.DirectMethodHandle$Holder.newInvokeSpecial(java.lang.Object, java.lang.Object, int, java.lang.Object, java.lang.Object, java.lang.Object, java.lang.Object)'> (0x00000007159c2678) 
thrown [s\src\hotspot\share\interpreter\linkResolver.cpp, line 771]
Event: 1172.096 Thread 0x000002235e94aa10 Exception <a 'java/lang/NoSuchMethodError'{0x00000007159cbe80}: 'java.lang.Object java.lang.invoke.Invokers$Holder.linkToTargetMethod(java.lang.Object, int, java.lang.Object, java.lang.Object, java.lang.Object, java.lang.Object, java.lang.Object)'> (0x00000007159cbe80) 
thrown [s\src\hotspot\share\interpreter\linkResolver.cpp, line 771]

VM Operations (20 events):
Event: 1162.745 Executing VM operation: HandshakeAllThreads
Event: 1162.854 Executing VM operation: HandshakeAllThreads done
Event: 1162.854 Executing VM operation: Cleanup
Event: 1162.854 Executing VM operation: Cleanup done
Event: 1163.855 Executing VM operation: Cleanup
Event: 1163.855 Executing VM operation: Cleanup done
Event: 1171.775 Executing VM operation: HandshakeAllThreads
Event: 1171.775 Executing VM operation: HandshakeAllThreads done
Event: 1171.775 Executing VM operation: Cleanup
Event: 1171.775 Executing VM operation: Cleanup done
Event: 1171.907 Executing VM operation: HandshakeAllThreads
Event: 1171.908 Executing VM operation: HandshakeAllThreads done
Event: 1172.210 Executing VM operation: HandshakeAllThreads
Event: 1172.211 Executing VM operation: HandshakeAllThreads done
Event: 1172.398 Executing VM operation: HandshakeAllThreads
Event: 1172.399 Executing VM operation: HandshakeAllThreads done
Event: 1172.399 Executing VM operation: HandshakeAllThreads
Event: 1172.399 Executing VM operation: HandshakeAllThreads done
Event: 1172.418 Executing VM operation: ICBufferFull
Event: 1172.418 Executing VM operation: ICBufferFull done

Events (20 events):
Event: 1172.224 loading class java/util/JumboEnumSet$EnumSetIterator done
Event: 1172.241 loading class java/util/ResourceBundle$KeyElementReference
Event: 1172.241 loading class java/util/ResourceBundle$CacheKeyReference
Event: 1172.241 loading class java/util/ResourceBundle$CacheKeyReference done
Event: 1172.241 loading class java/util/ResourceBundle$KeyElementReference done
Event: 1172.241 loading class java/util/ResourceBundle$3
Event: 1172.241 loading class java/util/ResourceBundle$3 done
Event: 1172.254 loading class java/util/ResourceBundle$BundleReference
Event: 1172.254 loading class java/util/ResourceBundle$BundleReference done
Event: 1172.375 loading class java/util/ServiceLoader$ProviderSpliterator
Event: 1172.376 loading class java/util/ServiceLoader$ProviderSpliterator done
Event: 1172.401 Thread 0x000002234f7b68f0 flushing nmethod 0x000002233bea4a90
Event: 1172.437 Thread 0x000002234f7b68f0 flushing nmethod 0x0000022336826110
Event: 1172.437 Thread 0x000002234f7b68f0 flushing nmethod 0x0000022336900a90
Event: 1172.437 Thread 0x000002234f7b68f0 flushing nmethod 0x0000022336939310
Event: 1172.437 Thread 0x000002234f7b68f0 flushing nmethod 0x000002233693ad90
Event: 1172.437 Thread 0x000002234f7b68f0 flushing nmethod 0x000002233693b290
Event: 1172.437 Thread 0x000002234f7b68f0 flushing nmethod 0x000002233693dc90
Event: 1172.437 Thread 0x000002234f7b68f0 flushing nmethod 0x0000022336942a10
Event: 1172.437 Thread 0x000002234f7b68f0 flushing nmethod 0x0000022336942f10


Dynamic libraries:
0x00007ff78cd80000 - 0x00007ff78cd8a000 	D:\android\jbr\bin\java.exe
0x00007ff81e610000 - 0x00007ff81e808000 	C:\WINDOWS\SYSTEM32\ntdll.dll
0x00007ff81e1a0000 - 0x00007ff81e262000 	C:\WINDOWS\System32\KERNEL32.DLL
0x00007ff81c330000 - 0x00007ff81c62e000 	C:\WINDOWS\System32\KERNELBASE.dll
0x00007ff81c040000 - 0x00007ff81c140000 	C:\WINDOWS\System32\ucrtbase.dll
0x00007ff80d370000 - 0x00007ff80d387000 	D:\android\jbr\bin\jli.dll
0x00007ff81e280000 - 0x00007ff81e41d000 	C:\WINDOWS\System32\USER32.dll
0x00007ff81bef0000 - 0x00007ff81bf12000 	C:\WINDOWS\System32\win32u.dll
0x00007ff809200000 - 0x00007ff80949a000 	C:\WINDOWS\WinSxS\amd64_microsoft.windows.common-controls_6595b64144ccf1df_6.0.19041.4355_none_60b8b9eb71f62e16\COMCTL32.dll
0x00007ff81e170000 - 0x00007ff81e19b000 	C:\WINDOWS\System32\GDI32.dll
0x00007ff81c630000 - 0x00007ff81c6ce000 	C:\WINDOWS\System32\msvcrt.dll
0x00007ff81c210000 - 0x00007ff81c327000 	C:\WINDOWS\System32\gdi32full.dll
0x00007ff81c170000 - 0x00007ff81c20d000 	C:\WINDOWS\System32\msvcp_win.dll
0x00007ff813e80000 - 0x00007ff813e9b000 	D:\android\jbr\bin\VCRUNTIME140.dll
0x00007ff81d2b0000 - 0x00007ff81d2df000 	C:\WINDOWS\System32\IMM32.DLL
0x00007ff815610000 - 0x00007ff81561c000 	D:\android\jbr\bin\vcruntime140_1.dll
0x00007fffe8c90000 - 0x00007fffe8d1d000 	D:\android\jbr\bin\msvcp140.dll
0x00007fffaf960000 - 0x00007fffb05e3000 	D:\android\jbr\bin\server\jvm.dll
0x00007ff81c770000 - 0x00007ff81c822000 	C:\WINDOWS\System32\ADVAPI32.dll
0x00007ff81c6d0000 - 0x00007ff81c770000 	C:\WINDOWS\System32\sechost.dll
0x00007ff81dbc0000 - 0x00007ff81dce3000 	C:\WINDOWS\System32\RPCRT4.dll
0x00007ff81c140000 - 0x00007ff81c167000 	C:\WINDOWS\System32\bcrypt.dll
0x00007ff81bb10000 - 0x00007ff81bb5b000 	C:\WINDOWS\SYSTEM32\POWRPROF.dll
0x00007ff8083d0000 - 0x00007ff8083d9000 	C:\WINDOWS\SYSTEM32\WSOCK32.dll
0x00007ff81e560000 - 0x00007ff81e5cb000 	C:\WINDOWS\System32\WS2_32.dll
0x00007ffff6940000 - 0x00007ffff6967000 	C:\WINDOWS\SYSTEM32\WINMM.dll
0x00007ff819440000 - 0x00007ff81944a000 	C:\WINDOWS\SYSTEM32\VERSION.dll
0x00007ff81baf0000 - 0x00007ff81bb02000 	C:\WINDOWS\SYSTEM32\UMPDC.dll
0x00007ff81a490000 - 0x00007ff81a4a2000 	C:\WINDOWS\SYSTEM32\kernel.appcore.dll
0x00007ff807f60000 - 0x00007ff807f6a000 	D:\android\jbr\bin\jimage.dll
0x00007ff80d9e0000 - 0x00007ff80dbc4000 	C:\WINDOWS\SYSTEM32\DBGHELP.DLL
0x00007ff80ce40000 - 0x00007ff80ce74000 	C:\WINDOWS\SYSTEM32\dbgcore.DLL
0x00007ff81bd00000 - 0x00007ff81bd82000 	C:\WINDOWS\System32\bcryptPrimitives.dll
0x00007ff815e20000 - 0x00007ff815e2e000 	D:\android\jbr\bin\instrument.dll
0x00007ff803fb0000 - 0x00007ff803fd5000 	D:\android\jbr\bin\java.dll
0x00007ff803ee0000 - 0x00007ff803ef8000 	D:\android\jbr\bin\zip.dll
0x00007ff81c900000 - 0x00007ff81d06f000 	C:\WINDOWS\System32\SHELL32.dll
0x00007ff819cd0000 - 0x00007ff81a474000 	C:\WINDOWS\SYSTEM32\windows.storage.dll
0x00007ff81dcf0000 - 0x00007ff81e043000 	C:\WINDOWS\System32\combase.dll
0x00007ff81b530000 - 0x00007ff81b55e000 	C:\WINDOWS\SYSTEM32\Wldp.dll
0x00007ff81c830000 - 0x00007ff81c8fd000 	C:\WINDOWS\System32\OLEAUT32.dll
0x00007ff81e4b0000 - 0x00007ff81e55d000 	C:\WINDOWS\System32\SHCORE.dll
0x00007ff81d7b0000 - 0x00007ff81d805000 	C:\WINDOWS\System32\shlwapi.dll
0x00007ff81bbe0000 - 0x00007ff81bc04000 	C:\WINDOWS\SYSTEM32\profapi.dll
0x00007fffdf150000 - 0x00007fffdf169000 	D:\android\jbr\bin\net.dll
0x00007ff819230000 - 0x00007ff81933d000 	C:\WINDOWS\SYSTEM32\WINHTTP.dll
0x00007ff81b310000 - 0x00007ff81b37a000 	C:\WINDOWS\system32\mswsock.dll
0x00007fffde620000 - 0x00007fffde636000 	D:\android\jbr\bin\nio.dll
0x00007ff815e40000 - 0x00007ff815e50000 	D:\android\jbr\bin\verify.dll
0x00007ff805a80000 - 0x00007ff805aa7000 	C:\Users\USER\.gradle\native\c067742578af261105cb4f569cf0c3c89f3d7b1fecec35dd04571415982c5e48\windows-amd64\native-platform.dll
0x00007fffde930000 - 0x00007fffdea74000 	C:\Users\USER\.gradle\native\100fb08df4bc3b14c8652ba06237920a3bd2aa13389f12d3474272988ae205f9\windows-amd64\native-platform-file-events.dll
0x00007ff818de0000 - 0x00007ff818de9000 	D:\android\jbr\bin\management.dll
0x00007ff815e30000 - 0x00007ff815e3b000 	D:\android\jbr\bin\management_ext.dll
0x00007ff81e270000 - 0x00007ff81e278000 	C:\WINDOWS\System32\PSAPI.DLL
0x00007ff81b570000 - 0x00007ff81b588000 	C:\WINDOWS\SYSTEM32\CRYPTSP.dll
0x00007ff81ac50000 - 0x00007ff81ac84000 	C:\WINDOWS\system32\rsaenh.dll
0x00007ff81bb60000 - 0x00007ff81bb8e000 	C:\WINDOWS\SYSTEM32\USERENV.dll
0x00007ff81b4a0000 - 0x00007ff81b4ac000 	C:\WINDOWS\SYSTEM32\CRYPTBASE.dll
0x00007ff81b010000 - 0x00007ff81b04b000 	C:\WINDOWS\SYSTEM32\IPHLPAPI.DLL
0x00007ff81d810000 - 0x00007ff81d818000 	C:\WINDOWS\System32\NSI.dll
0x00007ff814020000 - 0x00007ff814037000 	C:\WINDOWS\SYSTEM32\dhcpcsvc6.DLL
0x00007ff815700000 - 0x00007ff81571d000 	C:\WINDOWS\SYSTEM32\dhcpcsvc.DLL
0x00007ff81b050000 - 0x00007ff81b11a000 	C:\WINDOWS\SYSTEM32\DNSAPI.dll
0x00007ff818df0000 - 0x00007ff818df9000 	D:\android\jbr\bin\extnet.dll
0x00007ff807cd0000 - 0x00007ff807cd7000 	C:\WINDOWS\system32\wshunix.dll
0x00007ff807d00000 - 0x00007ff807d17000 	C:\WINDOWS\system32\napinsp.dll
0x00007ff806d60000 - 0x00007ff806d7b000 	C:\WINDOWS\system32\pnrpnsp.dll
0x00007ff806840000 - 0x00007ff806855000 	C:\WINDOWS\system32\wshbth.dll
0x00007ff815ef0000 - 0x00007ff815f0d000 	C:\WINDOWS\system32\NLAapi.dll
0x00007ff806890000 - 0x00007ff8068a2000 	C:\WINDOWS\System32\winrnr.dll
0x00007ff807ce0000 - 0x00007ff807cea000 	C:\Windows\System32\rasadhlp.dll
0x00007ff80d390000 - 0x00007ff80d410000 	C:\WINDOWS\System32\fwpuclnt.dll
0x00007ff81aea0000 - 0x00007ff81aed3000 	C:\WINDOWS\SYSTEM32\ntmarta.dll
0x00007ff815400000 - 0x00007ff815407000 	D:\android\jbr\bin\rmi.dll

dbghelp: loaded successfully - version: 4.0.5 - missing functions: none
symbol engine: initialized successfully - sym options: 0x614 - pdb path: .;D:\android\jbr\bin;C:\WINDOWS\SYSTEM32;C:\WINDOWS\WinSxS\amd64_microsoft.windows.common-controls_6595b64144ccf1df_6.0.19041.4355_none_60b8b9eb71f62e16;D:\android\jbr\bin\server;C:\Users\USER\.gradle\native\c067742578af261105cb4f569cf0c3c89f3d7b1fecec35dd04571415982c5e48\windows-amd64;C:\Users\USER\.gradle\native\100fb08df4bc3b14c8652ba06237920a3bd2aa13389f12d3474272988ae205f9\windows-amd64

VM Arguments:
jvm_args: -XX:MaxPermSize=512m --add-opens=java.base/java.util=ALL-UNNAMED --add-opens=java.base/java.lang=ALL-UNNAMED --add-opens=java.base/java.lang.invoke=ALL-UNNAMED --add-opens=java.prefs/java.util.prefs=ALL-UNNAMED --add-exports=jdk.compiler/com.sun.tools.javac.api=ALL-UNNAMED --add-exports=jdk.compiler/com.sun.tools.javac.util=ALL-UNNAMED --add-opens=java.base/java.nio.charset=ALL-UNNAMED --add-opens=java.base/java.net=ALL-UNNAMED --add-opens=java.base/java.util.concurrent.atomic=ALL-UNNAMED -Xmx4096m -Dfile.encoding=UTF-8 -Duser.country=IE -Duser.language=en -Duser.variant -javaagent:C:\Users\USER\.gradle\wrapper\dists\gradle-8.9-bin\90cnw93cvbtalezasaz0blq0a\gradle-8.9\lib\agents\gradle-instrumentation-agent-8.9.jar 
java_command: org.gradle.launcher.daemon.bootstrap.GradleDaemon 8.9
java_class_path (initial): C:\Users\USER\.gradle\wrapper\dists\gradle-8.9-bin\90cnw93cvbtalezasaz0blq0a\gradle-8.9\lib\gradle-daemon-main-8.9.jar
Launcher Type: SUN_STANDARD

[Global flags]
     intx CICompilerCount                          = 3                                         {product} {ergonomic}
     uint ConcGCThreads                            = 1                                         {product} {ergonomic}
     uint G1ConcRefinementThreads                  = 4                                         {product} {ergonomic}
   size_t G1HeapRegionSize                         = 2097152                                   {product} {ergonomic}
    uintx GCDrainStackTargetSize                   = 64                                        {product} {ergonomic}
   size_t InitialHeapSize                          = 134217728                                 {product} {ergonomic}
   size_t MarkStackSize                            = 4194304                                   {product} {ergonomic}
   size_t MaxHeapSize                              = 4294967296                                {product} {command line}
   size_t MaxNewSize                               = 2575302656                                {product} {ergonomic}
   size_t MinHeapDeltaBytes                        = 2097152                                   {product} {ergonomic}
   size_t MinHeapSize                              = 8388608                                   {product} {ergonomic}
    uintx NonNMethodCodeHeapSize                   = 5832780                                {pd product} {ergonomic}
    uintx NonProfiledCodeHeapSize                  = 122912730                              {pd product} {ergonomic}
    uintx ProfiledCodeHeapSize                     = 122912730                              {pd product} {ergonomic}
    uintx ReservedCodeCacheSize                    = 251658240                              {pd product} {ergonomic}
     bool SegmentedCodeCache                       = true                                      {product} {ergonomic}
   size_t SoftMaxHeapSize                          = 4294967296                             {manageable} {ergonomic}
     bool UseCompressedClassPointers               = true                           {product lp64_product} {ergonomic}
     bool UseCompressedOops                        = true                           {product lp64_product} {ergonomic}
     bool UseG1GC                                  = true                                      {product} {ergonomic}
     bool UseLargePagesIndividualAllocation        = false                                  {pd product} {ergonomic}

Logging:
Log output configuration:
 #0: stdout all=warning uptime,level,tags
 #1: stderr all=off uptime,level,tags

Environment Variables:
PATH=C:\Python312\Scripts\;C:\Python312\;C:\Program Files\Common Files\Oracle\Java\javapath;C:\Program Files (x86)\Common Files\Oracle\Java\javapath;C:\Program Files (x86)\Common Files\Intel\Shared Files\cpp\bin\Intel64;C:\WINDOWS\system32;C:\WINDOWS;C:\WINDOWS\System32\Wbem;C:\WINDOWS\System32\WindowsPowerShell\v1.0\;C:\WINDOWS\System32\OpenSSH\;C:\Program Files\dotnet\;C:\Program Files\Git\cmd;C:\xampp\php;C:\composer;C:\Program Files\node-v20.17.0;C:\Program Files\Git;C:\ProgramData\chocolatey\bin;C:\Program Files\nodejs\;C:\Users\USER\AppData\Local\Microsoft\WindowsApps;;C:\Users\USER\AppData\Local\Programs\Microsoft VS Code\bin;C:\Users\USER\AppData\Roaming\Composer\vendor\bin;C:\Users\USER\AppData\Roaming\npm
USERNAME=USER
OS=Windows_NT
PROCESSOR_IDENTIFIER=Intel64 Family 6 Model 142 Stepping 9, GenuineIntel
TMP=C:\Users\USER\AppData\Local\Temp
TEMP=C:\Users\USER\AppData\Local\Temp



Periodic native trim disabled

JNI global refs:
JNI global refs: 26, weak refs: 0

JNI global refs memory usage: 843, weak refs: 841

Process memory usage:
Resident Set Size: 597088K (7% of 8267448K total physical memory with 444404K free physical memory)

OOME stack traces (most recent first):
Classloader memory used:
Loader org.gradle.internal.classloader.VisitableURLClassLoader$InstrumentingVisitableURLClassLoader: 7182K
Loader org.gradle.internal.classloader.VisitableURLClassLoader                         : 5478K
Loader bootstrap                                                                       : 3670K
Loader org.gradle.initialization.MixInLegacyTypesClassLoader                           : 1504K
Loader jdk.internal.reflect.DelegatingClassLoader                                      : 190K
Loader jdk.internal.loader.ClassLoaders$AppClassLoader                                 : 182K
Loader jdk.internal.loader.ClassLoaders$PlatformClassLoader                            : 82278B
Loader org.gradle.internal.classloader.VisitableURLClassLoader                         : 33158B
Loader sun.reflect.misc.MethodUtil                                                     : 373B


[error occurred during error reporting (Classloader stats), id 0xe0000001, Out of Memory Error (s\src\hotspot\share\memory\arena.cpp:79)]


---------------  S Y S T E M  ---------------

OS:
 Windows 10 , 64 bit Build 19041 (10.0.19041.4957)
OS uptime: 0 days 7:45 hours
Hyper-V role detected

CPU: total 4 (initial active 4) (2 cores per cpu, 2 threads per core) family 6 model 142 stepping 9 microcode 0xf6, cx8, cmov, fxsr, ht, mmx, 3dnowpref, sse, sse2, sse3, ssse3, sse4.1, sse4.2, popcnt, lzcnt, tsc, tscinvbit, avx, avx2, aes, erms, clmul, bmi1, bmi2, rtm, adx, fma, vzeroupper, clflush, clflushopt, hv
Processor Information for all 4 processors :
  Max Mhz: 2901, Current Mhz: 2901, Mhz Limit: 2901

Memory: 4k page, system-wide physical 8073M (444M free)
TotalPageFile size 12073M (AvailPageFile size 0M)
current process WorkingSet (physical memory assigned to process): 589M, peak: 692M
current process commit charge ("private bytes"): 866M, peak: 890M

vm_info: OpenJDK 64-Bit Server VM (17.0.11+0--11852314) for windows-amd64 JRE (17.0.11+0--11852314), built on May 16 2024 21:29:20 by "androidbuild" with MS VC++ 16.10 / 16.11 (VS2019)

END.
