#
# There is insufficient memory for the Java Runtime Environment to continue.
# Native memory allocation (malloc) failed to allocate 2004656 bytes. Error detail: Chunk::new
# Possible reasons:
#   The system is out of physical RAM or swap space
#   This process is running with CompressedOops enabled, and the Java Heap may be blocking the growth of the native heap
# Possible solutions:
#   Reduce memory load on the system
#   Increase physical memory or swap space
#   Check if swap backing store is full
#   Decrease Java heap size (-Xmx/-Xms)
#   Decrease number of Java threads
#   Decrease Java thread stack sizes (-Xss)
#   Set larger code cache with -XX:ReservedCodeCacheSize=
#   JVM is running with Unscaled Compressed Oops mode in which the Java heap is
#     placed in the first 4GB address space. The Java Heap base address is the
#     maximum limit for the native heap growth. Please use -XX:HeapBaseMinAddress
#     to set the Java Heap base and to place the Java Heap above 4GB virtual address.
# This output file may be truncated or incomplete.
#
#  Out of Memory Error (arena.cpp:191), pid=2316, tid=7832
#
# JRE version: OpenJDK Runtime Environment (17.0.11) (build 17.0.11+0--11852314)
# Java VM: OpenJDK 64-Bit Server VM (17.0.11+0--11852314, mixed mode, tiered, compressed oops, compressed class ptrs, g1 gc, windows-amd64)
# No core dump will be written. Minidumps are not enabled by default on client versions of Windows
#

---------------  S U M M A R Y ------------

Command Line: org.jetbrains.kotlin.cli.jvm.K2JVMCompiler @D:\android\Android Project\fundflow_mobile\app\build\20241102_17490596658020587593.compiler.options

Host: Intel(R) Core(TM) i7-7600U CPU @ 2.80GHz, 4 cores, 7G,  Windows 10 , 64 bit Build 19041 (10.0.19041.4957)
Time: Sat Nov  2 16:49:29 2024 SE Asia Standard Time elapsed time: 43.564995 seconds (0d 0h 0m 43s)

---------------  T H R E A D  ---------------

Current thread (0x00000294690275b0):  JavaThread "C2 CompilerThread0" daemon [_thread_in_native, id=7832, stack(0x000000b521500000,0x000000b521600000)]


Current CompileTask:
C2:  43565 22277       4       org.jetbrains.org.objectweb.asm.Frame::execute (2318 bytes)

Stack: [0x000000b521500000,0x000000b521600000]
Native frames: (J=compiled Java code, j=interpreted, Vv=VM code, C=native code)
V  [jvm.dll+0x687bb9]
V  [jvm.dll+0x84142a]
V  [jvm.dll+0x8430ae]
V  [jvm.dll+0x843713]
V  [jvm.dll+0x24a35f]
V  [jvm.dll+0xac544]
V  [jvm.dll+0xacb8c]
V  [jvm.dll+0x369be2]
V  [jvm.dll+0x33416a]
V  [jvm.dll+0x33360a]
V  [jvm.dll+0x21bed1]
V  [jvm.dll+0x21b311]
V  [jvm.dll+0x1a63ed]
V  [jvm.dll+0x22b1ee]
V  [jvm.dll+0x229375]
V  [jvm.dll+0x7f5647]
V  [jvm.dll+0x7efa4a]
V  [jvm.dll+0x686a35]
C  [ucrtbase.dll+0x21bb2]
C  [KERNEL32.DLL+0x17374]
C  [ntdll.dll+0x4cc91]


---------------  P R O C E S S  ---------------

Threads class SMR info:
_java_thread_list=0x000002946bcd7390, length=13, elements={
0x000002944b66d900, 0x0000029469012e20, 0x0000029464b6c530, 0x0000029464baaa30,
0x0000029464bac600, 0x0000029469025760, 0x00000294690268c0, 0x00000294690275b0,
0x000002946902b560, 0x000002946904b750, 0x00000294691bb550, 0x00000294691ca940,
0x000002946be20700
}

Java Threads: ( => current thread )
  0x000002944b66d900 JavaThread "main" [_thread_in_native, id=17036, stack(0x000000b520800000,0x000000b520900000)]
  0x0000029469012e20 JavaThread "Reference Handler" daemon [_thread_blocked, id=7792, stack(0x000000b520f00000,0x000000b521000000)]
  0x0000029464b6c530 JavaThread "Finalizer" daemon [_thread_blocked, id=17008, stack(0x000000b521000000,0x000000b521100000)]
  0x0000029464baaa30 JavaThread "Signal Dispatcher" daemon [_thread_blocked, id=10436, stack(0x000000b521100000,0x000000b521200000)]
  0x0000029464bac600 JavaThread "Attach Listener" daemon [_thread_blocked, id=2424, stack(0x000000b521200000,0x000000b521300000)]
  0x0000029469025760 JavaThread "Service Thread" daemon [_thread_blocked, id=16664, stack(0x000000b521300000,0x000000b521400000)]
  0x00000294690268c0 JavaThread "Monitor Deflation Thread" daemon [_thread_blocked, id=9756, stack(0x000000b521400000,0x000000b521500000)]
=>0x00000294690275b0 JavaThread "C2 CompilerThread0" daemon [_thread_in_native, id=7832, stack(0x000000b521500000,0x000000b521600000)]
  0x000002946902b560 JavaThread "C1 CompilerThread0" daemon [_thread_blocked, id=13568, stack(0x000000b521600000,0x000000b521700000)]
  0x000002946904b750 JavaThread "Sweeper thread" daemon [_thread_blocked, id=16368, stack(0x000000b521700000,0x000000b521800000)]
  0x00000294691bb550 JavaThread "Notification Thread" daemon [_thread_blocked, id=7260, stack(0x000000b521800000,0x000000b521900000)]
  0x00000294691ca940 JavaThread "Common-Cleaner" daemon [_thread_blocked, id=15988, stack(0x000000b521a00000,0x000000b521b00000)]
  0x000002946be20700 JavaThread "C2 CompilerThread1" daemon [_thread_in_native, id=11336, stack(0x000000b520500000,0x000000b520600000)]

Other Threads:
  0x0000029464b83410 VMThread "VM Thread" [stack: 0x000000b520e00000,0x000000b520f00000] [id=13976]
  0x00000294691c2880 WatcherThread [stack: 0x000000b521900000,0x000000b521a00000] [id=11248]
  0x000002944b6c7fa0 GCTaskThread "GC Thread#0" [stack: 0x000000b520900000,0x000000b520a00000] [id=6192]
  0x000002946960e7f0 GCTaskThread "GC Thread#1" [stack: 0x000000b521c00000,0x000000b521d00000] [id=16960]
  0x00000294695f5920 GCTaskThread "GC Thread#2" [stack: 0x000000b521d00000,0x000000b521e00000] [id=788]
  0x0000029469629720 GCTaskThread "GC Thread#3" [stack: 0x000000b521e00000,0x000000b521f00000] [id=3496]
  0x000002944b6d8b70 ConcurrentGCThread "G1 Main Marker" [stack: 0x000000b520a00000,0x000000b520b00000] [id=9548]
  0x000002944b6d9590 ConcurrentGCThread "G1 Conc#0" [stack: 0x000000b520b00000,0x000000b520c00000] [id=8548]
  0x00000294649d44c0 ConcurrentGCThread "G1 Refine#0" [stack: 0x000000b520c00000,0x000000b520d00000] [id=12040]
  0x000002946adb08a0 ConcurrentGCThread "G1 Refine#1" [stack: 0x000000b521f00000,0x000000b522000000] [id=15540]
  0x000002946d2978b0 ConcurrentGCThread "G1 Refine#2" [stack: 0x000000b522000000,0x000000b522100000] [id=15340]
  0x00000294649d4ef0 ConcurrentGCThread "G1 Service" [stack: 0x000000b520d00000,0x000000b520e00000] [id=16036]

Threads with active compile tasks:
C2 CompilerThread0    43612 22277       4       org.jetbrains.org.objectweb.asm.Frame::execute (2318 bytes)
C2 CompilerThread1    43612 22323       4       org.jetbrains.org.objectweb.asm.tree.analysis.Frame::execute (2125 bytes)

VM state: not at safepoint (normal execution)

VM Mutex/Monitor currently owned by a thread: None

Heap address: 0x0000000081c00000, size: 2020 MB, Compressed Oops mode: 32-bit

CDS archive(s) not mapped
Compressed class space mapped at: 0x0000000100000000-0x0000000140000000, reserved size: 1073741824
Narrow klass base: 0x0000000000000000, Narrow klass shift: 3, Narrow klass range: 0x140000000

GC Precious Log:
 CPUs: 4 total, 4 available
 Memory: 8073M
 Large Page Support: Disabled
 NUMA Support: Disabled
 Compressed Oops: Enabled (32-bit)
 Heap Region Size: 1M
 Heap Min Capacity: 8M
 Heap Initial Capacity: 128M
 Heap Max Capacity: 2020M
 Pre-touch: Disabled
 Parallel Workers: 4
 Concurrent Workers: 1
 Concurrent Refinement Workers: 4
 Periodic GC: Disabled

Heap:
 garbage-first heap   total 217088K, used 159890K [0x0000000081c00000, 0x0000000100000000)
  region size 1024K, 13 young (13312K), 5 survivors (5120K)
 Metaspace       used 97043K, committed 97408K, reserved 1179648K
  class space    used 10301K, committed 10496K, reserved 1048576K

Heap Regions: E=young(eden), S=young(survivor), O=old, HS=humongous(starts), HC=humongous(continues), CS=collection set, F=free, OA=open archive, CA=closed archive, TAMS=top-at-mark-start (previous, next)
|   0|0x0000000081c00000, 0x0000000081d00000, 0x0000000081d00000|100%|HS|  |TAMS 0x0000000081d00000, 0x0000000081c00000| Complete 
|   1|0x0000000081d00000, 0x0000000081e00000, 0x0000000081e00000|100%|HC|  |TAMS 0x0000000081e00000, 0x0000000081d00000| Complete 
|   2|0x0000000081e00000, 0x0000000081f00000, 0x0000000081f00000|100%|HC|  |TAMS 0x0000000081f00000, 0x0000000081e00000| Complete 
|   3|0x0000000081f00000, 0x0000000082000000, 0x0000000082000000|100%|HC|  |TAMS 0x0000000082000000, 0x0000000081f00000| Complete 
|   4|0x0000000082000000, 0x0000000082100000, 0x0000000082100000|100%| O|  |TAMS 0x0000000082100000, 0x0000000082000000| Untracked 
|   5|0x0000000082100000, 0x0000000082200000, 0x0000000082200000|100%| O|  |TAMS 0x0000000082200000, 0x0000000082100000| Untracked 
|   6|0x0000000082200000, 0x0000000082300000, 0x0000000082300000|100%| O|  |TAMS 0x0000000082300000, 0x0000000082200000| Untracked 
|   7|0x0000000082300000, 0x0000000082400000, 0x0000000082400000|100%| O|  |TAMS 0x0000000082400000, 0x0000000082300000| Untracked 
|   8|0x0000000082400000, 0x0000000082500000, 0x0000000082500000|100%| O|  |TAMS 0x0000000082500000, 0x0000000082400000| Untracked 
|   9|0x0000000082500000, 0x0000000082600000, 0x0000000082600000|100%| O|  |TAMS 0x0000000082600000, 0x0000000082500000| Untracked 
|  10|0x0000000082600000, 0x0000000082700000, 0x0000000082700000|100%| O|  |TAMS 0x0000000082700000, 0x0000000082600000| Untracked 
|  11|0x0000000082700000, 0x0000000082800000, 0x0000000082800000|100%| O|  |TAMS 0x0000000082800000, 0x0000000082700000| Untracked 
|  12|0x0000000082800000, 0x0000000082900000, 0x0000000082900000|100%| O|  |TAMS 0x0000000082900000, 0x0000000082800000| Untracked 
|  13|0x0000000082900000, 0x0000000082a00000, 0x0000000082a00000|100%| O|  |TAMS 0x0000000082a00000, 0x0000000082900000| Untracked 
|  14|0x0000000082a00000, 0x0000000082b00000, 0x0000000082b00000|100%| O|  |TAMS 0x0000000082b00000, 0x0000000082a00000| Untracked 
|  15|0x0000000082b00000, 0x0000000082c00000, 0x0000000082c00000|100%| O|  |TAMS 0x0000000082c00000, 0x0000000082b00000| Untracked 
|  16|0x0000000082c00000, 0x0000000082d00000, 0x0000000082d00000|100%| O|  |TAMS 0x0000000082d00000, 0x0000000082c00000| Untracked 
|  17|0x0000000082d00000, 0x0000000082e00000, 0x0000000082e00000|100%| O|  |TAMS 0x0000000082e00000, 0x0000000082d00000| Untracked 
|  18|0x0000000082e00000, 0x0000000082f00000, 0x0000000082f00000|100%| O|  |TAMS 0x0000000082f00000, 0x0000000082e00000| Untracked 
|  19|0x0000000082f00000, 0x0000000083000000, 0x0000000083000000|100%| O|  |TAMS 0x0000000083000000, 0x0000000082f00000| Untracked 
|  20|0x0000000083000000, 0x0000000083100000, 0x0000000083100000|100%| O|  |TAMS 0x0000000083100000, 0x0000000083000000| Untracked 
|  21|0x0000000083100000, 0x0000000083200000, 0x0000000083200000|100%| O|  |TAMS 0x0000000083200000, 0x0000000083100000| Untracked 
|  22|0x0000000083200000, 0x0000000083300000, 0x0000000083300000|100%| O|  |TAMS 0x0000000083300000, 0x0000000083200000| Untracked 
|  23|0x0000000083300000, 0x0000000083400000, 0x0000000083400000|100%| O|  |TAMS 0x0000000083400000, 0x0000000083300000| Untracked 
|  24|0x0000000083400000, 0x0000000083500000, 0x0000000083500000|100%| O|  |TAMS 0x0000000083500000, 0x0000000083400000| Untracked 
|  25|0x0000000083500000, 0x0000000083600000, 0x0000000083600000|100%|HS|  |TAMS 0x0000000083600000, 0x0000000083500000| Complete 
|  26|0x0000000083600000, 0x0000000083700000, 0x0000000083700000|100%|HC|  |TAMS 0x0000000083700000, 0x0000000083600000| Complete 
|  27|0x0000000083700000, 0x0000000083800000, 0x0000000083800000|100%| O|  |TAMS 0x0000000083800000, 0x0000000083700000| Untracked 
|  28|0x0000000083800000, 0x0000000083900000, 0x0000000083900000|100%| O|  |TAMS 0x0000000083900000, 0x0000000083800000| Untracked 
|  29|0x0000000083900000, 0x0000000083a00000, 0x0000000083a00000|100%| O|  |TAMS 0x0000000083a00000, 0x0000000083900000| Untracked 
|  30|0x0000000083a00000, 0x0000000083b00000, 0x0000000083b00000|100%| O|  |TAMS 0x0000000083b00000, 0x0000000083a00000| Untracked 
|  31|0x0000000083b00000, 0x0000000083c00000, 0x0000000083c00000|100%| O|  |TAMS 0x0000000083c00000, 0x0000000083b00000| Untracked 
|  32|0x0000000083c00000, 0x0000000083d00000, 0x0000000083d00000|100%| O|  |TAMS 0x0000000083d00000, 0x0000000083c00000| Untracked 
|  33|0x0000000083d00000, 0x0000000083e00000, 0x0000000083e00000|100%| O|  |TAMS 0x0000000083e00000, 0x0000000083d00000| Untracked 
|  34|0x0000000083e00000, 0x0000000083f00000, 0x0000000083f00000|100%| O|  |TAMS 0x0000000083f00000, 0x0000000083e00000| Untracked 
|  35|0x0000000083f00000, 0x0000000084000000, 0x0000000084000000|100%| O|  |TAMS 0x0000000084000000, 0x0000000083f00000| Untracked 
|  36|0x0000000084000000, 0x0000000084100000, 0x0000000084100000|100%| O|  |TAMS 0x0000000084100000, 0x0000000084000000| Untracked 
|  37|0x0000000084100000, 0x0000000084200000, 0x0000000084200000|100%| O|  |TAMS 0x0000000084200000, 0x0000000084100000| Untracked 
|  38|0x0000000084200000, 0x0000000084300000, 0x0000000084300000|100%| O|  |TAMS 0x0000000084300000, 0x0000000084200000| Untracked 
|  39|0x0000000084300000, 0x0000000084400000, 0x0000000084400000|100%| O|  |TAMS 0x0000000084400000, 0x0000000084300000| Untracked 
|  40|0x0000000084400000, 0x0000000084500000, 0x0000000084500000|100%| O|  |TAMS 0x0000000084500000, 0x0000000084400000| Untracked 
|  41|0x0000000084500000, 0x0000000084600000, 0x0000000084600000|100%| O|  |TAMS 0x0000000084600000, 0x0000000084500000| Untracked 
|  42|0x0000000084600000, 0x0000000084700000, 0x0000000084700000|100%| O|  |TAMS 0x0000000084700000, 0x0000000084600000| Untracked 
|  43|0x0000000084700000, 0x0000000084800000, 0x0000000084800000|100%| O|  |TAMS 0x0000000084700000, 0x0000000084700000| Untracked 
|  44|0x0000000084800000, 0x0000000084900000, 0x0000000084900000|100%| O|  |TAMS 0x0000000084900000, 0x0000000084800000| Untracked 
|  45|0x0000000084900000, 0x0000000084a00000, 0x0000000084a00000|100%| O|  |TAMS 0x0000000084a00000, 0x0000000084900000| Untracked 
|  46|0x0000000084a00000, 0x0000000084b00000, 0x0000000084b00000|100%| O|  |TAMS 0x0000000084b00000, 0x0000000084a00000| Untracked 
|  47|0x0000000084b00000, 0x0000000084c00000, 0x0000000084c00000|100%| O|  |TAMS 0x0000000084c00000, 0x0000000084b00000| Untracked 
|  48|0x0000000084c00000, 0x0000000084d00000, 0x0000000084d00000|100%| O|  |TAMS 0x0000000084d00000, 0x0000000084c00000| Untracked 
|  49|0x0000000084d00000, 0x0000000084e00000, 0x0000000084e00000|100%| O|  |TAMS 0x0000000084d00000, 0x0000000084d00000| Untracked 
|  50|0x0000000084e00000, 0x0000000084f00000, 0x0000000084f00000|100%| O|  |TAMS 0x0000000084f00000, 0x0000000084e00000| Untracked 
|  51|0x0000000084f00000, 0x0000000085000000, 0x0000000085000000|100%| O|  |TAMS 0x0000000085000000, 0x0000000084f00000| Untracked 
|  52|0x0000000085000000, 0x0000000085100000, 0x0000000085100000|100%| O|  |TAMS 0x0000000085100000, 0x0000000085000000| Untracked 
|  53|0x0000000085100000, 0x0000000085200000, 0x0000000085200000|100%| O|  |TAMS 0x0000000085200000, 0x0000000085100000| Untracked 
|  54|0x0000000085200000, 0x0000000085300000, 0x0000000085300000|100%| O|  |TAMS 0x0000000085300000, 0x0000000085200000| Untracked 
|  55|0x0000000085300000, 0x0000000085400000, 0x0000000085400000|100%| O|  |TAMS 0x0000000085300000, 0x0000000085300000| Untracked 
|  56|0x0000000085400000, 0x0000000085500000, 0x0000000085500000|100%| O|  |TAMS 0x0000000085500000, 0x0000000085400000| Untracked 
|  57|0x0000000085500000, 0x0000000085600000, 0x0000000085600000|100%| O|  |TAMS 0x0000000085600000, 0x0000000085500000| Untracked 
|  58|0x0000000085600000, 0x0000000085700000, 0x0000000085700000|100%| O|  |TAMS 0x0000000085700000, 0x0000000085600000| Untracked 
|  59|0x0000000085700000, 0x0000000085800000, 0x0000000085800000|100%| O|  |TAMS 0x0000000085800000, 0x0000000085700000| Untracked 
|  60|0x0000000085800000, 0x0000000085900000, 0x0000000085900000|100%| O|  |TAMS 0x0000000085900000, 0x0000000085800000| Untracked 
|  61|0x0000000085900000, 0x0000000085a00000, 0x0000000085a00000|100%| O|  |TAMS 0x0000000085a00000, 0x0000000085900000| Untracked 
|  62|0x0000000085a00000, 0x0000000085b00000, 0x0000000085b00000|100%| O|  |TAMS 0x0000000085b00000, 0x0000000085a00000| Untracked 
|  63|0x0000000085b00000, 0x0000000085c00000, 0x0000000085c00000|100%|HS|  |TAMS 0x0000000085c00000, 0x0000000085b00000| Complete 
|  64|0x0000000085c00000, 0x0000000085d00000, 0x0000000085d00000|100%|HC|  |TAMS 0x0000000085d00000, 0x0000000085c00000| Complete 
|  65|0x0000000085d00000, 0x0000000085e00000, 0x0000000085e00000|100%| O|  |TAMS 0x0000000085e00000, 0x0000000085d00000| Untracked 
|  66|0x0000000085e00000, 0x0000000085f00000, 0x0000000085f00000|100%| O|  |TAMS 0x0000000085f00000, 0x0000000085e00000| Untracked 
|  67|0x0000000085f00000, 0x0000000086000000, 0x0000000086000000|100%| O|  |TAMS 0x0000000086000000, 0x0000000085f00000| Untracked 
|  68|0x0000000086000000, 0x0000000086100000, 0x0000000086100000|100%| O|  |TAMS 0x0000000086100000, 0x0000000086000000| Untracked 
|  69|0x0000000086100000, 0x0000000086200000, 0x0000000086200000|100%| O|  |TAMS 0x0000000086200000, 0x0000000086100000| Untracked 
|  70|0x0000000086200000, 0x0000000086300000, 0x0000000086300000|100%| O|  |TAMS 0x0000000086300000, 0x0000000086200000| Untracked 
|  71|0x0000000086300000, 0x0000000086400000, 0x0000000086400000|100%| O|  |TAMS 0x0000000086400000, 0x0000000086300000| Untracked 
|  72|0x0000000086400000, 0x0000000086500000, 0x0000000086500000|100%| O|  |TAMS 0x0000000086500000, 0x0000000086400000| Untracked 
|  73|0x0000000086500000, 0x0000000086600000, 0x0000000086600000|100%| O|  |TAMS 0x0000000086600000, 0x0000000086500000| Untracked 
|  74|0x0000000086600000, 0x0000000086700000, 0x0000000086700000|100%| O|  |TAMS 0x0000000086700000, 0x0000000086600000| Untracked 
|  75|0x0000000086700000, 0x0000000086800000, 0x0000000086800000|100%| O|  |TAMS 0x0000000086800000, 0x0000000086700000| Untracked 
|  76|0x0000000086800000, 0x0000000086900000, 0x0000000086900000|100%| O|  |TAMS 0x0000000086900000, 0x0000000086800000| Untracked 
|  77|0x0000000086900000, 0x0000000086a00000, 0x0000000086a00000|100%| O|  |TAMS 0x0000000086a00000, 0x0000000086900000| Untracked 
|  78|0x0000000086a00000, 0x0000000086b00000, 0x0000000086b00000|100%| O|  |TAMS 0x0000000086b00000, 0x0000000086a00000| Untracked 
|  79|0x0000000086b00000, 0x0000000086c00000, 0x0000000086c00000|100%| O|  |TAMS 0x0000000086c00000, 0x0000000086b00000| Untracked 
|  80|0x0000000086c00000, 0x0000000086d00000, 0x0000000086d00000|100%| O|  |TAMS 0x0000000086d00000, 0x0000000086c00000| Untracked 
|  81|0x0000000086d00000, 0x0000000086e00000, 0x0000000086e00000|100%| O|  |TAMS 0x0000000086db4800, 0x0000000086d00000| Untracked 
|  82|0x0000000086e00000, 0x0000000086f00000, 0x0000000086f00000|100%| O|  |TAMS 0x0000000086e00000, 0x0000000086e00000| Untracked 
|  83|0x0000000086f00000, 0x0000000087000000, 0x0000000087000000|100%| O|  |TAMS 0x0000000086f00000, 0x0000000086f00000| Untracked 
|  84|0x0000000087000000, 0x0000000087100000, 0x0000000087100000|100%| O|  |TAMS 0x0000000087000000, 0x0000000087000000| Untracked 
|  85|0x0000000087100000, 0x0000000087200000, 0x0000000087200000|100%| O|  |TAMS 0x0000000087100000, 0x0000000087100000| Untracked 
|  86|0x0000000087200000, 0x0000000087300000, 0x0000000087300000|100%| O|  |TAMS 0x0000000087200000, 0x0000000087200000| Untracked 
|  87|0x0000000087300000, 0x0000000087400000, 0x0000000087400000|100%| O|  |TAMS 0x0000000087300000, 0x0000000087300000| Untracked 
|  88|0x0000000087400000, 0x0000000087500000, 0x0000000087500000|100%| O|  |TAMS 0x0000000087400000, 0x0000000087400000| Untracked 
|  89|0x0000000087500000, 0x0000000087600000, 0x0000000087600000|100%| O|  |TAMS 0x0000000087500000, 0x0000000087500000| Untracked 
|  90|0x0000000087600000, 0x0000000087700000, 0x0000000087700000|100%| O|  |TAMS 0x0000000087600000, 0x0000000087600000| Untracked 
|  91|0x0000000087700000, 0x0000000087800000, 0x0000000087800000|100%| O|  |TAMS 0x0000000087700000, 0x0000000087700000| Untracked 
|  92|0x0000000087800000, 0x0000000087900000, 0x0000000087900000|100%| O|  |TAMS 0x0000000087800000, 0x0000000087800000| Untracked 
|  93|0x0000000087900000, 0x0000000087a00000, 0x0000000087a00000|100%| O|  |TAMS 0x0000000087900000, 0x0000000087900000| Untracked 
|  94|0x0000000087a00000, 0x0000000087b00000, 0x0000000087b00000|100%| O|  |TAMS 0x0000000087a00000, 0x0000000087a00000| Untracked 
|  95|0x0000000087b00000, 0x0000000087c00000, 0x0000000087c00000|100%| O|  |TAMS 0x0000000087b00000, 0x0000000087b00000| Untracked 
|  96|0x0000000087c00000, 0x0000000087d00000, 0x0000000087d00000|100%| O|  |TAMS 0x0000000087c00000, 0x0000000087c00000| Untracked 
|  97|0x0000000087d00000, 0x0000000087e00000, 0x0000000087e00000|100%| O|  |TAMS 0x0000000087d00000, 0x0000000087d00000| Untracked 
|  98|0x0000000087e00000, 0x0000000087f00000, 0x0000000087f00000|100%| O|  |TAMS 0x0000000087e00000, 0x0000000087e00000| Untracked 
|  99|0x0000000087f00000, 0x0000000088000000, 0x0000000088000000|100%| O|  |TAMS 0x0000000087f00000, 0x0000000087f00000| Untracked 
| 100|0x0000000088000000, 0x0000000088100000, 0x0000000088100000|100%| O|  |TAMS 0x0000000088000000, 0x0000000088000000| Untracked 
| 101|0x0000000088100000, 0x0000000088200000, 0x0000000088200000|100%| O|  |TAMS 0x0000000088100000, 0x0000000088100000| Untracked 
| 102|0x0000000088200000, 0x0000000088300000, 0x0000000088300000|100%| O|  |TAMS 0x0000000088200000, 0x0000000088200000| Untracked 
| 103|0x0000000088300000, 0x0000000088400000, 0x0000000088400000|100%| O|  |TAMS 0x0000000088300000, 0x0000000088300000| Untracked 
| 104|0x0000000088400000, 0x0000000088500000, 0x0000000088500000|100%| O|  |TAMS 0x0000000088400000, 0x0000000088400000| Untracked 
| 105|0x0000000088500000, 0x0000000088600000, 0x0000000088600000|100%| O|  |TAMS 0x0000000088500000, 0x0000000088500000| Untracked 
| 106|0x0000000088600000, 0x0000000088700000, 0x0000000088700000|100%| O|  |TAMS 0x0000000088600000, 0x0000000088600000| Untracked 
| 107|0x0000000088700000, 0x0000000088800000, 0x0000000088800000|100%| O|  |TAMS 0x0000000088700000, 0x0000000088700000| Untracked 
| 108|0x0000000088800000, 0x0000000088900000, 0x0000000088900000|100%| O|  |TAMS 0x0000000088800000, 0x0000000088800000| Untracked 
| 109|0x0000000088900000, 0x0000000088a00000, 0x0000000088a00000|100%| O|  |TAMS 0x0000000088900000, 0x0000000088900000| Untracked 
| 110|0x0000000088a00000, 0x0000000088b00000, 0x0000000088b00000|100%| O|  |TAMS 0x0000000088a00000, 0x0000000088a00000| Untracked 
| 111|0x0000000088b00000, 0x0000000088c00000, 0x0000000088c00000|100%| O|  |TAMS 0x0000000088b00000, 0x0000000088b00000| Untracked 
| 112|0x0000000088c00000, 0x0000000088d00000, 0x0000000088d00000|100%| O|  |TAMS 0x0000000088c00000, 0x0000000088c00000| Untracked 
| 113|0x0000000088d00000, 0x0000000088e00000, 0x0000000088e00000|100%| O|  |TAMS 0x0000000088d00000, 0x0000000088d00000| Untracked 
| 114|0x0000000088e00000, 0x0000000088f00000, 0x0000000088f00000|100%| O|  |TAMS 0x0000000088e00000, 0x0000000088e00000| Untracked 
| 115|0x0000000088f00000, 0x0000000089000000, 0x0000000089000000|100%| O|  |TAMS 0x0000000088f00000, 0x0000000088f00000| Untracked 
| 116|0x0000000089000000, 0x0000000089100000, 0x0000000089100000|100%| O|  |TAMS 0x0000000089000000, 0x0000000089000000| Untracked 
| 117|0x0000000089100000, 0x0000000089200000, 0x0000000089200000|100%| O|  |TAMS 0x0000000089100000, 0x0000000089100000| Untracked 
| 118|0x0000000089200000, 0x0000000089300000, 0x0000000089300000|100%| O|  |TAMS 0x0000000089200000, 0x0000000089200000| Untracked 
| 119|0x0000000089300000, 0x0000000089400000, 0x0000000089400000|100%| O|  |TAMS 0x0000000089300000, 0x0000000089300000| Untracked 
| 120|0x0000000089400000, 0x0000000089500000, 0x0000000089500000|100%| O|  |TAMS 0x0000000089400000, 0x0000000089400000| Untracked 
| 121|0x0000000089500000, 0x0000000089600000, 0x0000000089600000|100%| O|  |TAMS 0x0000000089500000, 0x0000000089500000| Untracked 
| 122|0x0000000089600000, 0x0000000089700000, 0x0000000089700000|100%| O|  |TAMS 0x0000000089600000, 0x0000000089600000| Untracked 
| 123|0x0000000089700000, 0x0000000089800000, 0x0000000089800000|100%| O|  |TAMS 0x0000000089700000, 0x0000000089700000| Untracked 
| 124|0x0000000089800000, 0x0000000089900000, 0x0000000089900000|100%| O|  |TAMS 0x0000000089800000, 0x0000000089800000| Untracked 
| 125|0x0000000089900000, 0x0000000089a00000, 0x0000000089a00000|100%| O|  |TAMS 0x0000000089900000, 0x0000000089900000| Untracked 
| 126|0x0000000089a00000, 0x0000000089b00000, 0x0000000089b00000|100%| O|  |TAMS 0x0000000089a00000, 0x0000000089a00000| Untracked 
| 127|0x0000000089b00000, 0x0000000089c00000, 0x0000000089c00000|100%| O|  |TAMS 0x0000000089b00000, 0x0000000089b00000| Untracked 
| 128|0x0000000089c00000, 0x0000000089d00000, 0x0000000089d00000|100%| O|  |TAMS 0x0000000089c00000, 0x0000000089c00000| Untracked 
| 129|0x0000000089d00000, 0x0000000089e00000, 0x0000000089e00000|100%| O|  |TAMS 0x0000000089d00000, 0x0000000089d00000| Untracked 
| 130|0x0000000089e00000, 0x0000000089f00000, 0x0000000089f00000|100%| O|  |TAMS 0x0000000089e00000, 0x0000000089e00000| Untracked 
| 131|0x0000000089f00000, 0x000000008a000000, 0x000000008a000000|100%| O|  |TAMS 0x0000000089f00000, 0x0000000089f00000| Untracked 
| 132|0x000000008a000000, 0x000000008a100000, 0x000000008a100000|100%| O|  |TAMS 0x000000008a000000, 0x000000008a000000| Untracked 
| 133|0x000000008a100000, 0x000000008a200000, 0x000000008a200000|100%| O|  |TAMS 0x000000008a100000, 0x000000008a100000| Untracked 
| 134|0x000000008a200000, 0x000000008a300000, 0x000000008a300000|100%| O|  |TAMS 0x000000008a200000, 0x000000008a200000| Untracked 
| 135|0x000000008a300000, 0x000000008a400000, 0x000000008a400000|100%| O|  |TAMS 0x000000008a300000, 0x000000008a300000| Untracked 
| 136|0x000000008a400000, 0x000000008a500000, 0x000000008a500000|100%| O|  |TAMS 0x000000008a400000, 0x000000008a400000| Untracked 
| 137|0x000000008a500000, 0x000000008a600000, 0x000000008a600000|100%| O|  |TAMS 0x000000008a500000, 0x000000008a500000| Untracked 
| 138|0x000000008a600000, 0x000000008a700000, 0x000000008a700000|100%| O|  |TAMS 0x000000008a600000, 0x000000008a600000| Untracked 
| 139|0x000000008a700000, 0x000000008a800000, 0x000000008a800000|100%| O|  |TAMS 0x000000008a700000, 0x000000008a700000| Untracked 
| 140|0x000000008a800000, 0x000000008a900000, 0x000000008a900000|100%| O|  |TAMS 0x000000008a800000, 0x000000008a800000| Untracked 
| 141|0x000000008a900000, 0x000000008aa00000, 0x000000008aa00000|100%| O|  |TAMS 0x000000008a900000, 0x000000008a900000| Untracked 
| 142|0x000000008aa00000, 0x000000008ab00000, 0x000000008ab00000|100%| O|  |TAMS 0x000000008aa00000, 0x000000008aa00000| Untracked 
| 143|0x000000008ab00000, 0x000000008ac00000, 0x000000008ac00000|100%| O|  |TAMS 0x000000008ab00000, 0x000000008ab00000| Untracked 
| 144|0x000000008ac00000, 0x000000008ac53200, 0x000000008ad00000| 32%| O|  |TAMS 0x000000008ac00000, 0x000000008ac00000| Untracked 
| 145|0x000000008ad00000, 0x000000008ad00000, 0x000000008ae00000|  0%| F|  |TAMS 0x000000008ad00000, 0x000000008ad00000| Untracked 
| 146|0x000000008ae00000, 0x000000008ae00000, 0x000000008af00000|  0%| F|  |TAMS 0x000000008ae00000, 0x000000008ae00000| Untracked 
| 147|0x000000008af00000, 0x000000008af00000, 0x000000008b000000|  0%| F|  |TAMS 0x000000008af00000, 0x000000008af00000| Untracked 
| 148|0x000000008b000000, 0x000000008b000000, 0x000000008b100000|  0%| F|  |TAMS 0x000000008b000000, 0x000000008b000000| Untracked 
| 149|0x000000008b100000, 0x000000008b100000, 0x000000008b200000|  0%| F|  |TAMS 0x000000008b100000, 0x000000008b100000| Untracked 
| 150|0x000000008b200000, 0x000000008b200000, 0x000000008b300000|  0%| F|  |TAMS 0x000000008b200000, 0x000000008b200000| Untracked 
| 151|0x000000008b300000, 0x000000008b300000, 0x000000008b400000|  0%| F|  |TAMS 0x000000008b300000, 0x000000008b300000| Untracked 
| 152|0x000000008b400000, 0x000000008b400000, 0x000000008b500000|  0%| F|  |TAMS 0x000000008b400000, 0x000000008b400000| Untracked 
| 153|0x000000008b500000, 0x000000008b500000, 0x000000008b600000|  0%| F|  |TAMS 0x000000008b500000, 0x000000008b500000| Untracked 
| 154|0x000000008b600000, 0x000000008b600000, 0x000000008b700000|  0%| F|  |TAMS 0x000000008b600000, 0x000000008b600000| Untracked 
| 155|0x000000008b700000, 0x000000008b700000, 0x000000008b800000|  0%| F|  |TAMS 0x000000008b700000, 0x000000008b700000| Untracked 
| 156|0x000000008b800000, 0x000000008b800000, 0x000000008b900000|  0%| F|  |TAMS 0x000000008b800000, 0x000000008b800000| Untracked 
| 157|0x000000008b900000, 0x000000008b900000, 0x000000008ba00000|  0%| F|  |TAMS 0x000000008b900000, 0x000000008b900000| Untracked 
| 158|0x000000008ba00000, 0x000000008ba00000, 0x000000008bb00000|  0%| F|  |TAMS 0x000000008ba00000, 0x000000008ba00000| Untracked 
| 159|0x000000008bb00000, 0x000000008bb00000, 0x000000008bc00000|  0%| F|  |TAMS 0x000000008bb00000, 0x000000008bb00000| Untracked 
| 160|0x000000008bc00000, 0x000000008bc00000, 0x000000008bd00000|  0%| F|  |TAMS 0x000000008bc00000, 0x000000008bc00000| Untracked 
| 161|0x000000008bd00000, 0x000000008bd00000, 0x000000008be00000|  0%| F|  |TAMS 0x000000008bd00000, 0x000000008bd00000| Untracked 
| 162|0x000000008be00000, 0x000000008be00000, 0x000000008bf00000|  0%| F|  |TAMS 0x000000008be00000, 0x000000008be00000| Untracked 
| 163|0x000000008bf00000, 0x000000008bf00000, 0x000000008c000000|  0%| F|  |TAMS 0x000000008bf00000, 0x000000008bf00000| Untracked 
| 164|0x000000008c000000, 0x000000008c000000, 0x000000008c100000|  0%| F|  |TAMS 0x000000008c000000, 0x000000008c000000| Untracked 
| 165|0x000000008c100000, 0x000000008c100000, 0x000000008c200000|  0%| F|  |TAMS 0x000000008c100000, 0x000000008c100000| Untracked 
| 166|0x000000008c200000, 0x000000008c200000, 0x000000008c300000|  0%| F|  |TAMS 0x000000008c200000, 0x000000008c200000| Untracked 
| 167|0x000000008c300000, 0x000000008c300000, 0x000000008c400000|  0%| F|  |TAMS 0x000000008c300000, 0x000000008c300000| Untracked 
| 168|0x000000008c400000, 0x000000008c400000, 0x000000008c500000|  0%| F|  |TAMS 0x000000008c400000, 0x000000008c400000| Untracked 
| 169|0x000000008c500000, 0x000000008c5d1840, 0x000000008c600000| 81%| S|CS|TAMS 0x000000008c500000, 0x000000008c500000| Complete 
| 170|0x000000008c600000, 0x000000008c600000, 0x000000008c700000|  0%| F|  |TAMS 0x000000008c600000, 0x000000008c600000| Untracked 
| 171|0x000000008c700000, 0x000000008c700000, 0x000000008c800000|  0%| F|  |TAMS 0x000000008c700000, 0x000000008c700000| Untracked 
| 172|0x000000008c800000, 0x000000008c800000, 0x000000008c900000|  0%| F|  |TAMS 0x000000008c800000, 0x000000008c800000| Untracked 
| 173|0x000000008c900000, 0x000000008ca00000, 0x000000008ca00000|100%| S|CS|TAMS 0x000000008c900000, 0x000000008c900000| Complete 
| 174|0x000000008ca00000, 0x000000008cb00000, 0x000000008cb00000|100%| S|CS|TAMS 0x000000008ca00000, 0x000000008ca00000| Complete 
| 175|0x000000008cb00000, 0x000000008cc00000, 0x000000008cc00000|100%| S|CS|TAMS 0x000000008cb00000, 0x000000008cb00000| Complete 
| 176|0x000000008cc00000, 0x000000008cc00000, 0x000000008cd00000|  0%| F|  |TAMS 0x000000008cc00000, 0x000000008cc00000| Untracked 
| 177|0x000000008cd00000, 0x000000008cd00000, 0x000000008ce00000|  0%| F|  |TAMS 0x000000008cd00000, 0x000000008cd00000| Untracked 
| 178|0x000000008ce00000, 0x000000008cf00000, 0x000000008cf00000|100%| S|CS|TAMS 0x000000008ce00000, 0x000000008ce00000| Complete 
| 179|0x000000008cf00000, 0x000000008cf00000, 0x000000008d000000|  0%| F|  |TAMS 0x000000008cf00000, 0x000000008cf00000| Untracked 
| 180|0x000000008d000000, 0x000000008d000000, 0x000000008d100000|  0%| F|  |TAMS 0x000000008d000000, 0x000000008d000000| Untracked 
| 181|0x000000008d100000, 0x000000008d100000, 0x000000008d200000|  0%| F|  |TAMS 0x000000008d100000, 0x000000008d100000| Untracked 
| 182|0x000000008d200000, 0x000000008d200000, 0x000000008d300000|  0%| F|  |TAMS 0x000000008d200000, 0x000000008d200000| Untracked 
| 183|0x000000008d300000, 0x000000008d300000, 0x000000008d400000|  0%| F|  |TAMS 0x000000008d300000, 0x000000008d300000| Untracked 
| 184|0x000000008d400000, 0x000000008d400000, 0x000000008d500000|  0%| F|  |TAMS 0x000000008d400000, 0x000000008d400000| Untracked 
| 185|0x000000008d500000, 0x000000008d500000, 0x000000008d600000|  0%| F|  |TAMS 0x000000008d500000, 0x000000008d500000| Untracked 
| 186|0x000000008d600000, 0x000000008d600000, 0x000000008d700000|  0%| F|  |TAMS 0x000000008d600000, 0x000000008d600000| Untracked 
| 187|0x000000008d700000, 0x000000008d700000, 0x000000008d800000|  0%| F|  |TAMS 0x000000008d700000, 0x000000008d700000| Untracked 
| 188|0x000000008d800000, 0x000000008d800000, 0x000000008d900000|  0%| F|  |TAMS 0x000000008d800000, 0x000000008d800000| Untracked 
| 189|0x000000008d900000, 0x000000008d900000, 0x000000008da00000|  0%| F|  |TAMS 0x000000008d900000, 0x000000008d900000| Untracked 
| 190|0x000000008da00000, 0x000000008da00000, 0x000000008db00000|  0%| F|  |TAMS 0x000000008da00000, 0x000000008da00000| Untracked 
| 191|0x000000008db00000, 0x000000008db00000, 0x000000008dc00000|  0%| F|  |TAMS 0x000000008db00000, 0x000000008db00000| Untracked 
| 192|0x000000008dc00000, 0x000000008dc00000, 0x000000008dd00000|  0%| F|  |TAMS 0x000000008dc00000, 0x000000008dc00000| Untracked 
| 193|0x000000008dd00000, 0x000000008dd00000, 0x000000008de00000|  0%| F|  |TAMS 0x000000008dd00000, 0x000000008dd00000| Untracked 
| 194|0x000000008de00000, 0x000000008de00000, 0x000000008df00000|  0%| F|  |TAMS 0x000000008de00000, 0x000000008de00000| Untracked 
| 195|0x000000008df00000, 0x000000008df00000, 0x000000008e000000|  0%| F|  |TAMS 0x000000008df00000, 0x000000008df00000| Untracked 
| 196|0x000000008e000000, 0x000000008e000000, 0x000000008e100000|  0%| F|  |TAMS 0x000000008e000000, 0x000000008e000000| Untracked 
| 197|0x000000008e100000, 0x000000008e100000, 0x000000008e200000|  0%| F|  |TAMS 0x000000008e100000, 0x000000008e100000| Untracked 
| 198|0x000000008e200000, 0x000000008e200000, 0x000000008e300000|  0%| F|  |TAMS 0x000000008e200000, 0x000000008e200000| Untracked 
| 199|0x000000008e300000, 0x000000008e300000, 0x000000008e400000|  0%| F|  |TAMS 0x000000008e300000, 0x000000008e300000| Untracked 
| 200|0x000000008e400000, 0x000000008e400000, 0x000000008e500000|  0%| F|  |TAMS 0x000000008e400000, 0x000000008e400000| Untracked 
| 201|0x000000008e500000, 0x000000008e500000, 0x000000008e600000|  0%| F|  |TAMS 0x000000008e500000, 0x000000008e500000| Untracked 
| 202|0x000000008e600000, 0x000000008e600000, 0x000000008e700000|  0%| F|  |TAMS 0x000000008e600000, 0x000000008e600000| Untracked 
| 203|0x000000008e700000, 0x000000008e700000, 0x000000008e800000|  0%| F|  |TAMS 0x000000008e700000, 0x000000008e700000| Untracked 
| 204|0x000000008e800000, 0x000000008e880800, 0x000000008e900000| 50%| E|  |TAMS 0x000000008e800000, 0x000000008e800000| Complete 
| 205|0x000000008e900000, 0x000000008ea00000, 0x000000008ea00000|100%| E|CS|TAMS 0x000000008e900000, 0x000000008e900000| Complete 
| 206|0x000000008ea00000, 0x000000008eb00000, 0x000000008eb00000|100%| E|CS|TAMS 0x000000008ea00000, 0x000000008ea00000| Complete 
| 207|0x000000008eb00000, 0x000000008ec00000, 0x000000008ec00000|100%| E|CS|TAMS 0x000000008eb00000, 0x000000008eb00000| Complete 
| 208|0x000000008ec00000, 0x000000008ed00000, 0x000000008ed00000|100%| E|CS|TAMS 0x000000008ec00000, 0x000000008ec00000| Complete 
| 209|0x000000008ed00000, 0x000000008ee00000, 0x000000008ee00000|100%| E|CS|TAMS 0x000000008ed00000, 0x000000008ed00000| Complete 
| 210|0x000000008ee00000, 0x000000008ef00000, 0x000000008ef00000|100%| E|CS|TAMS 0x000000008ee00000, 0x000000008ee00000| Complete 
| 211|0x000000008ef00000, 0x000000008f000000, 0x000000008f000000|100%| E|CS|TAMS 0x000000008ef00000, 0x000000008ef00000| Complete 

Card table byte_map: [0x000002945df50000,0x000002945e350000] _byte_map_base: 0x000002945db42000

Marking Bits (Prev, Next): (CMBitMap*) 0x000002944b6c8600, (CMBitMap*) 0x000002944b6c85c0
 Prev Bits: [0x00000294606e0000, 0x0000029462670000)
 Next Bits: [0x000002945e750000, 0x00000294606e0000)

Polling page: 0x0000029449540000

Metaspace:

Usage:
  Non-class:     84.71 MB used.
      Class:     10.06 MB used.
       Both:     94.77 MB used.

Virtual space:
  Non-class space:      128.00 MB reserved,      84.88 MB ( 66%) committed,  2 nodes.
      Class space:        1.00 GB reserved,      10.25 MB (  1%) committed,  1 nodes.
             Both:        1.12 GB reserved,      95.12 MB (  8%) committed. 

Chunk freelists:
   Non-Class:  10.50 MB
       Class:  5.72 MB
        Both:  16.22 MB

MaxMetaspaceSize: unlimited
CompressedClassSpaceSize: 1.00 GB
Initial GC threshold: 21.00 MB
Current GC threshold: 112.31 MB
CDS: off
MetaspaceReclaimPolicy: balanced
 - commit_granule_bytes: 65536.
 - commit_granule_words: 8192.
 - virtual_space_node_default_size: 8388608.
 - enlarge_chunks_in_place: 1.
 - new_chunks_are_fully_committed: 0.
 - uncommit_free_chunks: 1.
 - use_allocation_guard: 0.
 - handle_deallocations: 1.


Internal statistics:

num_allocs_failed_limit: 12.
num_arena_births: 496.
num_arena_deaths: 0.
num_vsnodes_births: 3.
num_vsnodes_deaths: 0.
num_space_committed: 1520.
num_space_uncommitted: 0.
num_chunks_returned_to_freelist: 12.
num_chunks_taken_from_freelist: 3749.
num_chunk_merges: 9.
num_chunk_splits: 3019.
num_chunks_enlarged: 2608.
num_inconsistent_stats: 0.

CodeHeap 'non-profiled nmethods': size=120000Kb used=10332Kb max_used=10846Kb free=109667Kb
 bounds [0x0000029456620000, 0x00000294570c0000, 0x000002945db50000]
CodeHeap 'profiled nmethods': size=120000Kb used=49975Kb max_used=51424Kb free=70024Kb
 bounds [0x000002944eb50000, 0x0000029451d90000, 0x0000029456080000]
CodeHeap 'non-nmethods': size=5760Kb used=1420Kb max_used=1518Kb free=4339Kb
 bounds [0x0000029456080000, 0x00000294562f0000, 0x0000029456620000]
 total_blobs=18390 nmethods=17637 adapters=661
 compilation: enabled
              stopped_count=0, restarted_count=0
 full_count=0

Compilation events (20 events):
Event: 43.303 Thread 0x000002946902b560 22386       2       org.jetbrains.kotlin.metadata.deserialization.VersionRequirement$Version::<init> (20 bytes)
Event: 43.303 Thread 0x000002946902b560 nmethod 22386 0x00000294517bfb10 code [0x00000294517bfca0, 0x00000294517bfdb8]
Event: 43.304 Thread 0x000002946902b560 22387       2       org.jetbrains.kotlin.types.WrappedType::getAttributes (8 bytes)
Event: 43.304 Thread 0x000002946902b560 nmethod 22387 0x000002945180b590 code [0x000002945180b740, 0x000002945180b898]
Event: 43.305 Thread 0x000002946902b560 22388       2       org.jetbrains.kotlin.resolve.DescriptorUtils::hasJvmNameAnnotation (22 bytes)
Event: 43.305 Thread 0x000002946902b560 nmethod 22388 0x0000029451b99b10 code [0x0000029451b99ce0, 0x0000029451b99e98]
Event: 43.330 Thread 0x000002946902b560 22389       2       org.jetbrains.kotlin.backend.jvm.mapping.MethodSignatureMapper::mapReturnType$default (21 bytes)
Event: 43.331 Thread 0x000002946902b560 nmethod 22389 0x00000294519d6d90 code [0x00000294519d6f20, 0x00000294519d7048]
Event: 43.334 Thread 0x000002946902b560 22390       2       org.jetbrains.kotlin.codegen.optimization.nullCheck.RedundantNullCheckMethodTransformer$TransformerPass$NullabilityAssumptionsBuilder::addDependentCheck (80 bytes)
Event: 43.335 Thread 0x000002946902b560 nmethod 22390 0x0000029451785690 code [0x0000029451785860, 0x0000029451785b68]
Event: 43.335 Thread 0x000002946902b560 22391       2       org.jetbrains.kotlin.codegen.optimization.nullCheck.RedundantNullCheckMethodTransformer$TransformerPass$NullabilityAssumptionsBuilder::injectAssumptionsForInsn (164 bytes)
Event: 43.337 Thread 0x000002946902b560 nmethod 22391 0x000002944f337f10 code [0x000002944f338260, 0x000002944f338d08]
Event: 43.337 Thread 0x000002946902b560 22392       2       org.jetbrains.kotlin.codegen.pseudoInsns.PseudoInsnsKt::asNotNull (14 bytes)
Event: 43.337 Thread 0x000002946902b560 nmethod 22392 0x0000029451827e90 code [0x0000029451828080, 0x0000029451828328]
Event: 43.337 Thread 0x000002946902b560 22393       2       org.jetbrains.kotlin.codegen.pseudoInsns.PseudoInsn::emit (23 bytes)
Event: 43.338 Thread 0x000002946902b560 nmethod 22393 0x000002945179fd10 code [0x000002945179ff00, 0x00000294517a01e8]
Event: 43.482 Thread 0x000002946902b560 22396 %     2       org.jetbrains.kotlin.codegen.optimization.common.UtilKt::removeUnusedLocalVariables @ 341 (472 bytes)
Event: 43.484 Thread 0x000002946902b560 nmethod 22396% 0x00000294517add10 code [0x00000294517ae040, 0x00000294517af1d8]
Event: 43.492 Thread 0x000002946902b560 22397       2       org.jetbrains.kotlin.types.DelegatingSimpleTypeImpl::replaceAttributes (9 bytes)
Event: 43.492 Thread 0x000002946902b560 nmethod 22397 0x00000294517ad990 code [0x00000294517adb20, 0x00000294517adc48]

GC Heap History (20 events):
Event: 28.589 GC heap before
{Heap before GC invocations=38 (full 0):
 garbage-first heap   total 217088K, used 174233K [0x0000000081c00000, 0x0000000100000000)
  region size 1024K, 44 young (45056K), 4 survivors (4096K)
 Metaspace       used 90010K, committed 90368K, reserved 1179648K
  class space    used 9863K, committed 10048K, reserved 1048576K
}
Event: 28.598 GC heap after
{Heap after GC invocations=39 (full 0):
 garbage-first heap   total 217088K, used 134646K [0x0000000081c00000, 0x0000000100000000)
  region size 1024K, 2 young (2048K), 2 survivors (2048K)
 Metaspace       used 90010K, committed 90368K, reserved 1179648K
  class space    used 9863K, committed 10048K, reserved 1048576K
}
Event: 29.353 GC heap before
{Heap before GC invocations=39 (full 0):
 garbage-first heap   total 217088K, used 177654K [0x0000000081c00000, 0x0000000100000000)
  region size 1024K, 44 young (45056K), 2 survivors (2048K)
 Metaspace       used 90685K, committed 91072K, reserved 1179648K
  class space    used 9887K, committed 10048K, reserved 1048576K
}
Event: 29.361 GC heap after
{Heap after GC invocations=40 (full 0):
 garbage-first heap   total 217088K, used 136005K [0x0000000081c00000, 0x0000000100000000)
  region size 1024K, 3 young (3072K), 3 survivors (3072K)
 Metaspace       used 90685K, committed 91072K, reserved 1179648K
  class space    used 9887K, committed 10048K, reserved 1048576K
}
Event: 31.600 GC heap before
{Heap before GC invocations=40 (full 0):
 garbage-first heap   total 217088K, used 180037K [0x0000000081c00000, 0x0000000100000000)
  region size 1024K, 46 young (47104K), 3 survivors (3072K)
 Metaspace       used 95267K, committed 95680K, reserved 1179648K
  class space    used 10234K, committed 10432K, reserved 1048576K
}
Event: 31.612 GC heap after
{Heap after GC invocations=41 (full 0):
 garbage-first heap   total 217088K, used 138946K [0x0000000081c00000, 0x0000000100000000)
  region size 1024K, 6 young (6144K), 6 survivors (6144K)
 Metaspace       used 95267K, committed 95680K, reserved 1179648K
  class space    used 10234K, committed 10432K, reserved 1048576K
}
Event: 34.629 GC heap before
{Heap before GC invocations=41 (full 0):
 garbage-first heap   total 217088K, used 181954K [0x0000000081c00000, 0x0000000100000000)
  region size 1024K, 48 young (49152K), 6 survivors (6144K)
 Metaspace       used 95824K, committed 96192K, reserved 1179648K
  class space    used 10253K, committed 10432K, reserved 1048576K
}
Event: 34.643 GC heap after
{Heap after GC invocations=42 (full 0):
 garbage-first heap   total 217088K, used 141209K [0x0000000081c00000, 0x0000000100000000)
  region size 1024K, 6 young (6144K), 6 survivors (6144K)
 Metaspace       used 95824K, committed 96192K, reserved 1179648K
  class space    used 10253K, committed 10432K, reserved 1048576K
}
Event: 36.373 GC heap before
{Heap before GC invocations=42 (full 0):
 garbage-first heap   total 217088K, used 182169K [0x0000000081c00000, 0x0000000100000000)
  region size 1024K, 46 young (47104K), 6 survivors (6144K)
 Metaspace       used 96021K, committed 96384K, reserved 1179648K
  class space    used 10254K, committed 10432K, reserved 1048576K
}
Event: 36.387 GC heap after
{Heap after GC invocations=43 (full 0):
 garbage-first heap   total 217088K, used 142951K [0x0000000081c00000, 0x0000000100000000)
  region size 1024K, 5 young (5120K), 5 survivors (5120K)
 Metaspace       used 96021K, committed 96384K, reserved 1179648K
  class space    used 10254K, committed 10432K, reserved 1048576K
}
Event: 38.373 GC heap before
{Heap before GC invocations=43 (full 0):
 garbage-first heap   total 217088K, used 183911K [0x0000000081c00000, 0x0000000100000000)
  region size 1024K, 45 young (46080K), 5 survivors (5120K)
 Metaspace       used 96236K, committed 96640K, reserved 1179648K
  class space    used 10260K, committed 10432K, reserved 1048576K
}
Event: 38.383 GC heap after
{Heap after GC invocations=44 (full 0):
 garbage-first heap   total 217088K, used 143975K [0x0000000081c00000, 0x0000000100000000)
  region size 1024K, 4 young (4096K), 4 survivors (4096K)
 Metaspace       used 96236K, committed 96640K, reserved 1179648K
  class space    used 10260K, committed 10432K, reserved 1048576K
}
Event: 40.540 GC heap before
{Heap before GC invocations=44 (full 0):
 garbage-first heap   total 217088K, used 183911K [0x0000000081c00000, 0x0000000100000000)
  region size 1024K, 43 young (44032K), 4 survivors (4096K)
 Metaspace       used 96538K, committed 96960K, reserved 1179648K
  class space    used 10285K, committed 10496K, reserved 1048576K
}
Event: 40.546 GC heap after
{Heap after GC invocations=45 (full 0):
 garbage-first heap   total 217088K, used 146808K [0x0000000081c00000, 0x0000000100000000)
  region size 1024K, 6 young (6144K), 6 survivors (6144K)
 Metaspace       used 96538K, committed 96960K, reserved 1179648K
  class space    used 10285K, committed 10496K, reserved 1048576K
}
Event: 41.632 GC heap before
{Heap before GC invocations=45 (full 0):
 garbage-first heap   total 217088K, used 183672K [0x0000000081c00000, 0x0000000100000000)
  region size 1024K, 42 young (43008K), 6 survivors (6144K)
 Metaspace       used 96664K, committed 97088K, reserved 1179648K
  class space    used 10287K, committed 10496K, reserved 1048576K
}
Event: 41.639 GC heap after
{Heap after GC invocations=46 (full 0):
 garbage-first heap   total 217088K, used 149224K [0x0000000081c00000, 0x0000000100000000)
  region size 1024K, 3 young (3072K), 3 survivors (3072K)
 Metaspace       used 96664K, committed 97088K, reserved 1179648K
  class space    used 10287K, committed 10496K, reserved 1048576K
}
Event: 42.823 GC heap before
{Heap before GC invocations=46 (full 0):
 garbage-first heap   total 217088K, used 184040K [0x0000000081c00000, 0x0000000100000000)
  region size 1024K, 37 young (37888K), 3 survivors (3072K)
 Metaspace       used 96893K, committed 97280K, reserved 1179648K
  class space    used 10296K, committed 10496K, reserved 1048576K
}
Event: 42.829 GC heap after
{Heap after GC invocations=47 (full 0):
 garbage-first heap   total 217088K, used 151079K [0x0000000081c00000, 0x0000000100000000)
  region size 1024K, 5 young (5120K), 5 survivors (5120K)
 Metaspace       used 96893K, committed 97280K, reserved 1179648K
  class space    used 10296K, committed 10496K, reserved 1048576K
}
Event: 43.213 GC heap before
{Heap before GC invocations=47 (full 0):
 garbage-first heap   total 217088K, used 184871K [0x0000000081c00000, 0x0000000100000000)
  region size 1024K, 38 young (38912K), 5 survivors (5120K)
 Metaspace       used 96966K, committed 97344K, reserved 1179648K
  class space    used 10297K, committed 10496K, reserved 1048576K
}
Event: 43.218 GC heap after
{Heap after GC invocations=48 (full 0):
 garbage-first heap   total 217088K, used 152722K [0x0000000081c00000, 0x0000000100000000)
  region size 1024K, 5 young (5120K), 5 survivors (5120K)
 Metaspace       used 96966K, committed 97344K, reserved 1179648K
  class space    used 10297K, committed 10496K, reserved 1048576K
}

Dll operation events (2 events):
Event: 0.013 Loaded shared library D:\android\jbr\bin\java.dll
Event: 2.060 Loaded shared library D:\android\jbr\bin\verify.dll

Deoptimization events (20 events):
Event: 43.211 Thread 0x000002944b66d900 DEOPT PACKING pc=0x000002945192724d sp=0x000000b5208fbb80
Event: 43.211 Thread 0x000002944b66d900 DEOPT UNPACKING pc=0x00000294560d7143 sp=0x000000b5208fb0a8 mode 0
Event: 43.231 Thread 0x000002944b66d900 Uncommon trap: trap_request=0xffffff45 fr.pc=0x0000029456fbde24 relative=0x0000000000001664
Event: 43.231 Thread 0x000002944b66d900 Uncommon trap: reason=unstable_if action=reinterpret pc=0x0000029456fbde24 method=org.jetbrains.org.objectweb.asm.Frame.merge(Lorg/jetbrains/org/objectweb/asm/SymbolTable;I[II)Z @ 88 c2
Event: 43.231 Thread 0x000002944b66d900 DEOPT PACKING pc=0x0000029456fbde24 sp=0x000000b5208fbb70
Event: 43.231 Thread 0x000002944b66d900 DEOPT UNPACKING pc=0x00000294560d69a3 sp=0x000000b5208fba78 mode 2
Event: 43.233 Thread 0x000002944b66d900 Uncommon trap: trap_request=0xffffff45 fr.pc=0x0000029456edf244 relative=0x0000000000001584
Event: 43.233 Thread 0x000002944b66d900 Uncommon trap: reason=unstable_if action=reinterpret pc=0x0000029456edf244 method=org.jetbrains.org.objectweb.asm.Frame.merge(Lorg/jetbrains/org/objectweb/asm/SymbolTable;I[II)Z @ 88 c2
Event: 43.233 Thread 0x000002944b66d900 DEOPT PACKING pc=0x0000029456edf244 sp=0x000000b5208fbb80
Event: 43.233 Thread 0x000002944b66d900 DEOPT UNPACKING pc=0x00000294560d69a3 sp=0x000000b5208fba78 mode 2
Event: 43.247 Thread 0x000002944b66d900 DEOPT PACKING pc=0x00000294517aad1d sp=0x000000b5208fbe20
Event: 43.247 Thread 0x000002944b66d900 DEOPT UNPACKING pc=0x00000294560d7143 sp=0x000000b5208fb348 mode 0
Event: 43.462 Thread 0x000002944b66d900 DEOPT PACKING pc=0x0000029451bbfa7b sp=0x000000b5208fdd50
Event: 43.462 Thread 0x000002944b66d900 DEOPT UNPACKING pc=0x00000294560d7143 sp=0x000000b5208fd368 mode 0
Event: 43.482 Thread 0x000002944b66d900 DEOPT PACKING pc=0x0000029451cf432a sp=0x000000b5208fda30
Event: 43.482 Thread 0x000002944b66d900 DEOPT UNPACKING pc=0x00000294560d7143 sp=0x000000b5208fcf18 mode 0
Event: 43.501 Thread 0x000002944b66d900 Uncommon trap: trap_request=0xffffff45 fr.pc=0x00000294569d6d1c relative=0x000000000000189c
Event: 43.501 Thread 0x000002944b66d900 Uncommon trap: reason=unstable_if action=reinterpret pc=0x00000294569d6d1c method=java.io.WinNTFileSystem.normalize(Ljava/lang/String;II)Ljava/lang/String; @ 8 c2
Event: 43.501 Thread 0x000002944b66d900 DEOPT PACKING pc=0x00000294569d6d1c sp=0x000000b5208fe840
Event: 43.501 Thread 0x000002944b66d900 DEOPT UNPACKING pc=0x00000294560d69a3 sp=0x000000b5208fe810 mode 2

Classes unloaded (0 events):
No events

Classes redefined (0 events):
No events

Internal exceptions (20 events):
Event: 9.350 Thread 0x000002944b66d900 Implicit null exception at 0x0000029456728b14 to 0x0000029456728c0c
Event: 9.350 Thread 0x000002944b66d900 Implicit null exception at 0x0000029456686f60 to 0x0000029456686ffa
Event: 9.368 Thread 0x000002944b66d900 Exception <a 'java/lang/NoSuchMethodError'{0x0000000088bd53d8}: 'java.lang.Object java.lang.invoke.DirectMethodHandle$Holder.invokeInterface(java.lang.Object, java.lang.Object, java.lang.Object)'> (0x0000000088bd53d8) 
thrown [s\src\hotspot\share\interpreter\linkResolver.cpp, line 771]
Event: 9.368 Thread 0x000002944b66d900 Exception <a 'java/lang/IncompatibleClassChangeError'{0x0000000088bd8d48}: Found class java.lang.Object, but interface was expected> (0x0000000088bd8d48) 
thrown [s\src\hotspot\share\interpreter\linkResolver.cpp, line 838]
Event: 9.380 Thread 0x000002944b66d900 Implicit null exception at 0x00000294566be00f to 0x00000294566be089
Event: 10.519 Thread 0x000002944b66d900 Exception <a 'java/lang/NoSuchMethodError'{0x000000008c7ce5b0}: 'java.lang.Object java.lang.invoke.DirectMethodHandle$Holder.newInvokeSpecial(java.lang.Object, java.lang.Object, java.lang.Object, java.lang.Object, java.lang.Object, java.lang.Object, java.lang.Object)'> (0x000000008c7ce5b0) 
thrown [s\src\hotspot\share\interpreter\linkResolver.cpp, line 771]
Event: 10.520 Thread 0x000002944b66d900 Exception <a 'java/lang/NoSuchMethodError'{0x000000008c7d2ec0}: 'java.lang.Object java.lang.invoke.Invokers$Holder.linkToTargetMethod(java.lang.Object, java.lang.Object, java.lang.Object, java.lang.Object, java.lang.Object, java.lang.Object, java.lang.Object)'> (0x000000008c7d2ec0) 
thrown [s\src\hotspot\share\interpreter\linkResolver.cpp, line 771]
Event: 10.522 Thread 0x000002944b66d900 Implicit null exception at 0x00000294569b2c27 to 0x00000294569b2d8c
Event: 10.551 Thread 0x000002944b66d900 Exception <a 'java/lang/NoSuchMethodError'{0x000000008c6c46b8}: 'java.lang.Object java.lang.invoke.DirectMethodHandle$Holder.newInvokeSpecial(java.lang.Object, int, java.lang.Object, java.lang.Object)'> (0x000000008c6c46b8) 
thrown [s\src\hotspot\share\interpreter\linkResolver.cpp, line 771]
Event: 11.462 Thread 0x000002944b66d900 Implicit null exception at 0x000002945691406e to 0x000002945691a79c
Event: 11.790 Thread 0x000002944b66d900 Implicit null exception at 0x00000294569958ee to 0x0000029456996158
Event: 13.965 Thread 0x000002944b66d900 Exception <a 'java/lang/NoSuchMethodError'{0x000000008b882430}: 'java.lang.Object java.lang.invoke.DirectMethodHandle$Holder.invokeStatic(java.lang.Object, int, java.lang.Object)'> (0x000000008b882430) 
thrown [s\src\hotspot\share\interpreter\linkResolver.cpp, line 771]
Event: 20.594 Thread 0x000002944b66d900 Exception <a 'java/lang/NoSuchMethodError'{0x000000008a5a3938}: 'java.lang.Object java.lang.invoke.DirectMethodHandle$Holder.invokeStaticInit(java.lang.Object, java.lang.Object, java.lang.Object, java.lang.Object)'> (0x000000008a5a3938) 
thrown [s\src\hotspot\share\interpreter\linkResolver.cpp, line 771]
Event: 20.857 Thread 0x000002944b66d900 Exception <a 'java/lang/NoSuchMethodError'{0x00000000897b1d70}: 'java.lang.Object java.lang.invoke.DirectMethodHandle$Holder.newInvokeSpecial(java.lang.Object, java.lang.Object, java.lang.Object, int, int)'> (0x00000000897b1d70) 
thrown [s\src\hotspot\share\interpreter\linkResolver.cpp, line 771]
Event: 20.858 Thread 0x000002944b66d900 Exception <a 'java/lang/NoSuchMethodError'{0x00000000897b5bb0}: 'java.lang.Object java.lang.invoke.DirectMethodHandle$Holder.invokeSpecial(java.lang.Object, java.lang.Object, java.lang.Object, java.lang.Object, int, int)'> (0x00000000897b5bb0) 
thrown [s\src\hotspot\share\interpreter\linkResolver.cpp, line 771]
Event: 21.031 Thread 0x000002944b66d900 Exception <a 'java/lang/NoSuchMethodError'{0x000000008c7e3e70}: 'java.lang.Object java.lang.invoke.DirectMethodHandle$Holder.invokeSpecial(java.lang.Object, java.lang.Object, int, int, java.lang.Object, java.lang.Object, java.lang.Object, java.lang.Object, java.lang.Object)'> (0x000000008c7e3e70) 
thrown [s\src\hotspot\share\interpreter\linkResolver.cpp, line 771]
Event: 21.033 Thread 0x000002944b66d900 Implicit null exception at 0x000002945668d616 to 0x000002945668d8dc
Event: 22.455 Thread 0x000002944b66d900 Exception <a 'java/lang/NoSuchMethodError'{0x000000008cbe1128}: 'java.lang.Object java.lang.invoke.DirectMethodHandle$Holder.newInvokeSpecial(java.lang.Object, java.lang.Object, int, int, java.lang.Object, java.lang.Object, java.lang.Object)'> (0x000000008cbe1128) 
thrown [s\src\hotspot\share\interpreter\linkResolver.cpp, line 771]
Event: 22.456 Thread 0x000002944b66d900 Exception <a 'java/lang/NoSuchMethodError'{0x000000008cbe5fb8}: 'java.lang.Object java.lang.invoke.DirectMethodHandle$Holder.invokeSpecial(java.lang.Object, java.lang.Object, java.lang.Object, int, int, java.lang.Object, java.lang.Object, java.lang.Object)'> (0x000000008cbe5fb8) 
thrown [s\src\hotspot\share\interpreter\linkResolver.cpp, line 771]
Event: 31.495 Thread 0x000002944b66d900 Implicit null exception at 0x0000029456ed8dc8 to 0x0000029456ed9d7c

VM Operations (20 events):
Event: 40.540 Executing VM operation: G1CollectForAllocation
Event: 40.546 Executing VM operation: G1CollectForAllocation done
Event: 41.146 Executing VM operation: HandshakeAllThreads
Event: 41.146 Executing VM operation: HandshakeAllThreads done
Event: 41.631 Executing VM operation: G1CollectForAllocation
Event: 41.639 Executing VM operation: G1CollectForAllocation done
Event: 42.026 Executing VM operation: ICBufferFull
Event: 42.026 Executing VM operation: ICBufferFull done
Event: 42.122 Executing VM operation: HandshakeAllThreads
Event: 42.122 Executing VM operation: HandshakeAllThreads done
Event: 42.672 Executing VM operation: ICBufferFull
Event: 42.672 Executing VM operation: ICBufferFull done
Event: 42.683 Executing VM operation: HandshakeAllThreads
Event: 42.684 Executing VM operation: HandshakeAllThreads done
Event: 42.823 Executing VM operation: G1CollectForAllocation
Event: 42.829 Executing VM operation: G1CollectForAllocation done
Event: 42.830 Executing VM operation: HandshakeAllThreads
Event: 42.831 Executing VM operation: HandshakeAllThreads done
Event: 43.213 Executing VM operation: G1CollectForAllocation
Event: 43.218 Executing VM operation: G1CollectForAllocation done

Events (20 events):
Event: 42.875 Thread 0x000002946904b750 flushing nmethod 0x0000029451a87290
Event: 42.876 Thread 0x000002946904b750 flushing nmethod 0x0000029451b27d90
Event: 42.876 Thread 0x000002946904b750 flushing nmethod 0x0000029451b59b90
Event: 42.876 Thread 0x000002946904b750 flushing nmethod 0x0000029451b6bc90
Event: 42.876 Thread 0x000002946904b750 flushing nmethod 0x0000029451b84090
Event: 42.876 Thread 0x000002946904b750 flushing nmethod 0x0000029451b8a090
Event: 42.876 Thread 0x000002946904b750 flushing nmethod 0x0000029451b8ab90
Event: 42.876 Thread 0x000002946904b750 flushing nmethod 0x0000029451b8af10
Event: 42.876 Thread 0x000002946904b750 flushing nmethod 0x0000029451b99b10
Event: 42.876 Thread 0x000002946904b750 flushing nmethod 0x0000029451b9b210
Event: 42.876 Thread 0x000002946904b750 flushing nmethod 0x0000029451bafb90
Event: 42.876 Thread 0x000002946904b750 flushing nmethod 0x0000029451bb0590
Event: 42.876 Thread 0x000002946904b750 flushing nmethod 0x0000029451bb1c90
Event: 42.876 Thread 0x000002946904b750 flushing nmethod 0x0000029451bb2290
Event: 42.876 Thread 0x000002946904b750 flushing nmethod 0x0000029451bb9c10
Event: 42.876 Thread 0x000002946904b750 flushing nmethod 0x0000029451bd5010
Event: 42.876 Thread 0x000002946904b750 flushing nmethod 0x0000029451bdaa10
Event: 42.876 Thread 0x000002946904b750 flushing nmethod 0x0000029451bdb010
Event: 43.509 loading class java/io/FileOutputStream$1
Event: 43.509 loading class java/io/FileOutputStream$1 done


Dynamic libraries:
0x00007ff60be30000 - 0x00007ff60be3a000 	D:\android\jbr\bin\java.exe
0x00007ffc3a8f0000 - 0x00007ffc3aae8000 	C:\WINDOWS\SYSTEM32\ntdll.dll
0x00007ffc38910000 - 0x00007ffc389d2000 	C:\WINDOWS\System32\KERNEL32.DLL
0x00007ffc38480000 - 0x00007ffc3877e000 	C:\WINDOWS\System32\KERNELBASE.dll
0x00007ffc38380000 - 0x00007ffc38480000 	C:\WINDOWS\System32\ucrtbase.dll
0x00007ffc066c0000 - 0x00007ffc066d7000 	D:\android\jbr\bin\jli.dll
0x00007ffc39db0000 - 0x00007ffc39f4d000 	C:\WINDOWS\System32\USER32.dll
0x00007ffc38350000 - 0x00007ffc38372000 	C:\WINDOWS\System32\win32u.dll
0x00007ffc39060000 - 0x00007ffc3908b000 	C:\WINDOWS\System32\GDI32.dll
0x00007ffc38780000 - 0x00007ffc38897000 	C:\WINDOWS\System32\gdi32full.dll
0x00007ffc382b0000 - 0x00007ffc3834d000 	C:\WINDOWS\System32\msvcp_win.dll
0x00007ffc1db10000 - 0x00007ffc1db2b000 	D:\android\jbr\bin\VCRUNTIME140.dll
0x00007ffc25870000 - 0x00007ffc25b0a000 	C:\WINDOWS\WinSxS\amd64_microsoft.windows.common-controls_6595b64144ccf1df_6.0.19041.4355_none_60b8b9eb71f62e16\COMCTL32.dll
0x00007ffc39090000 - 0x00007ffc3912e000 	C:\WINDOWS\System32\msvcrt.dll
0x00007ffc3a150000 - 0x00007ffc3a17f000 	C:\WINDOWS\System32\IMM32.DLL
0x00007ffc31af0000 - 0x00007ffc31afc000 	D:\android\jbr\bin\vcruntime140_1.dll
0x00007ffc030b0000 - 0x00007ffc0313d000 	D:\android\jbr\bin\msvcp140.dll
0x00007ffbd1a60000 - 0x00007ffbd26e3000 	D:\android\jbr\bin\server\jvm.dll
0x00007ffc391b0000 - 0x00007ffc39262000 	C:\WINDOWS\System32\ADVAPI32.dll
0x00007ffc3a0b0000 - 0x00007ffc3a150000 	C:\WINDOWS\System32\sechost.dll
0x00007ffc3a3b0000 - 0x00007ffc3a4d3000 	C:\WINDOWS\System32\RPCRT4.dll
0x00007ffc37f90000 - 0x00007ffc37fb7000 	C:\WINDOWS\System32\bcrypt.dll
0x00007ffc37df0000 - 0x00007ffc37e3b000 	C:\WINDOWS\SYSTEM32\POWRPROF.dll
0x00007ffc30830000 - 0x00007ffc30839000 	C:\WINDOWS\SYSTEM32\WSOCK32.dll
0x00007ffc39130000 - 0x00007ffc3919b000 	C:\WINDOWS\System32\WS2_32.dll
0x00007ffc12190000 - 0x00007ffc121b7000 	C:\WINDOWS\SYSTEM32\WINMM.dll
0x00007ffc35910000 - 0x00007ffc3591a000 	C:\WINDOWS\SYSTEM32\VERSION.dll
0x00007ffc37dd0000 - 0x00007ffc37de2000 	C:\WINDOWS\SYSTEM32\UMPDC.dll
0x00007ffc36770000 - 0x00007ffc36782000 	C:\WINDOWS\SYSTEM32\kernel.appcore.dll
0x00007ffc2ff50000 - 0x00007ffc2ff5a000 	D:\android\jbr\bin\jimage.dll
0x00007ffc2ea40000 - 0x00007ffc2ec24000 	C:\WINDOWS\SYSTEM32\DBGHELP.DLL
0x00007ffc12340000 - 0x00007ffc12374000 	C:\WINDOWS\SYSTEM32\dbgcore.DLL
0x00007ffc38120000 - 0x00007ffc381a2000 	C:\WINDOWS\System32\bcryptPrimitives.dll
0x00007ffc08a90000 - 0x00007ffc08ab5000 	D:\android\jbr\bin\java.dll
0x00007ffc0e5f0000 - 0x00007ffc0e608000 	D:\android\jbr\bin\zip.dll
0x00007ffc39340000 - 0x00007ffc39aaf000 	C:\WINDOWS\System32\SHELL32.dll
0x00007ffc35f80000 - 0x00007ffc36724000 	C:\WINDOWS\SYSTEM32\windows.storage.dll
0x00007ffc3a550000 - 0x00007ffc3a8a3000 	C:\WINDOWS\System32\combase.dll
0x00007ffc37810000 - 0x00007ffc3783e000 	C:\WINDOWS\SYSTEM32\Wldp.dll
0x00007ffc39270000 - 0x00007ffc3933d000 	C:\WINDOWS\System32\OLEAUT32.dll
0x00007ffc39f50000 - 0x00007ffc39ffd000 	C:\WINDOWS\System32\SHCORE.dll
0x00007ffc389e0000 - 0x00007ffc38a35000 	C:\WINDOWS\System32\shlwapi.dll
0x00007ffc37ec0000 - 0x00007ffc37ee4000 	C:\WINDOWS\SYSTEM32\profapi.dll
0x00007ffc0d9f0000 - 0x00007ffc0da09000 	D:\android\jbr\bin\net.dll
0x00007ffc35800000 - 0x00007ffc3590d000 	C:\WINDOWS\SYSTEM32\WINHTTP.dll
0x00007ffc375f0000 - 0x00007ffc3765a000 	C:\WINDOWS\system32\mswsock.dll
0x00007ffc067e0000 - 0x00007ffc067f6000 	D:\android\jbr\bin\nio.dll
0x00007ffc25d00000 - 0x00007ffc25d10000 	D:\android\jbr\bin\verify.dll

dbghelp: loaded successfully - version: 4.0.5 - missing functions: none
symbol engine: initialized successfully - sym options: 0x614 - pdb path: .;D:\android\jbr\bin;C:\WINDOWS\SYSTEM32;C:\WINDOWS\WinSxS\amd64_microsoft.windows.common-controls_6595b64144ccf1df_6.0.19041.4355_none_60b8b9eb71f62e16;D:\android\jbr\bin\server

VM Arguments:
java_command: org.jetbrains.kotlin.cli.jvm.K2JVMCompiler @D:\android\Android Project\fundflow_mobile\app\build\20241102_17490596658020587593.compiler.options
java_class_path (initial): C:\Users\USER\.gradle\caches\modules-2\files-2.1\org.jetbrains.kotlin\kotlin-compiler-embeddable\1.9.0\2c8c3a7402becca891f12739b3e9fd2dc2adbd7a\kotlin-compiler-embeddable-1.9.0.jar;C:\Users\USER\.gradle\caches\modules-2\files-2.1\org.jetbrains.kotlin\kotlin-stdlib\1.9.0\8ee15ef0c67dc83d874f412d84378d7f0eb50b63\kotlin-stdlib-1.9.0.jar;C:\Users\USER\.gradle\caches\modules-2\files-2.1\org.jetbrains.kotlin\kotlin-script-runtime\1.9.0\4b3102cbbb7e1b58d9d1adf89563f00069ffa7d1\kotlin-script-runtime-1.9.0.jar;C:\Users\USER\.gradle\caches\modules-2\files-2.1\org.jetbrains.kotlin\kotlin-reflect\1.6.10\1cbe9c92c12a94eea200d23c2bbaedaf3daf5132\kotlin-reflect-1.6.10.jar;C:\Users\USER\.gradle\caches\modules-2\files-2.1\org.jetbrains.kotlin\kotlin-daemon-embeddable\1.9.0\186543f5e28cf8d9a0290fecc2cf34301c40a65c\kotlin-daemon-embeddable-1.9.0.jar;C:\Users\USER\.gradle\caches\modules-2\files-2.1\org.jetbrains.intellij.deps\trove4j\1.0.20200330\3afb14d5f9ceb459d724e907a21145e8ff394f02\trove4j-1.0.20200330.jar;C:\Users\USER\.gradle\caches\modules-2\files-2.1\org.jetbrains.kotlin\kotlin-stdlib-common\1.9.0\cd65c21cfd1eec4d44ef09f9f52b6d9f8a720636\kotlin-stdlib-common-1.9.0.jar;C:\Users\USER\.gradle\caches\modules-2\files-2.1\org.jetbrains\annotations\13.0\919f0dfe192fb4e063e7dacadee7f8bb9a2672a9\annotations-13.0.jar
Launcher Type: SUN_STANDARD

[Global flags]
     intx CICompilerCount                          = 3                                         {product} {ergonomic}
     uint ConcGCThreads                            = 1                                         {product} {ergonomic}
     uint G1ConcRefinementThreads                  = 4                                         {product} {ergonomic}
   size_t G1HeapRegionSize                         = 1048576                                   {product} {ergonomic}
    uintx GCDrainStackTargetSize                   = 64                                        {product} {ergonomic}
   size_t InitialHeapSize                          = 134217728                                 {product} {ergonomic}
   size_t MarkStackSize                            = 4194304                                   {product} {ergonomic}
   size_t MaxHeapSize                              = 2118123520                                {product} {ergonomic}
   size_t MaxNewSize                               = 1270874112                                {product} {ergonomic}
   size_t MinHeapDeltaBytes                        = 1048576                                   {product} {ergonomic}
   size_t MinHeapSize                              = 8388608                                   {product} {ergonomic}
    uintx NonNMethodCodeHeapSize                   = 5832780                                {pd product} {ergonomic}
    uintx NonProfiledCodeHeapSize                  = 122912730                              {pd product} {ergonomic}
    uintx ProfiledCodeHeapSize                     = 122912730                              {pd product} {ergonomic}
    uintx ReservedCodeCacheSize                    = 251658240                              {pd product} {ergonomic}
     bool SegmentedCodeCache                       = true                                      {product} {ergonomic}
   size_t SoftMaxHeapSize                          = 2118123520                             {manageable} {ergonomic}
     bool UseCompressedClassPointers               = true                           {product lp64_product} {ergonomic}
     bool UseCompressedOops                        = true                           {product lp64_product} {ergonomic}
     bool UseG1GC                                  = true                                      {product} {ergonomic}
     bool UseLargePagesIndividualAllocation        = false                                  {pd product} {ergonomic}

Logging:
Log output configuration:
 #0: stdout all=warning uptime,level,tags
 #1: stderr all=off uptime,level,tags

Environment Variables:
PATH=C:\Python312\Scripts\;C:\Python312\;C:\Program Files\Common Files\Oracle\Java\javapath;C:\Program Files (x86)\Common Files\Oracle\Java\javapath;C:\Program Files (x86)\Common Files\Intel\Shared Files\cpp\bin\Intel64;C:\WINDOWS\system32;C:\WINDOWS;C:\WINDOWS\System32\Wbem;C:\WINDOWS\System32\WindowsPowerShell\v1.0\;C:\WINDOWS\System32\OpenSSH\;C:\Program Files\dotnet\;C:\Program Files\Git\cmd;C:\xampp\php;C:\composer;C:\Program Files\node-v20.17.0;C:\Program Files\Git;C:\ProgramData\chocolatey\bin;C:\Program Files\nodejs\;C:\Users\USER\AppData\Local\Microsoft\WindowsApps;;C:\Users\USER\AppData\Local\Programs\Microsoft VS Code\bin;C:\Users\USER\AppData\Roaming\Composer\vendor\bin;C:\Users\USER\AppData\Roaming\npm
USERNAME=USER
OS=Windows_NT
PROCESSOR_IDENTIFIER=Intel64 Family 6 Model 142 Stepping 9, GenuineIntel
TMP=C:\Users\USER\AppData\Local\Temp
TEMP=C:\Users\USER\AppData\Local\Temp



Periodic native trim disabled

JNI global refs:
JNI global refs: 10, weak refs: 12

JNI global refs memory usage: 843, weak refs: 841

Process memory usage:
Resident Set Size: 485780K (5% of 8267448K total physical memory with 416032K free physical memory)

OOME stack traces (most recent first):
Classloader memory used:
Loader jdk.internal.loader.ClassLoaders$AppClassLoader                                 : 10313K
Loader bootstrap                                                                       : 1500K
Loader java.net.URLClassLoader                                                         : 294K
Loader jdk.internal.reflect.DelegatingClassLoader                                      : 23121B


---------------  S Y S T E M  ---------------

OS:
 Windows 10 , 64 bit Build 19041 (10.0.19041.4957)
OS uptime: 0 days 6:48 hours
Hyper-V role detected

CPU: total 4 (initial active 4) (2 cores per cpu, 2 threads per core) family 6 model 142 stepping 9 microcode 0xf6, cx8, cmov, fxsr, ht, mmx, 3dnowpref, sse, sse2, sse3, ssse3, sse4.1, sse4.2, popcnt, lzcnt, tsc, tscinvbit, avx, avx2, aes, erms, clmul, bmi1, bmi2, rtm, adx, fma, vzeroupper, clflush, clflushopt, hv
Processor Information for all 4 processors :
  Max Mhz: 2901, Current Mhz: 2901, Mhz Limit: 2901

Memory: 4k page, system-wide physical 8073M (412M free)
TotalPageFile size 12073M (AvailPageFile size 3M)
current process WorkingSet (physical memory assigned to process): 474M, peak: 485M
current process commit charge ("private bytes"): 511M, peak: 515M

vm_info: OpenJDK 64-Bit Server VM (17.0.11+0--11852314) for windows-amd64 JRE (17.0.11+0--11852314), built on May 16 2024 21:29:20 by "androidbuild" with MS VC++ 16.10 / 16.11 (VS2019)

END.
