#
# There is insufficient memory for the Java Runtime Environment to continue.
# Native memory allocation (mmap) failed to map 195035136 bytes. Error detail: G1 virtual space
# Possible reasons:
#   The system is out of physical RAM or swap space
#   This process is running with CompressedOops enabled, and the Java Heap may be blocking the growth of the native heap
# Possible solutions:
#   Reduce memory load on the system
#   Increase physical memory or swap space
#   Check if swap backing store is full
#   Decrease Java heap size (-Xmx/-Xms)
#   Decrease number of Java threads
#   Decrease Java thread stack sizes (-Xss)
#   Set larger code cache with -XX:ReservedCodeCacheSize=
#   JVM is running with Unscaled Compressed Oops mode in which the Java heap is
#     placed in the first 4GB address space. The Java Heap base address is the
#     maximum limit for the native heap growth. Please use -XX:HeapBaseMinAddress
#     to set the Java Heap base and to place the Java Heap above 4GB virtual address.
# This output file may be truncated or incomplete.
#
#  Out of Memory Error (os_windows.cpp:3825), pid=11524, tid=4672
#
# JRE version: OpenJDK Runtime Environment (17.0.11) (build 17.0.11+0--11852314)
# Java VM: OpenJDK 64-Bit Server VM (17.0.11+0--11852314, mixed mode, tiered, compressed oops, compressed class ptrs, g1 gc, windows-amd64)
# No core dump will be written. Minidumps are not enabled by default on client versions of Windows
#

---------------  S U M M A R Y ------------

Command Line: org.jetbrains.kotlin.cli.jvm.K2JVMCompiler @D:\android\Android Project\fundflow_mobile\app\build\20241105_17002082124024138097.compiler.options

Host: Intel(R) Core(TM) i7-7600U CPU @ 2.80GHz, 4 cores, 7G,  Windows 10 , 64 bit Build 19041 (10.0.19041.4957)
Time: Tue Nov  5 09:25:08 2024 SE Asia Standard Time elapsed time: 27.971062 seconds (0d 0h 0m 27s)

---------------  T H R E A D  ---------------

Current thread (0x000001af28978fd0):  VMThread "VM Thread" [stack: 0x000000785df00000,0x000000785e000000] [id=4672]

Stack: [0x000000785df00000,0x000000785e000000]
Native frames: (J=compiled Java code, j=interpreted, Vv=VM code, C=native code)
V  [jvm.dll+0x687bb9]
V  [jvm.dll+0x84142a]
V  [jvm.dll+0x8430ae]
V  [jvm.dll+0x843713]
V  [jvm.dll+0x24a35f]
V  [jvm.dll+0x684989]
V  [jvm.dll+0x67923a]
V  [jvm.dll+0x30af0b]
V  [jvm.dll+0x3123b6]
V  [jvm.dll+0x361dfe]
V  [jvm.dll+0x36202f]
V  [jvm.dll+0x2e0d38]
V  [jvm.dll+0x2df144]
V  [jvm.dll+0x2de74c]
V  [jvm.dll+0x32305b]
V  [jvm.dll+0x847e0b]
V  [jvm.dll+0x848b42]
V  [jvm.dll+0x84905d]
V  [jvm.dll+0x849434]
V  [jvm.dll+0x849500]
V  [jvm.dll+0x7efa4a]
V  [jvm.dll+0x686a35]
C  [ucrtbase.dll+0x21bb2]
C  [KERNEL32.DLL+0x17374]
C  [ntdll.dll+0x4cc91]

VM_Operation (0x000000785d9fb4a0): G1CollectForAllocation, mode: safepoint, requested by thread 0x000001af0f48eb50


---------------  P R O C E S S  ---------------

Threads class SMR info:
_java_thread_list=0x000001af2e69ed30, length=13, elements={
0x000001af0f48eb50, 0x000001af2897cc10, 0x000001af2897e4b0, 0x000001af2899ed10,
0x000001af289a05f0, 0x000001af28c143f0, 0x000001af28c14db0, 0x000001af28c15aa0,
0x000001af28c164a0, 0x000001af28c19a50, 0x000001af28d846a0, 0x000001af28d8b860,
0x000001af2ed9c230
}

Java Threads: ( => current thread )
  0x000001af0f48eb50 JavaThread "main" [_thread_blocked, id=16448, stack(0x000000785d900000,0x000000785da00000)]
  0x000001af2897cc10 JavaThread "Reference Handler" daemon [_thread_blocked, id=14564, stack(0x000000785e000000,0x000000785e100000)]
  0x000001af2897e4b0 JavaThread "Finalizer" daemon [_thread_blocked, id=15364, stack(0x000000785e100000,0x000000785e200000)]
  0x000001af2899ed10 JavaThread "Signal Dispatcher" daemon [_thread_blocked, id=3104, stack(0x000000785e200000,0x000000785e300000)]
  0x000001af289a05f0 JavaThread "Attach Listener" daemon [_thread_blocked, id=1972, stack(0x000000785e300000,0x000000785e400000)]
  0x000001af28c143f0 JavaThread "Service Thread" daemon [_thread_blocked, id=15344, stack(0x000000785e400000,0x000000785e500000)]
  0x000001af28c14db0 JavaThread "Monitor Deflation Thread" daemon [_thread_blocked, id=17504, stack(0x000000785e500000,0x000000785e600000)]
  0x000001af28c15aa0 JavaThread "C2 CompilerThread0" daemon [_thread_blocked, id=12820, stack(0x000000785e600000,0x000000785e700000)]
  0x000001af28c164a0 JavaThread "C1 CompilerThread0" daemon [_thread_blocked, id=12404, stack(0x000000785e700000,0x000000785e800000)]
  0x000001af28c19a50 JavaThread "Sweeper thread" daemon [_thread_blocked, id=7992, stack(0x000000785e800000,0x000000785e900000)]
  0x000001af28d846a0 JavaThread "Notification Thread" daemon [_thread_blocked, id=8968, stack(0x000000785e900000,0x000000785ea00000)]
  0x000001af28d8b860 JavaThread "Common-Cleaner" daemon [_thread_blocked, id=18024, stack(0x000000785eb00000,0x000000785ec00000)]
  0x000001af2ed9c230 JavaThread "C2 CompilerThread1" daemon [_thread_blocked, id=10168, stack(0x000000785ef00000,0x000000785f000000)]

Other Threads:
=>0x000001af28978fd0 VMThread "VM Thread" [stack: 0x000000785df00000,0x000000785e000000] [id=4672]
  0x000001af28d86fa0 WatcherThread [stack: 0x000000785ea00000,0x000000785eb00000] [id=516]
  0x000001af0f4e9210 GCTaskThread "GC Thread#0" [stack: 0x000000785da00000,0x000000785db00000] [id=9508]
  0x000001af2d19a2e0 GCTaskThread "GC Thread#1" [stack: 0x000000785ec00000,0x000000785ed00000] [id=15144]
  0x000001af2d19a5a0 GCTaskThread "GC Thread#2" [stack: 0x000000785ed00000,0x000000785ee00000] [id=9864]
  0x000001af2d1b1ce0 GCTaskThread "GC Thread#3" [stack: 0x000000785ee00000,0x000000785ef00000] [id=1624]
  0x000001af0f4f9de0 ConcurrentGCThread "G1 Main Marker" [stack: 0x000000785db00000,0x000000785dc00000] [id=17536]
  0x000001af0f4fafa0 ConcurrentGCThread "G1 Conc#0" [stack: 0x000000785dc00000,0x000000785dd00000] [id=3424]
  0x000001af0f54e6c0 ConcurrentGCThread "G1 Refine#0" [stack: 0x000000785dd00000,0x000000785de00000] [id=3908]
  0x000001af2e7bf050 ConcurrentGCThread "G1 Refine#1" [stack: 0x000000785f000000,0x000000785f100000] [id=10828]
  0x000001af31aa2610 ConcurrentGCThread "G1 Refine#2" [stack: 0x000000785f100000,0x000000785f200000] [id=5864]
  0x000001af31aa1a50 ConcurrentGCThread "G1 Refine#3" [stack: 0x000000785f200000,0x000000785f300000] [id=2728]
  0x000001af287e4220 ConcurrentGCThread "G1 Service" [stack: 0x000000785de00000,0x000000785df00000] [id=6008]

Threads with active compile tasks:
C2 CompilerThread0    28015 17883       4       jdk.internal.loader.BuiltinClassLoader::loadClassOrNull (7 bytes)
C2 CompilerThread1    28015 17885       4       java.io.WinNTFileSystem::normalize (224 bytes)

VM state: at safepoint (normal execution)

VM Mutex/Monitor currently owned by a thread:  ([mutex/lock_event])
[0x000001af0f48aca0] Threads_lock - owner thread: 0x000001af28978fd0
[0x000001af0f48a310] Heap_lock - owner thread: 0x000001af0f48eb50

Heap address: 0x0000000081c00000, size: 2020 MB, Compressed Oops mode: 32-bit

CDS archive(s) not mapped
Compressed class space mapped at: 0x0000000100000000-0x0000000140000000, reserved size: 1073741824
Narrow klass base: 0x0000000000000000, Narrow klass shift: 3, Narrow klass range: 0x140000000

GC Precious Log:
 CPUs: 4 total, 4 available
 Memory: 8073M
 Large Page Support: Disabled
 NUMA Support: Disabled
 Compressed Oops: Enabled (32-bit)
 Heap Region Size: 1M
 Heap Min Capacity: 8M
 Heap Initial Capacity: 128M
 Heap Max Capacity: 2020M
 Pre-touch: Disabled
 Parallel Workers: 4
 Concurrent Workers: 1
 Concurrent Refinement Workers: 4
 Periodic GC: Disabled

Heap:
 garbage-first heap   total 206848K, used 142996K [0x0000000081c00000, 0x0000000100000000)
  region size 1024K, 3 young (3072K), 3 survivors (3072K)
 Metaspace       used 82232K, committed 82624K, reserved 1179648K
  class space    used 9100K, committed 9280K, reserved 1048576K

Heap Regions: E=young(eden), S=young(survivor), O=old, HS=humongous(starts), HC=humongous(continues), CS=collection set, F=free, OA=open archive, CA=closed archive, TAMS=top-at-mark-start (previous, next)
|   0|0x0000000081c00000, 0x0000000081d00000, 0x0000000081d00000|100%|HS|  |TAMS 0x0000000081d00000, 0x0000000081c00000| Complete 
|   1|0x0000000081d00000, 0x0000000081e00000, 0x0000000081e00000|100%|HC|  |TAMS 0x0000000081e00000, 0x0000000081d00000| Complete 
|   2|0x0000000081e00000, 0x0000000081f00000, 0x0000000081f00000|100%|HC|  |TAMS 0x0000000081f00000, 0x0000000081e00000| Complete 
|   3|0x0000000081f00000, 0x0000000082000000, 0x0000000082000000|100%|HC|  |TAMS 0x0000000082000000, 0x0000000081f00000| Complete 
|   4|0x0000000082000000, 0x0000000082100000, 0x0000000082100000|100%| O|  |TAMS 0x0000000082100000, 0x0000000082000000| Untracked 
|   5|0x0000000082100000, 0x0000000082200000, 0x0000000082200000|100%| O|  |TAMS 0x0000000082200000, 0x0000000082100000| Untracked 
|   6|0x0000000082200000, 0x0000000082300000, 0x0000000082300000|100%| O|  |TAMS 0x0000000082300000, 0x0000000082200000| Untracked 
|   7|0x0000000082300000, 0x0000000082400000, 0x0000000082400000|100%| O|  |TAMS 0x0000000082400000, 0x0000000082300000| Untracked 
|   8|0x0000000082400000, 0x0000000082500000, 0x0000000082500000|100%| O|  |TAMS 0x0000000082500000, 0x0000000082400000| Untracked 
|   9|0x0000000082500000, 0x0000000082600000, 0x0000000082600000|100%| O|  |TAMS 0x0000000082500000, 0x0000000082500000| Untracked 
|  10|0x0000000082600000, 0x0000000082700000, 0x0000000082700000|100%| O|  |TAMS 0x0000000082600000, 0x0000000082600000| Untracked 
|  11|0x0000000082700000, 0x0000000082800000, 0x0000000082800000|100%| O|  |TAMS 0x0000000082800000, 0x0000000082700000| Untracked 
|  12|0x0000000082800000, 0x0000000082900000, 0x0000000082900000|100%| O|  |TAMS 0x0000000082900000, 0x0000000082800000| Untracked 
|  13|0x0000000082900000, 0x0000000082a00000, 0x0000000082a00000|100%| O|  |TAMS 0x0000000082a00000, 0x0000000082900000| Untracked 
|  14|0x0000000082a00000, 0x0000000082b00000, 0x0000000082b00000|100%| O|  |TAMS 0x0000000082b00000, 0x0000000082a00000| Untracked 
|  15|0x0000000082b00000, 0x0000000082c00000, 0x0000000082c00000|100%| O|  |TAMS 0x0000000082c00000, 0x0000000082b00000| Untracked 
|  16|0x0000000082c00000, 0x0000000082d00000, 0x0000000082d00000|100%| O|  |TAMS 0x0000000082d00000, 0x0000000082c00000| Untracked 
|  17|0x0000000082d00000, 0x0000000082e00000, 0x0000000082e00000|100%| O|  |TAMS 0x0000000082e00000, 0x0000000082d00000| Untracked 
|  18|0x0000000082e00000, 0x0000000082f00000, 0x0000000082f00000|100%| O|  |TAMS 0x0000000082f00000, 0x0000000082e00000| Untracked 
|  19|0x0000000082f00000, 0x0000000083000000, 0x0000000083000000|100%| O|  |TAMS 0x0000000083000000, 0x0000000082f00000| Untracked 
|  20|0x0000000083000000, 0x0000000083100000, 0x0000000083100000|100%| O|  |TAMS 0x0000000083100000, 0x0000000083000000| Untracked 
|  21|0x0000000083100000, 0x0000000083200000, 0x0000000083200000|100%| O|  |TAMS 0x0000000083200000, 0x0000000083100000| Untracked 
|  22|0x0000000083200000, 0x0000000083300000, 0x0000000083300000|100%| O|  |TAMS 0x0000000083300000, 0x0000000083200000| Untracked 
|  23|0x0000000083300000, 0x0000000083400000, 0x0000000083400000|100%| O|  |TAMS 0x0000000083400000, 0x0000000083300000| Untracked 
|  24|0x0000000083400000, 0x0000000083500000, 0x0000000083500000|100%|HS|  |TAMS 0x0000000083500000, 0x0000000083400000| Complete 
|  25|0x0000000083500000, 0x0000000083600000, 0x0000000083600000|100%|HC|  |TAMS 0x0000000083600000, 0x0000000083500000| Complete 
|  26|0x0000000083600000, 0x0000000083700000, 0x0000000083700000|100%| O|  |TAMS 0x0000000083700000, 0x0000000083600000| Untracked 
|  27|0x0000000083700000, 0x0000000083800000, 0x0000000083800000|100%| O|  |TAMS 0x0000000083800000, 0x0000000083700000| Untracked 
|  28|0x0000000083800000, 0x0000000083900000, 0x0000000083900000|100%| O|  |TAMS 0x0000000083900000, 0x0000000083800000| Untracked 
|  29|0x0000000083900000, 0x0000000083a00000, 0x0000000083a00000|100%| O|  |TAMS 0x0000000083a00000, 0x0000000083900000| Untracked 
|  30|0x0000000083a00000, 0x0000000083b00000, 0x0000000083b00000|100%| O|  |TAMS 0x0000000083b00000, 0x0000000083a00000| Untracked 
|  31|0x0000000083b00000, 0x0000000083c00000, 0x0000000083c00000|100%| O|  |TAMS 0x0000000083c00000, 0x0000000083b00000| Untracked 
|  32|0x0000000083c00000, 0x0000000083d00000, 0x0000000083d00000|100%| O|  |TAMS 0x0000000083d00000, 0x0000000083c00000| Untracked 
|  33|0x0000000083d00000, 0x0000000083e00000, 0x0000000083e00000|100%| O|  |TAMS 0x0000000083e00000, 0x0000000083d00000| Untracked 
|  34|0x0000000083e00000, 0x0000000083f00000, 0x0000000083f00000|100%| O|  |TAMS 0x0000000083f00000, 0x0000000083e00000| Untracked 
|  35|0x0000000083f00000, 0x0000000084000000, 0x0000000084000000|100%| O|  |TAMS 0x0000000084000000, 0x0000000083f00000| Untracked 
|  36|0x0000000084000000, 0x0000000084100000, 0x0000000084100000|100%| O|  |TAMS 0x0000000084100000, 0x0000000084000000| Untracked 
|  37|0x0000000084100000, 0x0000000084200000, 0x0000000084200000|100%| O|  |TAMS 0x0000000084200000, 0x0000000084100000| Untracked 
|  38|0x0000000084200000, 0x0000000084300000, 0x0000000084300000|100%| O|  |TAMS 0x0000000084300000, 0x0000000084200000| Untracked 
|  39|0x0000000084300000, 0x0000000084400000, 0x0000000084400000|100%| O|  |TAMS 0x0000000084400000, 0x0000000084300000| Untracked 
|  40|0x0000000084400000, 0x0000000084500000, 0x0000000084500000|100%| O|  |TAMS 0x0000000084500000, 0x0000000084400000| Untracked 
|  41|0x0000000084500000, 0x0000000084600000, 0x0000000084600000|100%| O|  |TAMS 0x0000000084600000, 0x0000000084500000| Untracked 
|  42|0x0000000084600000, 0x0000000084700000, 0x0000000084700000|100%| O|  |TAMS 0x0000000084700000, 0x0000000084600000| Untracked 
|  43|0x0000000084700000, 0x0000000084800000, 0x0000000084800000|100%| O|  |TAMS 0x0000000084800000, 0x0000000084700000| Untracked 
|  44|0x0000000084800000, 0x0000000084900000, 0x0000000084900000|100%| O|  |TAMS 0x0000000084900000, 0x0000000084800000| Untracked 
|  45|0x0000000084900000, 0x0000000084a00000, 0x0000000084a00000|100%| O|  |TAMS 0x0000000084a00000, 0x0000000084900000| Untracked 
|  46|0x0000000084a00000, 0x0000000084b00000, 0x0000000084b00000|100%| O|  |TAMS 0x0000000084b00000, 0x0000000084a00000| Untracked 
|  47|0x0000000084b00000, 0x0000000084c00000, 0x0000000084c00000|100%| O|  |TAMS 0x0000000084c00000, 0x0000000084b00000| Untracked 
|  48|0x0000000084c00000, 0x0000000084d00000, 0x0000000084d00000|100%| O|  |TAMS 0x0000000084d00000, 0x0000000084c00000| Untracked 
|  49|0x0000000084d00000, 0x0000000084e00000, 0x0000000084e00000|100%| O|  |TAMS 0x0000000084e00000, 0x0000000084d00000| Untracked 
|  50|0x0000000084e00000, 0x0000000084f00000, 0x0000000084f00000|100%| O|  |TAMS 0x0000000084f00000, 0x0000000084e00000| Untracked 
|  51|0x0000000084f00000, 0x0000000085000000, 0x0000000085000000|100%| O|  |TAMS 0x0000000085000000, 0x0000000084f00000| Untracked 
|  52|0x0000000085000000, 0x0000000085100000, 0x0000000085100000|100%| O|  |TAMS 0x0000000085100000, 0x0000000085000000| Untracked 
|  53|0x0000000085100000, 0x0000000085200000, 0x0000000085200000|100%| O|  |TAMS 0x0000000085200000, 0x0000000085100000| Untracked 
|  54|0x0000000085200000, 0x0000000085300000, 0x0000000085300000|100%| O|  |TAMS 0x0000000085300000, 0x0000000085200000| Untracked 
|  55|0x0000000085300000, 0x0000000085400000, 0x0000000085400000|100%| O|  |TAMS 0x0000000085400000, 0x0000000085300000| Untracked 
|  56|0x0000000085400000, 0x0000000085500000, 0x0000000085500000|100%| O|  |TAMS 0x0000000085500000, 0x0000000085400000| Untracked 
|  57|0x0000000085500000, 0x0000000085600000, 0x0000000085600000|100%| O|  |TAMS 0x0000000085600000, 0x0000000085500000| Untracked 
|  58|0x0000000085600000, 0x0000000085700000, 0x0000000085700000|100%| O|  |TAMS 0x0000000085700000, 0x0000000085600000| Untracked 
|  59|0x0000000085700000, 0x0000000085800000, 0x0000000085800000|100%| O|  |TAMS 0x0000000085800000, 0x0000000085700000| Untracked 
|  60|0x0000000085800000, 0x0000000085900000, 0x0000000085900000|100%| O|  |TAMS 0x0000000085900000, 0x0000000085800000| Untracked 
|  61|0x0000000085900000, 0x0000000085a00000, 0x0000000085a00000|100%| O|  |TAMS 0x0000000085a00000, 0x0000000085900000| Untracked 
|  62|0x0000000085a00000, 0x0000000085b00000, 0x0000000085b00000|100%| O|  |TAMS 0x0000000085b00000, 0x0000000085a00000| Untracked 
|  63|0x0000000085b00000, 0x0000000085c00000, 0x0000000085c00000|100%| O|  |TAMS 0x0000000085c00000, 0x0000000085b00000| Untracked 
|  64|0x0000000085c00000, 0x0000000085d00000, 0x0000000085d00000|100%| O|  |TAMS 0x0000000085cbc000, 0x0000000085c00000| Untracked 
|  65|0x0000000085d00000, 0x0000000085e00000, 0x0000000085e00000|100%|HS|  |TAMS 0x0000000085d00000, 0x0000000085d00000| Complete 
|  66|0x0000000085e00000, 0x0000000085f00000, 0x0000000085f00000|100%|HC|  |TAMS 0x0000000085e00000, 0x0000000085e00000| Complete 
|  67|0x0000000085f00000, 0x0000000086000000, 0x0000000086000000|100%| O|  |TAMS 0x0000000085f00000, 0x0000000085f00000| Untracked 
|  68|0x0000000086000000, 0x0000000086100000, 0x0000000086100000|100%| O|  |TAMS 0x0000000086000000, 0x0000000086000000| Untracked 
|  69|0x0000000086100000, 0x0000000086200000, 0x0000000086200000|100%| O|  |TAMS 0x0000000086100000, 0x0000000086100000| Untracked 
|  70|0x0000000086200000, 0x0000000086300000, 0x0000000086300000|100%| O|  |TAMS 0x0000000086200000, 0x0000000086200000| Untracked 
|  71|0x0000000086300000, 0x0000000086400000, 0x0000000086400000|100%| O|  |TAMS 0x0000000086300000, 0x0000000086300000| Untracked 
|  72|0x0000000086400000, 0x0000000086500000, 0x0000000086500000|100%| O|  |TAMS 0x0000000086400000, 0x0000000086400000| Untracked 
|  73|0x0000000086500000, 0x0000000086600000, 0x0000000086600000|100%| O|  |TAMS 0x0000000086500000, 0x0000000086500000| Untracked 
|  74|0x0000000086600000, 0x0000000086700000, 0x0000000086700000|100%| O|  |TAMS 0x0000000086600000, 0x0000000086600000| Untracked 
|  75|0x0000000086700000, 0x0000000086800000, 0x0000000086800000|100%| O|  |TAMS 0x0000000086700000, 0x0000000086700000| Untracked 
|  76|0x0000000086800000, 0x0000000086900000, 0x0000000086900000|100%| O|  |TAMS 0x0000000086800000, 0x0000000086800000| Untracked 
|  77|0x0000000086900000, 0x0000000086a00000, 0x0000000086a00000|100%| O|  |TAMS 0x0000000086900000, 0x0000000086900000| Untracked 
|  78|0x0000000086a00000, 0x0000000086b00000, 0x0000000086b00000|100%| O|  |TAMS 0x0000000086a00000, 0x0000000086a00000| Untracked 
|  79|0x0000000086b00000, 0x0000000086c00000, 0x0000000086c00000|100%| O|  |TAMS 0x0000000086b00000, 0x0000000086b00000| Untracked 
|  80|0x0000000086c00000, 0x0000000086d00000, 0x0000000086d00000|100%| O|  |TAMS 0x0000000086c00000, 0x0000000086c00000| Untracked 
|  81|0x0000000086d00000, 0x0000000086e00000, 0x0000000086e00000|100%| O|  |TAMS 0x0000000086d00000, 0x0000000086d00000| Untracked 
|  82|0x0000000086e00000, 0x0000000086f00000, 0x0000000086f00000|100%| O|  |TAMS 0x0000000086e00000, 0x0000000086e00000| Untracked 
|  83|0x0000000086f00000, 0x0000000087000000, 0x0000000087000000|100%| O|  |TAMS 0x0000000086f00000, 0x0000000086f00000| Untracked 
|  84|0x0000000087000000, 0x0000000087100000, 0x0000000087100000|100%| O|  |TAMS 0x0000000087000000, 0x0000000087000000| Untracked 
|  85|0x0000000087100000, 0x0000000087200000, 0x0000000087200000|100%| O|  |TAMS 0x0000000087100000, 0x0000000087100000| Untracked 
|  86|0x0000000087200000, 0x0000000087300000, 0x0000000087300000|100%| O|  |TAMS 0x0000000087200000, 0x0000000087200000| Untracked 
|  87|0x0000000087300000, 0x0000000087400000, 0x0000000087400000|100%| O|  |TAMS 0x0000000087300000, 0x0000000087300000| Untracked 
|  88|0x0000000087400000, 0x0000000087500000, 0x0000000087500000|100%| O|  |TAMS 0x0000000087400000, 0x0000000087400000| Untracked 
|  89|0x0000000087500000, 0x0000000087600000, 0x0000000087600000|100%| O|  |TAMS 0x0000000087500000, 0x0000000087500000| Untracked 
|  90|0x0000000087600000, 0x0000000087700000, 0x0000000087700000|100%| O|  |TAMS 0x0000000087600000, 0x0000000087600000| Untracked 
|  91|0x0000000087700000, 0x0000000087800000, 0x0000000087800000|100%| O|  |TAMS 0x0000000087700000, 0x0000000087700000| Untracked 
|  92|0x0000000087800000, 0x0000000087900000, 0x0000000087900000|100%| O|  |TAMS 0x0000000087800000, 0x0000000087800000| Untracked 
|  93|0x0000000087900000, 0x0000000087a00000, 0x0000000087a00000|100%| O|  |TAMS 0x0000000087900000, 0x0000000087900000| Untracked 
|  94|0x0000000087a00000, 0x0000000087b00000, 0x0000000087b00000|100%| O|  |TAMS 0x0000000087a00000, 0x0000000087a00000| Untracked 
|  95|0x0000000087b00000, 0x0000000087c00000, 0x0000000087c00000|100%| O|  |TAMS 0x0000000087b00000, 0x0000000087b00000| Untracked 
|  96|0x0000000087c00000, 0x0000000087d00000, 0x0000000087d00000|100%| O|  |TAMS 0x0000000087c00000, 0x0000000087c00000| Untracked 
|  97|0x0000000087d00000, 0x0000000087e00000, 0x0000000087e00000|100%| O|  |TAMS 0x0000000087d00000, 0x0000000087d00000| Untracked 
|  98|0x0000000087e00000, 0x0000000087f00000, 0x0000000087f00000|100%| O|  |TAMS 0x0000000087e00000, 0x0000000087e00000| Untracked 
|  99|0x0000000087f00000, 0x0000000088000000, 0x0000000088000000|100%| O|  |TAMS 0x0000000087f00000, 0x0000000087f00000| Untracked 
| 100|0x0000000088000000, 0x0000000088100000, 0x0000000088100000|100%| O|  |TAMS 0x0000000088000000, 0x0000000088000000| Untracked 
| 101|0x0000000088100000, 0x0000000088200000, 0x0000000088200000|100%| O|  |TAMS 0x0000000088100000, 0x0000000088100000| Untracked 
| 102|0x0000000088200000, 0x0000000088300000, 0x0000000088300000|100%| O|  |TAMS 0x0000000088200000, 0x0000000088200000| Untracked 
| 103|0x0000000088300000, 0x0000000088400000, 0x0000000088400000|100%| O|  |TAMS 0x0000000088300000, 0x0000000088300000| Untracked 
| 104|0x0000000088400000, 0x0000000088500000, 0x0000000088500000|100%| O|  |TAMS 0x0000000088400000, 0x0000000088400000| Untracked 
| 105|0x0000000088500000, 0x0000000088600000, 0x0000000088600000|100%| O|  |TAMS 0x0000000088500000, 0x0000000088500000| Untracked 
| 106|0x0000000088600000, 0x0000000088700000, 0x0000000088700000|100%| O|  |TAMS 0x0000000088600000, 0x0000000088600000| Untracked 
| 107|0x0000000088700000, 0x0000000088800000, 0x0000000088800000|100%| O|  |TAMS 0x0000000088700000, 0x0000000088700000| Untracked 
| 108|0x0000000088800000, 0x0000000088900000, 0x0000000088900000|100%| O|  |TAMS 0x0000000088800000, 0x0000000088800000| Untracked 
| 109|0x0000000088900000, 0x0000000088a00000, 0x0000000088a00000|100%| O|  |TAMS 0x0000000088900000, 0x0000000088900000| Untracked 
| 110|0x0000000088a00000, 0x0000000088b00000, 0x0000000088b00000|100%| O|  |TAMS 0x0000000088a00000, 0x0000000088a00000| Untracked 
| 111|0x0000000088b00000, 0x0000000088c00000, 0x0000000088c00000|100%| O|  |TAMS 0x0000000088b00000, 0x0000000088b00000| Untracked 
| 112|0x0000000088c00000, 0x0000000088d00000, 0x0000000088d00000|100%| O|  |TAMS 0x0000000088c00000, 0x0000000088c00000| Untracked 
| 113|0x0000000088d00000, 0x0000000088e00000, 0x0000000088e00000|100%| O|  |TAMS 0x0000000088d00000, 0x0000000088d00000| Untracked 
| 114|0x0000000088e00000, 0x0000000088f00000, 0x0000000088f00000|100%| O|  |TAMS 0x0000000088e00000, 0x0000000088e00000| Untracked 
| 115|0x0000000088f00000, 0x0000000089000000, 0x0000000089000000|100%| O|  |TAMS 0x0000000088f00000, 0x0000000088f00000| Untracked 
| 116|0x0000000089000000, 0x0000000089100000, 0x0000000089100000|100%| O|  |TAMS 0x0000000089000000, 0x0000000089000000| Untracked 
| 117|0x0000000089100000, 0x0000000089200000, 0x0000000089200000|100%| O|  |TAMS 0x0000000089100000, 0x0000000089100000| Untracked 
| 118|0x0000000089200000, 0x0000000089300000, 0x0000000089300000|100%| O|  |TAMS 0x0000000089200000, 0x0000000089200000| Untracked 
| 119|0x0000000089300000, 0x0000000089400000, 0x0000000089400000|100%| O|  |TAMS 0x0000000089300000, 0x0000000089300000| Untracked 
| 120|0x0000000089400000, 0x0000000089500000, 0x0000000089500000|100%| O|  |TAMS 0x0000000089400000, 0x0000000089400000| Untracked 
| 121|0x0000000089500000, 0x0000000089600000, 0x0000000089600000|100%| O|  |TAMS 0x0000000089500000, 0x0000000089500000| Untracked 
| 122|0x0000000089600000, 0x0000000089700000, 0x0000000089700000|100%| O|  |TAMS 0x0000000089600000, 0x0000000089600000| Untracked 
| 123|0x0000000089700000, 0x0000000089800000, 0x0000000089800000|100%| O|  |TAMS 0x0000000089700000, 0x0000000089700000| Untracked 
| 124|0x0000000089800000, 0x0000000089900000, 0x0000000089900000|100%| O|  |TAMS 0x0000000089800000, 0x0000000089800000| Untracked 
| 125|0x0000000089900000, 0x0000000089a00000, 0x0000000089a00000|100%| O|  |TAMS 0x0000000089900000, 0x0000000089900000| Untracked 
| 126|0x0000000089a00000, 0x0000000089b00000, 0x0000000089b00000|100%| O|  |TAMS 0x0000000089a00000, 0x0000000089a00000| Untracked 
| 127|0x0000000089b00000, 0x0000000089c00000, 0x0000000089c00000|100%| O|  |TAMS 0x0000000089b00000, 0x0000000089b00000| Untracked 
| 128|0x0000000089c00000, 0x0000000089d00000, 0x0000000089d00000|100%| O|  |TAMS 0x0000000089c00000, 0x0000000089c00000| Untracked 
| 129|0x0000000089d00000, 0x0000000089e00000, 0x0000000089e00000|100%| O|  |TAMS 0x0000000089d00000, 0x0000000089d00000| Untracked 
| 130|0x0000000089e00000, 0x0000000089f00000, 0x0000000089f00000|100%| O|  |TAMS 0x0000000089e00000, 0x0000000089e00000| Untracked 
| 131|0x0000000089f00000, 0x000000008a000000, 0x000000008a000000|100%| O|  |TAMS 0x0000000089f00000, 0x0000000089f00000| Untracked 
| 132|0x000000008a000000, 0x000000008a100000, 0x000000008a100000|100%| O|  |TAMS 0x000000008a000000, 0x000000008a000000| Untracked 
| 133|0x000000008a100000, 0x000000008a200000, 0x000000008a200000|100%| O|  |TAMS 0x000000008a100000, 0x000000008a100000| Untracked 
| 134|0x000000008a200000, 0x000000008a300000, 0x000000008a300000|100%| O|  |TAMS 0x000000008a200000, 0x000000008a200000| Untracked 
| 135|0x000000008a300000, 0x000000008a400000, 0x000000008a400000|100%| O|  |TAMS 0x000000008a300000, 0x000000008a300000| Untracked 
| 136|0x000000008a400000, 0x000000008a500000, 0x000000008a500000|100%| O|  |TAMS 0x000000008a400000, 0x000000008a400000| Untracked 
| 137|0x000000008a500000, 0x000000008a500000, 0x000000008a600000|  0%| F|  |TAMS 0x000000008a500000, 0x000000008a500000| Untracked 
| 138|0x000000008a600000, 0x000000008a600000, 0x000000008a700000|  0%| F|  |TAMS 0x000000008a600000, 0x000000008a600000| Untracked 
| 139|0x000000008a700000, 0x000000008a700000, 0x000000008a800000|  0%| F|  |TAMS 0x000000008a700000, 0x000000008a700000| Untracked 
| 140|0x000000008a800000, 0x000000008a800000, 0x000000008a900000|  0%| F|  |TAMS 0x000000008a800000, 0x000000008a800000| Untracked 
| 141|0x000000008a900000, 0x000000008a900000, 0x000000008aa00000|  0%| F|  |TAMS 0x000000008a900000, 0x000000008a900000| Untracked 
| 142|0x000000008aa00000, 0x000000008aa00000, 0x000000008ab00000|  0%| F|  |TAMS 0x000000008aa00000, 0x000000008aa00000| Untracked 
| 143|0x000000008ab00000, 0x000000008ab00000, 0x000000008ac00000|  0%| F|  |TAMS 0x000000008ab00000, 0x000000008ab00000| Untracked 
| 144|0x000000008ac00000, 0x000000008ac00000, 0x000000008ad00000|  0%| F|  |TAMS 0x000000008ac00000, 0x000000008ac00000| Untracked 
| 145|0x000000008ad00000, 0x000000008ad00000, 0x000000008ae00000|  0%| F|  |TAMS 0x000000008ad00000, 0x000000008ad00000| Untracked 
| 146|0x000000008ae00000, 0x000000008ae00000, 0x000000008af00000|  0%| F|  |TAMS 0x000000008ae00000, 0x000000008ae00000| Untracked 
| 147|0x000000008af00000, 0x000000008af00000, 0x000000008b000000|  0%| F|  |TAMS 0x000000008af00000, 0x000000008af00000| Untracked 
| 148|0x000000008b000000, 0x000000008b000000, 0x000000008b100000|  0%| F|  |TAMS 0x000000008b000000, 0x000000008b000000| Untracked 
| 149|0x000000008b100000, 0x000000008b100000, 0x000000008b200000|  0%| F|  |TAMS 0x000000008b100000, 0x000000008b100000| Untracked 
| 150|0x000000008b200000, 0x000000008b200000, 0x000000008b300000|  0%| F|  |TAMS 0x000000008b200000, 0x000000008b200000| Untracked 
| 151|0x000000008b300000, 0x000000008b300000, 0x000000008b400000|  0%| F|  |TAMS 0x000000008b300000, 0x000000008b300000| Untracked 
| 152|0x000000008b400000, 0x000000008b400000, 0x000000008b500000|  0%| F|  |TAMS 0x000000008b400000, 0x000000008b400000| Untracked 
| 153|0x000000008b500000, 0x000000008b500000, 0x000000008b600000|  0%| F|  |TAMS 0x000000008b500000, 0x000000008b500000| Untracked 
| 154|0x000000008b600000, 0x000000008b600000, 0x000000008b700000|  0%| F|  |TAMS 0x000000008b600000, 0x000000008b600000| Untracked 
| 155|0x000000008b700000, 0x000000008b700000, 0x000000008b800000|  0%| F|  |TAMS 0x000000008b700000, 0x000000008b700000| Untracked 
| 156|0x000000008b800000, 0x000000008b800000, 0x000000008b900000|  0%| F|  |TAMS 0x000000008b800000, 0x000000008b800000| Untracked 
| 157|0x000000008b900000, 0x000000008b900000, 0x000000008ba00000|  0%| F|  |TAMS 0x000000008b900000, 0x000000008b900000| Untracked 
| 158|0x000000008ba00000, 0x000000008ba00000, 0x000000008bb00000|  0%| F|  |TAMS 0x000000008ba00000, 0x000000008ba00000| Untracked 
| 159|0x000000008bb00000, 0x000000008bb00000, 0x000000008bc00000|  0%| F|  |TAMS 0x000000008bb00000, 0x000000008bb00000| Untracked 
| 160|0x000000008bc00000, 0x000000008bc00000, 0x000000008bd00000|  0%| F|  |TAMS 0x000000008bc00000, 0x000000008bc00000| Untracked 
| 161|0x000000008bd00000, 0x000000008bd00000, 0x000000008be00000|  0%| F|  |TAMS 0x000000008bd00000, 0x000000008bd00000| Untracked 
| 162|0x000000008be00000, 0x000000008be00000, 0x000000008bf00000|  0%| F|  |TAMS 0x000000008be00000, 0x000000008be00000| Untracked 
| 163|0x000000008bf00000, 0x000000008bf00000, 0x000000008c000000|  0%| F|  |TAMS 0x000000008bf00000, 0x000000008bf00000| Untracked 
| 164|0x000000008c000000, 0x000000008c000000, 0x000000008c100000|  0%| F|  |TAMS 0x000000008c000000, 0x000000008c000000| Untracked 
| 165|0x000000008c100000, 0x000000008c100000, 0x000000008c200000|  0%| F|  |TAMS 0x000000008c100000, 0x000000008c100000| Untracked 
| 166|0x000000008c200000, 0x000000008c200000, 0x000000008c300000|  0%| F|  |TAMS 0x000000008c200000, 0x000000008c200000| Untracked 
| 167|0x000000008c300000, 0x000000008c300000, 0x000000008c400000|  0%| F|  |TAMS 0x000000008c300000, 0x000000008c300000| Untracked 
| 168|0x000000008c400000, 0x000000008c400000, 0x000000008c500000|  0%| F|  |TAMS 0x000000008c400000, 0x000000008c400000| Untracked 
| 169|0x000000008c500000, 0x000000008c500000, 0x000000008c600000|  0%| F|  |TAMS 0x000000008c500000, 0x000000008c500000| Untracked 
| 170|0x000000008c600000, 0x000000008c6a53e0, 0x000000008c700000| 64%| S|CS|TAMS 0x000000008c600000, 0x000000008c600000| Complete 
| 171|0x000000008c700000, 0x000000008c800000, 0x000000008c800000|100%| S|CS|TAMS 0x000000008c700000, 0x000000008c700000| Complete 
| 172|0x000000008c800000, 0x000000008c900000, 0x000000008c900000|100%| S|CS|TAMS 0x000000008c800000, 0x000000008c800000| Complete 
| 173|0x000000008c900000, 0x000000008c900000, 0x000000008ca00000|  0%| F|  |TAMS 0x000000008c900000, 0x000000008c900000| Untracked 
| 174|0x000000008ca00000, 0x000000008ca00000, 0x000000008cb00000|  0%| F|  |TAMS 0x000000008ca00000, 0x000000008ca00000| Untracked 
| 175|0x000000008cb00000, 0x000000008cb00000, 0x000000008cc00000|  0%| F|  |TAMS 0x000000008cb00000, 0x000000008cb00000| Untracked 
| 176|0x000000008cc00000, 0x000000008cc00000, 0x000000008cd00000|  0%| F|  |TAMS 0x000000008cc00000, 0x000000008cc00000| Untracked 
| 177|0x000000008cd00000, 0x000000008cd00000, 0x000000008ce00000|  0%| F|  |TAMS 0x000000008cd00000, 0x000000008cd00000| Untracked 
| 178|0x000000008ce00000, 0x000000008ce00000, 0x000000008cf00000|  0%| F|  |TAMS 0x000000008ce00000, 0x000000008ce00000| Untracked 
| 179|0x000000008cf00000, 0x000000008cf00000, 0x000000008d000000|  0%| F|  |TAMS 0x000000008cf00000, 0x000000008cf00000| Untracked 
| 180|0x000000008d000000, 0x000000008d000000, 0x000000008d100000|  0%| F|  |TAMS 0x000000008d000000, 0x000000008d000000| Untracked 
| 181|0x000000008d100000, 0x000000008d100000, 0x000000008d200000|  0%| F|  |TAMS 0x000000008d100000, 0x000000008d100000| Untracked 
| 182|0x000000008d200000, 0x000000008d200000, 0x000000008d300000|  0%| F|  |TAMS 0x000000008d200000, 0x000000008d200000| Untracked 
| 183|0x000000008d300000, 0x000000008d300000, 0x000000008d400000|  0%| F|  |TAMS 0x000000008d300000, 0x000000008d300000| Untracked 
| 184|0x000000008d400000, 0x000000008d400000, 0x000000008d500000|  0%| F|  |TAMS 0x000000008d400000, 0x000000008d400000| Untracked 
| 185|0x000000008d500000, 0x000000008d500000, 0x000000008d600000|  0%| F|  |TAMS 0x000000008d500000, 0x000000008d500000| Untracked 
| 186|0x000000008d600000, 0x000000008d600000, 0x000000008d700000|  0%| F|  |TAMS 0x000000008d600000, 0x000000008d600000| Untracked 
| 187|0x000000008d700000, 0x000000008d700000, 0x000000008d800000|  0%| F|  |TAMS 0x000000008d700000, 0x000000008d700000| Untracked 
| 188|0x000000008d800000, 0x000000008d800000, 0x000000008d900000|  0%| F|  |TAMS 0x000000008d800000, 0x000000008d800000| Untracked 
| 189|0x000000008d900000, 0x000000008d900000, 0x000000008da00000|  0%| F|  |TAMS 0x000000008d900000, 0x000000008d900000| Untracked 
| 190|0x000000008da00000, 0x000000008da00000, 0x000000008db00000|  0%| F|  |TAMS 0x000000008da00000, 0x000000008da00000| Untracked 
| 191|0x000000008db00000, 0x000000008db00000, 0x000000008dc00000|  0%| F|  |TAMS 0x000000008db00000, 0x000000008db00000| Untracked 
| 192|0x000000008dc00000, 0x000000008dc00000, 0x000000008dd00000|  0%| F|  |TAMS 0x000000008dc00000, 0x000000008dc00000| Untracked 
| 193|0x000000008dd00000, 0x000000008dd00000, 0x000000008de00000|  0%| F|  |TAMS 0x000000008dd00000, 0x000000008dd00000| Untracked 
| 194|0x000000008de00000, 0x000000008de00000, 0x000000008df00000|  0%| F|  |TAMS 0x000000008de00000, 0x000000008de00000| Untracked 
| 195|0x000000008df00000, 0x000000008df00000, 0x000000008e000000|  0%| F|  |TAMS 0x000000008df00000, 0x000000008df00000| Untracked 
| 196|0x000000008e000000, 0x000000008e000000, 0x000000008e100000|  0%| F|  |TAMS 0x000000008e000000, 0x000000008e000000| Untracked 
| 197|0x000000008e100000, 0x000000008e100000, 0x000000008e200000|  0%| F|  |TAMS 0x000000008e100000, 0x000000008e100000| Untracked 
| 198|0x000000008e200000, 0x000000008e200000, 0x000000008e300000|  0%| F|  |TAMS 0x000000008e200000, 0x000000008e200000| Untracked 
| 199|0x000000008e300000, 0x000000008e300000, 0x000000008e400000|  0%| F|  |TAMS 0x000000008e300000, 0x000000008e300000| Untracked 
| 200|0x000000008e400000, 0x000000008e400000, 0x000000008e500000|  0%| F|  |TAMS 0x000000008e400000, 0x000000008e400000| Untracked 
| 201|0x000000008e500000, 0x000000008e500000, 0x000000008e600000|  0%| F|  |TAMS 0x000000008e500000, 0x000000008e500000| Untracked 

Card table byte_map: [0x000001af21d70000,0x000001af22170000] _byte_map_base: 0x000001af21962000

Marking Bits (Prev, Next): (CMBitMap*) 0x000001af0f4e9830, (CMBitMap*) 0x000001af0f4e9870
 Prev Bits: [0x000001af22570000, 0x000001af24500000)
 Next Bits: [0x000001af24500000, 0x000001af26490000)

Polling page: 0x000001af0d620000

Metaspace:

Usage:
  Non-class:     71.42 MB used.
      Class:      8.89 MB used.
       Both:     80.31 MB used.

Virtual space:
  Non-class space:      128.00 MB reserved,      71.62 MB ( 56%) committed,  2 nodes.
      Class space:        1.00 GB reserved,       9.06 MB ( <1%) committed,  1 nodes.
             Both:        1.12 GB reserved,      80.69 MB (  7%) committed. 

Chunk freelists:
   Non-Class:  7.92 MB
       Class:  6.97 MB
        Both:  14.89 MB

MaxMetaspaceSize: unlimited
CompressedClassSpaceSize: 1.00 GB
Initial GC threshold: 21.00 MB
Current GC threshold: 106.88 MB
CDS: off
MetaspaceReclaimPolicy: balanced
 - commit_granule_bytes: 65536.
 - commit_granule_words: 8192.
 - virtual_space_node_default_size: 8388608.
 - enlarge_chunks_in_place: 1.
 - new_chunks_are_fully_committed: 0.
 - uncommit_free_chunks: 1.
 - use_allocation_guard: 0.
 - handle_deallocations: 1.


Internal statistics:

num_allocs_failed_limit: 15.
num_arena_births: 498.
num_arena_deaths: 0.
num_vsnodes_births: 3.
num_vsnodes_deaths: 0.
num_space_committed: 1289.
num_space_uncommitted: 0.
num_chunks_returned_to_freelist: 15.
num_chunks_taken_from_freelist: 3300.
num_chunk_merges: 12.
num_chunk_splits: 2588.
num_chunks_enlarged: 2169.
num_inconsistent_stats: 0.

CodeHeap 'non-profiled nmethods': size=120000Kb used=8473Kb max_used=8473Kb free=111526Kb
 bounds [0x000001af1a440000, 0x000001af1ac90000, 0x000001af21970000]
CodeHeap 'profiled nmethods': size=120000Kb used=38439Kb max_used=38645Kb free=81560Kb
 bounds [0x000001af12970000, 0x000001af14f40000, 0x000001af19ea0000]
CodeHeap 'non-nmethods': size=5760Kb used=1394Kb max_used=1474Kb free=4365Kb
 bounds [0x000001af19ea0000, 0x000001af1a110000, 0x000001af1a440000]
 total_blobs=14993 nmethods=14273 adapters=629
 compilation: enabled
              stopped_count=0, restarted_count=0
 full_count=0

Compilation events (20 events):
Event: 27.867 Thread 0x000001af28c15aa0 17883       4       jdk.internal.loader.BuiltinClassLoader::loadClassOrNull (7 bytes)
Event: 27.868 Thread 0x000001af2ed9c230 17884 %     4       java.io.WinNTFileSystem::normalize @ 58 (224 bytes)
Event: 27.904 Thread 0x000001af2ed9c230 nmethod 17884% 0x000001af1ac85290 code [0x000001af1ac854a0, 0x000001af1ac86910]
Event: 27.904 Thread 0x000001af2ed9c230 17885       4       java.io.WinNTFileSystem::normalize (224 bytes)
Event: 27.912 Thread 0x000001af28c164a0 17886       3       org.jetbrains.kotlin.backend.common.IrElementTransformerVoidWithContext::visitFunction (38 bytes)
Event: 27.914 Thread 0x000001af28c164a0 nmethod 17886 0x000001af1300c710 code [0x000001af1300ca80, 0x000001af1300df08]
Event: 27.914 Thread 0x000001af28c164a0 17887       3       org.jetbrains.kotlin.backend.common.IrElementTransformerVoidWithContext::createScope (31 bytes)
Event: 27.915 Thread 0x000001af28c164a0 nmethod 17887 0x000001af14d9b910 code [0x000001af14d9bc60, 0x000001af14d9d0a8]
Event: 27.915 Thread 0x000001af28c164a0 17888       3       org.jetbrains.kotlin.backend.jvm.lower.FragmentSharedVariablesLowering::visitFunctionNew (44 bytes)
Event: 27.917 Thread 0x000001af28c164a0 nmethod 17888 0x000001af14b91610 code [0x000001af14b91a20, 0x000001af14b93278]
Event: 27.917 Thread 0x000001af28c164a0 17889       3       org.jetbrains.kotlin.backend.common.IrElementTransformerVoidWithContext::visitValueParameter (38 bytes)
Event: 27.919 Thread 0x000001af28c164a0 nmethod 17889 0x000001af13d68790 code [0x000001af13d68c60, 0x000001af13d6af88]
Event: 27.932 Thread 0x000001af28c164a0 17896       3       org.jetbrains.kotlin.ir.visitors.IrElementTransformerVoid::visitSetValue (16 bytes)
Event: 27.932 Thread 0x000001af28c164a0 nmethod 17896 0x000001af14548690 code [0x000001af145488a0, 0x000001af14548f08]
Event: 27.933 Thread 0x000001af28c164a0 17898       3       org.jetbrains.kotlin.backend.common.IrElementTransformerVoidWithContext::visitProperty (38 bytes)
Event: 27.935 Thread 0x000001af28c164a0 nmethod 17898 0x000001af13d65410 code [0x000001af13d658e0, 0x000001af13d67c08]
Event: 27.946 Thread 0x000001af28c164a0 17899       1       org.jetbrains.kotlin.ir.declarations.impl.IrLocalDelegatedPropertyImpl::setSetter (6 bytes)
Event: 27.946 Thread 0x000001af28c164a0 nmethod 17899 0x000001af1ac23490 code [0x000001af1ac23620, 0x000001af1ac23738]
Event: 27.947 Thread 0x000001af28c164a0 17900       3       org.jetbrains.kotlin.ir.declarations.impl.IrConstructorImpl::getSymbol (8 bytes)
Event: 27.947 Thread 0x000001af28c164a0 nmethod 17900 0x000001af13cdd910 code [0x000001af13cddaa0, 0x000001af13cddcb8]

GC Heap History (20 events):
Event: 11.872 GC heap after
{Heap after GC invocations=24 (full 0):
 garbage-first heap   total 206848K, used 70127K [0x0000000081c00000, 0x0000000100000000)
  region size 1024K, 5 young (5120K), 5 survivors (5120K)
 Metaspace       used 65290K, committed 65600K, reserved 1114112K
  class space    used 7571K, committed 7744K, reserved 1048576K
}
Event: 15.468 GC heap before
{Heap before GC invocations=25 (full 0):
 garbage-first heap   total 206848K, used 160239K [0x0000000081c00000, 0x0000000100000000)
  region size 1024K, 91 young (93184K), 5 survivors (5120K)
 Metaspace       used 68129K, committed 68416K, reserved 1114112K
  class space    used 7776K, committed 7936K, reserved 1048576K
}
Event: 15.489 GC heap after
{Heap after GC invocations=26 (full 0):
 garbage-first heap   total 206848K, used 82272K [0x0000000081c00000, 0x0000000100000000)
  region size 1024K, 12 young (12288K), 12 survivors (12288K)
 Metaspace       used 68129K, committed 68416K, reserved 1114112K
  class space    used 7776K, committed 7936K, reserved 1048576K
}
Event: 15.540 GC heap before
{Heap before GC invocations=26 (full 0):
 garbage-first heap   total 206848K, used 83296K [0x0000000081c00000, 0x0000000100000000)
  region size 1024K, 13 young (13312K), 12 survivors (12288K)
 Metaspace       used 68143K, committed 68416K, reserved 1114112K
  class space    used 7777K, committed 7936K, reserved 1048576K
}
Event: 15.558 GC heap after
{Heap after GC invocations=27 (full 0):
 garbage-first heap   total 206848K, used 83924K [0x0000000081c00000, 0x0000000100000000)
  region size 1024K, 2 young (2048K), 2 survivors (2048K)
 Metaspace       used 68143K, committed 68416K, reserved 1114112K
  class space    used 7777K, committed 7936K, reserved 1048576K
}
Event: 17.566 GC heap before
{Heap before GC invocations=27 (full 0):
 garbage-first heap   total 206848K, used 156628K [0x0000000081c00000, 0x0000000100000000)
  region size 1024K, 72 young (73728K), 2 survivors (2048K)
 Metaspace       used 68696K, committed 68992K, reserved 1114112K
  class space    used 7804K, committed 7936K, reserved 1048576K
}
Event: 17.579 GC heap after
{Heap after GC invocations=28 (full 0):
 garbage-first heap   total 206848K, used 89189K [0x0000000081c00000, 0x0000000100000000)
  region size 1024K, 8 young (8192K), 8 survivors (8192K)
 Metaspace       used 68696K, committed 68992K, reserved 1114112K
  class space    used 7804K, committed 7936K, reserved 1048576K
}
Event: 20.383 GC heap before
{Heap before GC invocations=28 (full 0):
 garbage-first heap   total 206848K, used 158821K [0x0000000081c00000, 0x0000000100000000)
  region size 1024K, 76 young (77824K), 8 survivors (8192K)
 Metaspace       used 69334K, committed 69696K, reserved 1114112K
  class space    used 7821K, committed 8000K, reserved 1048576K
}
Event: 20.401 GC heap after
{Heap after GC invocations=29 (full 0):
 garbage-first heap   total 206848K, used 95478K [0x0000000081c00000, 0x0000000100000000)
  region size 1024K, 6 young (6144K), 6 survivors (6144K)
 Metaspace       used 69334K, committed 69696K, reserved 1114112K
  class space    used 7821K, committed 8000K, reserved 1048576K
}
Event: 22.596 GC heap before
{Heap before GC invocations=29 (full 0):
 garbage-first heap   total 206848K, used 163062K [0x0000000081c00000, 0x0000000100000000)
  region size 1024K, 72 young (73728K), 6 survivors (6144K)
 Metaspace       used 70397K, committed 70720K, reserved 1114112K
  class space    used 7890K, committed 8064K, reserved 1048576K
}
Event: 22.609 GC heap after
{Heap after GC invocations=30 (full 0):
 garbage-first heap   total 206848K, used 99328K [0x0000000081c00000, 0x0000000100000000)
  region size 1024K, 4 young (4096K), 4 survivors (4096K)
 Metaspace       used 70397K, committed 70720K, reserved 1114112K
  class space    used 7890K, committed 8064K, reserved 1048576K
}
Event: 24.429 GC heap before
{Heap before GC invocations=30 (full 0):
 garbage-first heap   total 206848K, used 166912K [0x0000000081c00000, 0x0000000100000000)
  region size 1024K, 70 young (71680K), 4 survivors (4096K)
 Metaspace       used 76426K, committed 76736K, reserved 1179648K
  class space    used 8478K, committed 8640K, reserved 1048576K
}
Event: 24.448 GC heap after
{Heap after GC invocations=31 (full 0):
 garbage-first heap   total 206848K, used 108544K [0x0000000081c00000, 0x0000000100000000)
  region size 1024K, 9 young (9216K), 9 survivors (9216K)
 Metaspace       used 76426K, committed 76736K, reserved 1179648K
  class space    used 8478K, committed 8640K, reserved 1048576K
}
Event: 25.494 GC heap before
{Heap before GC invocations=31 (full 0):
 garbage-first heap   total 206848K, used 166912K [0x0000000081c00000, 0x0000000100000000)
  region size 1024K, 66 young (67584K), 9 survivors (9216K)
 Metaspace       used 78310K, committed 78656K, reserved 1179648K
  class space    used 8689K, committed 8832K, reserved 1048576K
}
Event: 25.520 GC heap after
{Heap after GC invocations=32 (full 0):
 garbage-first heap   total 206848K, used 116916K [0x0000000081c00000, 0x0000000100000000)
  region size 1024K, 8 young (8192K), 8 survivors (8192K)
 Metaspace       used 78310K, committed 78656K, reserved 1179648K
  class space    used 8689K, committed 8832K, reserved 1048576K
}
Event: 26.497 GC heap before
{Heap before GC invocations=32 (full 0):
 garbage-first heap   total 206848K, used 168116K [0x0000000081c00000, 0x0000000100000000)
  region size 1024K, 58 young (59392K), 8 survivors (8192K)
 Metaspace       used 79396K, committed 79744K, reserved 1179648K
  class space    used 8793K, committed 8960K, reserved 1048576K
}
Event: 26.527 GC heap after
{Heap after GC invocations=33 (full 0):
 garbage-first heap   total 206848K, used 128000K [0x0000000081c00000, 0x0000000100000000)
  region size 1024K, 8 young (8192K), 8 survivors (8192K)
 Metaspace       used 79396K, committed 79744K, reserved 1179648K
  class space    used 8793K, committed 8960K, reserved 1048576K
}
Event: 27.168 GC heap before
{Heap before GC invocations=33 (full 0):
 garbage-first heap   total 206848K, used 166912K [0x0000000081c00000, 0x0000000100000000)
  region size 1024K, 46 young (47104K), 8 survivors (8192K)
 Metaspace       used 79869K, committed 80128K, reserved 1179648K
  class space    used 8820K, committed 8960K, reserved 1048576K
}
Event: 27.191 GC heap after
{Heap after GC invocations=34 (full 0):
 garbage-first heap   total 206848K, used 139196K [0x0000000081c00000, 0x0000000100000000)
  region size 1024K, 6 young (6144K), 6 survivors (6144K)
 Metaspace       used 79869K, committed 80128K, reserved 1179648K
  class space    used 8820K, committed 8960K, reserved 1048576K
}
Event: 27.951 GC heap before
{Heap before GC invocations=34 (full 0):
 garbage-first heap   total 206848K, used 168892K [0x0000000081c00000, 0x0000000100000000)
  region size 1024K, 35 young (35840K), 6 survivors (6144K)
 Metaspace       used 82232K, committed 82624K, reserved 1179648K
  class space    used 9100K, committed 9280K, reserved 1048576K
}

Dll operation events (2 events):
Event: 0.010 Loaded shared library D:\android\jbr\bin\java.dll
Event: 2.066 Loaded shared library D:\android\jbr\bin\verify.dll

Deoptimization events (20 events):
Event: 27.684 Thread 0x000001af0f48eb50 DEOPT PACKING pc=0x000001af1a9c608c sp=0x000000785d9fe3d0
Event: 27.684 Thread 0x000001af0f48eb50 DEOPT UNPACKING pc=0x000001af19ef69a3 sp=0x000000785d9fe328 mode 2
Event: 27.773 Thread 0x000001af0f48eb50 Uncommon trap: trap_request=0xffffffc6 fr.pc=0x000001af1ac250dc relative=0x000000000000013c
Event: 27.773 Thread 0x000001af0f48eb50 Uncommon trap: reason=bimorphic_or_optimized_type_check action=maybe_recompile pc=0x000001af1ac250dc method=org.jetbrains.kotlin.ir.util.IrUtilsKt.getParentAsClass(Lorg/jetbrains/kotlin/ir/declarations/IrDeclaration;)Lorg/jetbrains/kotlin/ir/declarations/
Event: 27.773 Thread 0x000001af0f48eb50 DEOPT PACKING pc=0x000001af1ac250dc sp=0x000000785d9fdf50
Event: 27.773 Thread 0x000001af0f48eb50 DEOPT UNPACKING pc=0x000001af19ef69a3 sp=0x000000785d9fdee8 mode 2
Event: 27.774 Thread 0x000001af0f48eb50 Uncommon trap: trap_request=0xffffffc6 fr.pc=0x000001af1ac250dc relative=0x000000000000013c
Event: 27.774 Thread 0x000001af0f48eb50 Uncommon trap: reason=bimorphic_or_optimized_type_check action=maybe_recompile pc=0x000001af1ac250dc method=org.jetbrains.kotlin.ir.util.IrUtilsKt.getParentAsClass(Lorg/jetbrains/kotlin/ir/declarations/IrDeclaration;)Lorg/jetbrains/kotlin/ir/declarations/
Event: 27.774 Thread 0x000001af0f48eb50 DEOPT PACKING pc=0x000001af1ac250dc sp=0x000000785d9fdf50
Event: 27.774 Thread 0x000001af0f48eb50 DEOPT UNPACKING pc=0x000001af19ef69a3 sp=0x000000785d9fdee8 mode 2
Event: 27.774 Thread 0x000001af0f48eb50 Uncommon trap: trap_request=0xffffffc6 fr.pc=0x000001af1ac250dc relative=0x000000000000013c
Event: 27.774 Thread 0x000001af0f48eb50 Uncommon trap: reason=bimorphic_or_optimized_type_check action=maybe_recompile pc=0x000001af1ac250dc method=org.jetbrains.kotlin.ir.util.IrUtilsKt.getParentAsClass(Lorg/jetbrains/kotlin/ir/declarations/IrDeclaration;)Lorg/jetbrains/kotlin/ir/declarations/
Event: 27.774 Thread 0x000001af0f48eb50 DEOPT PACKING pc=0x000001af1ac250dc sp=0x000000785d9fdf50
Event: 27.774 Thread 0x000001af0f48eb50 DEOPT UNPACKING pc=0x000001af19ef69a3 sp=0x000000785d9fdee8 mode 2
Event: 27.774 Thread 0x000001af0f48eb50 Uncommon trap: trap_request=0xffffffc6 fr.pc=0x000001af1ac250dc relative=0x000000000000013c
Event: 27.774 Thread 0x000001af0f48eb50 Uncommon trap: reason=bimorphic_or_optimized_type_check action=maybe_recompile pc=0x000001af1ac250dc method=org.jetbrains.kotlin.ir.util.IrUtilsKt.getParentAsClass(Lorg/jetbrains/kotlin/ir/declarations/IrDeclaration;)Lorg/jetbrains/kotlin/ir/declarations/
Event: 27.774 Thread 0x000001af0f48eb50 DEOPT PACKING pc=0x000001af1ac250dc sp=0x000000785d9fdf50
Event: 27.774 Thread 0x000001af0f48eb50 DEOPT UNPACKING pc=0x000001af19ef69a3 sp=0x000000785d9fdee8 mode 2
Event: 27.905 Thread 0x000001af0f48eb50 DEOPT PACKING pc=0x000001af12d3fcc3 sp=0x000000785d9fe3f0
Event: 27.905 Thread 0x000001af0f48eb50 DEOPT UNPACKING pc=0x000001af19ef7143 sp=0x000000785d9fd910 mode 0

Classes unloaded (0 events):
No events

Classes redefined (0 events):
No events

Internal exceptions (20 events):
Event: 9.185 Thread 0x000001af0f48eb50 Implicit null exception at 0x000001af1a54e014 to 0x000001af1a54e10c
Event: 9.185 Thread 0x000001af0f48eb50 Implicit null exception at 0x000001af1a4b85e0 to 0x000001af1a4b867a
Event: 9.202 Thread 0x000001af0f48eb50 Exception <a 'java/lang/NoSuchMethodError'{0x00000000892d3838}: 'java.lang.Object java.lang.invoke.DirectMethodHandle$Holder.invokeInterface(java.lang.Object, java.lang.Object, java.lang.Object)'> (0x00000000892d3838) 
thrown [s\src\hotspot\share\interpreter\linkResolver.cpp, line 771]
Event: 9.203 Thread 0x000001af0f48eb50 Exception <a 'java/lang/IncompatibleClassChangeError'{0x00000000892d71a8}: Found class java.lang.Object, but interface was expected> (0x00000000892d71a8) 
thrown [s\src\hotspot\share\interpreter\linkResolver.cpp, line 838]
Event: 9.220 Thread 0x000001af0f48eb50 Implicit null exception at 0x000001af1a49d68f to 0x000001af1a49d709
Event: 10.588 Thread 0x000001af0f48eb50 Exception <a 'java/lang/NoSuchMethodError'{0x000000008982ae08}: 'java.lang.Object java.lang.invoke.DirectMethodHandle$Holder.newInvokeSpecial(java.lang.Object, java.lang.Object, java.lang.Object, java.lang.Object, java.lang.Object, java.lang.Object, java.lang.Object)'> (0x000000008982ae08) 
thrown [s\src\hotspot\share\interpreter\linkResolver.cpp, line 771]
Event: 10.588 Thread 0x000001af0f48eb50 Exception <a 'java/lang/NoSuchMethodError'{0x000000008982f718}: 'java.lang.Object java.lang.invoke.Invokers$Holder.linkToTargetMethod(java.lang.Object, java.lang.Object, java.lang.Object, java.lang.Object, java.lang.Object, java.lang.Object, java.lang.Object)'> (0x000000008982f718) 
thrown [s\src\hotspot\share\interpreter\linkResolver.cpp, line 771]
Event: 10.610 Thread 0x000001af0f48eb50 Exception <a 'java/lang/NoSuchMethodError'{0x00000000897223c0}: 'java.lang.Object java.lang.invoke.DirectMethodHandle$Holder.newInvokeSpecial(java.lang.Object, int, java.lang.Object, java.lang.Object)'> (0x00000000897223c0) 
thrown [s\src\hotspot\share\interpreter\linkResolver.cpp, line 771]
Event: 11.988 Thread 0x000001af0f48eb50 Implicit null exception at 0x000001af1a70ea2c to 0x000001af1a70eaf1
Event: 12.160 Thread 0x000001af0f48eb50 Implicit null exception at 0x000001af1a836d20 to 0x000001af1a836fbc
Event: 12.947 Thread 0x000001af0f48eb50 Implicit null exception at 0x000001af1a7d8b00 to 0x000001af1a7d9320
Event: 13.240 Thread 0x000001af0f48eb50 Implicit null exception at 0x000001af1a8435c5 to 0x000001af1a843f8c
Event: 14.773 Thread 0x000001af0f48eb50 Exception <a 'java/lang/NoSuchMethodError'{0x000000008a0ce720}: 'java.lang.Object java.lang.invoke.DirectMethodHandle$Holder.invokeStatic(java.lang.Object, int, java.lang.Object)'> (0x000000008a0ce720) 
thrown [s\src\hotspot\share\interpreter\linkResolver.cpp, line 771]
Event: 22.675 Thread 0x000001af0f48eb50 Exception <a 'java/lang/NoSuchMethodError'{0x000000008e32f450}: 'java.lang.Object java.lang.invoke.DirectMethodHandle$Holder.invokeStaticInit(java.lang.Object, java.lang.Object, java.lang.Object, java.lang.Object)'> (0x000000008e32f450) 
thrown [s\src\hotspot\share\interpreter\linkResolver.cpp, line 771]
Event: 23.107 Thread 0x000001af0f48eb50 Exception <a 'java/lang/NoSuchMethodError'{0x000000008d552d88}: 'java.lang.Object java.lang.invoke.DirectMethodHandle$Holder.newInvokeSpecial(java.lang.Object, java.lang.Object, java.lang.Object, int, int)'> (0x000000008d552d88) 
thrown [s\src\hotspot\share\interpreter\linkResolver.cpp, line 771]
Event: 23.107 Thread 0x000001af0f48eb50 Exception <a 'java/lang/NoSuchMethodError'{0x000000008d556bc8}: 'java.lang.Object java.lang.invoke.DirectMethodHandle$Holder.invokeSpecial(java.lang.Object, java.lang.Object, java.lang.Object, java.lang.Object, int, int)'> (0x000000008d556bc8) 
thrown [s\src\hotspot\share\interpreter\linkResolver.cpp, line 771]
Event: 23.296 Thread 0x000001af0f48eb50 Exception <a 'java/lang/NoSuchMethodError'{0x000000008d082478}: 'java.lang.Object java.lang.invoke.DirectMethodHandle$Holder.invokeSpecial(java.lang.Object, java.lang.Object, int, int, java.lang.Object, java.lang.Object, java.lang.Object, java.lang.Object, java.lang.Object)'> (0x000000008d082478) 
thrown [s\src\hotspot\share\interpreter\linkResolver.cpp, line 771]
Event: 23.299 Thread 0x000001af0f48eb50 Implicit null exception at 0x000001af1a4abc16 to 0x000001af1a4abedc
Event: 24.616 Thread 0x000001af0f48eb50 Exception <a 'java/lang/NoSuchMethodError'{0x000000008de6a0d0}: 'java.lang.Object java.lang.invoke.DirectMethodHandle$Holder.newInvokeSpecial(java.lang.Object, java.lang.Object, int, int, java.lang.Object, java.lang.Object, java.lang.Object)'> (0x000000008de6a0d0) 
thrown [s\src\hotspot\share\interpreter\linkResolver.cpp, line 771]
Event: 24.617 Thread 0x000001af0f48eb50 Exception <a 'java/lang/NoSuchMethodError'{0x000000008de6e768}: 'java.lang.Object java.lang.invoke.DirectMethodHandle$Holder.invokeSpecial(java.lang.Object, java.lang.Object, java.lang.Object, int, int, java.lang.Object, java.lang.Object, java.lang.Object)'> (0x000000008de6e768) 
thrown [s\src\hotspot\share\interpreter\linkResolver.cpp, line 771]

VM Operations (20 events):
Event: 27.401 Executing VM operation: ICBufferFull done
Event: 27.651 Executing VM operation: HandshakeAllThreads
Event: 27.651 Executing VM operation: HandshakeAllThreads done
Event: 27.658 Executing VM operation: HandshakeAllThreads
Event: 27.658 Executing VM operation: HandshakeAllThreads done
Event: 27.660 Executing VM operation: HandshakeAllThreads
Event: 27.660 Executing VM operation: HandshakeAllThreads done
Event: 27.808 Executing VM operation: ICBufferFull
Event: 27.808 Executing VM operation: ICBufferFull done
Event: 27.838 Executing VM operation: HandshakeAllThreads
Event: 27.838 Executing VM operation: HandshakeAllThreads done
Event: 27.861 Executing VM operation: HandshakeAllThreads
Event: 27.861 Executing VM operation: HandshakeAllThreads done
Event: 27.864 Executing VM operation: HandshakeAllThreads
Event: 27.864 Executing VM operation: HandshakeAllThreads done
Event: 27.864 Executing VM operation: HandshakeAllThreads
Event: 27.864 Executing VM operation: HandshakeAllThreads done
Event: 27.911 Executing VM operation: HandshakeAllThreads
Event: 27.911 Executing VM operation: HandshakeAllThreads done
Event: 27.951 Executing VM operation: G1CollectForAllocation

Events (20 events):
Event: 27.899 Thread 0x000001af28c19a50 flushing nmethod 0x000001af14c98210
Event: 27.899 Thread 0x000001af28c19a50 flushing nmethod 0x000001af14cb4b90
Event: 27.899 Thread 0x000001af28c19a50 flushing nmethod 0x000001af14cb5810
Event: 27.899 Thread 0x000001af28c19a50 flushing nmethod 0x000001af14cb5c10
Event: 27.899 Thread 0x000001af28c19a50 flushing nmethod 0x000001af14cb6690
Event: 27.899 Thread 0x000001af28c19a50 flushing nmethod 0x000001af14cb8510
Event: 27.900 Thread 0x000001af28c19a50 flushing nmethod 0x000001af14cd8a10
Event: 27.900 Thread 0x000001af28c19a50 flushing nmethod 0x000001af14ce8810
Event: 27.900 Thread 0x000001af28c19a50 flushing nmethod 0x000001af14d35d90
Event: 27.900 Thread 0x000001af28c19a50 flushing nmethod 0x000001af14d36110
Event: 27.900 Thread 0x000001af28c19a50 flushing nmethod 0x000001af14d36790
Event: 27.900 Thread 0x000001af28c19a50 flushing nmethod 0x000001af14d36e90
Event: 27.900 Thread 0x000001af28c19a50 flushing nmethod 0x000001af14d3a410
Event: 27.900 Thread 0x000001af28c19a50 flushing nmethod 0x000001af14d41690
Event: 27.900 Thread 0x000001af28c19a50 flushing nmethod 0x000001af14d4c590
Event: 27.900 Thread 0x000001af28c19a50 flushing nmethod 0x000001af14d4db10
Event: 27.900 Thread 0x000001af28c19a50 flushing nmethod 0x000001af14d5a090
Event: 27.900 Thread 0x000001af28c19a50 flushing nmethod 0x000001af14d5a790
Event: 27.900 Thread 0x000001af28c19a50 flushing nmethod 0x000001af14d5b110
Event: 27.901 Thread 0x000001af28c19a50 flushing nmethod 0x000001af14d9b310


Dynamic libraries:
0x00007ff7ecfd0000 - 0x00007ff7ecfda000 	D:\android\jbr\bin\java.exe
0x00007ffc3a8f0000 - 0x00007ffc3aae8000 	C:\WINDOWS\SYSTEM32\ntdll.dll
0x00007ffc38910000 - 0x00007ffc389d2000 	C:\WINDOWS\System32\KERNEL32.DLL
0x00007ffc38480000 - 0x00007ffc3877e000 	C:\WINDOWS\System32\KERNELBASE.dll
0x00007ffc38380000 - 0x00007ffc38480000 	C:\WINDOWS\System32\ucrtbase.dll
0x00007ffc23810000 - 0x00007ffc2382b000 	D:\android\jbr\bin\VCRUNTIME140.dll
0x00007ffc21ad0000 - 0x00007ffc21ae7000 	D:\android\jbr\bin\jli.dll
0x00007ffc39db0000 - 0x00007ffc39f4d000 	C:\WINDOWS\System32\USER32.dll
0x00007ffc25870000 - 0x00007ffc25b0a000 	C:\WINDOWS\WinSxS\amd64_microsoft.windows.common-controls_6595b64144ccf1df_6.0.19041.4355_none_60b8b9eb71f62e16\COMCTL32.dll
0x00007ffc38350000 - 0x00007ffc38372000 	C:\WINDOWS\System32\win32u.dll
0x00007ffc39090000 - 0x00007ffc3912e000 	C:\WINDOWS\System32\msvcrt.dll
0x00007ffc39060000 - 0x00007ffc3908b000 	C:\WINDOWS\System32\GDI32.dll
0x00007ffc38780000 - 0x00007ffc38897000 	C:\WINDOWS\System32\gdi32full.dll
0x00007ffc382b0000 - 0x00007ffc3834d000 	C:\WINDOWS\System32\msvcp_win.dll
0x00007ffc3a150000 - 0x00007ffc3a17f000 	C:\WINDOWS\System32\IMM32.DLL
0x00007ffc31360000 - 0x00007ffc3136c000 	D:\android\jbr\bin\vcruntime140_1.dll
0x00007ffbff4f0000 - 0x00007ffbff57d000 	D:\android\jbr\bin\msvcp140.dll
0x00007ffbed8b0000 - 0x00007ffbee533000 	D:\android\jbr\bin\server\jvm.dll
0x00007ffc391b0000 - 0x00007ffc39262000 	C:\WINDOWS\System32\ADVAPI32.dll
0x00007ffc3a0b0000 - 0x00007ffc3a150000 	C:\WINDOWS\System32\sechost.dll
0x00007ffc3a3b0000 - 0x00007ffc3a4d3000 	C:\WINDOWS\System32\RPCRT4.dll
0x00007ffc37f90000 - 0x00007ffc37fb7000 	C:\WINDOWS\System32\bcrypt.dll
0x00007ffc37df0000 - 0x00007ffc37e3b000 	C:\WINDOWS\SYSTEM32\POWRPROF.dll
0x00007ffc31cf0000 - 0x00007ffc31cf9000 	C:\WINDOWS\SYSTEM32\WSOCK32.dll
0x00007ffc12190000 - 0x00007ffc121b7000 	C:\WINDOWS\SYSTEM32\WINMM.dll
0x00007ffc39130000 - 0x00007ffc3919b000 	C:\WINDOWS\System32\WS2_32.dll
0x00007ffc35910000 - 0x00007ffc3591a000 	C:\WINDOWS\SYSTEM32\VERSION.dll
0x00007ffc37dd0000 - 0x00007ffc37de2000 	C:\WINDOWS\SYSTEM32\UMPDC.dll
0x00007ffc36770000 - 0x00007ffc36782000 	C:\WINDOWS\SYSTEM32\kernel.appcore.dll
0x00007ffc312f0000 - 0x00007ffc312fa000 	D:\android\jbr\bin\jimage.dll
0x00007ffc2ea40000 - 0x00007ffc2ec24000 	C:\WINDOWS\SYSTEM32\DBGHELP.DLL
0x00007ffc12340000 - 0x00007ffc12374000 	C:\WINDOWS\SYSTEM32\dbgcore.DLL
0x00007ffc38120000 - 0x00007ffc381a2000 	C:\WINDOWS\System32\bcryptPrimitives.dll
0x00007ffc25800000 - 0x00007ffc25825000 	D:\android\jbr\bin\java.dll
0x00007ffc24df0000 - 0x00007ffc24e08000 	D:\android\jbr\bin\zip.dll
0x00007ffc39340000 - 0x00007ffc39aaf000 	C:\WINDOWS\System32\SHELL32.dll
0x00007ffc35f80000 - 0x00007ffc36724000 	C:\WINDOWS\SYSTEM32\windows.storage.dll
0x00007ffc3a550000 - 0x00007ffc3a8a3000 	C:\WINDOWS\System32\combase.dll
0x00007ffc37810000 - 0x00007ffc3783e000 	C:\WINDOWS\SYSTEM32\Wldp.dll
0x00007ffc39270000 - 0x00007ffc3933d000 	C:\WINDOWS\System32\OLEAUT32.dll
0x00007ffc39f50000 - 0x00007ffc39ffd000 	C:\WINDOWS\System32\SHCORE.dll
0x00007ffc389e0000 - 0x00007ffc38a35000 	C:\WINDOWS\System32\shlwapi.dll
0x00007ffc37ec0000 - 0x00007ffc37ee4000 	C:\WINDOWS\SYSTEM32\profapi.dll
0x00007ffc24890000 - 0x00007ffc248a9000 	D:\android\jbr\bin\net.dll
0x00007ffc35800000 - 0x00007ffc3590d000 	C:\WINDOWS\SYSTEM32\WINHTTP.dll
0x00007ffc375f0000 - 0x00007ffc3765a000 	C:\WINDOWS\system32\mswsock.dll
0x00007ffc21be0000 - 0x00007ffc21bf6000 	D:\android\jbr\bin\nio.dll
0x00007ffc2fce0000 - 0x00007ffc2fcf0000 	D:\android\jbr\bin\verify.dll

dbghelp: loaded successfully - version: 4.0.5 - missing functions: none
symbol engine: initialized successfully - sym options: 0x614 - pdb path: .;D:\android\jbr\bin;C:\WINDOWS\SYSTEM32;C:\WINDOWS\WinSxS\amd64_microsoft.windows.common-controls_6595b64144ccf1df_6.0.19041.4355_none_60b8b9eb71f62e16;D:\android\jbr\bin\server

VM Arguments:
java_command: org.jetbrains.kotlin.cli.jvm.K2JVMCompiler @D:\android\Android Project\fundflow_mobile\app\build\20241105_17002082124024138097.compiler.options
java_class_path (initial): C:\Users\USER\.gradle\caches\modules-2\files-2.1\org.jetbrains.kotlin\kotlin-compiler-embeddable\1.9.0\2c8c3a7402becca891f12739b3e9fd2dc2adbd7a\kotlin-compiler-embeddable-1.9.0.jar;C:\Users\USER\.gradle\caches\modules-2\files-2.1\org.jetbrains.kotlin\kotlin-stdlib\1.9.0\8ee15ef0c67dc83d874f412d84378d7f0eb50b63\kotlin-stdlib-1.9.0.jar;C:\Users\USER\.gradle\caches\modules-2\files-2.1\org.jetbrains.kotlin\kotlin-script-runtime\1.9.0\4b3102cbbb7e1b58d9d1adf89563f00069ffa7d1\kotlin-script-runtime-1.9.0.jar;C:\Users\USER\.gradle\caches\modules-2\files-2.1\org.jetbrains.kotlin\kotlin-reflect\1.6.10\1cbe9c92c12a94eea200d23c2bbaedaf3daf5132\kotlin-reflect-1.6.10.jar;C:\Users\USER\.gradle\caches\modules-2\files-2.1\org.jetbrains.kotlin\kotlin-daemon-embeddable\1.9.0\186543f5e28cf8d9a0290fecc2cf34301c40a65c\kotlin-daemon-embeddable-1.9.0.jar;C:\Users\USER\.gradle\caches\modules-2\files-2.1\org.jetbrains.intellij.deps\trove4j\1.0.20200330\3afb14d5f9ceb459d724e907a21145e8ff394f02\trove4j-1.0.20200330.jar;C:\Users\USER\.gradle\caches\modules-2\files-2.1\org.jetbrains.kotlin\kotlin-stdlib-common\1.9.0\cd65c21cfd1eec4d44ef09f9f52b6d9f8a720636\kotlin-stdlib-common-1.9.0.jar;C:\Users\USER\.gradle\caches\modules-2\files-2.1\org.jetbrains\annotations\13.0\919f0dfe192fb4e063e7dacadee7f8bb9a2672a9\annotations-13.0.jar
Launcher Type: SUN_STANDARD

[Global flags]
     intx CICompilerCount                          = 3                                         {product} {ergonomic}
     uint ConcGCThreads                            = 1                                         {product} {ergonomic}
     uint G1ConcRefinementThreads                  = 4                                         {product} {ergonomic}
   size_t G1HeapRegionSize                         = 1048576                                   {product} {ergonomic}
    uintx GCDrainStackTargetSize                   = 64                                        {product} {ergonomic}
   size_t InitialHeapSize                          = 134217728                                 {product} {ergonomic}
   size_t MarkStackSize                            = 4194304                                   {product} {ergonomic}
   size_t MaxHeapSize                              = 2118123520                                {product} {ergonomic}
   size_t MaxNewSize                               = 1270874112                                {product} {ergonomic}
   size_t MinHeapDeltaBytes                        = 1048576                                   {product} {ergonomic}
   size_t MinHeapSize                              = 8388608                                   {product} {ergonomic}
    uintx NonNMethodCodeHeapSize                   = 5832780                                {pd product} {ergonomic}
    uintx NonProfiledCodeHeapSize                  = 122912730                              {pd product} {ergonomic}
    uintx ProfiledCodeHeapSize                     = 122912730                              {pd product} {ergonomic}
    uintx ReservedCodeCacheSize                    = 251658240                              {pd product} {ergonomic}
     bool SegmentedCodeCache                       = true                                      {product} {ergonomic}
   size_t SoftMaxHeapSize                          = 2118123520                             {manageable} {ergonomic}
     bool UseCompressedClassPointers               = true                           {product lp64_product} {ergonomic}
     bool UseCompressedOops                        = true                           {product lp64_product} {ergonomic}
     bool UseG1GC                                  = true                                      {product} {ergonomic}
     bool UseLargePagesIndividualAllocation        = false                                  {pd product} {ergonomic}

Logging:
Log output configuration:
 #0: stdout all=warning uptime,level,tags
 #1: stderr all=off uptime,level,tags

Environment Variables:
PATH=C:\Python312\Scripts\;C:\Python312\;C:\Program Files\Common Files\Oracle\Java\javapath;C:\Program Files (x86)\Common Files\Oracle\Java\javapath;C:\Program Files (x86)\Common Files\Intel\Shared Files\cpp\bin\Intel64;C:\WINDOWS\system32;C:\WINDOWS;C:\WINDOWS\System32\Wbem;C:\WINDOWS\System32\WindowsPowerShell\v1.0\;C:\WINDOWS\System32\OpenSSH\;C:\Program Files\dotnet\;C:\Program Files\Git\cmd;C:\xampp\php;C:\composer;C:\Program Files\node-v20.17.0;C:\Program Files\Git;C:\ProgramData\chocolatey\bin;C:\Program Files\nodejs\;C:\Users\USER\AppData\Local\Microsoft\WindowsApps;;C:\Users\USER\AppData\Local\Programs\Microsoft VS Code\bin;C:\Users\USER\AppData\Roaming\Composer\vendor\bin;C:\Users\USER\AppData\Roaming\npm
USERNAME=USER
OS=Windows_NT
PROCESSOR_IDENTIFIER=Intel64 Family 6 Model 142 Stepping 9, GenuineIntel
TMP=C:\Users\USER\AppData\Local\Temp
TEMP=C:\Users\USER\AppData\Local\Temp



Periodic native trim disabled

JNI global refs:
JNI global refs: 8, weak refs: 7

JNI global refs memory usage: 843, weak refs: 841

Process memory usage:
Resident Set Size: 426960K (5% of 8267448K total physical memory with 475096K free physical memory)

OOME stack traces (most recent first):
Classloader memory used:
Loader jdk.internal.loader.ClassLoaders$AppClassLoader                                 : 8506K
Loader bootstrap                                                                       : 1446K
Loader java.net.URLClassLoader                                                         : 303K
Loader jdk.internal.reflect.DelegatingClassLoader                                      : 23691B


---------------  S Y S T E M  ---------------

OS:
 Windows 10 , 64 bit Build 19041 (10.0.19041.4957)
OS uptime: 2 days 23:24 hours
Hyper-V role detected

CPU: total 4 (initial active 4) (2 cores per cpu, 2 threads per core) family 6 model 142 stepping 9 microcode 0xf6, cx8, cmov, fxsr, ht, mmx, 3dnowpref, sse, sse2, sse3, ssse3, sse4.1, sse4.2, popcnt, lzcnt, tsc, tscinvbit, avx, avx2, aes, erms, clmul, bmi1, bmi2, rtm, adx, fma, vzeroupper, clflush, clflushopt, hv
Processor Information for all 4 processors :
  Max Mhz: 2901, Current Mhz: 2901, Mhz Limit: 2901

Memory: 4k page, system-wide physical 8073M (464M free)
TotalPageFile size 12073M (AvailPageFile size 197M)
current process WorkingSet (physical memory assigned to process): 417M, peak: 424M
current process commit charge ("private bytes"): 461M, peak: 648M

vm_info: OpenJDK 64-Bit Server VM (17.0.11+0--11852314) for windows-amd64 JRE (17.0.11+0--11852314), built on May 16 2024 21:29:20 by "androidbuild" with MS VC++ 16.10 / 16.11 (VS2019)

END.
