#
# There is insufficient memory for the Java Runtime Environment to continue.
# Native memory allocation (mmap) failed to map 145752064 bytes. Error detail: G1 virtual space
# Possible reasons:
#   The system is out of physical RAM or swap space
#   This process is running with CompressedOops enabled, and the Java Heap may be blocking the growth of the native heap
# Possible solutions:
#   Reduce memory load on the system
#   Increase physical memory or swap space
#   Check if swap backing store is full
#   Decrease Java heap size (-Xmx/-Xms)
#   Decrease number of Java threads
#   Decrease Java thread stack sizes (-Xss)
#   Set larger code cache with -XX:ReservedCodeCacheSize=
#   JVM is running with Unscaled Compressed Oops mode in which the Java heap is
#     placed in the first 4GB address space. The Java Heap base address is the
#     maximum limit for the native heap growth. Please use -XX:HeapBaseMinAddress
#     to set the Java Heap base and to place the Java Heap above 4GB virtual address.
# This output file may be truncated or incomplete.
#
#  Out of Memory Error (os_windows.cpp:3825), pid=2080, tid=4756
#
# JRE version: OpenJDK Runtime Environment (17.0.11) (build 17.0.11+0--11852314)
# Java VM: OpenJDK 64-Bit Server VM (17.0.11+0--11852314, mixed mode, tiered, compressed oops, compressed class ptrs, g1 gc, windows-amd64)
# No core dump will be written. Minidumps are not enabled by default on client versions of Windows
#

---------------  S U M M A R Y ------------

Command Line: org.jetbrains.kotlin.cli.jvm.K2JVMCompiler @D:\android\Android Project\fundflow_mobile\app\build\20241025_7992005585265501391.compiler.options

Host: Intel(R) Core(TM) i7-7600U CPU @ 2.80GHz, 4 cores, 7G,  Windows 10 , 64 bit Build 19041 (10.0.19041.4957)
Time: Fri Oct 25 15:26:22 2024 SE Asia Standard Time elapsed time: 21.062773 seconds (0d 0h 0m 21s)

---------------  T H R E A D  ---------------

Current thread (0x0000023665020a30):  VMThread "VM Thread" [stack: 0x000000770ed00000,0x000000770ee00000] [id=4756]

Stack: [0x000000770ed00000,0x000000770ee00000]
Native frames: (J=compiled Java code, j=interpreted, Vv=VM code, C=native code)
V  [jvm.dll+0x687bb9]
V  [jvm.dll+0x84142a]
V  [jvm.dll+0x8430ae]
V  [jvm.dll+0x843713]
V  [jvm.dll+0x24a35f]
V  [jvm.dll+0x684989]
V  [jvm.dll+0x67923a]
V  [jvm.dll+0x30af0b]
V  [jvm.dll+0x3123b6]
V  [jvm.dll+0x361dfe]
V  [jvm.dll+0x36202f]
V  [jvm.dll+0x2e0d38]
V  [jvm.dll+0x2df144]
V  [jvm.dll+0x2de74c]
V  [jvm.dll+0x32305b]
V  [jvm.dll+0x847e0b]
V  [jvm.dll+0x848b42]
V  [jvm.dll+0x84905d]
V  [jvm.dll+0x849434]
V  [jvm.dll+0x849500]
V  [jvm.dll+0x7efa4a]
V  [jvm.dll+0x686a35]
C  [ucrtbase.dll+0x21bb2]
C  [KERNEL32.DLL+0x17374]
C  [ntdll.dll+0x4cc91]

VM_Operation (0x000000770e7f72e0): G1CollectForAllocation, mode: safepoint, requested by thread 0x00000236478cd480


---------------  P R O C E S S  ---------------

Threads class SMR info:
_java_thread_list=0x0000023666795f70, length=13, elements={
0x00000236478cd480, 0x0000023660ce8d70, 0x0000023660ce9bf0, 0x0000023660cdfcc0,
0x0000023660ce1890, 0x0000023660ce4660, 0x000002366505e7b0, 0x000002366505f3b0,
0x000002366505fcc0, 0x0000023665088010, 0x00000236652004b0, 0x0000023665205050,
0x00000236669cd170
}

Java Threads: ( => current thread )
  0x00000236478cd480 JavaThread "main" [_thread_blocked, id=16240, stack(0x000000770e700000,0x000000770e800000)]
  0x0000023660ce8d70 JavaThread "Reference Handler" daemon [_thread_blocked, id=16780, stack(0x000000770ee00000,0x000000770ef00000)]
  0x0000023660ce9bf0 JavaThread "Finalizer" daemon [_thread_blocked, id=12376, stack(0x000000770ef00000,0x000000770f000000)]
  0x0000023660cdfcc0 JavaThread "Signal Dispatcher" daemon [_thread_blocked, id=6816, stack(0x000000770f000000,0x000000770f100000)]
  0x0000023660ce1890 JavaThread "Attach Listener" daemon [_thread_blocked, id=3772, stack(0x000000770f100000,0x000000770f200000)]
  0x0000023660ce4660 JavaThread "Service Thread" daemon [_thread_blocked, id=10500, stack(0x000000770f200000,0x000000770f300000)]
  0x000002366505e7b0 JavaThread "Monitor Deflation Thread" daemon [_thread_blocked, id=4916, stack(0x000000770f300000,0x000000770f400000)]
  0x000002366505f3b0 JavaThread "C2 CompilerThread0" daemon [_thread_in_native, id=17056, stack(0x000000770f400000,0x000000770f500000)]
  0x000002366505fcc0 JavaThread "C1 CompilerThread0" daemon [_thread_blocked, id=4160, stack(0x000000770f500000,0x000000770f600000)]
  0x0000023665088010 JavaThread "Sweeper thread" daemon [_thread_blocked, id=18360, stack(0x000000770f600000,0x000000770f700000)]
  0x00000236652004b0 JavaThread "Notification Thread" daemon [_thread_blocked, id=8036, stack(0x000000770f700000,0x000000770f800000)]
  0x0000023665205050 JavaThread "Common-Cleaner" daemon [_thread_blocked, id=10896, stack(0x000000770f900000,0x000000770fa00000)]
  0x00000236669cd170 JavaThread "C2 CompilerThread1" daemon [_thread_blocked, id=16468, stack(0x000000770fa00000,0x000000770fb00000)]

Other Threads:
=>0x0000023665020a30 VMThread "VM Thread" [stack: 0x000000770ed00000,0x000000770ee00000] [id=4756]
  0x0000023665200da0 WatcherThread [stack: 0x000000770f800000,0x000000770f900000] [id=6364]
  0x0000023647927b40 GCTaskThread "GC Thread#0" [stack: 0x000000770e800000,0x000000770e900000] [id=15624]
  0x00000236656a0840 GCTaskThread "GC Thread#1" [stack: 0x000000770fb00000,0x000000770fc00000] [id=9480]
  0x00000236655e4900 GCTaskThread "GC Thread#2" [stack: 0x000000770fc00000,0x000000770fd00000] [id=7832]
  0x000002366563eed0 GCTaskThread "GC Thread#3" [stack: 0x000000770fd00000,0x000000770fe00000] [id=6704]
  0x0000023647938710 ConcurrentGCThread "G1 Main Marker" [stack: 0x000000770e900000,0x000000770ea00000] [id=4336]
  0x00000236479398d0 ConcurrentGCThread "G1 Conc#0" [stack: 0x000000770ea00000,0x000000770eb00000] [id=16776]
  0x0000023660b49170 ConcurrentGCThread "G1 Refine#0" [stack: 0x000000770eb00000,0x000000770ec00000] [id=3280]
  0x0000023660b4bbb0 ConcurrentGCThread "G1 Service" [stack: 0x000000770ec00000,0x000000770ed00000] [id=17312]

Threads with active compile tasks:
C2 CompilerThread0    21105 12261       4       org.jetbrains.kotlin.types.TypeSubstitutor::substitute (49 bytes)
C2 CompilerThread1    21105 12262       4       org.jetbrains.kotlin.types.TypeSubstitutor::substitute (55 bytes)

VM state: at safepoint (normal execution)

VM Mutex/Monitor currently owned by a thread:  ([mutex/lock_event])
[0x00000236478c81a0] Threads_lock - owner thread: 0x0000023665020a30
[0x00000236478c8b30] Heap_lock - owner thread: 0x00000236478cd480

Heap address: 0x0000000081c00000, size: 2020 MB, Compressed Oops mode: 32-bit

CDS archive(s) not mapped
Compressed class space mapped at: 0x0000000100000000-0x0000000140000000, reserved size: 1073741824
Narrow klass base: 0x0000000000000000, Narrow klass shift: 3, Narrow klass range: 0x140000000

GC Precious Log:
 CPUs: 4 total, 4 available
 Memory: 8073M
 Large Page Support: Disabled
 NUMA Support: Disabled
 Compressed Oops: Enabled (32-bit)
 Heap Region Size: 1M
 Heap Min Capacity: 8M
 Heap Initial Capacity: 128M
 Heap Max Capacity: 2020M
 Pre-touch: Disabled
 Parallel Workers: 4
 Concurrent Workers: 1
 Concurrent Refinement Workers: 4
 Periodic GC: Disabled

Heap:
 garbage-first heap   total 142336K, used 84500K [0x0000000081c00000, 0x0000000100000000)
  region size 1024K, 1 young (1024K), 1 survivors (1024K)
 Metaspace       used 68496K, committed 68864K, reserved 1114112K
  class space    used 7807K, committed 8000K, reserved 1048576K

Heap Regions: E=young(eden), S=young(survivor), O=old, HS=humongous(starts), HC=humongous(continues), CS=collection set, F=free, OA=open archive, CA=closed archive, TAMS=top-at-mark-start (previous, next)
|   0|0x0000000081c00000, 0x0000000081d00000, 0x0000000081d00000|100%|HS|  |TAMS 0x0000000081d00000, 0x0000000081c00000| Complete 
|   1|0x0000000081d00000, 0x0000000081e00000, 0x0000000081e00000|100%|HC|  |TAMS 0x0000000081e00000, 0x0000000081d00000| Complete 
|   2|0x0000000081e00000, 0x0000000081f00000, 0x0000000081f00000|100%|HC|  |TAMS 0x0000000081f00000, 0x0000000081e00000| Complete 
|   3|0x0000000081f00000, 0x0000000082000000, 0x0000000082000000|100%|HC|  |TAMS 0x0000000082000000, 0x0000000081f00000| Complete 
|   4|0x0000000082000000, 0x0000000082100000, 0x0000000082100000|100%| O|  |TAMS 0x0000000082100000, 0x0000000082000000| Untracked 
|   5|0x0000000082100000, 0x00000000821f1a00, 0x0000000082200000| 94%| O|  |TAMS 0x00000000821f1a00, 0x0000000082100000| Untracked 
|   6|0x0000000082200000, 0x0000000082300000, 0x0000000082300000|100%| O|  |TAMS 0x0000000082300000, 0x0000000082200000| Untracked 
|   7|0x0000000082300000, 0x0000000082400000, 0x0000000082400000|100%| O|  |TAMS 0x0000000082400000, 0x0000000082300000| Untracked 
|   8|0x0000000082400000, 0x0000000082500000, 0x0000000082500000|100%| O|  |TAMS 0x0000000082500000, 0x0000000082400000| Untracked 
|   9|0x0000000082500000, 0x0000000082600000, 0x0000000082600000|100%| O|  |TAMS 0x0000000082600000, 0x0000000082500000| Untracked 
|  10|0x0000000082600000, 0x0000000082700000, 0x0000000082700000|100%| O|  |TAMS 0x0000000082700000, 0x0000000082600000| Untracked 
|  11|0x0000000082700000, 0x0000000082800000, 0x0000000082800000|100%| O|  |TAMS 0x0000000082800000, 0x0000000082700000| Untracked 
|  12|0x0000000082800000, 0x0000000082900000, 0x0000000082900000|100%| O|  |TAMS 0x0000000082900000, 0x0000000082800000| Untracked 
|  13|0x0000000082900000, 0x0000000082a00000, 0x0000000082a00000|100%| O|  |TAMS 0x0000000082a00000, 0x0000000082900000| Untracked 
|  14|0x0000000082a00000, 0x0000000082b00000, 0x0000000082b00000|100%| O|  |TAMS 0x0000000082b00000, 0x0000000082a00000| Untracked 
|  15|0x0000000082b00000, 0x0000000082c00000, 0x0000000082c00000|100%| O|  |TAMS 0x0000000082c00000, 0x0000000082b00000| Untracked 
|  16|0x0000000082c00000, 0x0000000082c00000, 0x0000000082d00000|  0%| F|  |TAMS 0x0000000082c00000, 0x0000000082c00000| Untracked 
|  17|0x0000000082d00000, 0x0000000082e00000, 0x0000000082e00000|100%| O|  |TAMS 0x0000000082e00000, 0x0000000082d00000| Untracked 
|  18|0x0000000082e00000, 0x0000000082f00000, 0x0000000082f00000|100%| O|  |TAMS 0x0000000082f00000, 0x0000000082e00000| Untracked 
|  19|0x0000000082f00000, 0x0000000083000000, 0x0000000083000000|100%| O|  |TAMS 0x0000000083000000, 0x0000000082f00000| Untracked 
|  20|0x0000000083000000, 0x0000000083100000, 0x0000000083100000|100%| O|  |TAMS 0x0000000083100000, 0x0000000083000000| Untracked 
|  21|0x0000000083100000, 0x0000000083200000, 0x0000000083200000|100%| O|  |TAMS 0x0000000083200000, 0x0000000083100000| Untracked 
|  22|0x0000000083200000, 0x0000000083300000, 0x0000000083300000|100%|HS|  |TAMS 0x0000000083300000, 0x0000000083200000| Complete 
|  23|0x0000000083300000, 0x0000000083400000, 0x0000000083400000|100%|HC|  |TAMS 0x0000000083400000, 0x0000000083300000| Complete 
|  24|0x0000000083400000, 0x0000000083500000, 0x0000000083500000|100%| O|  |TAMS 0x0000000083500000, 0x0000000083400000| Untracked 
|  25|0x0000000083500000, 0x0000000083600000, 0x0000000083600000|100%| O|  |TAMS 0x0000000083600000, 0x0000000083500000| Untracked 
|  26|0x0000000083600000, 0x0000000083700000, 0x0000000083700000|100%| O|  |TAMS 0x0000000083700000, 0x0000000083600000| Untracked 
|  27|0x0000000083700000, 0x0000000083800000, 0x0000000083800000|100%| O|  |TAMS 0x0000000083800000, 0x0000000083700000| Untracked 
|  28|0x0000000083800000, 0x0000000083900000, 0x0000000083900000|100%| O|  |TAMS 0x0000000083900000, 0x0000000083800000| Untracked 
|  29|0x0000000083900000, 0x0000000083a00000, 0x0000000083a00000|100%| O|  |TAMS 0x0000000083a00000, 0x0000000083900000| Untracked 
|  30|0x0000000083a00000, 0x0000000083b00000, 0x0000000083b00000|100%| O|  |TAMS 0x0000000083b00000, 0x0000000083a00000| Untracked 
|  31|0x0000000083b00000, 0x0000000083c00000, 0x0000000083c00000|100%| O|  |TAMS 0x0000000083c00000, 0x0000000083b00000| Untracked 
|  32|0x0000000083c00000, 0x0000000083d00000, 0x0000000083d00000|100%| O|  |TAMS 0x0000000083d00000, 0x0000000083c00000| Untracked 
|  33|0x0000000083d00000, 0x0000000083e00000, 0x0000000083e00000|100%| O|  |TAMS 0x0000000083e00000, 0x0000000083d00000| Untracked 
|  34|0x0000000083e00000, 0x0000000083f00000, 0x0000000083f00000|100%| O|  |TAMS 0x0000000083f00000, 0x0000000083e00000| Untracked 
|  35|0x0000000083f00000, 0x0000000084000000, 0x0000000084000000|100%| O|  |TAMS 0x0000000084000000, 0x0000000083f00000| Untracked 
|  36|0x0000000084000000, 0x0000000084100000, 0x0000000084100000|100%| O|  |TAMS 0x0000000084100000, 0x0000000084000000| Untracked 
|  37|0x0000000084100000, 0x0000000084200000, 0x0000000084200000|100%| O|  |TAMS 0x0000000084200000, 0x0000000084100000| Untracked 
|  38|0x0000000084200000, 0x0000000084300000, 0x0000000084300000|100%| O|  |TAMS 0x0000000084300000, 0x0000000084200000| Untracked 
|  39|0x0000000084300000, 0x0000000084400000, 0x0000000084400000|100%| O|  |TAMS 0x0000000084400000, 0x0000000084300000| Untracked 
|  40|0x0000000084400000, 0x0000000084500000, 0x0000000084500000|100%| O|  |TAMS 0x0000000084500000, 0x0000000084400000| Untracked 
|  41|0x0000000084500000, 0x0000000084600000, 0x0000000084600000|100%| O|  |TAMS 0x0000000084600000, 0x0000000084500000| Untracked 
|  42|0x0000000084600000, 0x0000000084700000, 0x0000000084700000|100%| O|  |TAMS 0x0000000084600000, 0x0000000084600000| Untracked 
|  43|0x0000000084700000, 0x0000000084800000, 0x0000000084800000|100%| O|  |TAMS 0x0000000084800000, 0x0000000084700000| Untracked 
|  44|0x0000000084800000, 0x0000000084900000, 0x0000000084900000|100%| O|  |TAMS 0x0000000084900000, 0x0000000084800000| Untracked 
|  45|0x0000000084900000, 0x0000000084a00000, 0x0000000084a00000|100%| O|  |TAMS 0x0000000084a00000, 0x0000000084900000| Untracked 
|  46|0x0000000084a00000, 0x0000000084b00000, 0x0000000084b00000|100%| O|  |TAMS 0x0000000084b00000, 0x0000000084a00000| Untracked 
|  47|0x0000000084b00000, 0x0000000084c00000, 0x0000000084c00000|100%| O|  |TAMS 0x0000000084c00000, 0x0000000084b00000| Untracked 
|  48|0x0000000084c00000, 0x0000000084d00000, 0x0000000084d00000|100%| O|  |TAMS 0x0000000084d00000, 0x0000000084c00000| Untracked 
|  49|0x0000000084d00000, 0x0000000084e00000, 0x0000000084e00000|100%| O|  |TAMS 0x0000000084e00000, 0x0000000084d00000| Untracked 
|  50|0x0000000084e00000, 0x0000000084f00000, 0x0000000084f00000|100%| O|  |TAMS 0x0000000084f00000, 0x0000000084e00000| Untracked 
|  51|0x0000000084f00000, 0x0000000085000000, 0x0000000085000000|100%| O|  |TAMS 0x0000000085000000, 0x0000000084f00000| Untracked 
|  52|0x0000000085000000, 0x0000000085100000, 0x0000000085100000|100%| O|  |TAMS 0x0000000085100000, 0x0000000085000000| Untracked 
|  53|0x0000000085100000, 0x0000000085200000, 0x0000000085200000|100%| O|  |TAMS 0x0000000085200000, 0x0000000085100000| Untracked 
|  54|0x0000000085200000, 0x0000000085300000, 0x0000000085300000|100%| O|  |TAMS 0x0000000085300000, 0x0000000085200000| Untracked 
|  55|0x0000000085300000, 0x0000000085400000, 0x0000000085400000|100%| O|  |TAMS 0x0000000085400000, 0x0000000085300000| Untracked 
|  56|0x0000000085400000, 0x0000000085500000, 0x0000000085500000|100%| O|  |TAMS 0x0000000085500000, 0x0000000085400000| Untracked 
|  57|0x0000000085500000, 0x0000000085600000, 0x0000000085600000|100%| O|  |TAMS 0x0000000085600000, 0x0000000085500000| Untracked 
|  58|0x0000000085600000, 0x0000000085700000, 0x0000000085700000|100%| O|  |TAMS 0x0000000085700000, 0x0000000085600000| Untracked 
|  59|0x0000000085700000, 0x0000000085800000, 0x0000000085800000|100%| O|  |TAMS 0x0000000085800000, 0x0000000085700000| Untracked 
|  60|0x0000000085800000, 0x0000000085900000, 0x0000000085900000|100%| O|  |TAMS 0x0000000085900000, 0x0000000085800000| Untracked 
|  61|0x0000000085900000, 0x0000000085a00000, 0x0000000085a00000|100%| O|  |TAMS 0x0000000085a00000, 0x0000000085900000| Untracked 
|  62|0x0000000085a00000, 0x0000000085b00000, 0x0000000085b00000|100%| O|  |TAMS 0x0000000085b00000, 0x0000000085a00000| Untracked 
|  63|0x0000000085b00000, 0x0000000085c00000, 0x0000000085c00000|100%| O|  |TAMS 0x0000000085c00000, 0x0000000085b00000| Untracked 
|  64|0x0000000085c00000, 0x0000000085d00000, 0x0000000085d00000|100%| O|  |TAMS 0x0000000085d00000, 0x0000000085c00000| Untracked 
|  65|0x0000000085d00000, 0x0000000085e00000, 0x0000000085e00000|100%| O|  |TAMS 0x0000000085e00000, 0x0000000085d00000| Untracked 
|  66|0x0000000085e00000, 0x0000000085f00000, 0x0000000085f00000|100%| O|  |TAMS 0x0000000085f00000, 0x0000000085e00000| Untracked 
|  67|0x0000000085f00000, 0x0000000086000000, 0x0000000086000000|100%| O|  |TAMS 0x0000000086000000, 0x0000000085f00000| Untracked 
|  68|0x0000000086000000, 0x0000000086100000, 0x0000000086100000|100%| O|  |TAMS 0x0000000086100000, 0x0000000086000000| Untracked 
|  69|0x0000000086100000, 0x0000000086200000, 0x0000000086200000|100%| O|  |TAMS 0x0000000086200000, 0x0000000086100000| Untracked 
|  70|0x0000000086200000, 0x0000000086300000, 0x0000000086300000|100%| O|  |TAMS 0x0000000086300000, 0x0000000086200000| Untracked 
|  71|0x0000000086300000, 0x0000000086400000, 0x0000000086400000|100%| O|  |TAMS 0x0000000086400000, 0x0000000086300000| Untracked 
|  72|0x0000000086400000, 0x0000000086500000, 0x0000000086500000|100%| O|  |TAMS 0x0000000086455400, 0x0000000086400000| Untracked 
|  73|0x0000000086500000, 0x0000000086600000, 0x0000000086600000|100%|HS|  |TAMS 0x0000000086600000, 0x0000000086500000| Complete 
|  74|0x0000000086600000, 0x0000000086700000, 0x0000000086700000|100%|HC|  |TAMS 0x0000000086700000, 0x0000000086600000| Complete 
|  75|0x0000000086700000, 0x0000000086800000, 0x0000000086800000|100%| O|  |TAMS 0x0000000086700000, 0x0000000086700000| Untracked 
|  76|0x0000000086800000, 0x0000000086900000, 0x0000000086900000|100%| O|  |TAMS 0x0000000086800000, 0x0000000086800000| Untracked 
|  77|0x0000000086900000, 0x0000000086a00000, 0x0000000086a00000|100%| O|  |TAMS 0x0000000086900000, 0x0000000086900000| Untracked 
|  78|0x0000000086a00000, 0x0000000086b00000, 0x0000000086b00000|100%| O|  |TAMS 0x0000000086a00000, 0x0000000086a00000| Untracked 
|  79|0x0000000086b00000, 0x0000000086c00000, 0x0000000086c00000|100%| O|  |TAMS 0x0000000086b00000, 0x0000000086b00000| Untracked 
|  80|0x0000000086c00000, 0x0000000086d00000, 0x0000000086d00000|100%| O|  |TAMS 0x0000000086c00000, 0x0000000086c00000| Untracked 
|  81|0x0000000086d00000, 0x0000000086df2400, 0x0000000086e00000| 94%| O|  |TAMS 0x0000000086d00000, 0x0000000086d00000| Untracked 
|  82|0x0000000086e00000, 0x0000000086e00000, 0x0000000086f00000|  0%| F|  |TAMS 0x0000000086e00000, 0x0000000086e00000| Untracked 
|  83|0x0000000086f00000, 0x0000000086f00000, 0x0000000087000000|  0%| F|  |TAMS 0x0000000086f00000, 0x0000000086f00000| Untracked 
|  84|0x0000000087000000, 0x0000000087000000, 0x0000000087100000|  0%| F|  |TAMS 0x0000000087000000, 0x0000000087000000| Untracked 
|  85|0x0000000087100000, 0x0000000087100000, 0x0000000087200000|  0%| F|  |TAMS 0x0000000087100000, 0x0000000087100000| Untracked 
|  86|0x0000000087200000, 0x0000000087200000, 0x0000000087300000|  0%| F|  |TAMS 0x0000000087200000, 0x0000000087200000| Untracked 
|  87|0x0000000087300000, 0x0000000087300000, 0x0000000087400000|  0%| F|  |TAMS 0x0000000087300000, 0x0000000087300000| Untracked 
|  88|0x0000000087400000, 0x0000000087400000, 0x0000000087500000|  0%| F|  |TAMS 0x0000000087400000, 0x0000000087400000| Untracked 
|  89|0x0000000087500000, 0x0000000087500000, 0x0000000087600000|  0%| F|  |TAMS 0x0000000087500000, 0x0000000087500000| Untracked 
|  90|0x0000000087600000, 0x0000000087600000, 0x0000000087700000|  0%| F|  |TAMS 0x0000000087600000, 0x0000000087600000| Untracked 
|  91|0x0000000087700000, 0x0000000087700000, 0x0000000087800000|  0%| F|  |TAMS 0x0000000087700000, 0x0000000087700000| Untracked 
|  92|0x0000000087800000, 0x0000000087800000, 0x0000000087900000|  0%| F|  |TAMS 0x0000000087800000, 0x0000000087800000| Untracked 
|  93|0x0000000087900000, 0x0000000087900000, 0x0000000087a00000|  0%| F|  |TAMS 0x0000000087900000, 0x0000000087900000| Untracked 
|  94|0x0000000087a00000, 0x0000000087a00000, 0x0000000087b00000|  0%| F|  |TAMS 0x0000000087a00000, 0x0000000087a00000| Untracked 
|  95|0x0000000087b00000, 0x0000000087b00000, 0x0000000087c00000|  0%| F|  |TAMS 0x0000000087b00000, 0x0000000087b00000| Untracked 
|  96|0x0000000087c00000, 0x0000000087c00000, 0x0000000087d00000|  0%| F|  |TAMS 0x0000000087c00000, 0x0000000087c00000| Untracked 
|  97|0x0000000087d00000, 0x0000000087d00000, 0x0000000087e00000|  0%| F|  |TAMS 0x0000000087d00000, 0x0000000087d00000| Untracked 
|  98|0x0000000087e00000, 0x0000000087e00000, 0x0000000087f00000|  0%| F|  |TAMS 0x0000000087e00000, 0x0000000087e00000| Untracked 
|  99|0x0000000087f00000, 0x0000000087f00000, 0x0000000088000000|  0%| F|  |TAMS 0x0000000087f00000, 0x0000000087f00000| Untracked 
| 100|0x0000000088000000, 0x0000000088000000, 0x0000000088100000|  0%| F|  |TAMS 0x0000000088000000, 0x0000000088000000| Untracked 
| 101|0x0000000088100000, 0x0000000088100000, 0x0000000088200000|  0%| F|  |TAMS 0x0000000088100000, 0x0000000088100000| Untracked 
| 102|0x0000000088200000, 0x0000000088200000, 0x0000000088300000|  0%| F|  |TAMS 0x0000000088200000, 0x0000000088200000| Untracked 
| 103|0x0000000088300000, 0x0000000088300000, 0x0000000088400000|  0%| F|  |TAMS 0x0000000088300000, 0x0000000088300000| Untracked 
| 104|0x0000000088400000, 0x0000000088400000, 0x0000000088500000|  0%| F|  |TAMS 0x0000000088400000, 0x0000000088400000| Untracked 
| 105|0x0000000088500000, 0x0000000088500000, 0x0000000088600000|  0%| F|  |TAMS 0x0000000088500000, 0x0000000088500000| Untracked 
| 106|0x0000000088600000, 0x0000000088600000, 0x0000000088700000|  0%| F|  |TAMS 0x0000000088600000, 0x0000000088600000| Untracked 
| 107|0x0000000088700000, 0x0000000088700000, 0x0000000088800000|  0%| F|  |TAMS 0x0000000088700000, 0x0000000088700000| Untracked 
| 108|0x0000000088800000, 0x0000000088800000, 0x0000000088900000|  0%| F|  |TAMS 0x0000000088800000, 0x0000000088800000| Untracked 
| 109|0x0000000088900000, 0x0000000088900000, 0x0000000088a00000|  0%| F|  |TAMS 0x0000000088900000, 0x0000000088900000| Untracked 
| 110|0x0000000088a00000, 0x0000000088a00000, 0x0000000088b00000|  0%| F|  |TAMS 0x0000000088a00000, 0x0000000088a00000| Untracked 
| 111|0x0000000088b00000, 0x0000000088b00000, 0x0000000088c00000|  0%| F|  |TAMS 0x0000000088b00000, 0x0000000088b00000| Untracked 
| 112|0x0000000088c00000, 0x0000000088c00000, 0x0000000088d00000|  0%| F|  |TAMS 0x0000000088c00000, 0x0000000088c00000| Untracked 
| 113|0x0000000088d00000, 0x0000000088d00000, 0x0000000088e00000|  0%| F|  |TAMS 0x0000000088d00000, 0x0000000088d00000| Untracked 
| 114|0x0000000088e00000, 0x0000000088e00000, 0x0000000088f00000|  0%| F|  |TAMS 0x0000000088e00000, 0x0000000088e00000| Untracked 
| 115|0x0000000088f00000, 0x0000000088f00000, 0x0000000089000000|  0%| F|  |TAMS 0x0000000088f00000, 0x0000000088f00000| Untracked 
| 116|0x0000000089000000, 0x0000000089000000, 0x0000000089100000|  0%| F|  |TAMS 0x0000000089000000, 0x0000000089000000| Untracked 
| 117|0x0000000089100000, 0x0000000089100000, 0x0000000089200000|  0%| F|  |TAMS 0x0000000089100000, 0x0000000089100000| Untracked 
| 118|0x0000000089200000, 0x0000000089200000, 0x0000000089300000|  0%| F|  |TAMS 0x0000000089200000, 0x0000000089200000| Untracked 
| 119|0x0000000089300000, 0x0000000089300000, 0x0000000089400000|  0%| F|  |TAMS 0x0000000089300000, 0x0000000089300000| Untracked 
| 120|0x0000000089400000, 0x0000000089400000, 0x0000000089500000|  0%| F|  |TAMS 0x0000000089400000, 0x0000000089400000| Untracked 
| 121|0x0000000089500000, 0x0000000089500000, 0x0000000089600000|  0%| F|  |TAMS 0x0000000089500000, 0x0000000089500000| Untracked 
| 122|0x0000000089600000, 0x0000000089600000, 0x0000000089700000|  0%| F|  |TAMS 0x0000000089600000, 0x0000000089600000| Untracked 
| 123|0x0000000089700000, 0x0000000089700000, 0x0000000089800000|  0%| F|  |TAMS 0x0000000089700000, 0x0000000089700000| Untracked 
| 124|0x0000000089800000, 0x0000000089800000, 0x0000000089900000|  0%| F|  |TAMS 0x0000000089800000, 0x0000000089800000| Untracked 
| 125|0x0000000089900000, 0x0000000089900000, 0x0000000089a00000|  0%| F|  |TAMS 0x0000000089900000, 0x0000000089900000| Untracked 
| 126|0x0000000089a00000, 0x0000000089a00000, 0x0000000089b00000|  0%| F|  |TAMS 0x0000000089a00000, 0x0000000089a00000| Untracked 
| 127|0x0000000089b00000, 0x0000000089b00000, 0x0000000089c00000|  0%| F|  |TAMS 0x0000000089b00000, 0x0000000089b00000| Untracked 
| 128|0x0000000089c00000, 0x0000000089c00000, 0x0000000089d00000|  0%| F|  |TAMS 0x0000000089c00000, 0x0000000089c00000| Untracked 
| 129|0x0000000089d00000, 0x0000000089d00000, 0x0000000089e00000|  0%| F|  |TAMS 0x0000000089d00000, 0x0000000089d00000| Untracked 
| 130|0x0000000089e00000, 0x0000000089e00000, 0x0000000089f00000|  0%| F|  |TAMS 0x0000000089e00000, 0x0000000089e00000| Untracked 
| 131|0x0000000089f00000, 0x0000000089f00000, 0x000000008a000000|  0%| F|  |TAMS 0x0000000089f00000, 0x0000000089f00000| Untracked 
| 132|0x000000008a000000, 0x000000008a000000, 0x000000008a100000|  0%| F|  |TAMS 0x000000008a000000, 0x000000008a000000| Untracked 
| 133|0x000000008a100000, 0x000000008a100000, 0x000000008a200000|  0%| F|  |TAMS 0x000000008a100000, 0x000000008a100000| Untracked 
| 134|0x000000008a200000, 0x000000008a200000, 0x000000008a300000|  0%| F|  |TAMS 0x000000008a200000, 0x000000008a200000| Untracked 
| 135|0x000000008a300000, 0x000000008a3a1580, 0x000000008a400000| 63%| S|CS|TAMS 0x000000008a300000, 0x000000008a300000| Complete 
| 136|0x000000008a400000, 0x000000008a400000, 0x000000008a500000|  0%| F|  |TAMS 0x000000008a400000, 0x000000008a400000| Untracked 
| 137|0x000000008a500000, 0x000000008a500000, 0x000000008a600000|  0%| F|  |TAMS 0x000000008a500000, 0x000000008a500000| Untracked 
|2019|0x00000000fff00000, 0x0000000100000000, 0x0000000100000000|100%| O|  |TAMS 0x0000000100000000, 0x00000000fff00000| Untracked 

Card table byte_map: [0x000002365a1b0000,0x000002365a5b0000] _byte_map_base: 0x0000023659da2000

Marking Bits (Prev, Next): (CMBitMap*) 0x00000236479281a0, (CMBitMap*) 0x0000023647928160
 Prev Bits: [0x000002365c940000, 0x000002365e8d0000)
 Next Bits: [0x000002365a9b0000, 0x000002365c940000)

Polling page: 0x00000236455f0000

Metaspace:

Usage:
  Non-class:     59.27 MB used.
      Class:      7.62 MB used.
       Both:     66.89 MB used.

Virtual space:
  Non-class space:       64.00 MB reserved,      59.44 MB ( 93%) committed,  1 nodes.
      Class space:        1.00 GB reserved,       7.81 MB ( <1%) committed,  1 nodes.
             Both:        1.06 GB reserved,      67.25 MB (  6%) committed. 

Chunk freelists:
   Non-Class:  4.53 MB
       Class:  8.23 MB
        Both:  12.77 MB

MaxMetaspaceSize: unlimited
CompressedClassSpaceSize: 1.00 GB
Initial GC threshold: 21.00 MB
Current GC threshold: 111.56 MB
CDS: off
MetaspaceReclaimPolicy: balanced
 - commit_granule_bytes: 65536.
 - commit_granule_words: 8192.
 - virtual_space_node_default_size: 8388608.
 - enlarge_chunks_in_place: 1.
 - new_chunks_are_fully_committed: 0.
 - uncommit_free_chunks: 1.
 - use_allocation_guard: 0.
 - handle_deallocations: 1.


Internal statistics:

num_allocs_failed_limit: 12.
num_arena_births: 322.
num_arena_deaths: 0.
num_vsnodes_births: 2.
num_vsnodes_deaths: 0.
num_space_committed: 1074.
num_space_uncommitted: 0.
num_chunks_returned_to_freelist: 12.
num_chunks_taken_from_freelist: 2599.
num_chunk_merges: 9.
num_chunk_splits: 2033.
num_chunks_enlarged: 1746.
num_inconsistent_stats: 0.

CodeHeap 'non-profiled nmethods': size=120000Kb used=5772Kb max_used=5772Kb free=114227Kb
 bounds [0x0000023652880000, 0x0000023652e30000, 0x0000023659db0000]
CodeHeap 'profiled nmethods': size=120000Kb used=27777Kb max_used=27930Kb free=92223Kb
 bounds [0x000002364adb0000, 0x000002364c900000, 0x00000236522e0000]
CodeHeap 'non-nmethods': size=5760Kb used=1302Kb max_used=1397Kb free=4457Kb
 bounds [0x00000236522e0000, 0x0000023652550000, 0x0000023652880000]
 total_blobs=10560 nmethods=9949 adapters=521
 compilation: enabled
              stopped_count=0, restarted_count=0
 full_count=0

Compilation events (20 events):
Event: 20.968 Thread 0x000002366505fcc0 12293       3       org.jetbrains.kotlin.psi.KtPsiFactoryKt::setDoNotAnalyze (23 bytes)
Event: 20.969 Thread 0x000002366505fcc0 nmethod 12293 0x000002364ae0e810 code [0x000002364ae0eb40, 0x000002364ae0fb28]
Event: 20.971 Thread 0x000002366505fcc0 12294       3       org.jetbrains.kotlin.com.intellij.psi.AbstractFileViewProvider::access$100 (5 bytes)
Event: 20.972 Thread 0x000002366505fcc0 nmethod 12294 0x000002364ae0d590 code [0x000002364ae0d800, 0x000002364ae0e458]
Event: 20.972 Thread 0x000002366505fcc0 12295       3       org.jetbrains.kotlin.com.intellij.testFramework.LightVirtualFileBase::getName (13 bytes)
Event: 20.973 Thread 0x000002366505fcc0 nmethod 12295 0x000002364be21e10 code [0x000002364be21fc0, 0x000002364be22148]
Event: 20.990 Thread 0x000002366505fcc0 12297       3       java.util.HashMap::get (19 bytes)
Event: 20.990 Thread 0x000002366505fcc0 nmethod 12297 0x000002364b8a0790 code [0x000002364b8a0940, 0x000002364b8a0b08]
Event: 20.991 Thread 0x000002366505fcc0 12298       3       org.jetbrains.kotlin.load.kotlin.DeserializedDescriptorResolver::resolveClass (37 bytes)
Event: 20.992 Thread 0x000002366505fcc0 nmethod 12298 0x000002364ae0bb90 code [0x000002364ae0bec0, 0x000002364ae0cf08]
Event: 20.994 Thread 0x000002366505fcc0 12299       2       org.jetbrains.kotlin.types.ClassifierBasedTypeConstructor::equals (103 bytes)
Event: 20.995 Thread 0x000002366505fcc0 nmethod 12299 0x000002364ae0af10 code [0x000002364ae0b1a0, 0x000002364ae0b888]
Event: 21.005 Thread 0x000002366505fcc0 12300       1       org.jetbrains.kotlin.descriptors.impl.ValueParameterDescriptorImpl::getCompileTimeInitializer (2 bytes)
Event: 21.005 Thread 0x000002366505fcc0 nmethod 12300 0x0000023652e22d90 code [0x0000023652e22f20, 0x0000023652e22ff8]
Event: 21.017 Thread 0x000002366505fcc0 12302       3       org.jetbrains.kotlin.resolve.OverridingUtil$1::equals (22 bytes)
Event: 21.017 Thread 0x000002366505fcc0 nmethod 12302 0x000002364b3f2190 code [0x000002364b3f2360, 0x000002364b3f2608]
Event: 21.022 Thread 0x000002366505fcc0 12303       3       org.jetbrains.kotlin.types.FlexibleTypeWithEnhancement::getDelegate (8 bytes)
Event: 21.022 Thread 0x000002366505fcc0 nmethod 12303 0x000002364ae0aa90 code [0x000002364ae0ac40, 0x000002364ae0ae28]
Event: 21.023 Thread 0x000002366505fcc0 12304       3       org.jetbrains.kotlin.load.java.lazy.types.RawSubstitution::eraseInflexibleBasedOnClassDescriptor (384 bytes)
Event: 21.027 Thread 0x000002366505fcc0 nmethod 12304 0x000002364bdad790 code [0x000002364bdade80, 0x000002364bdb1d58]

GC Heap History (20 events):
Event: 9.574 GC heap after
{Heap after GC invocations=17 (full 0):
 garbage-first heap   total 116736K, used 52166K [0x0000000081c00000, 0x0000000100000000)
  region size 1024K, 7 young (7168K), 7 survivors (7168K)
 Metaspace       used 57285K, committed 57536K, reserved 1114112K
  class space    used 6702K, committed 6784K, reserved 1048576K
}
Event: 10.093 GC heap before
{Heap before GC invocations=17 (full 0):
 garbage-first heap   total 116736K, used 88006K [0x0000000081c00000, 0x0000000100000000)
  region size 1024K, 42 young (43008K), 7 survivors (7168K)
 Metaspace       used 57515K, committed 57792K, reserved 1114112K
  class space    used 6724K, committed 6848K, reserved 1048576K
}
Event: 10.127 GC heap after
{Heap after GC invocations=18 (full 0):
 garbage-first heap   total 140288K, used 54214K [0x0000000081c00000, 0x0000000100000000)
  region size 1024K, 2 young (2048K), 2 survivors (2048K)
 Metaspace       used 57515K, committed 57792K, reserved 1114112K
  class space    used 6724K, committed 6848K, reserved 1048576K
}
Event: 10.908 GC heap before
{Heap before GC invocations=18 (full 0):
 garbage-first heap   total 140288K, used 74694K [0x0000000081c00000, 0x0000000100000000)
  region size 1024K, 23 young (23552K), 2 survivors (2048K)
 Metaspace       used 60482K, committed 60800K, reserved 1114112K
  class space    used 7184K, committed 7360K, reserved 1048576K
}
Event: 10.919 GC heap after
{Heap after GC invocations=19 (full 0):
 garbage-first heap   total 140288K, used 54726K [0x0000000081c00000, 0x0000000100000000)
  region size 1024K, 2 young (2048K), 2 survivors (2048K)
 Metaspace       used 60482K, committed 60800K, reserved 1114112K
  class space    used 7184K, committed 7360K, reserved 1048576K
}
Event: 13.096 GC heap before
{Heap before GC invocations=20 (full 0):
 garbage-first heap   total 140288K, used 108998K [0x0000000081c00000, 0x0000000100000000)
  region size 1024K, 55 young (56320K), 2 survivors (2048K)
 Metaspace       used 63924K, committed 64256K, reserved 1114112K
  class space    used 7504K, committed 7680K, reserved 1048576K
}
Event: 13.111 GC heap after
{Heap after GC invocations=21 (full 0):
 garbage-first heap   total 140288K, used 61743K [0x0000000081c00000, 0x0000000100000000)
  region size 1024K, 7 young (7168K), 7 survivors (7168K)
 Metaspace       used 63924K, committed 64256K, reserved 1114112K
  class space    used 7504K, committed 7680K, reserved 1048576K
}
Event: 13.223 GC heap before
{Heap before GC invocations=21 (full 0):
 garbage-first heap   total 140288K, used 62767K [0x0000000081c00000, 0x0000000100000000)
  region size 1024K, 8 young (8192K), 7 survivors (7168K)
 Metaspace       used 64085K, committed 64384K, reserved 1114112K
  class space    used 7532K, committed 7680K, reserved 1048576K
}
Event: 13.236 GC heap after
{Heap after GC invocations=22 (full 0):
 garbage-first heap   total 140288K, used 62285K [0x0000000081c00000, 0x0000000100000000)
  region size 1024K, 1 young (1024K), 1 survivors (1024K)
 Metaspace       used 64085K, committed 64384K, reserved 1114112K
  class space    used 7532K, committed 7680K, reserved 1048576K
}
Event: 15.400 GC heap before
{Heap before GC invocations=22 (full 0):
 garbage-first heap   total 140288K, used 110413K [0x0000000081c00000, 0x0000000100000000)
  region size 1024K, 48 young (49152K), 1 survivors (1024K)
 Metaspace       used 66687K, committed 67008K, reserved 1114112K
  class space    used 7740K, committed 7936K, reserved 1048576K
}
Event: 15.415 GC heap after
{Heap after GC invocations=23 (full 0):
 garbage-first heap   total 140288K, used 68940K [0x0000000081c00000, 0x0000000100000000)
  region size 1024K, 6 young (6144K), 6 survivors (6144K)
 Metaspace       used 66687K, committed 67008K, reserved 1114112K
  class space    used 7740K, committed 7936K, reserved 1048576K
}
Event: 18.575 GC heap before
{Heap before GC invocations=24 (full 0):
 garbage-first heap   total 140288K, used 109900K [0x0000000081c00000, 0x0000000100000000)
  region size 1024K, 46 young (47104K), 6 survivors (6144K)
 Metaspace       used 67762K, committed 68096K, reserved 1114112K
  class space    used 7767K, committed 7936K, reserved 1048576K
}
Event: 18.594 GC heap after
{Heap after GC invocations=25 (full 0):
 garbage-first heap   total 140288K, used 74082K [0x0000000081c00000, 0x0000000100000000)
  region size 1024K, 5 young (5120K), 5 survivors (5120K)
 Metaspace       used 67762K, committed 68096K, reserved 1114112K
  class space    used 7767K, committed 7936K, reserved 1048576K
}
Event: 18.634 GC heap before
{Heap before GC invocations=25 (full 0):
 garbage-first heap   total 140288K, used 75106K [0x0000000081c00000, 0x0000000100000000)
  region size 1024K, 6 young (6144K), 5 survivors (5120K)
 Metaspace       used 67773K, committed 68096K, reserved 1114112K
  class space    used 7767K, committed 7936K, reserved 1048576K
}
Event: 18.645 GC heap after
{Heap after GC invocations=26 (full 0):
 garbage-first heap   total 140288K, used 74966K [0x0000000081c00000, 0x0000000100000000)
  region size 1024K, 1 young (1024K), 1 survivors (1024K)
 Metaspace       used 67773K, committed 68096K, reserved 1114112K
  class space    used 7767K, committed 7936K, reserved 1048576K
}
Event: 19.695 GC heap before
{Heap before GC invocations=26 (full 0):
 garbage-first heap   total 140288K, used 114902K [0x0000000081c00000, 0x0000000100000000)
  region size 1024K, 37 young (37888K), 1 survivors (1024K)
 Metaspace       used 68108K, committed 68416K, reserved 1114112K
  class space    used 7788K, committed 7936K, reserved 1048576K
}
Event: 19.704 GC heap after
{Heap after GC invocations=27 (full 0):
 garbage-first heap   total 140288K, used 80658K [0x0000000081c00000, 0x0000000100000000)
  region size 1024K, 5 young (5120K), 5 survivors (5120K)
 Metaspace       used 68108K, committed 68416K, reserved 1114112K
  class space    used 7788K, committed 7936K, reserved 1048576K
}
Event: 20.885 GC heap before
{Heap before GC invocations=28 (full 0):
 garbage-first heap   total 142336K, used 112402K [0x0000000081c00000, 0x0000000100000000)
  region size 1024K, 36 young (36864K), 5 survivors (5120K)
 Metaspace       used 68424K, committed 68736K, reserved 1114112K
  class space    used 7801K, committed 7936K, reserved 1048576K
}
Event: 20.901 GC heap after
{Heap after GC invocations=29 (full 0):
 garbage-first heap   total 142336K, used 84255K [0x0000000081c00000, 0x0000000100000000)
  region size 1024K, 4 young (4096K), 4 survivors (4096K)
 Metaspace       used 68424K, committed 68736K, reserved 1114112K
  class space    used 7801K, committed 7936K, reserved 1048576K
}
Event: 21.046 GC heap before
{Heap before GC invocations=29 (full 0):
 garbage-first heap   total 142336K, used 86303K [0x0000000081c00000, 0x0000000100000000)
  region size 1024K, 6 young (6144K), 4 survivors (4096K)
 Metaspace       used 68496K, committed 68864K, reserved 1114112K
  class space    used 7807K, committed 8000K, reserved 1048576K
}

Dll operation events (2 events):
Event: 0.007 Loaded shared library D:\android\jbr\bin\java.dll
Event: 1.728 Loaded shared library D:\android\jbr\bin\verify.dll

Deoptimization events (20 events):
Event: 20.989 Thread 0x00000236478cd480 Uncommon trap: trap_request=0xffffff45 fr.pc=0x000002365291f7a4 relative=0x00000000000002e4
Event: 20.989 Thread 0x00000236478cd480 Uncommon trap: reason=unstable_if action=reinterpret pc=0x000002365291f7a4 method=java.util.HashMap.getNode(Ljava/lang/Object;)Ljava/util/HashMap$Node; @ 66 c2
Event: 20.989 Thread 0x00000236478cd480 DEOPT PACKING pc=0x000002365291f7a4 sp=0x000000770e7fae00
Event: 20.989 Thread 0x00000236478cd480 DEOPT UNPACKING pc=0x00000236523369a3 sp=0x000000770e7fad10 mode 2
Event: 21.013 Thread 0x00000236478cd480 Uncommon trap: trap_request=0xffffffde fr.pc=0x0000023652e21728 relative=0x0000000000000708
Event: 21.013 Thread 0x00000236478cd480 Uncommon trap: reason=class_check action=maybe_recompile pc=0x0000023652e21728 method=org.jetbrains.kotlin.utils.CollectionsKt.addIfNotNull(Ljava/util/Collection;Ljava/lang/Object;)V @ 12 c2
Event: 21.013 Thread 0x00000236478cd480 DEOPT PACKING pc=0x0000023652e21728 sp=0x000000770e7f6870
Event: 21.013 Thread 0x00000236478cd480 DEOPT UNPACKING pc=0x00000236523369a3 sp=0x000000770e7f6858 mode 2
Event: 21.013 Thread 0x00000236478cd480 Uncommon trap: trap_request=0xffffffde fr.pc=0x0000023652e21728 relative=0x0000000000000708
Event: 21.013 Thread 0x00000236478cd480 Uncommon trap: reason=class_check action=maybe_recompile pc=0x0000023652e21728 method=org.jetbrains.kotlin.utils.CollectionsKt.addIfNotNull(Ljava/util/Collection;Ljava/lang/Object;)V @ 12 c2
Event: 21.013 Thread 0x00000236478cd480 DEOPT PACKING pc=0x0000023652e21728 sp=0x000000770e7f6870
Event: 21.013 Thread 0x00000236478cd480 DEOPT UNPACKING pc=0x00000236523369a3 sp=0x000000770e7f6858 mode 2
Event: 21.013 Thread 0x00000236478cd480 Uncommon trap: trap_request=0xffffffde fr.pc=0x0000023652e21728 relative=0x0000000000000708
Event: 21.013 Thread 0x00000236478cd480 Uncommon trap: reason=class_check action=maybe_recompile pc=0x0000023652e21728 method=org.jetbrains.kotlin.utils.CollectionsKt.addIfNotNull(Ljava/util/Collection;Ljava/lang/Object;)V @ 12 c2
Event: 21.013 Thread 0x00000236478cd480 DEOPT PACKING pc=0x0000023652e21728 sp=0x000000770e7f6870
Event: 21.013 Thread 0x00000236478cd480 DEOPT UNPACKING pc=0x00000236523369a3 sp=0x000000770e7f6858 mode 2
Event: 21.013 Thread 0x00000236478cd480 Uncommon trap: trap_request=0xffffffde fr.pc=0x0000023652e21728 relative=0x0000000000000708
Event: 21.013 Thread 0x00000236478cd480 Uncommon trap: reason=class_check action=maybe_recompile pc=0x0000023652e21728 method=org.jetbrains.kotlin.utils.CollectionsKt.addIfNotNull(Ljava/util/Collection;Ljava/lang/Object;)V @ 12 c2
Event: 21.013 Thread 0x00000236478cd480 DEOPT PACKING pc=0x0000023652e21728 sp=0x000000770e7f6870
Event: 21.013 Thread 0x00000236478cd480 DEOPT UNPACKING pc=0x00000236523369a3 sp=0x000000770e7f6858 mode 2

Classes unloaded (0 events):
No events

Classes redefined (0 events):
No events

Internal exceptions (20 events):
Event: 5.677 Thread 0x00000236478cd480 Exception <a 'java/lang/NoSuchMethodError'{0x0000000086fd4b78}: 'java.lang.Object java.lang.invoke.Invokers$Holder.linkToTargetMethod(java.lang.Object, java.lang.Object, java.lang.Object, java.lang.Object, java.lang.Object, java.lang.Object, java.lang.Object, java.lang.Object)'> (0x0000000086fd4b78) 
thrown [s\src\hotspot\share\interpreter\linkResolver.cpp, line 771]
Event: 6.409 Thread 0x00000236478cd480 Exception <a 'java/lang/NoSuchMethodError'{0x000000008602c018}: 'java.lang.Object java.lang.invoke.DirectMethodHandle$Holder.invokeStaticInit(java.lang.Object, java.lang.Object, java.lang.Object)'> (0x000000008602c018) 
thrown [s\src\hotspot\share\interpreter\linkResolver.cpp, line 771]
Event: 10.699 Thread 0x00000236478cd480 Implicit null exception at 0x000002365297df60 to 0x000002365297e078
Event: 10.702 Thread 0x00000236478cd480 Exception <a 'java/lang/NoSuchMethodError'{0x00000000892d1d70}: 'java.lang.Object java.lang.invoke.DirectMethodHandle$Holder.invokeStatic(java.lang.Object, java.lang.Object, java.lang.Object, java.lang.Object, int)'> (0x00000000892d1d70) 
thrown [s\src\hotspot\share\interpreter\linkResolver.cpp, line 771]
Event: 10.704 Thread 0x00000236478cd480 Exception <a 'java/lang/NoSuchMethodError'{0x00000000892dba58}: 'java.lang.Object java.lang.invoke.DirectMethodHandle$Holder.newInvokeSpecial(java.lang.Object, java.lang.Object, java.lang.Object, java.lang.Object, int)'> (0x00000000892dba58) 
thrown [s\src\hotspot\share\interpreter\linkResolver.cpp, line 771]
Event: 10.705 Thread 0x00000236478cd480 Exception <a 'java/lang/NoSuchMethodError'{0x00000000892e3b28}: 'java.lang.Object java.lang.invoke.Invokers$Holder.linkToTargetMethod(java.lang.Object, java.lang.Object, java.lang.Object, int, java.lang.Object)'> (0x00000000892e3b28) 
thrown [s\src\hotspot\share\interpreter\linkResolver.cpp, line 771]
Event: 10.818 Thread 0x00000236478cd480 Exception <a 'java/lang/NoSuchMethodError'{0x00000000890c2870}: 'void java.lang.invoke.DirectMethodHandle$Holder.invokeInterface(java.lang.Object, java.lang.Object)'> (0x00000000890c2870) 
thrown [s\src\hotspot\share\interpreter\linkResolver.cpp, line 771]
Event: 10.988 Thread 0x00000236478cd480 Exception <a 'java/lang/IncompatibleClassChangeError'{0x000000008a3d3fe8}: Found class java.lang.Object, but interface was expected> (0x000000008a3d3fe8) 
thrown [s\src\hotspot\share\interpreter\linkResolver.cpp, line 838]
Event: 11.499 Thread 0x00000236478cd480 Exception <a 'java/lang/NoSuchMethodError'{0x0000000089b184c8}: 'java.lang.Object java.lang.invoke.DirectMethodHandle$Holder.invokeInterface(java.lang.Object, java.lang.Object, java.lang.Object)'> (0x0000000089b184c8) 
thrown [s\src\hotspot\share\interpreter\linkResolver.cpp, line 771]
Event: 11.500 Thread 0x00000236478cd480 Exception <a 'java/lang/IncompatibleClassChangeError'{0x0000000089b1be38}: Found class java.lang.Object, but interface was expected> (0x0000000089b1be38) 
thrown [s\src\hotspot\share\interpreter\linkResolver.cpp, line 838]
Event: 12.725 Thread 0x00000236478cd480 Implicit null exception at 0x0000023652c30e53 to 0x0000023652c31048
Event: 12.880 Thread 0x00000236478cd480 Exception <a 'java/lang/NoSuchMethodError'{0x0000000087321cd8}: 'java.lang.Object java.lang.invoke.DirectMethodHandle$Holder.newInvokeSpecial(java.lang.Object, java.lang.Object, java.lang.Object, java.lang.Object, java.lang.Object, java.lang.Object, java.lang.Object)'> (0x0000000087321cd8) 
thrown [s\src\hotspot\share\interpreter\linkResolver.cpp, line 771]
Event: 12.880 Thread 0x00000236478cd480 Exception <a 'java/lang/NoSuchMethodError'{0x00000000873265e8}: 'java.lang.Object java.lang.invoke.Invokers$Holder.linkToTargetMethod(java.lang.Object, java.lang.Object, java.lang.Object, java.lang.Object, java.lang.Object, java.lang.Object, java.lang.Object)'> (0x00000000873265e8) 
thrown [s\src\hotspot\share\interpreter\linkResolver.cpp, line 771]
Event: 12.908 Thread 0x00000236478cd480 Exception <a 'java/lang/NoSuchMethodError'{0x000000008721a5f8}: 'java.lang.Object java.lang.invoke.DirectMethodHandle$Holder.newInvokeSpecial(java.lang.Object, int, java.lang.Object, java.lang.Object)'> (0x000000008721a5f8) 
thrown [s\src\hotspot\share\interpreter\linkResolver.cpp, line 771]
Event: 14.779 Thread 0x00000236478cd480 Implicit null exception at 0x0000023652c2972e to 0x0000023652c29f20
Event: 18.200 Thread 0x00000236478cd480 Exception <a 'java/lang/NoSuchMethodError'{0x0000000088344730}: 'java.lang.Object java.lang.invoke.DirectMethodHandle$Holder.invokeStatic(java.lang.Object, int, java.lang.Object)'> (0x0000000088344730) 
thrown [s\src\hotspot\share\interpreter\linkResolver.cpp, line 771]
Event: 18.597 Thread 0x00000236478cd480 Implicit null exception at 0x00000236528f7e6f to 0x00000236528f804c
Event: 19.203 Thread 0x00000236478cd480 Implicit null exception at 0x0000023652c61a2c to 0x0000023652c61af4
Event: 20.243 Thread 0x00000236478cd480 Implicit null exception at 0x000002365297b994 to 0x000002365297ba8c
Event: 20.243 Thread 0x00000236478cd480 Implicit null exception at 0x00000236528e5160 to 0x00000236528e51fa

VM Operations (20 events):
Event: 19.937 Executing VM operation: G1PauseRemark done
Event: 20.037 Executing VM operation: G1PauseCleanup
Event: 20.037 Executing VM operation: G1PauseCleanup done
Event: 20.245 Executing VM operation: HandshakeAllThreads
Event: 20.245 Executing VM operation: HandshakeAllThreads done
Event: 20.271 Executing VM operation: ICBufferFull
Event: 20.271 Executing VM operation: ICBufferFull done
Event: 20.617 Executing VM operation: HandshakeAllThreads
Event: 20.617 Executing VM operation: HandshakeAllThreads done
Event: 20.653 Executing VM operation: ICBufferFull
Event: 20.654 Executing VM operation: ICBufferFull done
Event: 20.869 Executing VM operation: ICBufferFull
Event: 20.869 Executing VM operation: ICBufferFull done
Event: 20.885 Executing VM operation: G1CollectForAllocation
Event: 20.901 Executing VM operation: G1CollectForAllocation done
Event: 20.908 Executing VM operation: HandshakeAllThreads
Event: 20.908 Executing VM operation: HandshakeAllThreads done
Event: 20.910 Executing VM operation: HandshakeAllThreads
Event: 20.910 Executing VM operation: HandshakeAllThreads done
Event: 21.046 Executing VM operation: G1CollectForAllocation

Events (20 events):
Event: 19.200 Thread 0x0000023665088010 flushing nmethod 0x000002364c13aa10
Event: 19.200 Thread 0x0000023665088010 flushing nmethod 0x000002364c13b110
Event: 19.200 Thread 0x0000023665088010 flushing nmethod 0x000002364c14c710
Event: 19.200 Thread 0x0000023665088010 flushing nmethod 0x000002364c1b5210
Event: 19.200 Thread 0x0000023665088010 flushing nmethod 0x000002364c1bfa90
Event: 19.200 Thread 0x0000023665088010 flushing nmethod 0x000002364c1cf610
Event: 19.200 Thread 0x0000023665088010 flushing nmethod 0x000002364c1dbb90
Event: 19.200 Thread 0x0000023665088010 flushing nmethod 0x000002364c1f4810
Event: 19.200 Thread 0x0000023665088010 flushing nmethod 0x000002364c1f6f10
Event: 19.200 Thread 0x0000023665088010 flushing nmethod 0x000002364c24bc10
Event: 19.200 Thread 0x0000023665088010 flushing nmethod 0x000002364c257990
Event: 19.201 Thread 0x0000023665088010 flushing nmethod 0x000002364c31e110
Event: 19.201 Thread 0x0000023665088010 flushing nmethod 0x000002364c349c10
Event: 19.201 Thread 0x0000023665088010 flushing nmethod 0x000002364c376b90
Event: 19.202 Thread 0x0000023665088010 flushing nmethod 0x000002364c3c1c90
Event: 19.202 Thread 0x0000023665088010 flushing nmethod 0x000002364c434710
Event: 19.203 Thread 0x0000023665088010 flushing nmethod 0x000002364c520490
Event: 19.203 Thread 0x0000023665088010 flushing nmethod 0x000002364c594210
Event: 19.203 Thread 0x0000023665088010 flushing nmethod 0x000002364c595310
Event: 19.203 Thread 0x0000023665088010 flushing nmethod 0x000002364c664390


Dynamic libraries:
0x00007ff6b3090000 - 0x00007ff6b309a000 	D:\android\jbr\bin\java.exe
0x00007ffbc17b0000 - 0x00007ffbc19a8000 	C:\WINDOWS\SYSTEM32\ntdll.dll
0x00007ffbc1540000 - 0x00007ffbc1602000 	C:\WINDOWS\System32\KERNEL32.DLL
0x00007ffbbee50000 - 0x00007ffbbf14e000 	C:\WINDOWS\System32\KERNELBASE.dll
0x00007ffbbf2f0000 - 0x00007ffbbf3f0000 	C:\WINDOWS\System32\ucrtbase.dll
0x00007ffbb95a0000 - 0x00007ffbb95bb000 	D:\android\jbr\bin\VCRUNTIME140.dll
0x00007ffbb6400000 - 0x00007ffbb6417000 	D:\android\jbr\bin\jli.dll
0x00007ffbbfb00000 - 0x00007ffbbfc9d000 	C:\WINDOWS\System32\USER32.dll
0x00007ffbac6b0000 - 0x00007ffbac94a000 	C:\WINDOWS\WinSxS\amd64_microsoft.windows.common-controls_6595b64144ccf1df_6.0.19041.4355_none_60b8b9eb71f62e16\COMCTL32.dll
0x00007ffbbf2c0000 - 0x00007ffbbf2e2000 	C:\WINDOWS\System32\win32u.dll
0x00007ffbc01d0000 - 0x00007ffbc026e000 	C:\WINDOWS\System32\msvcrt.dll
0x00007ffbc01a0000 - 0x00007ffbc01cb000 	C:\WINDOWS\System32\GDI32.dll
0x00007ffbbf150000 - 0x00007ffbbf267000 	C:\WINDOWS\System32\gdi32full.dll
0x00007ffbbf3f0000 - 0x00007ffbbf48d000 	C:\WINDOWS\System32\msvcp_win.dll
0x00007ffbc08f0000 - 0x00007ffbc091f000 	C:\WINDOWS\System32\IMM32.DLL
0x00007ffbb9560000 - 0x00007ffbb956c000 	D:\android\jbr\bin\vcruntime140_1.dll
0x00007ffb83950000 - 0x00007ffb839dd000 	D:\android\jbr\bin\msvcp140.dll
0x00007ffb78df0000 - 0x00007ffb79a73000 	D:\android\jbr\bin\server\jvm.dll
0x00007ffbbfca0000 - 0x00007ffbbfd52000 	C:\WINDOWS\System32\ADVAPI32.dll
0x00007ffbc0d30000 - 0x00007ffbc0dd0000 	C:\WINDOWS\System32\sechost.dll
0x00007ffbbfeb0000 - 0x00007ffbbffd3000 	C:\WINDOWS\System32\RPCRT4.dll
0x00007ffbbf7a0000 - 0x00007ffbbf7c7000 	C:\WINDOWS\System32\bcrypt.dll
0x00007ffbbecb0000 - 0x00007ffbbecfb000 	C:\WINDOWS\SYSTEM32\POWRPROF.dll
0x00007ffbb9a60000 - 0x00007ffbb9a69000 	C:\WINDOWS\SYSTEM32\WSOCK32.dll
0x00007ffb9b060000 - 0x00007ffb9b087000 	C:\WINDOWS\SYSTEM32\WINMM.dll
0x00007ffbc0270000 - 0x00007ffbc02db000 	C:\WINDOWS\System32\WS2_32.dll
0x00007ffbbc4a0000 - 0x00007ffbbc4aa000 	C:\WINDOWS\SYSTEM32\VERSION.dll
0x00007ffbbec90000 - 0x00007ffbbeca2000 	C:\WINDOWS\SYSTEM32\UMPDC.dll
0x00007ffbbd630000 - 0x00007ffbbd642000 	C:\WINDOWS\SYSTEM32\kernel.appcore.dll
0x00007ffbb96f0000 - 0x00007ffbb96fa000 	D:\android\jbr\bin\jimage.dll
0x00007ffbb4600000 - 0x00007ffbb47e4000 	C:\WINDOWS\SYSTEM32\DBGHELP.DLL
0x00007ffb993a0000 - 0x00007ffb993d4000 	C:\WINDOWS\SYSTEM32\dbgcore.DLL
0x00007ffbbf710000 - 0x00007ffbbf792000 	C:\WINDOWS\System32\bcryptPrimitives.dll
0x00007ffba5770000 - 0x00007ffba5795000 	D:\android\jbr\bin\java.dll
0x00007ffbb86d0000 - 0x00007ffbb86e8000 	D:\android\jbr\bin\zip.dll
0x00007ffbc0dd0000 - 0x00007ffbc153f000 	C:\WINDOWS\System32\SHELL32.dll
0x00007ffbbce40000 - 0x00007ffbbd5e4000 	C:\WINDOWS\SYSTEM32\windows.storage.dll
0x00007ffbc09d0000 - 0x00007ffbc0d23000 	C:\WINDOWS\System32\combase.dll
0x00007ffbbe6d0000 - 0x00007ffbbe6fe000 	C:\WINDOWS\SYSTEM32\Wldp.dll
0x00007ffbc1690000 - 0x00007ffbc175d000 	C:\WINDOWS\System32\OLEAUT32.dll
0x00007ffbbf7d0000 - 0x00007ffbbf87d000 	C:\WINDOWS\System32\SHCORE.dll
0x00007ffbbfd70000 - 0x00007ffbbfdc5000 	C:\WINDOWS\System32\shlwapi.dll
0x00007ffbbed80000 - 0x00007ffbbeda4000 	C:\WINDOWS\SYSTEM32\profapi.dll
0x00007ffbb8350000 - 0x00007ffbb8369000 	D:\android\jbr\bin\net.dll
0x00007ffbbc5b0000 - 0x00007ffbbc6bd000 	C:\WINDOWS\SYSTEM32\WINHTTP.dll
0x00007ffbbe4b0000 - 0x00007ffbbe51a000 	C:\WINDOWS\system32\mswsock.dll
0x00007ffbb6470000 - 0x00007ffbb6486000 	D:\android\jbr\bin\nio.dll
0x00007ffbb83a0000 - 0x00007ffbb83b0000 	D:\android\jbr\bin\verify.dll

dbghelp: loaded successfully - version: 4.0.5 - missing functions: none
symbol engine: initialized successfully - sym options: 0x614 - pdb path: .;D:\android\jbr\bin;C:\WINDOWS\SYSTEM32;C:\WINDOWS\WinSxS\amd64_microsoft.windows.common-controls_6595b64144ccf1df_6.0.19041.4355_none_60b8b9eb71f62e16;D:\android\jbr\bin\server

VM Arguments:
java_command: org.jetbrains.kotlin.cli.jvm.K2JVMCompiler @D:\android\Android Project\fundflow_mobile\app\build\20241025_7992005585265501391.compiler.options
java_class_path (initial): C:\Users\USER\.gradle\caches\modules-2\files-2.1\org.jetbrains.kotlin\kotlin-compiler-embeddable\1.9.0\2c8c3a7402becca891f12739b3e9fd2dc2adbd7a\kotlin-compiler-embeddable-1.9.0.jar;C:\Users\USER\.gradle\caches\modules-2\files-2.1\org.jetbrains.kotlin\kotlin-stdlib\1.9.0\8ee15ef0c67dc83d874f412d84378d7f0eb50b63\kotlin-stdlib-1.9.0.jar;C:\Users\USER\.gradle\caches\modules-2\files-2.1\org.jetbrains.kotlin\kotlin-script-runtime\1.9.0\4b3102cbbb7e1b58d9d1adf89563f00069ffa7d1\kotlin-script-runtime-1.9.0.jar;C:\Users\USER\.gradle\caches\modules-2\files-2.1\org.jetbrains.kotlin\kotlin-reflect\1.6.10\1cbe9c92c12a94eea200d23c2bbaedaf3daf5132\kotlin-reflect-1.6.10.jar;C:\Users\USER\.gradle\caches\modules-2\files-2.1\org.jetbrains.kotlin\kotlin-daemon-embeddable\1.9.0\186543f5e28cf8d9a0290fecc2cf34301c40a65c\kotlin-daemon-embeddable-1.9.0.jar;C:\Users\USER\.gradle\caches\modules-2\files-2.1\org.jetbrains.intellij.deps\trove4j\1.0.20200330\3afb14d5f9ceb459d724e907a21145e8ff394f02\trove4j-1.0.20200330.jar;C:\Users\USER\.gradle\caches\modules-2\files-2.1\org.jetbrains.kotlin\kotlin-stdlib-common\1.9.0\cd65c21cfd1eec4d44ef09f9f52b6d9f8a720636\kotlin-stdlib-common-1.9.0.jar;C:\Users\USER\.gradle\caches\modules-2\files-2.1\org.jetbrains\annotations\13.0\919f0dfe192fb4e063e7dacadee7f8bb9a2672a9\annotations-13.0.jar
Launcher Type: SUN_STANDARD

[Global flags]
     intx CICompilerCount                          = 3                                         {product} {ergonomic}
     uint ConcGCThreads                            = 1                                         {product} {ergonomic}
     uint G1ConcRefinementThreads                  = 4                                         {product} {ergonomic}
   size_t G1HeapRegionSize                         = 1048576                                   {product} {ergonomic}
    uintx GCDrainStackTargetSize                   = 64                                        {product} {ergonomic}
   size_t InitialHeapSize                          = 134217728                                 {product} {ergonomic}
   size_t MarkStackSize                            = 4194304                                   {product} {ergonomic}
   size_t MaxHeapSize                              = 2118123520                                {product} {ergonomic}
   size_t MaxNewSize                               = 1270874112                                {product} {ergonomic}
   size_t MinHeapDeltaBytes                        = 1048576                                   {product} {ergonomic}
   size_t MinHeapSize                              = 8388608                                   {product} {ergonomic}
    uintx NonNMethodCodeHeapSize                   = 5832780                                {pd product} {ergonomic}
    uintx NonProfiledCodeHeapSize                  = 122912730                              {pd product} {ergonomic}
    uintx ProfiledCodeHeapSize                     = 122912730                              {pd product} {ergonomic}
    uintx ReservedCodeCacheSize                    = 251658240                              {pd product} {ergonomic}
     bool SegmentedCodeCache                       = true                                      {product} {ergonomic}
   size_t SoftMaxHeapSize                          = 2118123520                             {manageable} {ergonomic}
     bool UseCompressedClassPointers               = true                           {product lp64_product} {ergonomic}
     bool UseCompressedOops                        = true                           {product lp64_product} {ergonomic}
     bool UseG1GC                                  = true                                      {product} {ergonomic}
     bool UseLargePagesIndividualAllocation        = false                                  {pd product} {ergonomic}

Logging:
Log output configuration:
 #0: stdout all=warning uptime,level,tags
 #1: stderr all=off uptime,level,tags

Environment Variables:
PATH=C:\Python312\Scripts\;C:\Python312\;C:\Program Files\Common Files\Oracle\Java\javapath;C:\Program Files (x86)\Common Files\Oracle\Java\javapath;C:\Program Files (x86)\Common Files\Intel\Shared Files\cpp\bin\Intel64;C:\WINDOWS\system32;C:\WINDOWS;C:\WINDOWS\System32\Wbem;C:\WINDOWS\System32\WindowsPowerShell\v1.0\;C:\WINDOWS\System32\OpenSSH\;C:\Program Files\dotnet\;C:\Program Files\Git\cmd;C:\xampp\php;C:\composer;C:\Program Files\node-v20.17.0;C:\Program Files\Git;C:\ProgramData\chocolatey\bin;C:\Program Files\nodejs\;C:\Users\USER\AppData\Local\Microsoft\WindowsApps;;C:\Users\USER\AppData\Local\Programs\Microsoft VS Code\bin;C:\Users\USER\AppData\Roaming\Composer\vendor\bin;C:\Users\USER\AppData\Roaming\npm
USERNAME=USER
OS=Windows_NT
PROCESSOR_IDENTIFIER=Intel64 Family 6 Model 142 Stepping 9, GenuineIntel
TMP=C:\Users\USER\AppData\Local\Temp
TEMP=C:\Users\USER\AppData\Local\Temp



Periodic native trim disabled

JNI global refs:
JNI global refs: 10, weak refs: 6

JNI global refs memory usage: 843, weak refs: 841

Process memory usage:
Resident Set Size: 337704K (4% of 8267448K total physical memory with 534412K free physical memory)

OOME stack traces (most recent first):
Classloader memory used:
Loader jdk.internal.loader.ClassLoaders$AppClassLoader                                 : 7108K
Loader bootstrap                                                                       : 1376K
Loader java.net.URLClassLoader                                                         : 56574B
Loader jdk.internal.reflect.DelegatingClassLoader                                      : 22600B


---------------  S Y S T E M  ---------------

OS:
 Windows 10 , 64 bit Build 19041 (10.0.19041.4957)
OS uptime: 1 days 4:45 hours
Hyper-V role detected

CPU: total 4 (initial active 4) (2 cores per cpu, 2 threads per core) family 6 model 142 stepping 9 microcode 0xf6, cx8, cmov, fxsr, ht, mmx, 3dnowpref, sse, sse2, sse3, ssse3, sse4.1, sse4.2, popcnt, lzcnt, tsc, tscinvbit, avx, avx2, aes, erms, clmul, bmi1, bmi2, rtm, adx, fma, vzeroupper, clflush, clflushopt, hv
Processor Information for all 4 processors :
  Max Mhz: 2901, Current Mhz: 2901, Mhz Limit: 2901

Memory: 4k page, system-wide physical 8073M (521M free)
TotalPageFile size 12073M (AvailPageFile size 55M)
current process WorkingSet (physical memory assigned to process): 330M, peak: 340M
current process commit charge ("private bytes"): 358M, peak: 497M

vm_info: OpenJDK 64-Bit Server VM (17.0.11+0--11852314) for windows-amd64 JRE (17.0.11+0--11852314), built on May 16 2024 21:29:20 by "androidbuild" with MS VC++ 16.10 / 16.11 (VS2019)

END.
