#
# There is insufficient memory for the Java Runtime Environment to continue.
# Native memory allocation (mmap) failed to map 220200960 bytes. Error detail: G1 virtual space
# Possible reasons:
#   The system is out of physical RAM or swap space
#   This process is running with CompressedOops enabled, and the Java Heap may be blocking the growth of the native heap
# Possible solutions:
#   Reduce memory load on the system
#   Increase physical memory or swap space
#   Check if swap backing store is full
#   Decrease Java heap size (-Xmx/-Xms)
#   Decrease number of Java threads
#   Decrease Java thread stack sizes (-Xss)
#   Set larger code cache with -XX:ReservedCodeCacheSize=
#   JVM is running with Unscaled Compressed Oops mode in which the Java heap is
#     placed in the first 4GB address space. The Java Heap base address is the
#     maximum limit for the native heap growth. Please use -XX:HeapBaseMinAddress
#     to set the Java Heap base and to place the Java Heap above 4GB virtual address.
# This output file may be truncated or incomplete.
#
#  Out of Memory Error (os_windows.cpp:3825), pid=14580, tid=2424
#
# JRE version: OpenJDK Runtime Environment (17.0.11) (build 17.0.11+0--11852314)
# Java VM: OpenJDK 64-Bit Server VM (17.0.11+0--11852314, mixed mode, tiered, compressed oops, compressed class ptrs, g1 gc, windows-amd64)
# No core dump will be written. Minidumps are not enabled by default on client versions of Windows
#

---------------  S U M M A R Y ------------

Command Line: org.jetbrains.kotlin.cli.jvm.K2JVMCompiler @D:\android\Android Project\fundflow_mobile\app\build\20241101_17545549116886164518.compiler.options

Host: Intel(R) Core(TM) i7-7600U CPU @ 2.80GHz, 4 cores, 7G,  Windows 10 , 64 bit Build 19041 (10.0.19041.4957)
Time: Fri Nov  1 09:16:05 2024 SE Asia Standard Time elapsed time: 19.774375 seconds (0d 0h 0m 19s)

---------------  T H R E A D  ---------------

Current thread (0x000001dfcd13c640):  VMThread "VM Thread" [stack: 0x000000766e400000,0x000000766e500000] [id=2424]

Stack: [0x000000766e400000,0x000000766e500000]
Native frames: (J=compiled Java code, j=interpreted, Vv=VM code, C=native code)
V  [jvm.dll+0x687bb9]
V  [jvm.dll+0x84142a]
V  [jvm.dll+0x8430ae]
V  [jvm.dll+0x843713]
V  [jvm.dll+0x24a35f]
V  [jvm.dll+0x684989]
V  [jvm.dll+0x67923a]
V  [jvm.dll+0x30af0b]
V  [jvm.dll+0x3123b6]
V  [jvm.dll+0x361dfe]
V  [jvm.dll+0x36202f]
V  [jvm.dll+0x2e0d38]
V  [jvm.dll+0x2df144]
V  [jvm.dll+0x2de74c]
V  [jvm.dll+0x32305b]
V  [jvm.dll+0x847e0b]
V  [jvm.dll+0x848b42]
V  [jvm.dll+0x84905d]
V  [jvm.dll+0x849434]
V  [jvm.dll+0x849500]
V  [jvm.dll+0x7efa4a]
V  [jvm.dll+0x686a35]
C  [ucrtbase.dll+0x21bb2]
C  [KERNEL32.DLL+0x17374]
C  [ntdll.dll+0x4cc91]

VM_Operation (0x000000766defb9d0): G1CollectForAllocation, mode: safepoint, requested by thread 0x000001dfb3c4da50


---------------  P R O C E S S  ---------------

Threads class SMR info:
_java_thread_list=0x000001dfd3ee9ae0, length=13, elements={
0x000001dfb3c4da50, 0x000001dfcd174250, 0x000001dfcd175870, 0x000001dfcd15fd00,
0x000001dfcd1618d0, 0x000001dfcd162690, 0x000001dfcd2efbb0, 0x000001dfcd2f15e0,
0x000001dfcd2f6eb0, 0x000001dfcd17e6d0, 0x000001dfcd448af0, 0x000001dfcd4544b0,
0x000001dfcd8bea10
}

Java Threads: ( => current thread )
  0x000001dfb3c4da50 JavaThread "main" [_thread_blocked, id=9308, stack(0x000000766de00000,0x000000766df00000)]
  0x000001dfcd174250 JavaThread "Reference Handler" daemon [_thread_blocked, id=18656, stack(0x000000766e500000,0x000000766e600000)]
  0x000001dfcd175870 JavaThread "Finalizer" daemon [_thread_blocked, id=3628, stack(0x000000766e600000,0x000000766e700000)]
  0x000001dfcd15fd00 JavaThread "Signal Dispatcher" daemon [_thread_blocked, id=15440, stack(0x000000766e700000,0x000000766e800000)]
  0x000001dfcd1618d0 JavaThread "Attach Listener" daemon [_thread_blocked, id=13544, stack(0x000000766e800000,0x000000766e900000)]
  0x000001dfcd162690 JavaThread "Service Thread" daemon [_thread_blocked, id=19016, stack(0x000000766e900000,0x000000766ea00000)]
  0x000001dfcd2efbb0 JavaThread "Monitor Deflation Thread" daemon [_thread_blocked, id=9592, stack(0x000000766ea00000,0x000000766eb00000)]
  0x000001dfcd2f15e0 JavaThread "C2 CompilerThread0" daemon [_thread_blocked, id=17396, stack(0x000000766eb00000,0x000000766ec00000)]
  0x000001dfcd2f6eb0 JavaThread "C1 CompilerThread0" daemon [_thread_blocked, id=9772, stack(0x000000766ec00000,0x000000766ed00000)]
  0x000001dfcd17e6d0 JavaThread "Sweeper thread" daemon [_thread_blocked, id=2716, stack(0x000000766ed00000,0x000000766ee00000)]
  0x000001dfcd448af0 JavaThread "Notification Thread" daemon [_thread_blocked, id=13568, stack(0x000000766ee00000,0x000000766ef00000)]
  0x000001dfcd4544b0 JavaThread "Common-Cleaner" daemon [_thread_blocked, id=18644, stack(0x000000766f000000,0x000000766f100000)]
  0x000001dfcd8bea10 JavaThread "C2 CompilerThread1" daemon [_thread_blocked, id=5228, stack(0x000000766f100000,0x000000766f200000)]

Other Threads:
=>0x000001dfcd13c640 VMThread "VM Thread" [stack: 0x000000766e400000,0x000000766e500000] [id=2424]
  0x000001dfcd380600 WatcherThread [stack: 0x000000766ef00000,0x000000766f000000] [id=6180]
  0x000001dfb3ca8300 GCTaskThread "GC Thread#0" [stack: 0x000000766df00000,0x000000766e000000] [id=9732]
  0x000001dfcd95b410 GCTaskThread "GC Thread#1" [stack: 0x000000766f200000,0x000000766f300000] [id=18516]
  0x000001dfcd95b6d0 GCTaskThread "GC Thread#2" [stack: 0x000000766f300000,0x000000766f400000] [id=12268]
  0x000001dfcd9bb950 GCTaskThread "GC Thread#3" [stack: 0x000000766f400000,0x000000766f500000] [id=15156]
  0x000001dfb3cb8ed0 ConcurrentGCThread "G1 Main Marker" [stack: 0x000000766e000000,0x000000766e100000] [id=15912]
  0x000001dfb3cba090 ConcurrentGCThread "G1 Conc#0" [stack: 0x000000766e100000,0x000000766e200000] [id=13056]
  0x000001dfb3d0e010 ConcurrentGCThread "G1 Refine#0" [stack: 0x000000766e200000,0x000000766e300000] [id=19308]
  0x000001dfd3cf2c10 ConcurrentGCThread "G1 Refine#1" [stack: 0x000000766f500000,0x000000766f600000] [id=17088]
  0x000001dfb3d0ea40 ConcurrentGCThread "G1 Service" [stack: 0x000000766e300000,0x000000766e400000] [id=1848]

Threads with active compile tasks:
C2 CompilerThread0    19804 14628       4       org.jetbrains.kotlin.name.ClassId::fromString (79 bytes)
C1 CompilerThread0    19804 15127       2       org.jetbrains.kotlin.load.kotlin.JvmTypeFactoryImpl::createFromString (310 bytes)
C2 CompilerThread1    19804 14651       4       org.jetbrains.kotlin.ir.visitors.IrElementTransformerVoid::visitSimpleFunction (15 bytes)

VM state: at safepoint (normal execution)

VM Mutex/Monitor currently owned by a thread:  ([mutex/lock_event])
[0x000001dfb3c49080] Threads_lock - owner thread: 0x000001dfcd13c640
[0x000001dfb3c49740] Heap_lock - owner thread: 0x000001dfb3c4da50

Heap address: 0x0000000081c00000, size: 2020 MB, Compressed Oops mode: 32-bit

CDS archive(s) not mapped
Compressed class space mapped at: 0x0000000100000000-0x0000000140000000, reserved size: 1073741824
Narrow klass base: 0x0000000000000000, Narrow klass shift: 3, Narrow klass range: 0x140000000

GC Precious Log:
 CPUs: 4 total, 4 available
 Memory: 8073M
 Large Page Support: Disabled
 NUMA Support: Disabled
 Compressed Oops: Enabled (32-bit)
 Heap Region Size: 1M
 Heap Min Capacity: 8M
 Heap Initial Capacity: 128M
 Heap Max Capacity: 2020M
 Pre-touch: Disabled
 Parallel Workers: 4
 Concurrent Workers: 1
 Concurrent Refinement Workers: 4
 Periodic GC: Disabled

Heap:
 garbage-first heap   total 198656K, used 106407K [0x0000000081c00000, 0x0000000100000000)
  region size 1024K, 1 young (1024K), 1 survivors (1024K)
 Metaspace       used 78288K, committed 78592K, reserved 1179648K
  class space    used 8748K, committed 8896K, reserved 1048576K

Heap Regions: E=young(eden), S=young(survivor), O=old, HS=humongous(starts), HC=humongous(continues), CS=collection set, F=free, OA=open archive, CA=closed archive, TAMS=top-at-mark-start (previous, next)
|   0|0x0000000081c00000, 0x0000000081d00000, 0x0000000081d00000|100%|HS|  |TAMS 0x0000000081d00000, 0x0000000081c00000| Complete 
|   1|0x0000000081d00000, 0x0000000081e00000, 0x0000000081e00000|100%|HC|  |TAMS 0x0000000081e00000, 0x0000000081d00000| Complete 
|   2|0x0000000081e00000, 0x0000000081f00000, 0x0000000081f00000|100%|HC|  |TAMS 0x0000000081f00000, 0x0000000081e00000| Complete 
|   3|0x0000000081f00000, 0x0000000082000000, 0x0000000082000000|100%|HC|  |TAMS 0x0000000082000000, 0x0000000081f00000| Complete 
|   4|0x0000000082000000, 0x0000000082100000, 0x0000000082100000|100%| O|  |TAMS 0x0000000082100000, 0x0000000082000000| Untracked 
|   5|0x0000000082100000, 0x00000000821f1a00, 0x0000000082200000| 94%| O|  |TAMS 0x00000000821f1a00, 0x0000000082100000| Untracked 
|   6|0x0000000082200000, 0x0000000082300000, 0x0000000082300000|100%| O|  |TAMS 0x0000000082300000, 0x0000000082200000| Untracked 
|   7|0x0000000082300000, 0x0000000082400000, 0x0000000082400000|100%| O|  |TAMS 0x0000000082400000, 0x0000000082300000| Untracked 
|   8|0x0000000082400000, 0x0000000082500000, 0x0000000082500000|100%| O|  |TAMS 0x0000000082500000, 0x0000000082400000| Untracked 
|   9|0x0000000082500000, 0x0000000082600000, 0x0000000082600000|100%| O|  |TAMS 0x0000000082600000, 0x0000000082500000| Untracked 
|  10|0x0000000082600000, 0x0000000082700000, 0x0000000082700000|100%| O|  |TAMS 0x0000000082700000, 0x0000000082600000| Untracked 
|  11|0x0000000082700000, 0x0000000082800000, 0x0000000082800000|100%| O|  |TAMS 0x0000000082800000, 0x0000000082700000| Untracked 
|  12|0x0000000082800000, 0x0000000082900000, 0x0000000082900000|100%| O|  |TAMS 0x0000000082900000, 0x0000000082800000| Untracked 
|  13|0x0000000082900000, 0x0000000082a00000, 0x0000000082a00000|100%| O|  |TAMS 0x0000000082a00000, 0x0000000082900000| Untracked 
|  14|0x0000000082a00000, 0x0000000082a00000, 0x0000000082b00000|  0%| F|  |TAMS 0x0000000082a00000, 0x0000000082a00000| Untracked 
|  15|0x0000000082b00000, 0x0000000082c00000, 0x0000000082c00000|100%| O|  |TAMS 0x0000000082c00000, 0x0000000082b00000| Untracked 
|  16|0x0000000082c00000, 0x0000000082d00000, 0x0000000082d00000|100%| O|  |TAMS 0x0000000082d00000, 0x0000000082c00000| Untracked 
|  17|0x0000000082d00000, 0x0000000082e00000, 0x0000000082e00000|100%| O|  |TAMS 0x0000000082e00000, 0x0000000082d00000| Untracked 
|  18|0x0000000082e00000, 0x0000000082f00000, 0x0000000082f00000|100%| O|  |TAMS 0x0000000082f00000, 0x0000000082e00000| Untracked 
|  19|0x0000000082f00000, 0x0000000083000000, 0x0000000083000000|100%| O|  |TAMS 0x0000000083000000, 0x0000000082f00000| Untracked 
|  20|0x0000000083000000, 0x0000000083100000, 0x0000000083100000|100%| O|  |TAMS 0x0000000083100000, 0x0000000083000000| Untracked 
|  21|0x0000000083100000, 0x0000000083200000, 0x0000000083200000|100%| O|  |TAMS 0x0000000083200000, 0x0000000083100000| Untracked 
|  22|0x0000000083200000, 0x0000000083300000, 0x0000000083300000|100%| O|  |TAMS 0x0000000083300000, 0x0000000083200000| Untracked 
|  23|0x0000000083300000, 0x0000000083400000, 0x0000000083400000|100%|HS|  |TAMS 0x0000000083400000, 0x0000000083300000| Complete 
|  24|0x0000000083400000, 0x0000000083500000, 0x0000000083500000|100%|HC|  |TAMS 0x0000000083500000, 0x0000000083400000| Complete 
|  25|0x0000000083500000, 0x0000000083600000, 0x0000000083600000|100%| O|  |TAMS 0x0000000083600000, 0x0000000083500000| Untracked 
|  26|0x0000000083600000, 0x0000000083700000, 0x0000000083700000|100%| O|  |TAMS 0x0000000083700000, 0x0000000083600000| Untracked 
|  27|0x0000000083700000, 0x0000000083800000, 0x0000000083800000|100%| O|  |TAMS 0x0000000083800000, 0x0000000083700000| Untracked 
|  28|0x0000000083800000, 0x0000000083900000, 0x0000000083900000|100%| O|  |TAMS 0x0000000083900000, 0x0000000083800000| Untracked 
|  29|0x0000000083900000, 0x0000000083a00000, 0x0000000083a00000|100%| O|  |TAMS 0x0000000083a00000, 0x0000000083900000| Untracked 
|  30|0x0000000083a00000, 0x0000000083b00000, 0x0000000083b00000|100%| O|  |TAMS 0x0000000083b00000, 0x0000000083a00000| Untracked 
|  31|0x0000000083b00000, 0x0000000083c00000, 0x0000000083c00000|100%| O|  |TAMS 0x0000000083c00000, 0x0000000083b00000| Untracked 
|  32|0x0000000083c00000, 0x0000000083d00000, 0x0000000083d00000|100%| O|  |TAMS 0x0000000083d00000, 0x0000000083c00000| Untracked 
|  33|0x0000000083d00000, 0x0000000083e00000, 0x0000000083e00000|100%| O|  |TAMS 0x0000000083e00000, 0x0000000083d00000| Untracked 
|  34|0x0000000083e00000, 0x0000000083f00000, 0x0000000083f00000|100%| O|  |TAMS 0x0000000083f00000, 0x0000000083e00000| Untracked 
|  35|0x0000000083f00000, 0x0000000084000000, 0x0000000084000000|100%| O|  |TAMS 0x0000000084000000, 0x0000000083f00000| Untracked 
|  36|0x0000000084000000, 0x0000000084100000, 0x0000000084100000|100%| O|  |TAMS 0x0000000084100000, 0x0000000084000000| Untracked 
|  37|0x0000000084100000, 0x0000000084200000, 0x0000000084200000|100%| O|  |TAMS 0x0000000084200000, 0x0000000084100000| Untracked 
|  38|0x0000000084200000, 0x0000000084300000, 0x0000000084300000|100%| O|  |TAMS 0x0000000084300000, 0x0000000084200000| Untracked 
|  39|0x0000000084300000, 0x0000000084400000, 0x0000000084400000|100%| O|  |TAMS 0x0000000084400000, 0x0000000084300000| Untracked 
|  40|0x0000000084400000, 0x0000000084500000, 0x0000000084500000|100%| O|  |TAMS 0x0000000084500000, 0x0000000084400000| Untracked 
|  41|0x0000000084500000, 0x0000000084600000, 0x0000000084600000|100%| O|  |TAMS 0x0000000084600000, 0x0000000084500000| Untracked 
|  42|0x0000000084600000, 0x0000000084700000, 0x0000000084700000|100%| O|  |TAMS 0x0000000084700000, 0x0000000084600000| Untracked 
|  43|0x0000000084700000, 0x0000000084800000, 0x0000000084800000|100%| O|  |TAMS 0x0000000084800000, 0x0000000084700000| Untracked 
|  44|0x0000000084800000, 0x0000000084900000, 0x0000000084900000|100%| O|  |TAMS 0x0000000084900000, 0x0000000084800000| Untracked 
|  45|0x0000000084900000, 0x0000000084a00000, 0x0000000084a00000|100%| O|  |TAMS 0x0000000084a00000, 0x0000000084900000| Untracked 
|  46|0x0000000084a00000, 0x0000000084a00000, 0x0000000084b00000|  0%| F|  |TAMS 0x0000000084a00000, 0x0000000084a00000| Untracked 
|  47|0x0000000084b00000, 0x0000000084c00000, 0x0000000084c00000|100%| O|  |TAMS 0x0000000084c00000, 0x0000000084b00000| Untracked 
|  48|0x0000000084c00000, 0x0000000084d00000, 0x0000000084d00000|100%| O|  |TAMS 0x0000000084d00000, 0x0000000084c00000| Untracked 
|  49|0x0000000084d00000, 0x0000000084e00000, 0x0000000084e00000|100%| O|  |TAMS 0x0000000084e00000, 0x0000000084d00000| Untracked 
|  50|0x0000000084e00000, 0x0000000084f00000, 0x0000000084f00000|100%| O|  |TAMS 0x0000000084e00000, 0x0000000084e00000| Untracked 
|  51|0x0000000084f00000, 0x0000000085000000, 0x0000000085000000|100%| O|  |TAMS 0x0000000085000000, 0x0000000084f00000| Untracked 
|  52|0x0000000085000000, 0x0000000085100000, 0x0000000085100000|100%| O|  |TAMS 0x0000000085100000, 0x0000000085000000| Untracked 
|  53|0x0000000085100000, 0x0000000085200000, 0x0000000085200000|100%| O|  |TAMS 0x0000000085200000, 0x0000000085100000| Untracked 
|  54|0x0000000085200000, 0x0000000085300000, 0x0000000085300000|100%| O|  |TAMS 0x0000000085300000, 0x0000000085200000| Untracked 
|  55|0x0000000085300000, 0x0000000085400000, 0x0000000085400000|100%| O|  |TAMS 0x0000000085400000, 0x0000000085300000| Untracked 
|  56|0x0000000085400000, 0x0000000085500000, 0x0000000085500000|100%| O|  |TAMS 0x0000000085500000, 0x0000000085400000| Untracked 
|  57|0x0000000085500000, 0x0000000085600000, 0x0000000085600000|100%| O|  |TAMS 0x0000000085600000, 0x0000000085500000| Untracked 
|  58|0x0000000085600000, 0x0000000085700000, 0x0000000085700000|100%| O|  |TAMS 0x0000000085700000, 0x0000000085600000| Untracked 
|  59|0x0000000085700000, 0x0000000085800000, 0x0000000085800000|100%| O|  |TAMS 0x0000000085800000, 0x0000000085700000| Untracked 
|  60|0x0000000085800000, 0x0000000085900000, 0x0000000085900000|100%|HS|  |TAMS 0x0000000085900000, 0x0000000085800000| Complete 
|  61|0x0000000085900000, 0x0000000085a00000, 0x0000000085a00000|100%|HC|  |TAMS 0x0000000085a00000, 0x0000000085900000| Complete 
|  62|0x0000000085a00000, 0x0000000085b00000, 0x0000000085b00000|100%| O|  |TAMS 0x0000000085b00000, 0x0000000085a00000| Untracked 
|  63|0x0000000085b00000, 0x0000000085c00000, 0x0000000085c00000|100%| O|  |TAMS 0x0000000085c00000, 0x0000000085b00000| Untracked 
|  64|0x0000000085c00000, 0x0000000085d00000, 0x0000000085d00000|100%| O|  |TAMS 0x0000000085d00000, 0x0000000085c00000| Untracked 
|  65|0x0000000085d00000, 0x0000000085e00000, 0x0000000085e00000|100%| O|  |TAMS 0x0000000085e00000, 0x0000000085d00000| Untracked 
|  66|0x0000000085e00000, 0x0000000085f00000, 0x0000000085f00000|100%| O|  |TAMS 0x0000000085f00000, 0x0000000085e00000| Untracked 
|  67|0x0000000085f00000, 0x0000000086000000, 0x0000000086000000|100%| O|  |TAMS 0x0000000086000000, 0x0000000085f00000| Untracked 
|  68|0x0000000086000000, 0x0000000086100000, 0x0000000086100000|100%| O|  |TAMS 0x0000000086100000, 0x0000000086000000| Untracked 
|  69|0x0000000086100000, 0x0000000086200000, 0x0000000086200000|100%| O|  |TAMS 0x0000000086200000, 0x0000000086100000| Untracked 
|  70|0x0000000086200000, 0x0000000086300000, 0x0000000086300000|100%| O|  |TAMS 0x0000000086300000, 0x0000000086200000| Untracked 
|  71|0x0000000086300000, 0x0000000086400000, 0x0000000086400000|100%| O|  |TAMS 0x0000000086400000, 0x0000000086300000| Untracked 
|  72|0x0000000086400000, 0x0000000086500000, 0x0000000086500000|100%| O|  |TAMS 0x0000000086500000, 0x0000000086400000| Untracked 
|  73|0x0000000086500000, 0x0000000086600000, 0x0000000086600000|100%| O|  |TAMS 0x0000000086600000, 0x0000000086500000| Untracked 
|  74|0x0000000086600000, 0x0000000086700000, 0x0000000086700000|100%| O|  |TAMS 0x0000000086700000, 0x0000000086600000| Untracked 
|  75|0x0000000086700000, 0x0000000086800000, 0x0000000086800000|100%| O|  |TAMS 0x0000000086800000, 0x0000000086700000| Untracked 
|  76|0x0000000086800000, 0x0000000086900000, 0x0000000086900000|100%| O|  |TAMS 0x0000000086900000, 0x0000000086800000| Untracked 
|  77|0x0000000086900000, 0x0000000086a00000, 0x0000000086a00000|100%| O|  |TAMS 0x0000000086a00000, 0x0000000086900000| Untracked 
|  78|0x0000000086a00000, 0x0000000086b00000, 0x0000000086b00000|100%| O|  |TAMS 0x0000000086b00000, 0x0000000086a00000| Untracked 
|  79|0x0000000086b00000, 0x0000000086c00000, 0x0000000086c00000|100%| O|  |TAMS 0x0000000086b00000, 0x0000000086b00000| Untracked 
|  80|0x0000000086c00000, 0x0000000086d00000, 0x0000000086d00000|100%| O|  |TAMS 0x0000000086d00000, 0x0000000086c00000| Untracked 
|  81|0x0000000086d00000, 0x0000000086e00000, 0x0000000086e00000|100%| O|  |TAMS 0x0000000086e00000, 0x0000000086d00000| Untracked 
|  82|0x0000000086e00000, 0x0000000086f00000, 0x0000000086f00000|100%| O|  |TAMS 0x0000000086f00000, 0x0000000086e00000| Untracked 
|  83|0x0000000086f00000, 0x0000000087000000, 0x0000000087000000|100%| O|  |TAMS 0x0000000087000000, 0x0000000086f00000| Untracked 
|  84|0x0000000087000000, 0x0000000087100000, 0x0000000087100000|100%| O|  |TAMS 0x0000000087100000, 0x0000000087000000| Untracked 
|  85|0x0000000087100000, 0x0000000087200000, 0x0000000087200000|100%| O|  |TAMS 0x0000000087200000, 0x0000000087100000| Untracked 
|  86|0x0000000087200000, 0x0000000087300000, 0x0000000087300000|100%| O|  |TAMS 0x0000000087300000, 0x0000000087200000| Untracked 
|  87|0x0000000087300000, 0x0000000087400000, 0x0000000087400000|100%| O|  |TAMS 0x0000000087400000, 0x0000000087300000| Untracked 
|  88|0x0000000087400000, 0x0000000087500000, 0x0000000087500000|100%| O|  |TAMS 0x0000000087500000, 0x0000000087400000| Untracked 
|  89|0x0000000087500000, 0x0000000087600000, 0x0000000087600000|100%| O|  |TAMS 0x0000000087600000, 0x0000000087500000| Untracked 
|  90|0x0000000087600000, 0x0000000087700000, 0x0000000087700000|100%| O|  |TAMS 0x0000000087700000, 0x0000000087600000| Untracked 
|  91|0x0000000087700000, 0x0000000087800000, 0x0000000087800000|100%| O|  |TAMS 0x0000000087800000, 0x0000000087700000| Untracked 
|  92|0x0000000087800000, 0x0000000087900000, 0x0000000087900000|100%| O|  |TAMS 0x0000000087900000, 0x0000000087800000| Untracked 
|  93|0x0000000087900000, 0x0000000087a00000, 0x0000000087a00000|100%| O|  |TAMS 0x00000000879b6200, 0x0000000087900000| Untracked 
|  94|0x0000000087a00000, 0x0000000087b00000, 0x0000000087b00000|100%| O|  |TAMS 0x0000000087a00000, 0x0000000087a00000| Untracked 
|  95|0x0000000087b00000, 0x0000000087c00000, 0x0000000087c00000|100%| O|  |TAMS 0x0000000087b00000, 0x0000000087b00000| Untracked 
|  96|0x0000000087c00000, 0x0000000087d00000, 0x0000000087d00000|100%| O|  |TAMS 0x0000000087c00000, 0x0000000087c00000| Untracked 
|  97|0x0000000087d00000, 0x0000000087e00000, 0x0000000087e00000|100%| O|  |TAMS 0x0000000087d00000, 0x0000000087d00000| Untracked 
|  98|0x0000000087e00000, 0x0000000087f00000, 0x0000000087f00000|100%| O|  |TAMS 0x0000000087e00000, 0x0000000087e00000| Untracked 
|  99|0x0000000087f00000, 0x0000000088000000, 0x0000000088000000|100%| O|  |TAMS 0x0000000087f00000, 0x0000000087f00000| Untracked 
| 100|0x0000000088000000, 0x0000000088100000, 0x0000000088100000|100%| O|  |TAMS 0x0000000088000000, 0x0000000088000000| Untracked 
| 101|0x0000000088100000, 0x0000000088200000, 0x0000000088200000|100%| O|  |TAMS 0x0000000088100000, 0x0000000088100000| Untracked 
| 102|0x0000000088200000, 0x0000000088300000, 0x0000000088300000|100%| O|  |TAMS 0x0000000088200000, 0x0000000088200000| Untracked 
| 103|0x0000000088300000, 0x0000000088400000, 0x0000000088400000|100%| O|  |TAMS 0x0000000088300000, 0x0000000088300000| Untracked 
| 104|0x0000000088400000, 0x00000000884f8400, 0x0000000088500000| 96%| O|  |TAMS 0x0000000088400000, 0x0000000088400000| Untracked 
| 105|0x0000000088500000, 0x0000000088500000, 0x0000000088600000|  0%| F|  |TAMS 0x0000000088500000, 0x0000000088500000| Untracked 
| 106|0x0000000088600000, 0x0000000088600000, 0x0000000088700000|  0%| F|  |TAMS 0x0000000088600000, 0x0000000088600000| Untracked 
| 107|0x0000000088700000, 0x0000000088700000, 0x0000000088800000|  0%| F|  |TAMS 0x0000000088700000, 0x0000000088700000| Untracked 
| 108|0x0000000088800000, 0x0000000088800000, 0x0000000088900000|  0%| F|  |TAMS 0x0000000088800000, 0x0000000088800000| Untracked 
| 109|0x0000000088900000, 0x0000000088900000, 0x0000000088a00000|  0%| F|  |TAMS 0x0000000088900000, 0x0000000088900000| Untracked 
| 110|0x0000000088a00000, 0x0000000088a00000, 0x0000000088b00000|  0%| F|  |TAMS 0x0000000088a00000, 0x0000000088a00000| Untracked 
| 111|0x0000000088b00000, 0x0000000088b00000, 0x0000000088c00000|  0%| F|  |TAMS 0x0000000088b00000, 0x0000000088b00000| Untracked 
| 112|0x0000000088c00000, 0x0000000088c00000, 0x0000000088d00000|  0%| F|  |TAMS 0x0000000088c00000, 0x0000000088c00000| Untracked 
| 113|0x0000000088d00000, 0x0000000088d00000, 0x0000000088e00000|  0%| F|  |TAMS 0x0000000088d00000, 0x0000000088d00000| Untracked 
| 114|0x0000000088e00000, 0x0000000088e00000, 0x0000000088f00000|  0%| F|  |TAMS 0x0000000088e00000, 0x0000000088e00000| Untracked 
| 115|0x0000000088f00000, 0x0000000088f00000, 0x0000000089000000|  0%| F|  |TAMS 0x0000000088f00000, 0x0000000088f00000| Untracked 
| 116|0x0000000089000000, 0x0000000089000000, 0x0000000089100000|  0%| F|  |TAMS 0x0000000089000000, 0x0000000089000000| Untracked 
| 117|0x0000000089100000, 0x0000000089100000, 0x0000000089200000|  0%| F|  |TAMS 0x0000000089100000, 0x0000000089100000| Untracked 
| 118|0x0000000089200000, 0x0000000089200000, 0x0000000089300000|  0%| F|  |TAMS 0x0000000089200000, 0x0000000089200000| Untracked 
| 119|0x0000000089300000, 0x0000000089300000, 0x0000000089400000|  0%| F|  |TAMS 0x0000000089300000, 0x0000000089300000| Untracked 
| 120|0x0000000089400000, 0x0000000089400000, 0x0000000089500000|  0%| F|  |TAMS 0x0000000089400000, 0x0000000089400000| Untracked 
| 121|0x0000000089500000, 0x0000000089500000, 0x0000000089600000|  0%| F|  |TAMS 0x0000000089500000, 0x0000000089500000| Untracked 
| 122|0x0000000089600000, 0x0000000089600000, 0x0000000089700000|  0%| F|  |TAMS 0x0000000089600000, 0x0000000089600000| Untracked 
| 123|0x0000000089700000, 0x0000000089700000, 0x0000000089800000|  0%| F|  |TAMS 0x0000000089700000, 0x0000000089700000| Untracked 
| 124|0x0000000089800000, 0x0000000089800000, 0x0000000089900000|  0%| F|  |TAMS 0x0000000089800000, 0x0000000089800000| Untracked 
| 125|0x0000000089900000, 0x0000000089900000, 0x0000000089a00000|  0%| F|  |TAMS 0x0000000089900000, 0x0000000089900000| Untracked 
| 126|0x0000000089a00000, 0x0000000089a00000, 0x0000000089b00000|  0%| F|  |TAMS 0x0000000089a00000, 0x0000000089a00000| Untracked 
| 127|0x0000000089b00000, 0x0000000089b00000, 0x0000000089c00000|  0%| F|  |TAMS 0x0000000089b00000, 0x0000000089b00000| Untracked 
| 128|0x0000000089c00000, 0x0000000089c00000, 0x0000000089d00000|  0%| F|  |TAMS 0x0000000089c00000, 0x0000000089c00000| Untracked 
| 129|0x0000000089d00000, 0x0000000089d00000, 0x0000000089e00000|  0%| F|  |TAMS 0x0000000089d00000, 0x0000000089d00000| Untracked 
| 130|0x0000000089e00000, 0x0000000089e00000, 0x0000000089f00000|  0%| F|  |TAMS 0x0000000089e00000, 0x0000000089e00000| Untracked 
| 131|0x0000000089f00000, 0x0000000089f00000, 0x000000008a000000|  0%| F|  |TAMS 0x0000000089f00000, 0x0000000089f00000| Untracked 
| 132|0x000000008a000000, 0x000000008a000000, 0x000000008a100000|  0%| F|  |TAMS 0x000000008a000000, 0x000000008a000000| Untracked 
| 133|0x000000008a100000, 0x000000008a100000, 0x000000008a200000|  0%| F|  |TAMS 0x000000008a100000, 0x000000008a100000| Untracked 
| 134|0x000000008a200000, 0x000000008a200000, 0x000000008a300000|  0%| F|  |TAMS 0x000000008a200000, 0x000000008a200000| Untracked 
| 135|0x000000008a300000, 0x000000008a300000, 0x000000008a400000|  0%| F|  |TAMS 0x000000008a300000, 0x000000008a300000| Untracked 
| 136|0x000000008a400000, 0x000000008a400000, 0x000000008a500000|  0%| F|  |TAMS 0x000000008a400000, 0x000000008a400000| Untracked 
| 137|0x000000008a500000, 0x000000008a500000, 0x000000008a600000|  0%| F|  |TAMS 0x000000008a500000, 0x000000008a500000| Untracked 
| 138|0x000000008a600000, 0x000000008a600000, 0x000000008a700000|  0%| F|  |TAMS 0x000000008a600000, 0x000000008a600000| Untracked 
| 139|0x000000008a700000, 0x000000008a700000, 0x000000008a800000|  0%| F|  |TAMS 0x000000008a700000, 0x000000008a700000| Untracked 
| 140|0x000000008a800000, 0x000000008a800000, 0x000000008a900000|  0%| F|  |TAMS 0x000000008a800000, 0x000000008a800000| Untracked 
| 141|0x000000008a900000, 0x000000008a900000, 0x000000008aa00000|  0%| F|  |TAMS 0x000000008a900000, 0x000000008a900000| Untracked 
| 142|0x000000008aa00000, 0x000000008aa00000, 0x000000008ab00000|  0%| F|  |TAMS 0x000000008aa00000, 0x000000008aa00000| Untracked 
| 143|0x000000008ab00000, 0x000000008ab00000, 0x000000008ac00000|  0%| F|  |TAMS 0x000000008ab00000, 0x000000008ab00000| Untracked 
| 144|0x000000008ac00000, 0x000000008ac00000, 0x000000008ad00000|  0%| F|  |TAMS 0x000000008ac00000, 0x000000008ac00000| Untracked 
| 145|0x000000008ad00000, 0x000000008ad00000, 0x000000008ae00000|  0%| F|  |TAMS 0x000000008ad00000, 0x000000008ad00000| Untracked 
| 146|0x000000008ae00000, 0x000000008ae00000, 0x000000008af00000|  0%| F|  |TAMS 0x000000008ae00000, 0x000000008ae00000| Untracked 
| 147|0x000000008af00000, 0x000000008af00000, 0x000000008b000000|  0%| F|  |TAMS 0x000000008af00000, 0x000000008af00000| Untracked 
| 148|0x000000008b000000, 0x000000008b000000, 0x000000008b100000|  0%| F|  |TAMS 0x000000008b000000, 0x000000008b000000| Untracked 
| 149|0x000000008b100000, 0x000000008b100000, 0x000000008b200000|  0%| F|  |TAMS 0x000000008b100000, 0x000000008b100000| Untracked 
| 150|0x000000008b200000, 0x000000008b200000, 0x000000008b300000|  0%| F|  |TAMS 0x000000008b200000, 0x000000008b200000| Untracked 
| 151|0x000000008b300000, 0x000000008b300000, 0x000000008b400000|  0%| F|  |TAMS 0x000000008b300000, 0x000000008b300000| Untracked 
| 152|0x000000008b400000, 0x000000008b400000, 0x000000008b500000|  0%| F|  |TAMS 0x000000008b400000, 0x000000008b400000| Untracked 
| 153|0x000000008b500000, 0x000000008b500000, 0x000000008b600000|  0%| F|  |TAMS 0x000000008b500000, 0x000000008b500000| Untracked 
| 154|0x000000008b600000, 0x000000008b600000, 0x000000008b700000|  0%| F|  |TAMS 0x000000008b600000, 0x000000008b600000| Untracked 
| 155|0x000000008b700000, 0x000000008b700000, 0x000000008b800000|  0%| F|  |TAMS 0x000000008b700000, 0x000000008b700000| Untracked 
| 156|0x000000008b800000, 0x000000008b800000, 0x000000008b900000|  0%| F|  |TAMS 0x000000008b800000, 0x000000008b800000| Untracked 
| 157|0x000000008b900000, 0x000000008b900000, 0x000000008ba00000|  0%| F|  |TAMS 0x000000008b900000, 0x000000008b900000| Untracked 
| 158|0x000000008ba00000, 0x000000008ba00000, 0x000000008bb00000|  0%| F|  |TAMS 0x000000008ba00000, 0x000000008ba00000| Untracked 
| 159|0x000000008bb00000, 0x000000008bb00000, 0x000000008bc00000|  0%| F|  |TAMS 0x000000008bb00000, 0x000000008bb00000| Untracked 
| 160|0x000000008bc00000, 0x000000008bc00000, 0x000000008bd00000|  0%| F|  |TAMS 0x000000008bc00000, 0x000000008bc00000| Untracked 
| 161|0x000000008bd00000, 0x000000008bd00000, 0x000000008be00000|  0%| F|  |TAMS 0x000000008bd00000, 0x000000008bd00000| Untracked 
| 162|0x000000008be00000, 0x000000008be00000, 0x000000008bf00000|  0%| F|  |TAMS 0x000000008be00000, 0x000000008be00000| Untracked 
| 163|0x000000008bf00000, 0x000000008bf00000, 0x000000008c000000|  0%| F|  |TAMS 0x000000008bf00000, 0x000000008bf00000| Untracked 
| 164|0x000000008c000000, 0x000000008c000000, 0x000000008c100000|  0%| F|  |TAMS 0x000000008c000000, 0x000000008c000000| Untracked 
| 165|0x000000008c100000, 0x000000008c100000, 0x000000008c200000|  0%| F|  |TAMS 0x000000008c100000, 0x000000008c100000| Untracked 
| 166|0x000000008c200000, 0x000000008c200000, 0x000000008c300000|  0%| F|  |TAMS 0x000000008c200000, 0x000000008c200000| Untracked 
| 167|0x000000008c300000, 0x000000008c300000, 0x000000008c400000|  0%| F|  |TAMS 0x000000008c300000, 0x000000008c300000| Untracked 
| 168|0x000000008c400000, 0x000000008c400000, 0x000000008c500000|  0%| F|  |TAMS 0x000000008c400000, 0x000000008c400000| Untracked 
| 169|0x000000008c500000, 0x000000008c500000, 0x000000008c600000|  0%| F|  |TAMS 0x000000008c500000, 0x000000008c500000| Untracked 
| 170|0x000000008c600000, 0x000000008c600000, 0x000000008c700000|  0%| F|  |TAMS 0x000000008c600000, 0x000000008c600000| Untracked 
| 171|0x000000008c700000, 0x000000008c700000, 0x000000008c800000|  0%| F|  |TAMS 0x000000008c700000, 0x000000008c700000| Untracked 
| 172|0x000000008c800000, 0x000000008c800000, 0x000000008c900000|  0%| F|  |TAMS 0x000000008c800000, 0x000000008c800000| Untracked 
| 173|0x000000008c900000, 0x000000008c900000, 0x000000008ca00000|  0%| F|  |TAMS 0x000000008c900000, 0x000000008c900000| Untracked 
| 174|0x000000008ca00000, 0x000000008ca00000, 0x000000008cb00000|  0%| F|  |TAMS 0x000000008ca00000, 0x000000008ca00000| Untracked 
| 175|0x000000008cb00000, 0x000000008cb00000, 0x000000008cc00000|  0%| F|  |TAMS 0x000000008cb00000, 0x000000008cb00000| Untracked 
| 176|0x000000008cc00000, 0x000000008cc00000, 0x000000008cd00000|  0%| F|  |TAMS 0x000000008cc00000, 0x000000008cc00000| Untracked 
| 177|0x000000008cd00000, 0x000000008cd00000, 0x000000008ce00000|  0%| F|  |TAMS 0x000000008cd00000, 0x000000008cd00000| Untracked 
| 178|0x000000008ce00000, 0x000000008ce00000, 0x000000008cf00000|  0%| F|  |TAMS 0x000000008ce00000, 0x000000008ce00000| Untracked 
| 179|0x000000008cf00000, 0x000000008cf00000, 0x000000008d000000|  0%| F|  |TAMS 0x000000008cf00000, 0x000000008cf00000| Untracked 
| 180|0x000000008d000000, 0x000000008d000000, 0x000000008d100000|  0%| F|  |TAMS 0x000000008d000000, 0x000000008d000000| Untracked 
| 181|0x000000008d100000, 0x000000008d100000, 0x000000008d200000|  0%| F|  |TAMS 0x000000008d100000, 0x000000008d100000| Untracked 
| 182|0x000000008d200000, 0x000000008d200000, 0x000000008d300000|  0%| F|  |TAMS 0x000000008d200000, 0x000000008d200000| Untracked 
| 183|0x000000008d300000, 0x000000008d300000, 0x000000008d400000|  0%| F|  |TAMS 0x000000008d300000, 0x000000008d300000| Untracked 
| 184|0x000000008d400000, 0x000000008d400000, 0x000000008d500000|  0%| F|  |TAMS 0x000000008d400000, 0x000000008d400000| Untracked 
| 185|0x000000008d500000, 0x000000008d500000, 0x000000008d600000|  0%| F|  |TAMS 0x000000008d500000, 0x000000008d500000| Untracked 
| 186|0x000000008d600000, 0x000000008d600000, 0x000000008d700000|  0%| F|  |TAMS 0x000000008d600000, 0x000000008d600000| Untracked 
| 187|0x000000008d700000, 0x000000008d700000, 0x000000008d800000|  0%| F|  |TAMS 0x000000008d700000, 0x000000008d700000| Untracked 
| 188|0x000000008d800000, 0x000000008d800000, 0x000000008d900000|  0%| F|  |TAMS 0x000000008d800000, 0x000000008d800000| Untracked 
| 189|0x000000008d900000, 0x000000008da00000, 0x000000008da00000|100%| S|CS|TAMS 0x000000008d900000, 0x000000008d900000| Complete 
| 190|0x000000008da00000, 0x000000008da00000, 0x000000008db00000|  0%| F|  |TAMS 0x000000008da00000, 0x000000008da00000| Untracked 
| 191|0x000000008db00000, 0x000000008db00000, 0x000000008dc00000|  0%| F|  |TAMS 0x000000008db00000, 0x000000008db00000| Untracked 
| 192|0x000000008dc00000, 0x000000008dc00000, 0x000000008dd00000|  0%| F|  |TAMS 0x000000008dc00000, 0x000000008dc00000| Untracked 
| 193|0x000000008dd00000, 0x000000008dd00000, 0x000000008de00000|  0%| F|  |TAMS 0x000000008dd00000, 0x000000008dd00000| Untracked 

Card table byte_map: [0x000001dfc6530000,0x000001dfc6930000] _byte_map_base: 0x000001dfc6122000

Marking Bits (Prev, Next): (CMBitMap*) 0x000001dfb3ca8920, (CMBitMap*) 0x000001dfb3ca8960
 Prev Bits: [0x000001dfc6d30000, 0x000001dfc8cc0000)
 Next Bits: [0x000001dfc8cc0000, 0x000001dfcac50000)

Polling page: 0x000001dfb1bd0000

Metaspace:

Usage:
  Non-class:     67.91 MB used.
      Class:      8.54 MB used.
       Both:     76.45 MB used.

Virtual space:
  Non-class space:      128.00 MB reserved,      68.06 MB ( 53%) committed,  2 nodes.
      Class space:        1.00 GB reserved,       8.69 MB ( <1%) committed,  1 nodes.
             Both:        1.12 GB reserved,      76.75 MB (  7%) committed. 

Chunk freelists:
   Non-Class:  11.14 MB
       Class:  7.34 MB
        Both:  18.48 MB

MaxMetaspaceSize: unlimited
CompressedClassSpaceSize: 1.00 GB
Initial GC threshold: 21.00 MB
Current GC threshold: 126.88 MB
CDS: off
MetaspaceReclaimPolicy: balanced
 - commit_granule_bytes: 65536.
 - commit_granule_words: 8192.
 - virtual_space_node_default_size: 8388608.
 - enlarge_chunks_in_place: 1.
 - new_chunks_are_fully_committed: 0.
 - uncommit_free_chunks: 1.
 - use_allocation_guard: 0.
 - handle_deallocations: 1.


Internal statistics:

num_allocs_failed_limit: 3.
num_arena_births: 392.
num_arena_deaths: 0.
num_vsnodes_births: 3.
num_vsnodes_deaths: 0.
num_space_committed: 1226.
num_space_uncommitted: 0.
num_chunks_returned_to_freelist: 3.
num_chunks_taken_from_freelist: 3034.
num_chunk_merges: 3.
num_chunk_splits: 2375.
num_chunks_enlarged: 2038.
num_inconsistent_stats: 0.

CodeHeap 'non-profiled nmethods': size=120000Kb used=6740Kb max_used=6740Kb free=113259Kb
 bounds [0x000001dfbec00000, 0x000001dfbf2a0000, 0x000001dfc6130000]
CodeHeap 'profiled nmethods': size=120000Kb used=32701Kb max_used=32701Kb free=87298Kb
 bounds [0x000001dfb7130000, 0x000001dfb9130000, 0x000001dfbe660000]
CodeHeap 'non-nmethods': size=5760Kb used=1387Kb max_used=1503Kb free=4372Kb
 bounds [0x000001dfbe660000, 0x000001dfbe8d0000, 0x000001dfbec00000]
 total_blobs=13181 nmethods=12469 adapters=621
 compilation: enabled
              stopped_count=0, restarted_count=0
 full_count=0

Compilation events (20 events):
Event: 19.725 Thread 0x000001dfcd2f6eb0 nmethod 15117 0x000001dfb9112990 code [0x000001dfb9112b80, 0x000001dfb9112ec8]
Event: 19.725 Thread 0x000001dfcd2f6eb0 15118       2       org.jetbrains.kotlin.load.kotlin.MethodSignatureMappingKt::forceSingleValueParameterBoxing (250 bytes)
Event: 19.727 Thread 0x000001dfcd2f6eb0 nmethod 15118 0x000001dfb9113110 code [0x000001dfb9113600, 0x000001dfb9114938]
Event: 19.729 Thread 0x000001dfcd2f6eb0 15119       2       org.jetbrains.kotlin.load.kotlin.MethodSignatureMappingKt::computeJvmDescriptor (220 bytes)
Event: 19.730 Thread 0x000001dfcd2f6eb0 nmethod 15119 0x000001dfb9115410 code [0x000001dfb91157e0, 0x000001dfb9116378]
Event: 19.730 Thread 0x000001dfcd2f6eb0 15120       2       org.jetbrains.kotlin.utils.SmartSet$ArrayIterator::next (10 bytes)
Event: 19.730 Thread 0x000001dfcd2f6eb0 nmethod 15120 0x000001dfb9116b90 code [0x000001dfb9116d20, 0x000001dfb9116e48]
Event: 19.739 Thread 0x000001dfcd2f6eb0 15121       2       org.jetbrains.kotlin.types.checker.SimpleClassicTypeSystemContext::asDynamicType (6 bytes)
Event: 19.739 Thread 0x000001dfcd2f6eb0 nmethod 15121 0x000001dfb9116f10 code [0x000001dfb91170a0, 0x000001dfb91171c8]
Event: 19.741 Thread 0x000001dfcd2f6eb0 15122       2       org.jetbrains.kotlin.load.kotlin.MethodSignatureBuildingUtilsKt::signature (28 bytes)
Event: 19.741 Thread 0x000001dfcd2f6eb0 nmethod 15122 0x000001dfb9117290 code [0x000001dfb9117500, 0x000001dfb9117af8]
Event: 19.741 Thread 0x000001dfcd2f6eb0 15123       2       org.jetbrains.kotlin.load.java.typeEnhancement.PredefinedEnhancementInfoKt::getPREDEFINED_FUNCTION_ENHANCEMENT_INFO_BY_SIGNATURE (4 bytes)
Event: 19.742 Thread 0x000001dfcd2f6eb0 nmethod 15123 0x000001dfb7d6a710 code [0x000001dfb7d6a8a0, 0x000001dfb7d6a998]
Event: 19.747 Thread 0x000001dfcd2f6eb0 15125       2       org.jetbrains.kotlin.descriptors.impl.FunctionDescriptorImpl::doSubstitute (1003 bytes)
Event: 19.750 Thread 0x000001dfcd2f6eb0 nmethod 15125 0x000001dfb9117f10 code [0x000001dfb91184c0, 0x000001dfb911a2f8]
Event: 19.750 Thread 0x000001dfcd2f6eb0 15126       2       org.jetbrains.kotlin.load.java.typeEnhancement.SignatureEnhancement::enhanceSignature (1288 bytes)
Event: 19.759 Thread 0x000001dfcd2f6eb0 nmethod 15126 0x000001dfb911b410 code [0x000001dfb911bdc0, 0x000001dfb911f8a8]
Event: 19.759 Thread 0x000001dfcd2f6eb0 15128       2       org.jetbrains.kotlin.load.java.lazy.descriptors.LazyJavaClassMemberScope::computeImplicitlyDeclaredFunctions (198 bytes)
Event: 19.760 Thread 0x000001dfcd2f6eb0 nmethod 15128 0x000001dfb9122090 code [0x000001dfb9122480, 0x000001dfb91233c8]
Event: 19.760 Thread 0x000001dfcd2f6eb0 15127       2       org.jetbrains.kotlin.load.kotlin.JvmTypeFactoryImpl::createFromString (310 bytes)

GC Heap History (20 events):
Event: 7.437 GC heap after
{Heap after GC invocations=26 (full 0):
 garbage-first heap   total 167936K, used 60573K [0x0000000081c00000, 0x0000000100000000)
  region size 1024K, 5 young (5120K), 5 survivors (5120K)
 Metaspace       used 62323K, committed 62592K, reserved 1114112K
  class space    used 7431K, committed 7552K, reserved 1048576K
}
Event: 7.459 GC heap before
{Heap before GC invocations=26 (full 0):
 garbage-first heap   total 167936K, used 63645K [0x0000000081c00000, 0x0000000100000000)
  region size 1024K, 8 young (8192K), 5 survivors (5120K)
 Metaspace       used 62339K, committed 62592K, reserved 1114112K
  class space    used 7431K, committed 7552K, reserved 1048576K
}
Event: 7.466 GC heap after
{Heap after GC invocations=27 (full 0):
 garbage-first heap   total 167936K, used 60752K [0x0000000081c00000, 0x0000000100000000)
  region size 1024K, 1 young (1024K), 1 survivors (1024K)
 Metaspace       used 62339K, committed 62592K, reserved 1114112K
  class space    used 7431K, committed 7552K, reserved 1048576K
}
Event: 10.348 GC heap before
{Heap before GC invocations=27 (full 0):
 garbage-first heap   total 167936K, used 136528K [0x0000000081c00000, 0x0000000100000000)
  region size 1024K, 75 young (76800K), 1 survivors (1024K)
 Metaspace       used 66763K, committed 67136K, reserved 1114112K
  class space    used 7738K, committed 7936K, reserved 1048576K
}
Event: 10.369 GC heap after
{Heap after GC invocations=28 (full 0):
 garbage-first heap   total 167936K, used 70835K [0x0000000081c00000, 0x0000000100000000)
  region size 1024K, 10 young (10240K), 10 survivors (10240K)
 Metaspace       used 66763K, committed 67136K, reserved 1114112K
  class space    used 7738K, committed 7936K, reserved 1048576K
}
Event: 13.702 GC heap before
{Heap before GC invocations=28 (full 0):
 garbage-first heap   total 167936K, used 133299K [0x0000000081c00000, 0x0000000100000000)
  region size 1024K, 69 young (70656K), 10 survivors (10240K)
 Metaspace       used 67992K, committed 68288K, reserved 1114112K
  class space    used 7781K, committed 7936K, reserved 1048576K
}
Event: 13.731 GC heap after
{Heap after GC invocations=29 (full 0):
 garbage-first heap   total 167936K, used 80596K [0x0000000081c00000, 0x0000000100000000)
  region size 1024K, 8 young (8192K), 8 survivors (8192K)
 Metaspace       used 67992K, committed 68288K, reserved 1114112K
  class space    used 7781K, committed 7936K, reserved 1048576K
}
Event: 15.530 GC heap before
{Heap before GC invocations=29 (full 0):
 garbage-first heap   total 167936K, used 132820K [0x0000000081c00000, 0x0000000100000000)
  region size 1024K, 58 young (59392K), 8 survivors (8192K)
 Metaspace       used 68459K, committed 68800K, reserved 1114112K
  class space    used 7804K, committed 8000K, reserved 1048576K
}
Event: 15.552 GC heap after
{Heap after GC invocations=30 (full 0):
 garbage-first heap   total 167936K, used 86906K [0x0000000081c00000, 0x0000000100000000)
  region size 1024K, 6 young (6144K), 6 survivors (6144K)
 Metaspace       used 68459K, committed 68800K, reserved 1114112K
  class space    used 7804K, committed 8000K, reserved 1048576K
}
Event: 16.830 GC heap before
{Heap before GC invocations=30 (full 0):
 garbage-first heap   total 167936K, used 134010K [0x0000000081c00000, 0x0000000100000000)
  region size 1024K, 52 young (53248K), 6 survivors (6144K)
 Metaspace       used 69286K, committed 69568K, reserved 1114112K
  class space    used 7854K, committed 8000K, reserved 1048576K
}
Event: 16.845 GC heap after
{Heap after GC invocations=31 (full 0):
 garbage-first heap   total 167936K, used 90461K [0x0000000081c00000, 0x0000000100000000)
  region size 1024K, 4 young (4096K), 4 survivors (4096K)
 Metaspace       used 69286K, committed 69568K, reserved 1114112K
  class space    used 7854K, committed 8000K, reserved 1048576K
}
Event: 18.073 GC heap before
{Heap before GC invocations=32 (full 0):
 garbage-first heap   total 167936K, used 135517K [0x0000000081c00000, 0x0000000100000000)
  region size 1024K, 48 young (49152K), 4 survivors (4096K)
 Metaspace       used 75326K, committed 75584K, reserved 1179648K
  class space    used 8435K, committed 8576K, reserved 1048576K
}
Event: 18.087 GC heap after
{Heap after GC invocations=33 (full 0):
 garbage-first heap   total 167936K, used 95174K [0x0000000081c00000, 0x0000000100000000)
  region size 1024K, 6 young (6144K), 6 survivors (6144K)
 Metaspace       used 75326K, committed 75584K, reserved 1179648K
  class space    used 8435K, committed 8576K, reserved 1048576K
}
Event: 18.121 GC heap before
{Heap before GC invocations=33 (full 0):
 garbage-first heap   total 167936K, used 97222K [0x0000000081c00000, 0x0000000100000000)
  region size 1024K, 8 young (8192K), 6 survivors (6144K)
 Metaspace       used 75342K, committed 75648K, reserved 1179648K
  class space    used 8435K, committed 8576K, reserved 1048576K
}
Event: 18.132 GC heap after
{Heap after GC invocations=34 (full 0):
 garbage-first heap   total 167936K, used 94879K [0x0000000081c00000, 0x0000000100000000)
  region size 1024K, 1 young (1024K), 1 survivors (1024K)
 Metaspace       used 75342K, committed 75648K, reserved 1179648K
  class space    used 8435K, committed 8576K, reserved 1048576K
}
Event: 18.990 GC heap before
{Heap before GC invocations=34 (full 0):
 garbage-first heap   total 167936K, used 136863K [0x0000000081c00000, 0x0000000100000000)
  region size 1024K, 42 young (43008K), 1 survivors (1024K)
 Metaspace       used 77210K, committed 77568K, reserved 1179648K
  class space    used 8644K, committed 8832K, reserved 1048576K
}
Event: 19.006 GC heap after
{Heap after GC invocations=35 (full 0):
 garbage-first heap   total 167936K, used 101318K [0x0000000081c00000, 0x0000000100000000)
  region size 1024K, 6 young (6144K), 6 survivors (6144K)
 Metaspace       used 77210K, committed 77568K, reserved 1179648K
  class space    used 8644K, committed 8832K, reserved 1048576K
}
Event: 19.669 GC heap before
{Heap before GC invocations=36 (full 0):
 garbage-first heap   total 198656K, used 137158K [0x0000000081c00000, 0x0000000100000000)
  region size 1024K, 41 young (41984K), 6 survivors (6144K)
 Metaspace       used 78223K, committed 78528K, reserved 1179648K
  class space    used 8744K, committed 8896K, reserved 1048576K
}
Event: 19.684 GC heap after
{Heap after GC invocations=37 (full 0):
 garbage-first heap   total 198656K, used 106514K [0x0000000081c00000, 0x0000000100000000)
  region size 1024K, 5 young (5120K), 5 survivors (5120K)
 Metaspace       used 78223K, committed 78528K, reserved 1179648K
  class space    used 8744K, committed 8896K, reserved 1048576K
}
Event: 19.761 GC heap before
{Heap before GC invocations=37 (full 0):
 garbage-first heap   total 198656K, used 110610K [0x0000000081c00000, 0x0000000100000000)
  region size 1024K, 9 young (9216K), 5 survivors (5120K)
 Metaspace       used 78288K, committed 78592K, reserved 1179648K
  class space    used 8748K, committed 8896K, reserved 1048576K
}

Dll operation events (2 events):
Event: 0.008 Loaded shared library D:\android\jbr\bin\java.dll
Event: 1.508 Loaded shared library D:\android\jbr\bin\verify.dll

Deoptimization events (20 events):
Event: 19.469 Thread 0x000001dfb3c4da50 Uncommon trap: trap_request=0xffffffc6 fr.pc=0x000001dfbf25b524 relative=0x0000000000000f44
Event: 19.470 Thread 0x000001dfb3c4da50 Uncommon trap: reason=bimorphic_or_optimized_type_check action=maybe_recompile pc=0x000001dfbf25b524 method=org.jetbrains.kotlin.ir.util.TransformKt.transformIfNeeded(Ljava/util/List;Lorg/jetbrains/kotlin/ir/visitors/IrElementTransformer;Ljava/lang/Object
Event: 19.470 Thread 0x000001dfb3c4da50 DEOPT PACKING pc=0x000001dfbf25b524 sp=0x000000766def8f10
Event: 19.470 Thread 0x000001dfb3c4da50 DEOPT UNPACKING pc=0x000001dfbe6b69a3 sp=0x000000766def8e80 mode 2
Event: 19.470 Thread 0x000001dfb3c4da50 Uncommon trap: trap_request=0xffffffc6 fr.pc=0x000001dfbf25b524 relative=0x0000000000000f44
Event: 19.470 Thread 0x000001dfb3c4da50 Uncommon trap: reason=bimorphic_or_optimized_type_check action=maybe_recompile pc=0x000001dfbf25b524 method=org.jetbrains.kotlin.ir.util.TransformKt.transformIfNeeded(Ljava/util/List;Lorg/jetbrains/kotlin/ir/visitors/IrElementTransformer;Ljava/lang/Object
Event: 19.470 Thread 0x000001dfb3c4da50 DEOPT PACKING pc=0x000001dfbf25b524 sp=0x000000766defcb90
Event: 19.470 Thread 0x000001dfb3c4da50 DEOPT UNPACKING pc=0x000001dfbe6b69a3 sp=0x000000766defcb00 mode 2
Event: 19.470 Thread 0x000001dfb3c4da50 Uncommon trap: trap_request=0xffffffc6 fr.pc=0x000001dfbf25b524 relative=0x0000000000000f44
Event: 19.470 Thread 0x000001dfb3c4da50 Uncommon trap: reason=bimorphic_or_optimized_type_check action=maybe_recompile pc=0x000001dfbf25b524 method=org.jetbrains.kotlin.ir.util.TransformKt.transformIfNeeded(Ljava/util/List;Lorg/jetbrains/kotlin/ir/visitors/IrElementTransformer;Ljava/lang/Object
Event: 19.470 Thread 0x000001dfb3c4da50 DEOPT PACKING pc=0x000001dfbf25b524 sp=0x000000766def9030
Event: 19.470 Thread 0x000001dfb3c4da50 DEOPT UNPACKING pc=0x000001dfbe6b69a3 sp=0x000000766def8fa0 mode 2
Event: 19.485 Thread 0x000001dfb3c4da50 Uncommon trap: trap_request=0xffffffc6 fr.pc=0x000001dfbf256120 relative=0x0000000000000540
Event: 19.485 Thread 0x000001dfb3c4da50 Uncommon trap: reason=bimorphic_or_optimized_type_check action=maybe_recompile pc=0x000001dfbf256120 method=org.jetbrains.kotlin.ir.util.TransformKt.transformIfNeeded(Ljava/util/List;Lorg/jetbrains/kotlin/ir/visitors/IrElementTransformer;Ljava/lang/Object
Event: 19.485 Thread 0x000001dfb3c4da50 DEOPT PACKING pc=0x000001dfbf256120 sp=0x000000766def8d90
Event: 19.485 Thread 0x000001dfb3c4da50 DEOPT UNPACKING pc=0x000001dfbe6b69a3 sp=0x000000766def8d30 mode 2
Event: 19.728 Thread 0x000001dfb3c4da50 Uncommon trap: trap_request=0xffffffde fr.pc=0x000001dfbeef2114 relative=0x0000000000000974
Event: 19.728 Thread 0x000001dfb3c4da50 Uncommon trap: reason=class_check action=maybe_recompile pc=0x000001dfbeef2114 method=org.jetbrains.kotlin.resolve.OverridingUtil.filterOutOverridden(Ljava/util/Set;)Ljava/util/Set; @ 10 c2
Event: 19.728 Thread 0x000001dfb3c4da50 DEOPT PACKING pc=0x000001dfbeef2114 sp=0x000000766defb260
Event: 19.728 Thread 0x000001dfb3c4da50 DEOPT UNPACKING pc=0x000001dfbe6b69a3 sp=0x000000766defb230 mode 2

Classes unloaded (0 events):
No events

Classes redefined (0 events):
No events

Internal exceptions (20 events):
Event: 6.810 Thread 0x000001dfb3c4da50 Exception <a 'java/lang/NoSuchMethodError'{0x0000000089d24038}: 'void java.lang.invoke.DirectMethodHandle$Holder.invokeInterface(java.lang.Object, java.lang.Object)'> (0x0000000089d24038) 
thrown [s\src\hotspot\share\interpreter\linkResolver.cpp, line 771]
Event: 6.871 Thread 0x000001dfb3c4da50 Exception <a 'java/lang/IncompatibleClassChangeError'{0x0000000089cc9198}: Found class java.lang.Object, but interface was expected> (0x0000000089cc9198) 
thrown [s\src\hotspot\share\interpreter\linkResolver.cpp, line 838]
Event: 7.052 Thread 0x000001dfb3c4da50 Implicit null exception at 0x000001dfbed01814 to 0x000001dfbed0190c
Event: 7.052 Thread 0x000001dfb3c4da50 Implicit null exception at 0x000001dfbec69060 to 0x000001dfbec690fa
Event: 7.067 Thread 0x000001dfb3c4da50 Exception <a 'java/lang/NoSuchMethodError'{0x000000008941c610}: 'java.lang.Object java.lang.invoke.DirectMethodHandle$Holder.invokeInterface(java.lang.Object, java.lang.Object, java.lang.Object)'> (0x000000008941c610) 
thrown [s\src\hotspot\share\interpreter\linkResolver.cpp, line 771]
Event: 7.067 Thread 0x000001dfb3c4da50 Exception <a 'java/lang/IncompatibleClassChangeError'{0x000000008941ff80}: Found class java.lang.Object, but interface was expected> (0x000000008941ff80) 
thrown [s\src\hotspot\share\interpreter\linkResolver.cpp, line 838]
Event: 8.281 Thread 0x000001dfb3c4da50 Exception <a 'java/lang/NoSuchMethodError'{0x000000008ac915d8}: 'java.lang.Object java.lang.invoke.DirectMethodHandle$Holder.newInvokeSpecial(java.lang.Object, java.lang.Object, java.lang.Object, java.lang.Object, java.lang.Object, java.lang.Object, java.lang.Object)'> (0x000000008ac915d8) 
thrown [s\src\hotspot\share\interpreter\linkResolver.cpp, line 771]
Event: 8.281 Thread 0x000001dfb3c4da50 Exception <a 'java/lang/NoSuchMethodError'{0x000000008ac95ee8}: 'java.lang.Object java.lang.invoke.Invokers$Holder.linkToTargetMethod(java.lang.Object, java.lang.Object, java.lang.Object, java.lang.Object, java.lang.Object, java.lang.Object, java.lang.Object)'> (0x000000008ac95ee8) 
thrown [s\src\hotspot\share\interpreter\linkResolver.cpp, line 771]
Event: 8.314 Thread 0x000001dfb3c4da50 Exception <a 'java/lang/NoSuchMethodError'{0x000000008ab8b5c8}: 'java.lang.Object java.lang.invoke.DirectMethodHandle$Holder.newInvokeSpecial(java.lang.Object, int, java.lang.Object, java.lang.Object)'> (0x000000008ab8b5c8) 
thrown [s\src\hotspot\share\interpreter\linkResolver.cpp, line 771]
Event: 9.688 Thread 0x000001dfb3c4da50 Implicit null exception at 0x000001dfbef79eae to 0x000001dfbef7a6a0
Event: 11.644 Thread 0x000001dfb3c4da50 Exception <a 'java/lang/NoSuchMethodError'{0x000000008a11e180}: 'java.lang.Object java.lang.invoke.DirectMethodHandle$Holder.invokeStatic(java.lang.Object, int, java.lang.Object)'> (0x000000008a11e180) 
thrown [s\src\hotspot\share\interpreter\linkResolver.cpp, line 771]
Event: 15.806 Thread 0x000001dfb3c4da50 Implicit null exception at 0x000001dfbf11b06f to 0x000001dfbf11b24c
Event: 15.806 Thread 0x000001dfb3c4da50 Implicit null exception at 0x000001dfbf01762c to 0x000001dfbf0176f4
Event: 17.287 Thread 0x000001dfb3c4da50 Exception <a 'java/lang/NoSuchMethodError'{0x000000008b61d268}: 'java.lang.Object java.lang.invoke.DirectMethodHandle$Holder.invokeStaticInit(java.lang.Object, java.lang.Object, java.lang.Object, java.lang.Object)'> (0x000000008b61d268) 
thrown [s\src\hotspot\share\interpreter\linkResolver.cpp, line 771]
Event: 17.545 Thread 0x000001dfb3c4da50 Exception <a 'java/lang/NoSuchMethodError'{0x000000008a82ac00}: 'java.lang.Object java.lang.invoke.DirectMethodHandle$Holder.newInvokeSpecial(java.lang.Object, java.lang.Object, java.lang.Object, int, int)'> (0x000000008a82ac00) 
thrown [s\src\hotspot\share\interpreter\linkResolver.cpp, line 771]
Event: 17.545 Thread 0x000001dfb3c4da50 Exception <a 'java/lang/NoSuchMethodError'{0x000000008a82ea40}: 'java.lang.Object java.lang.invoke.DirectMethodHandle$Holder.invokeSpecial(java.lang.Object, java.lang.Object, java.lang.Object, java.lang.Object, int, int)'> (0x000000008a82ea40) 
thrown [s\src\hotspot\share\interpreter\linkResolver.cpp, line 771]
Event: 17.690 Thread 0x000001dfb3c4da50 Exception <a 'java/lang/NoSuchMethodError'{0x000000008a35b550}: 'java.lang.Object java.lang.invoke.DirectMethodHandle$Holder.invokeSpecial(java.lang.Object, java.lang.Object, int, int, java.lang.Object, java.lang.Object, java.lang.Object, java.lang.Object, java.lang.Object)'> (0x000000008a35b550) 
thrown [s\src\hotspot\share\interpreter\linkResolver.cpp, line 771]
Event: 17.692 Thread 0x000001dfb3c4da50 Implicit null exception at 0x000001dfbec6db16 to 0x000001dfbec6ddec
Event: 18.671 Thread 0x000001dfb3c4da50 Exception <a 'java/lang/NoSuchMethodError'{0x000000008a550dd8}: 'java.lang.Object java.lang.invoke.DirectMethodHandle$Holder.newInvokeSpecial(java.lang.Object, java.lang.Object, int, int, java.lang.Object, java.lang.Object, java.lang.Object)'> (0x000000008a550dd8) 
thrown [s\src\hotspot\share\interpreter\linkResolver.cpp, line 771]
Event: 18.672 Thread 0x000001dfb3c4da50 Exception <a 'java/lang/NoSuchMethodError'{0x000000008a555bd0}: 'java.lang.Object java.lang.invoke.DirectMethodHandle$Holder.invokeSpecial(java.lang.Object, java.lang.Object, java.lang.Object, int, int, java.lang.Object, java.lang.Object, java.lang.Object)'> (0x000000008a555bd0) 
thrown [s\src\hotspot\share\interpreter\linkResolver.cpp, line 771]

VM Operations (20 events):
Event: 19.179 Executing VM operation: HandshakeAllThreads done
Event: 19.197 Executing VM operation: HandshakeAllThreads
Event: 19.197 Executing VM operation: HandshakeAllThreads done
Event: 19.200 Executing VM operation: HandshakeAllThreads
Event: 19.200 Executing VM operation: HandshakeAllThreads done
Event: 19.295 Executing VM operation: G1PauseRemark
Event: 19.308 Executing VM operation: G1PauseRemark done
Event: 19.441 Executing VM operation: G1PauseCleanup
Event: 19.442 Executing VM operation: G1PauseCleanup done
Event: 19.442 Executing VM operation: HandshakeAllThreads
Event: 19.442 Executing VM operation: HandshakeAllThreads done
Event: 19.452 Executing VM operation: HandshakeAllThreads
Event: 19.452 Executing VM operation: HandshakeAllThreads done
Event: 19.473 Executing VM operation: HandshakeAllThreads
Event: 19.473 Executing VM operation: HandshakeAllThreads done
Event: 19.659 Executing VM operation: ICBufferFull
Event: 19.659 Executing VM operation: ICBufferFull done
Event: 19.669 Executing VM operation: G1CollectForAllocation
Event: 19.684 Executing VM operation: G1CollectForAllocation done
Event: 19.761 Executing VM operation: G1CollectForAllocation

Events (20 events):
Event: 19.081 Thread 0x000001dfcd17e6d0 flushing nmethod 0x000001dfb87f7590
Event: 19.081 Thread 0x000001dfcd17e6d0 flushing nmethod 0x000001dfb888aa90
Event: 19.083 Thread 0x000001dfcd17e6d0 flushing nmethod 0x000001dfb8b68290
Event: 19.083 Thread 0x000001dfcd17e6d0 flushing nmethod 0x000001dfb8b8be90
Event: 19.084 Thread 0x000001dfcd17e6d0 flushing nmethod 0x000001dfb8c30610
Event: 19.084 Thread 0x000001dfcd17e6d0 flushing nmethod 0x000001dfb8cd4510
Event: 19.085 Thread 0x000001dfcd17e6d0 flushing nmethod 0x000001dfb8d38190
Event: 19.085 Thread 0x000001dfcd17e6d0 flushing nmethod 0x000001dfb8d46690
Event: 19.085 Thread 0x000001dfcd17e6d0 flushing nmethod 0x000001dfb8d47c10
Event: 19.085 Thread 0x000001dfcd17e6d0 flushing nmethod 0x000001dfb8d48a10
Event: 19.085 Thread 0x000001dfcd17e6d0 flushing nmethod 0x000001dfb8d5ef90
Event: 19.085 Thread 0x000001dfcd17e6d0 flushing nmethod 0x000001dfb8d8e490
Event: 19.085 Thread 0x000001dfcd17e6d0 flushing nmethod 0x000001dfb8e32f10
Event: 19.086 Thread 0x000001dfcd17e6d0 flushing nmethod 0x000001dfb8e70410
Event: 19.549 loading class java/lang/invoke/BoundMethodHandle$Species_LLLLL
Event: 19.550 loading class java/lang/invoke/BoundMethodHandle$Species_LLLLL done
Event: 19.552 loading class java/lang/invoke/BoundMethodHandle$Species_LLLLLL
Event: 19.552 loading class java/lang/invoke/BoundMethodHandle$Species_LLLLLL done
Event: 19.553 loading class java/lang/invoke/BoundMethodHandle$Species_LLLLLLL
Event: 19.554 loading class java/lang/invoke/BoundMethodHandle$Species_LLLLLLL done


Dynamic libraries:
0x00007ff744e60000 - 0x00007ff744e6a000 	D:\android\jbr\bin\java.exe
0x00007ffb906f0000 - 0x00007ffb908e8000 	C:\WINDOWS\SYSTEM32\ntdll.dll
0x00007ffb8ec10000 - 0x00007ffb8ecd2000 	C:\WINDOWS\System32\KERNEL32.DLL
0x00007ffb8e2c0000 - 0x00007ffb8e5be000 	C:\WINDOWS\System32\KERNELBASE.dll
0x00007ffb8e610000 - 0x00007ffb8e710000 	C:\WINDOWS\System32\ucrtbase.dll
0x00007ffb61e20000 - 0x00007ffb61e3b000 	D:\android\jbr\bin\VCRUNTIME140.dll
0x00007ffb87ae0000 - 0x00007ffb87af7000 	D:\android\jbr\bin\jli.dll
0x00007ffb8e780000 - 0x00007ffb8e91d000 	C:\WINDOWS\System32\USER32.dll
0x00007ffb7b690000 - 0x00007ffb7b92a000 	C:\WINDOWS\WinSxS\amd64_microsoft.windows.common-controls_6595b64144ccf1df_6.0.19041.4355_none_60b8b9eb71f62e16\COMCTL32.dll
0x00007ffb8dd90000 - 0x00007ffb8ddb2000 	C:\WINDOWS\System32\win32u.dll
0x00007ffb8e920000 - 0x00007ffb8e9be000 	C:\WINDOWS\System32\msvcrt.dll
0x00007ffb8ebe0000 - 0x00007ffb8ec0b000 	C:\WINDOWS\System32\GDI32.dll
0x00007ffb8de60000 - 0x00007ffb8df77000 	C:\WINDOWS\System32\gdi32full.dll
0x00007ffb8ddc0000 - 0x00007ffb8de5d000 	C:\WINDOWS\System32\msvcp_win.dll
0x00007ffb8eb40000 - 0x00007ffb8eb6f000 	C:\WINDOWS\System32\IMM32.DLL
0x00007ffb88370000 - 0x00007ffb8837c000 	D:\android\jbr\bin\vcruntime140_1.dll
0x00007ffb57a20000 - 0x00007ffb57aad000 	D:\android\jbr\bin\msvcp140.dll
0x00007ffb218a0000 - 0x00007ffb22523000 	D:\android\jbr\bin\server\jvm.dll
0x00007ffb8ff80000 - 0x00007ffb90032000 	C:\WINDOWS\System32\ADVAPI32.dll
0x00007ffb903b0000 - 0x00007ffb90450000 	C:\WINDOWS\System32\sechost.dll
0x00007ffb900a0000 - 0x00007ffb901c3000 	C:\WINDOWS\System32\RPCRT4.dll
0x00007ffb8e0c0000 - 0x00007ffb8e0e7000 	C:\WINDOWS\System32\bcrypt.dll
0x00007ffb7a470000 - 0x00007ffb7a479000 	C:\WINDOWS\SYSTEM32\WSOCK32.dll
0x00007ffb67b90000 - 0x00007ffb67bb7000 	C:\WINDOWS\SYSTEM32\WINMM.dll
0x00007ffb905e0000 - 0x00007ffb9064b000 	C:\WINDOWS\System32\WS2_32.dll
0x00007ffb8b410000 - 0x00007ffb8b41a000 	C:\WINDOWS\SYSTEM32\VERSION.dll
0x00007ffb8dbf0000 - 0x00007ffb8dc3b000 	C:\WINDOWS\SYSTEM32\POWRPROF.dll
0x00007ffb8dbd0000 - 0x00007ffb8dbe2000 	C:\WINDOWS\SYSTEM32\UMPDC.dll
0x00007ffb8c570000 - 0x00007ffb8c582000 	C:\WINDOWS\SYSTEM32\kernel.appcore.dll
0x00007ffb7a0b0000 - 0x00007ffb7a0ba000 	D:\android\jbr\bin\jimage.dll
0x00007ffb83d80000 - 0x00007ffb83f64000 	C:\WINDOWS\SYSTEM32\DBGHELP.DLL
0x00007ffb67c00000 - 0x00007ffb67c34000 	C:\WINDOWS\SYSTEM32\dbgcore.DLL
0x00007ffb8e030000 - 0x00007ffb8e0b2000 	C:\WINDOWS\System32\bcryptPrimitives.dll
0x00007ffb73990000 - 0x00007ffb739b5000 	D:\android\jbr\bin\java.dll
0x00007ffb4e9d0000 - 0x00007ffb4e9e8000 	D:\android\jbr\bin\zip.dll
0x00007ffb8f810000 - 0x00007ffb8ff7f000 	C:\WINDOWS\System32\SHELL32.dll
0x00007ffb8bd80000 - 0x00007ffb8c524000 	C:\WINDOWS\SYSTEM32\windows.storage.dll
0x00007ffb8f150000 - 0x00007ffb8f4a3000 	C:\WINDOWS\System32\combase.dll
0x00007ffb8d610000 - 0x00007ffb8d63e000 	C:\WINDOWS\SYSTEM32\Wldp.dll
0x00007ffb8e9c0000 - 0x00007ffb8ea8d000 	C:\WINDOWS\System32\OLEAUT32.dll
0x00007ffb901d0000 - 0x00007ffb9027d000 	C:\WINDOWS\System32\SHCORE.dll
0x00007ffb8eb70000 - 0x00007ffb8ebc5000 	C:\WINDOWS\System32\shlwapi.dll
0x00007ffb8dcc0000 - 0x00007ffb8dce4000 	C:\WINDOWS\SYSTEM32\profapi.dll
0x00007ffb24e90000 - 0x00007ffb24ea9000 	D:\android\jbr\bin\net.dll
0x00007ffb8b4c0000 - 0x00007ffb8b5cd000 	C:\WINDOWS\SYSTEM32\WINHTTP.dll
0x00007ffb8d3f0000 - 0x00007ffb8d45a000 	C:\WINDOWS\system32\mswsock.dll
0x00007ffb24e70000 - 0x00007ffb24e86000 	D:\android\jbr\bin\nio.dll
0x00007ffb8aed0000 - 0x00007ffb8aee0000 	D:\android\jbr\bin\verify.dll

dbghelp: loaded successfully - version: 4.0.5 - missing functions: none
symbol engine: initialized successfully - sym options: 0x614 - pdb path: .;D:\android\jbr\bin;C:\WINDOWS\SYSTEM32;C:\WINDOWS\WinSxS\amd64_microsoft.windows.common-controls_6595b64144ccf1df_6.0.19041.4355_none_60b8b9eb71f62e16;D:\android\jbr\bin\server

VM Arguments:
java_command: org.jetbrains.kotlin.cli.jvm.K2JVMCompiler @D:\android\Android Project\fundflow_mobile\app\build\20241101_17545549116886164518.compiler.options
java_class_path (initial): C:\Users\USER\.gradle\caches\modules-2\files-2.1\org.jetbrains.kotlin\kotlin-compiler-embeddable\1.9.0\2c8c3a7402becca891f12739b3e9fd2dc2adbd7a\kotlin-compiler-embeddable-1.9.0.jar;C:\Users\USER\.gradle\caches\modules-2\files-2.1\org.jetbrains.kotlin\kotlin-stdlib\1.9.0\8ee15ef0c67dc83d874f412d84378d7f0eb50b63\kotlin-stdlib-1.9.0.jar;C:\Users\USER\.gradle\caches\modules-2\files-2.1\org.jetbrains.kotlin\kotlin-script-runtime\1.9.0\4b3102cbbb7e1b58d9d1adf89563f00069ffa7d1\kotlin-script-runtime-1.9.0.jar;C:\Users\USER\.gradle\caches\modules-2\files-2.1\org.jetbrains.kotlin\kotlin-reflect\1.6.10\1cbe9c92c12a94eea200d23c2bbaedaf3daf5132\kotlin-reflect-1.6.10.jar;C:\Users\USER\.gradle\caches\modules-2\files-2.1\org.jetbrains.kotlin\kotlin-daemon-embeddable\1.9.0\186543f5e28cf8d9a0290fecc2cf34301c40a65c\kotlin-daemon-embeddable-1.9.0.jar;C:\Users\USER\.gradle\caches\modules-2\files-2.1\org.jetbrains.intellij.deps\trove4j\1.0.20200330\3afb14d5f9ceb459d724e907a21145e8ff394f02\trove4j-1.0.20200330.jar;C:\Users\USER\.gradle\caches\modules-2\files-2.1\org.jetbrains.kotlin\kotlin-stdlib-common\1.9.0\cd65c21cfd1eec4d44ef09f9f52b6d9f8a720636\kotlin-stdlib-common-1.9.0.jar;C:\Users\USER\.gradle\caches\modules-2\files-2.1\org.jetbrains\annotations\13.0\919f0dfe192fb4e063e7dacadee7f8bb9a2672a9\annotations-13.0.jar
Launcher Type: SUN_STANDARD

[Global flags]
     intx CICompilerCount                          = 3                                         {product} {ergonomic}
     uint ConcGCThreads                            = 1                                         {product} {ergonomic}
     uint G1ConcRefinementThreads                  = 4                                         {product} {ergonomic}
   size_t G1HeapRegionSize                         = 1048576                                   {product} {ergonomic}
    uintx GCDrainStackTargetSize                   = 64                                        {product} {ergonomic}
   size_t InitialHeapSize                          = 134217728                                 {product} {ergonomic}
   size_t MarkStackSize                            = 4194304                                   {product} {ergonomic}
   size_t MaxHeapSize                              = 2118123520                                {product} {ergonomic}
   size_t MaxNewSize                               = 1270874112                                {product} {ergonomic}
   size_t MinHeapDeltaBytes                        = 1048576                                   {product} {ergonomic}
   size_t MinHeapSize                              = 8388608                                   {product} {ergonomic}
    uintx NonNMethodCodeHeapSize                   = 5832780                                {pd product} {ergonomic}
    uintx NonProfiledCodeHeapSize                  = 122912730                              {pd product} {ergonomic}
    uintx ProfiledCodeHeapSize                     = 122912730                              {pd product} {ergonomic}
    uintx ReservedCodeCacheSize                    = 251658240                              {pd product} {ergonomic}
     bool SegmentedCodeCache                       = true                                      {product} {ergonomic}
   size_t SoftMaxHeapSize                          = 2118123520                             {manageable} {ergonomic}
     bool UseCompressedClassPointers               = true                           {product lp64_product} {ergonomic}
     bool UseCompressedOops                        = true                           {product lp64_product} {ergonomic}
     bool UseG1GC                                  = true                                      {product} {ergonomic}
     bool UseLargePagesIndividualAllocation        = false                                  {pd product} {ergonomic}

Logging:
Log output configuration:
 #0: stdout all=warning uptime,level,tags
 #1: stderr all=off uptime,level,tags

Environment Variables:
PATH=C:\Python312\Scripts\;C:\Python312\;C:\Program Files\Common Files\Oracle\Java\javapath;C:\Program Files (x86)\Common Files\Oracle\Java\javapath;C:\Program Files (x86)\Common Files\Intel\Shared Files\cpp\bin\Intel64;C:\WINDOWS\system32;C:\WINDOWS;C:\WINDOWS\System32\Wbem;C:\WINDOWS\System32\WindowsPowerShell\v1.0\;C:\WINDOWS\System32\OpenSSH\;C:\Program Files\dotnet\;C:\Program Files\Git\cmd;C:\xampp\php;C:\composer;C:\Program Files\node-v20.17.0;C:\Program Files\Git;C:\ProgramData\chocolatey\bin;C:\Program Files\nodejs\;C:\Users\USER\AppData\Local\Microsoft\WindowsApps;;C:\Users\USER\AppData\Local\Programs\Microsoft VS Code\bin;C:\Users\USER\AppData\Roaming\Composer\vendor\bin;C:\Users\USER\AppData\Roaming\npm
USERNAME=USER
OS=Windows_NT
PROCESSOR_IDENTIFIER=Intel64 Family 6 Model 142 Stepping 9, GenuineIntel
TMP=C:\Users\USER\AppData\Local\Temp
TEMP=C:\Users\USER\AppData\Local\Temp



Periodic native trim disabled

JNI global refs:
JNI global refs: 11, weak refs: 16

JNI global refs memory usage: 843, weak refs: 841

Process memory usage:
Resident Set Size: 413276K (4% of 8267448K total physical memory with 370296K free physical memory)

OOME stack traces (most recent first):
Classloader memory used:
Loader jdk.internal.loader.ClassLoaders$AppClassLoader                                 : 8175K
Loader bootstrap                                                                       : 1408K
Loader java.net.URLClassLoader                                                         : 179K
Loader jdk.internal.reflect.DelegatingClassLoader                                      : 22629B


---------------  S Y S T E M  ---------------

OS:
 Windows 10 , 64 bit Build 19041 (10.0.19041.4957)
OS uptime: 0 days 13:48 hours
Hyper-V role detected

CPU: total 4 (initial active 4) (2 cores per cpu, 2 threads per core) family 6 model 142 stepping 9 microcode 0xf6, cx8, cmov, fxsr, ht, mmx, 3dnowpref, sse, sse2, sse3, ssse3, sse4.1, sse4.2, popcnt, lzcnt, tsc, tscinvbit, avx, avx2, aes, erms, clmul, bmi1, bmi2, rtm, adx, fma, vzeroupper, clflush, clflushopt, hv
Processor Information for all 4 processors :
  Max Mhz: 2901, Current Mhz: 2901, Mhz Limit: 2901

Memory: 4k page, system-wide physical 8073M (361M free)
TotalPageFile size 12073M (AvailPageFile size 66M)
current process WorkingSet (physical memory assigned to process): 403M, peak: 403M
current process commit charge ("private bytes"): 439M, peak: 650M

vm_info: OpenJDK 64-Bit Server VM (17.0.11+0--11852314) for windows-amd64 JRE (17.0.11+0--11852314), built on May 16 2024 21:29:20 by "androidbuild" with MS VC++ 16.10 / 16.11 (VS2019)

END.
