#
# There is insufficient memory for the Java Runtime Environment to continue.
# Native memory allocation (mmap) failed to map 134217728 bytes. Error detail: G1 virtual space
# Possible reasons:
#   The system is out of physical RAM or swap space
#   This process is running with CompressedOops enabled, and the Java Heap may be blocking the growth of the native heap
# Possible solutions:
#   Reduce memory load on the system
#   Increase physical memory or swap space
#   Check if swap backing store is full
#   Decrease Java heap size (-Xmx/-Xms)
#   Decrease number of Java threads
#   Decrease Java thread stack sizes (-Xss)
#   Set larger code cache with -XX:ReservedCodeCacheSize=
#   JVM is running with Unscaled Compressed Oops mode in which the Java heap is
#     placed in the first 4GB address space. The Java Heap base address is the
#     maximum limit for the native heap growth. Please use -XX:HeapBaseMinAddress
#     to set the Java Heap base and to place the Java Heap above 4GB virtual address.
# This output file may be truncated or incomplete.
#
#  Out of Memory Error (os_windows.cpp:3825), pid=8800, tid=18436
#
# JRE version:  (17.0.11) (build )
# Java VM: OpenJDK 64-Bit Server VM (17.0.11+0--11852314, mixed mode, sharing, tiered, compressed oops, compressed class ptrs, g1 gc, windows-amd64)
# No core dump will be written. Minidumps are not enabled by default on client versions of Windows
#

---------------  S U M M A R Y ------------

Command Line: org.jetbrains.kotlin.cli.jvm.K2JVMCompiler @D:\android\Android Project\fundflow_mobile\app\build\20241101_4249859471845580355.compiler.options

Host: Intel(R) Core(TM) i7-7600U CPU @ 2.80GHz, 4 cores, 7G,  Windows 10 , 64 bit Build 19041 (10.0.19041.4957)
Time: Fri Nov  1 10:11:23 2024 SE Asia Standard Time elapsed time: 0.028592 seconds (0d 0h 0m 0s)

---------------  T H R E A D  ---------------

Current thread (0x00000198b05bd910):  JavaThread "Unknown thread" [_thread_in_vm, id=18436, stack(0x0000003ab5b00000,0x0000003ab5c00000)]

Stack: [0x0000003ab5b00000,0x0000003ab5c00000]
Native frames: (J=compiled Java code, j=interpreted, Vv=VM code, C=native code)
V  [jvm.dll+0x687bb9]
V  [jvm.dll+0x84142a]
V  [jvm.dll+0x8430ae]
V  [jvm.dll+0x843713]
V  [jvm.dll+0x24a35f]
V  [jvm.dll+0x684989]
V  [jvm.dll+0x67923a]
V  [jvm.dll+0x30af0b]
V  [jvm.dll+0x3123b6]
V  [jvm.dll+0x361dfe]
V  [jvm.dll+0x36202f]
V  [jvm.dll+0x2e0d38]
V  [jvm.dll+0x2e1ca4]
V  [jvm.dll+0x811f21]
V  [jvm.dll+0x36fb68]
V  [jvm.dll+0x7f0896]
V  [jvm.dll+0x3f3d2f]
V  [jvm.dll+0x3f58e1]
C  [jli.dll+0x528f]
C  [ucrtbase.dll+0x21bb2]
C  [KERNEL32.DLL+0x17374]
C  [ntdll.dll+0x4cc91]


---------------  P R O C E S S  ---------------

Threads class SMR info:
_java_thread_list=0x00007ffb223defd8, length=0, elements={
}

Java Threads: ( => current thread )

Other Threads:
  0x00000198b0617fb0 GCTaskThread "GC Thread#0" [stack: 0x0000003ab5d00000,0x0000003ab5e00000] [id=2620]
  0x00000198b0628b80 ConcurrentGCThread "G1 Main Marker" [stack: 0x0000003ab5e00000,0x0000003ab5f00000] [id=15912]
  0x00000198b06295a0 ConcurrentGCThread "G1 Conc#0" [stack: 0x0000003ab5f00000,0x0000003ab6000000] [id=11284]

[error occurred during error reporting (printing all threads), id 0xc0000005, EXCEPTION_ACCESS_VIOLATION (0xc0000005) at pc=0x00007ffb21b91907]

VM state: not at safepoint (not fully initialized)

VM Mutex/Monitor currently owned by a thread:  ([mutex/lock_event])
[0x00000198b05b85a0] Heap_lock - owner thread: 0x00000198b05bd910

Heap address: 0x0000000081c00000, size: 2020 MB, Compressed Oops mode: 32-bit

CDS archive(s) mapped at: [0x0000000000000000-0x0000000000000000-0x0000000000000000), size 0, SharedBaseAddress: 0x0000000800000000, ArchiveRelocationMode: 1.
Narrow klass base: 0x0000000000000000, Narrow klass shift: 0, Narrow klass range: 0x0

GC Precious Log:
<Empty>

Heap:
 garbage-first heap   total 0K, used 0K [0x0000000081c00000, 0x0000000100000000)
  region size 1024K, 0 young (0K), 0 survivors (0K)
 Metaspace       used 0K, committed 0K, reserved 0K
  class space    used 0K, committed 0K, reserved 0K

Heap Regions: E=young(eden), S=young(survivor), O=old, HS=humongous(starts), HC=humongous(continues), CS=collection set, F=free, OA=open archive, CA=closed archive, TAMS=top-at-mark-start (previous, next)

Card table byte_map: [0x00000198c4ca0000,0x00000198c50a0000] _byte_map_base: 0x00000198c4892000

Marking Bits (Prev, Next): (CMBitMap*) 0x00000198b06185d0, (CMBitMap*) 0x00000198b0618610
 Prev Bits: [0x00000198c54a0000, 0x00000198c7430000)
 Next Bits: [0x00000198c7430000, 0x00000198c93c0000)

GC Heap History (0 events):
No events

Dll operation events (1 events):
Event: 0.018 Loaded shared library D:\android\jbr\bin\java.dll

Deoptimization events (0 events):
No events

Classes unloaded (0 events):
No events

Classes redefined (0 events):
No events

Internal exceptions (0 events):
No events

VM Operations (0 events):
No events

Events (0 events):
No events


Dynamic libraries:
0x00007ff744e60000 - 0x00007ff744e6a000 	D:\android\jbr\bin\java.exe
0x00007ffb906f0000 - 0x00007ffb908e8000 	C:\WINDOWS\SYSTEM32\ntdll.dll
0x00007ffb8ec10000 - 0x00007ffb8ecd2000 	C:\WINDOWS\System32\KERNEL32.DLL
0x00007ffb8e2c0000 - 0x00007ffb8e5be000 	C:\WINDOWS\System32\KERNELBASE.dll
0x00007ffb8e610000 - 0x00007ffb8e710000 	C:\WINDOWS\System32\ucrtbase.dll
0x00007ffb87ae0000 - 0x00007ffb87af7000 	D:\android\jbr\bin\jli.dll
0x00007ffb8e780000 - 0x00007ffb8e91d000 	C:\WINDOWS\System32\USER32.dll
0x00007ffb8dd90000 - 0x00007ffb8ddb2000 	C:\WINDOWS\System32\win32u.dll
0x00007ffb8ebe0000 - 0x00007ffb8ec0b000 	C:\WINDOWS\System32\GDI32.dll
0x00007ffb8de60000 - 0x00007ffb8df77000 	C:\WINDOWS\System32\gdi32full.dll
0x00007ffb8ddc0000 - 0x00007ffb8de5d000 	C:\WINDOWS\System32\msvcp_win.dll
0x00007ffb870e0000 - 0x00007ffb870fb000 	D:\android\jbr\bin\VCRUNTIME140.dll
0x00007ffb7b690000 - 0x00007ffb7b92a000 	C:\WINDOWS\WinSxS\amd64_microsoft.windows.common-controls_6595b64144ccf1df_6.0.19041.4355_none_60b8b9eb71f62e16\COMCTL32.dll
0x00007ffb8e920000 - 0x00007ffb8e9be000 	C:\WINDOWS\System32\msvcrt.dll
0x00007ffb8eb40000 - 0x00007ffb8eb6f000 	C:\WINDOWS\System32\IMM32.DLL
0x00007ffb89a30000 - 0x00007ffb89a3c000 	D:\android\jbr\bin\vcruntime140_1.dll
0x00007ffb57a20000 - 0x00007ffb57aad000 	D:\android\jbr\bin\msvcp140.dll
0x00007ffb218a0000 - 0x00007ffb22523000 	D:\android\jbr\bin\server\jvm.dll
0x00007ffb8ff80000 - 0x00007ffb90032000 	C:\WINDOWS\System32\ADVAPI32.dll
0x00007ffb903b0000 - 0x00007ffb90450000 	C:\WINDOWS\System32\sechost.dll
0x00007ffb900a0000 - 0x00007ffb901c3000 	C:\WINDOWS\System32\RPCRT4.dll
0x00007ffb8e0c0000 - 0x00007ffb8e0e7000 	C:\WINDOWS\System32\bcrypt.dll
0x00007ffb8dbf0000 - 0x00007ffb8dc3b000 	C:\WINDOWS\SYSTEM32\POWRPROF.dll
0x00007ffb7a470000 - 0x00007ffb7a479000 	C:\WINDOWS\SYSTEM32\WSOCK32.dll
0x00007ffb905e0000 - 0x00007ffb9064b000 	C:\WINDOWS\System32\WS2_32.dll
0x00007ffb67b90000 - 0x00007ffb67bb7000 	C:\WINDOWS\SYSTEM32\WINMM.dll
0x00007ffb8b410000 - 0x00007ffb8b41a000 	C:\WINDOWS\SYSTEM32\VERSION.dll
0x00007ffb8dbd0000 - 0x00007ffb8dbe2000 	C:\WINDOWS\SYSTEM32\UMPDC.dll
0x00007ffb8c570000 - 0x00007ffb8c582000 	C:\WINDOWS\SYSTEM32\kernel.appcore.dll
0x00007ffb7a0b0000 - 0x00007ffb7a0ba000 	D:\android\jbr\bin\jimage.dll
0x00007ffb83d80000 - 0x00007ffb83f64000 	C:\WINDOWS\SYSTEM32\DBGHELP.DLL
0x00007ffb67c00000 - 0x00007ffb67c34000 	C:\WINDOWS\SYSTEM32\dbgcore.DLL
0x00007ffb8e030000 - 0x00007ffb8e0b2000 	C:\WINDOWS\System32\bcryptPrimitives.dll
0x00007ffb73990000 - 0x00007ffb739b5000 	D:\android\jbr\bin\java.dll

dbghelp: loaded successfully - version: 4.0.5 - missing functions: none
symbol engine: initialized successfully - sym options: 0x614 - pdb path: .;D:\android\jbr\bin;C:\WINDOWS\SYSTEM32;C:\WINDOWS\WinSxS\amd64_microsoft.windows.common-controls_6595b64144ccf1df_6.0.19041.4355_none_60b8b9eb71f62e16;D:\android\jbr\bin\server

VM Arguments:
java_command: org.jetbrains.kotlin.cli.jvm.K2JVMCompiler @D:\android\Android Project\fundflow_mobile\app\build\20241101_4249859471845580355.compiler.options
java_class_path (initial): C:\Users\USER\.gradle\caches\modules-2\files-2.1\org.jetbrains.kotlin\kotlin-compiler-embeddable\1.9.0\2c8c3a7402becca891f12739b3e9fd2dc2adbd7a\kotlin-compiler-embeddable-1.9.0.jar;C:\Users\USER\.gradle\caches\modules-2\files-2.1\org.jetbrains.kotlin\kotlin-stdlib\1.9.0\8ee15ef0c67dc83d874f412d84378d7f0eb50b63\kotlin-stdlib-1.9.0.jar;C:\Users\USER\.gradle\caches\modules-2\files-2.1\org.jetbrains.kotlin\kotlin-script-runtime\1.9.0\4b3102cbbb7e1b58d9d1adf89563f00069ffa7d1\kotlin-script-runtime-1.9.0.jar;C:\Users\USER\.gradle\caches\modules-2\files-2.1\org.jetbrains.kotlin\kotlin-reflect\1.6.10\1cbe9c92c12a94eea200d23c2bbaedaf3daf5132\kotlin-reflect-1.6.10.jar;C:\Users\USER\.gradle\caches\modules-2\files-2.1\org.jetbrains.kotlin\kotlin-daemon-embeddable\1.9.0\186543f5e28cf8d9a0290fecc2cf34301c40a65c\kotlin-daemon-embeddable-1.9.0.jar;C:\Users\USER\.gradle\caches\modules-2\files-2.1\org.jetbrains.intellij.deps\trove4j\1.0.20200330\3afb14d5f9ceb459d724e907a21145e8ff394f02\trove4j-1.0.20200330.jar;C:\Users\USER\.gradle\caches\modules-2\files-2.1\org.jetbrains.kotlin\kotlin-stdlib-common\1.9.0\cd65c21cfd1eec4d44ef09f9f52b6d9f8a720636\kotlin-stdlib-common-1.9.0.jar;C:\Users\USER\.gradle\caches\modules-2\files-2.1\org.jetbrains\annotations\13.0\919f0dfe192fb4e063e7dacadee7f8bb9a2672a9\annotations-13.0.jar
Launcher Type: SUN_STANDARD

[Global flags]
     intx CICompilerCount                          = 3                                         {product} {ergonomic}
     uint ConcGCThreads                            = 1                                         {product} {ergonomic}
     uint G1ConcRefinementThreads                  = 4                                         {product} {ergonomic}
   size_t G1HeapRegionSize                         = 1048576                                   {product} {ergonomic}
    uintx GCDrainStackTargetSize                   = 64                                        {product} {ergonomic}
   size_t InitialHeapSize                          = 134217728                                 {product} {ergonomic}
   size_t MarkStackSize                            = 4194304                                   {product} {ergonomic}
   size_t MaxHeapSize                              = 2118123520                                {product} {ergonomic}
   size_t MinHeapDeltaBytes                        = 1048576                                   {product} {ergonomic}
   size_t MinHeapSize                              = 8388608                                   {product} {ergonomic}
    uintx NonNMethodCodeHeapSize                   = 5832780                                {pd product} {ergonomic}
    uintx NonProfiledCodeHeapSize                  = 122912730                              {pd product} {ergonomic}
    uintx ProfiledCodeHeapSize                     = 122912730                              {pd product} {ergonomic}
    uintx ReservedCodeCacheSize                    = 251658240                              {pd product} {ergonomic}
     bool SegmentedCodeCache                       = true                                      {product} {ergonomic}
   size_t SoftMaxHeapSize                          = 2118123520                             {manageable} {ergonomic}
     bool UseCompressedClassPointers               = true                           {product lp64_product} {ergonomic}
     bool UseCompressedOops                        = true                           {product lp64_product} {ergonomic}
     bool UseG1GC                                  = true                                      {product} {ergonomic}
     bool UseLargePagesIndividualAllocation        = false                                  {pd product} {ergonomic}

Logging:
Log output configuration:
 #0: stdout all=warning uptime,level,tags
 #1: stderr all=off uptime,level,tags

Environment Variables:
PATH=C:\Python312\Scripts\;C:\Python312\;C:\Program Files\Common Files\Oracle\Java\javapath;C:\Program Files (x86)\Common Files\Oracle\Java\javapath;C:\Program Files (x86)\Common Files\Intel\Shared Files\cpp\bin\Intel64;C:\WINDOWS\system32;C:\WINDOWS;C:\WINDOWS\System32\Wbem;C:\WINDOWS\System32\WindowsPowerShell\v1.0\;C:\WINDOWS\System32\OpenSSH\;C:\Program Files\dotnet\;C:\Program Files\Git\cmd;C:\xampp\php;C:\composer;C:\Program Files\node-v20.17.0;C:\Program Files\Git;C:\ProgramData\chocolatey\bin;C:\Program Files\nodejs\;C:\Users\USER\AppData\Local\Microsoft\WindowsApps;;C:\Users\USER\AppData\Local\Programs\Microsoft VS Code\bin;C:\Users\USER\AppData\Roaming\Composer\vendor\bin;C:\Users\USER\AppData\Roaming\npm
USERNAME=USER
OS=Windows_NT
PROCESSOR_IDENTIFIER=Intel64 Family 6 Model 142 Stepping 9, GenuineIntel
TMP=C:\Users\USER\AppData\Local\Temp
TEMP=C:\Users\USER\AppData\Local\Temp



Periodic native trim disabled

JNI global refs:
JNI global refs: 0, weak refs: 0

JNI global refs memory usage: 0, weak refs: 0

Process memory usage:
Resident Set Size: 10732K (0% of 8267448K total physical memory with 493580K free physical memory)

OOME stack traces (most recent first):
Classloader memory used:


---------------  S Y S T E M  ---------------

OS:
 Windows 10 , 64 bit Build 19041 (10.0.19041.4957)
OS uptime: 0 days 14:43 hours
Hyper-V role detected

CPU: total 4 (initial active 4) (2 cores per cpu, 2 threads per core) family 6 model 142 stepping 9 microcode 0xf6, cx8, cmov, fxsr, ht, mmx, 3dnowpref, sse, sse2, sse3, ssse3, sse4.1, sse4.2, popcnt, lzcnt, tsc, tscinvbit, avx, avx2, aes, erms, clmul, bmi1, bmi2, rtm, adx, fma, vzeroupper, clflush, clflushopt, hv
Processor Information for all 4 processors :
  Max Mhz: 2901, Current Mhz: 2901, Mhz Limit: 2901

Memory: 4k page, system-wide physical 8073M (482M free)
TotalPageFile size 12073M (AvailPageFile size 11M)
current process WorkingSet (physical memory assigned to process): 10M, peak: 10M
current process commit charge ("private bytes"): 51M, peak: 179M

vm_info: OpenJDK 64-Bit Server VM (17.0.11+0--11852314) for windows-amd64 JRE (17.0.11+0--11852314), built on May 16 2024 21:29:20 by "androidbuild" with MS VC++ 16.10 / 16.11 (VS2019)

END.
