#
# There is insufficient memory for the Java Runtime Environment to continue.
# Native memory allocation (mmap) failed to map 175112192 bytes. Error detail: G1 virtual space
# Possible reasons:
#   The system is out of physical RAM or swap space
#   This process is running with CompressedOops enabled, and the Java Heap may be blocking the growth of the native heap
# Possible solutions:
#   Reduce memory load on the system
#   Increase physical memory or swap space
#   Check if swap backing store is full
#   Decrease Java heap size (-Xmx/-Xms)
#   Decrease number of Java threads
#   Decrease Java thread stack sizes (-Xss)
#   Set larger code cache with -XX:ReservedCodeCacheSize=
#   JVM is running with Unscaled Compressed Oops mode in which the Java heap is
#     placed in the first 4GB address space. The Java Heap base address is the
#     maximum limit for the native heap growth. Please use -XX:HeapBaseMinAddress
#     to set the Java Heap base and to place the Java Heap above 4GB virtual address.
# This output file may be truncated or incomplete.
#
#  Out of Memory Error (os_windows.cpp:3825), pid=15936, tid=440
#
# JRE version: OpenJDK Runtime Environment (17.0.11) (build 17.0.11+0--11852314)
# Java VM: OpenJDK 64-Bit Server VM (17.0.11+0--11852314, mixed mode, tiered, compressed oops, compressed class ptrs, g1 gc, windows-amd64)
# No core dump will be written. Minidumps are not enabled by default on client versions of Windows
#

---------------  S U M M A R Y ------------

Command Line: org.jetbrains.kotlin.cli.jvm.K2JVMCompiler @D:\android\Android Project\fundflow_mobile\app\build\20241105_14768267561019465676.compiler.options

Host: Intel(R) Core(TM) i7-7600U CPU @ 2.80GHz, 4 cores, 7G,  Windows 10 , 64 bit Build 19041 (10.0.19041.4957)
Time: Tue Nov  5 09:26:26 2024 SE Asia Standard Time elapsed time: 21.974432 seconds (0d 0h 0m 21s)

---------------  T H R E A D  ---------------

Current thread (0x0000023a9d0171e0):  VMThread "VM Thread" [stack: 0x000000de25a00000,0x000000de25b00000] [id=440]

Stack: [0x000000de25a00000,0x000000de25b00000]
Native frames: (J=compiled Java code, j=interpreted, Vv=VM code, C=native code)
V  [jvm.dll+0x687bb9]
V  [jvm.dll+0x84142a]
V  [jvm.dll+0x8430ae]
V  [jvm.dll+0x843713]
V  [jvm.dll+0x24a35f]
V  [jvm.dll+0x684989]
V  [jvm.dll+0x67923a]
V  [jvm.dll+0x30af0b]
V  [jvm.dll+0x3123b6]
V  [jvm.dll+0x361dfe]
V  [jvm.dll+0x36202f]
V  [jvm.dll+0x2e0d38]
V  [jvm.dll+0x2df144]
V  [jvm.dll+0x2de74c]
V  [jvm.dll+0x32305b]
V  [jvm.dll+0x847e0b]
V  [jvm.dll+0x848b42]
V  [jvm.dll+0x84905d]
V  [jvm.dll+0x849434]
V  [jvm.dll+0x849500]
V  [jvm.dll+0x7efa4a]
V  [jvm.dll+0x686a35]
C  [ucrtbase.dll+0x21bb2]
C  [KERNEL32.DLL+0x17374]
C  [ntdll.dll+0x4cc91]

VM_Operation (0x000000de254fb810): G1CollectForAllocation, mode: safepoint, requested by thread 0x0000023afd760310


---------------  P R O C E S S  ---------------

Threads class SMR info:
_java_thread_list=0x0000023a9f8e3b90, length=13, elements={
0x0000023afd760310, 0x0000023a9d018ef0, 0x0000023a9d019d70, 0x0000023a9d067d00,
0x0000023a9d0698d0, 0x0000023a9d06c2a0, 0x0000023a9d06cc60, 0x0000023a9d06d950,
0x0000023a9d08aaa0, 0x0000023a9d08dba0, 0x0000023a9d1e1710, 0x0000023a9d1e62b0,
0x0000023a9e9615b0
}

Java Threads: ( => current thread )
  0x0000023afd760310 JavaThread "main" [_thread_blocked, id=4532, stack(0x000000de25400000,0x000000de25500000)]
  0x0000023a9d018ef0 JavaThread "Reference Handler" daemon [_thread_blocked, id=10564, stack(0x000000de25b00000,0x000000de25c00000)]
  0x0000023a9d019d70 JavaThread "Finalizer" daemon [_thread_blocked, id=2960, stack(0x000000de25c00000,0x000000de25d00000)]
  0x0000023a9d067d00 JavaThread "Signal Dispatcher" daemon [_thread_blocked, id=13556, stack(0x000000de25d00000,0x000000de25e00000)]
  0x0000023a9d0698d0 JavaThread "Attach Listener" daemon [_thread_blocked, id=16060, stack(0x000000de25e00000,0x000000de25f00000)]
  0x0000023a9d06c2a0 JavaThread "Service Thread" daemon [_thread_blocked, id=13552, stack(0x000000de25f00000,0x000000de26000000)]
  0x0000023a9d06cc60 JavaThread "Monitor Deflation Thread" daemon [_thread_blocked, id=7776, stack(0x000000de26000000,0x000000de26100000)]
  0x0000023a9d06d950 JavaThread "C2 CompilerThread0" daemon [_thread_in_native, id=2580, stack(0x000000de26100000,0x000000de26200000)]
  0x0000023a9d08aaa0 JavaThread "C1 CompilerThread0" daemon [_thread_blocked, id=8876, stack(0x000000de26200000,0x000000de26300000)]
  0x0000023a9d08dba0 JavaThread "Sweeper thread" daemon [_thread_blocked, id=14328, stack(0x000000de26300000,0x000000de26400000)]
  0x0000023a9d1e1710 JavaThread "Notification Thread" daemon [_thread_blocked, id=5540, stack(0x000000de26400000,0x000000de26500000)]
  0x0000023a9d1e62b0 JavaThread "Common-Cleaner" daemon [_thread_blocked, id=15032, stack(0x000000de26600000,0x000000de26700000)]
  0x0000023a9e9615b0 JavaThread "C2 CompilerThread1" daemon [_thread_in_native, id=3196, stack(0x000000de26700000,0x000000de26800000)]

Other Threads:
=>0x0000023a9d0171e0 VMThread "VM Thread" [stack: 0x000000de25a00000,0x000000de25b00000] [id=440]
  0x0000023a9d1e2000 WatcherThread [stack: 0x000000de26500000,0x000000de26600000] [id=14960]
  0x0000023afd7b83a0 GCTaskThread "GC Thread#0" [stack: 0x000000de25500000,0x000000de25600000] [id=12980]
  0x0000023a9d618630 GCTaskThread "GC Thread#1" [stack: 0x000000de26800000,0x000000de26900000] [id=16600]
  0x0000023a9d6188f0 GCTaskThread "GC Thread#2" [stack: 0x000000de26900000,0x000000de26a00000] [id=13988]
  0x0000023a9d62d940 GCTaskThread "GC Thread#3" [stack: 0x000000de26a00000,0x000000de26b00000] [id=14808]
  0x0000023afd7c8f70 ConcurrentGCThread "G1 Main Marker" [stack: 0x000000de25600000,0x000000de25700000] [id=13528]
  0x0000023afd7ca130 ConcurrentGCThread "G1 Conc#0" [stack: 0x000000de25700000,0x000000de25800000] [id=3436]
  0x0000023a98ad5c70 ConcurrentGCThread "G1 Refine#0" [stack: 0x000000de25800000,0x000000de25900000] [id=8468]
  0x0000023a9e445c10 ConcurrentGCThread "G1 Refine#1" [stack: 0x000000de26b00000,0x000000de26c00000] [id=12116]
  0x0000023a9f290670 ConcurrentGCThread "G1 Refine#2" [stack: 0x000000de26c00000,0x000000de26d00000] [id=3376]
  0x0000023afd81e8c0 ConcurrentGCThread "G1 Service" [stack: 0x000000de25900000,0x000000de25a00000] [id=18076]

Threads with active compile tasks:
C2 CompilerThread0    22000 13008       4       org.jetbrains.kotlin.resolve.calls.inference.model.NewConstraintSystemImpl::contains (26 bytes)
C2 CompilerThread1    22000 12967       4       org.jetbrains.kotlin.resolve.calls.tower.TowerResolver$Task::run$processImportingScope (53 bytes)

VM state: at safepoint (normal execution)

VM Mutex/Monitor currently owned by a thread:  ([mutex/lock_event])
[0x0000023afd758a70] Threads_lock - owner thread: 0x0000023a9d0171e0
[0x0000023afd75a690] Heap_lock - owner thread: 0x0000023afd760310

Heap address: 0x0000000081c00000, size: 2020 MB, Compressed Oops mode: 32-bit

CDS archive(s) not mapped
Compressed class space mapped at: 0x0000000100000000-0x0000000140000000, reserved size: 1073741824
Narrow klass base: 0x0000000000000000, Narrow klass shift: 3, Narrow klass range: 0x140000000

GC Precious Log:
 CPUs: 4 total, 4 available
 Memory: 8073M
 Large Page Support: Disabled
 NUMA Support: Disabled
 Compressed Oops: Enabled (32-bit)
 Heap Region Size: 1M
 Heap Min Capacity: 8M
 Heap Initial Capacity: 128M
 Heap Max Capacity: 2020M
 Pre-touch: Disabled
 Parallel Workers: 4
 Concurrent Workers: 1
 Concurrent Refinement Workers: 4
 Periodic GC: Disabled

Heap:
 garbage-first heap   total 171008K, used 95204K [0x0000000081c00000, 0x0000000100000000)
  region size 1024K, 5 young (5120K), 5 survivors (5120K)
 Metaspace       used 69225K, committed 69568K, reserved 1114112K
  class space    used 7818K, committed 8000K, reserved 1048576K

Heap Regions: E=young(eden), S=young(survivor), O=old, HS=humongous(starts), HC=humongous(continues), CS=collection set, F=free, OA=open archive, CA=closed archive, TAMS=top-at-mark-start (previous, next)
|   0|0x0000000081c00000, 0x0000000081d00000, 0x0000000081d00000|100%|HS|  |TAMS 0x0000000081d00000, 0x0000000081d00000| Complete 
|   1|0x0000000081d00000, 0x0000000081e00000, 0x0000000081e00000|100%|HC|  |TAMS 0x0000000081e00000, 0x0000000081e00000| Complete 
|   2|0x0000000081e00000, 0x0000000081f00000, 0x0000000081f00000|100%|HC|  |TAMS 0x0000000081f00000, 0x0000000081f00000| Complete 
|   3|0x0000000081f00000, 0x0000000082000000, 0x0000000082000000|100%|HC|  |TAMS 0x0000000082000000, 0x0000000082000000| Complete 
|   4|0x0000000082000000, 0x0000000082100000, 0x0000000082100000|100%| O|  |TAMS 0x0000000082100000, 0x0000000082100000| Untracked 
|   5|0x0000000082100000, 0x00000000821f2c00, 0x0000000082200000| 94%| O|  |TAMS 0x00000000821f2c00, 0x00000000821f2c00| Untracked 
|   6|0x0000000082200000, 0x0000000082300000, 0x0000000082300000|100%| O|  |TAMS 0x0000000082300000, 0x0000000082300000| Untracked 
|   7|0x0000000082300000, 0x0000000082400000, 0x0000000082400000|100%| O|  |TAMS 0x0000000082400000, 0x0000000082400000| Untracked 
|   8|0x0000000082400000, 0x0000000082500000, 0x0000000082500000|100%| O|  |TAMS 0x0000000082500000, 0x0000000082500000| Untracked 
|   9|0x0000000082500000, 0x0000000082600000, 0x0000000082600000|100%| O|  |TAMS 0x0000000082600000, 0x0000000082600000| Untracked 
|  10|0x0000000082600000, 0x0000000082700000, 0x0000000082700000|100%| O|  |TAMS 0x0000000082700000, 0x0000000082700000| Untracked 
|  11|0x0000000082700000, 0x0000000082800000, 0x0000000082800000|100%| O|  |TAMS 0x0000000082800000, 0x0000000082800000| Untracked 
|  12|0x0000000082800000, 0x0000000082900000, 0x0000000082900000|100%| O|  |TAMS 0x0000000082900000, 0x0000000082900000| Untracked 
|  13|0x0000000082900000, 0x0000000082a00000, 0x0000000082a00000|100%| O|  |TAMS 0x0000000082a00000, 0x0000000082a00000| Untracked 
|  14|0x0000000082a00000, 0x0000000082b00000, 0x0000000082b00000|100%| O|  |TAMS 0x0000000082b00000, 0x0000000082b00000| Untracked 
|  15|0x0000000082b00000, 0x0000000082c00000, 0x0000000082c00000|100%| O|  |TAMS 0x0000000082c00000, 0x0000000082c00000| Untracked 
|  16|0x0000000082c00000, 0x0000000082d00000, 0x0000000082d00000|100%| O|  |TAMS 0x0000000082d00000, 0x0000000082d00000| Untracked 
|  17|0x0000000082d00000, 0x0000000082e00000, 0x0000000082e00000|100%| O|  |TAMS 0x0000000082e00000, 0x0000000082e00000| Untracked 
|  18|0x0000000082e00000, 0x0000000082f00000, 0x0000000082f00000|100%| O|  |TAMS 0x0000000082f00000, 0x0000000082f00000| Untracked 
|  19|0x0000000082f00000, 0x0000000083000000, 0x0000000083000000|100%| O|  |TAMS 0x0000000083000000, 0x0000000083000000| Untracked 
|  20|0x0000000083000000, 0x0000000083100000, 0x0000000083100000|100%| O|  |TAMS 0x0000000083100000, 0x0000000083100000| Untracked 
|  21|0x0000000083100000, 0x0000000083200000, 0x0000000083200000|100%| O|  |TAMS 0x0000000083200000, 0x0000000083200000| Untracked 
|  22|0x0000000083200000, 0x0000000083300000, 0x0000000083300000|100%| O|  |TAMS 0x0000000083300000, 0x0000000083300000| Untracked 
|  23|0x0000000083300000, 0x0000000083400000, 0x0000000083400000|100%| O|  |TAMS 0x0000000083400000, 0x0000000083400000| Untracked 
|  24|0x0000000083400000, 0x0000000083500000, 0x0000000083500000|100%| O|  |TAMS 0x0000000083500000, 0x0000000083500000| Untracked 
|  25|0x0000000083500000, 0x0000000083600000, 0x0000000083600000|100%| O|  |TAMS 0x0000000083600000, 0x0000000083600000| Untracked 
|  26|0x0000000083600000, 0x0000000083700000, 0x0000000083700000|100%|HS|  |TAMS 0x0000000083700000, 0x0000000083700000| Complete 
|  27|0x0000000083700000, 0x0000000083800000, 0x0000000083800000|100%|HC|  |TAMS 0x0000000083800000, 0x0000000083800000| Complete 
|  28|0x0000000083800000, 0x0000000083900000, 0x0000000083900000|100%| O|  |TAMS 0x0000000083900000, 0x0000000083900000| Untracked 
|  29|0x0000000083900000, 0x0000000083a00000, 0x0000000083a00000|100%| O|  |TAMS 0x0000000083a00000, 0x0000000083a00000| Untracked 
|  30|0x0000000083a00000, 0x0000000083b00000, 0x0000000083b00000|100%| O|  |TAMS 0x0000000083b00000, 0x0000000083b00000| Untracked 
|  31|0x0000000083b00000, 0x0000000083c00000, 0x0000000083c00000|100%| O|  |TAMS 0x0000000083c00000, 0x0000000083c00000| Untracked 
|  32|0x0000000083c00000, 0x0000000083d00000, 0x0000000083d00000|100%| O|  |TAMS 0x0000000083d00000, 0x0000000083d00000| Untracked 
|  33|0x0000000083d00000, 0x0000000083e00000, 0x0000000083e00000|100%| O|  |TAMS 0x0000000083e00000, 0x0000000083e00000| Untracked 
|  34|0x0000000083e00000, 0x0000000083f00000, 0x0000000083f00000|100%| O|  |TAMS 0x0000000083f00000, 0x0000000083f00000| Untracked 
|  35|0x0000000083f00000, 0x0000000084000000, 0x0000000084000000|100%| O|  |TAMS 0x0000000084000000, 0x0000000084000000| Untracked 
|  36|0x0000000084000000, 0x0000000084100000, 0x0000000084100000|100%| O|  |TAMS 0x0000000084100000, 0x0000000084100000| Untracked 
|  37|0x0000000084100000, 0x0000000084200000, 0x0000000084200000|100%| O|  |TAMS 0x0000000084200000, 0x0000000084200000| Untracked 
|  38|0x0000000084200000, 0x0000000084300000, 0x0000000084300000|100%| O|  |TAMS 0x0000000084300000, 0x0000000084300000| Untracked 
|  39|0x0000000084300000, 0x0000000084400000, 0x0000000084400000|100%| O|  |TAMS 0x0000000084400000, 0x0000000084400000| Untracked 
|  40|0x0000000084400000, 0x0000000084500000, 0x0000000084500000|100%| O|  |TAMS 0x0000000084500000, 0x0000000084500000| Untracked 
|  41|0x0000000084500000, 0x0000000084600000, 0x0000000084600000|100%| O|  |TAMS 0x0000000084600000, 0x0000000084600000| Untracked 
|  42|0x0000000084600000, 0x0000000084700000, 0x0000000084700000|100%| O|  |TAMS 0x0000000084700000, 0x0000000084700000| Untracked 
|  43|0x0000000084700000, 0x0000000084800000, 0x0000000084800000|100%| O|  |TAMS 0x0000000084800000, 0x0000000084800000| Untracked 
|  44|0x0000000084800000, 0x0000000084900000, 0x0000000084900000|100%| O|  |TAMS 0x0000000084900000, 0x0000000084900000| Untracked 
|  45|0x0000000084900000, 0x0000000084a00000, 0x0000000084a00000|100%| O|  |TAMS 0x0000000084a00000, 0x0000000084a00000| Untracked 
|  46|0x0000000084a00000, 0x0000000084b00000, 0x0000000084b00000|100%| O|  |TAMS 0x0000000084b00000, 0x0000000084b00000| Untracked 
|  47|0x0000000084b00000, 0x0000000084c00000, 0x0000000084c00000|100%| O|  |TAMS 0x0000000084c00000, 0x0000000084c00000| Untracked 
|  48|0x0000000084c00000, 0x0000000084d00000, 0x0000000084d00000|100%| O|  |TAMS 0x0000000084d00000, 0x0000000084d00000| Untracked 
|  49|0x0000000084d00000, 0x0000000084e00000, 0x0000000084e00000|100%| O|  |TAMS 0x0000000084e00000, 0x0000000084e00000| Untracked 
|  50|0x0000000084e00000, 0x0000000084f00000, 0x0000000084f00000|100%| O|  |TAMS 0x0000000084f00000, 0x0000000084f00000| Untracked 
|  51|0x0000000084f00000, 0x0000000085000000, 0x0000000085000000|100%| O|  |TAMS 0x0000000085000000, 0x0000000085000000| Untracked 
|  52|0x0000000085000000, 0x0000000085100000, 0x0000000085100000|100%| O|  |TAMS 0x0000000085100000, 0x0000000085100000| Untracked 
|  53|0x0000000085100000, 0x0000000085200000, 0x0000000085200000|100%| O|  |TAMS 0x0000000085200000, 0x0000000085200000| Untracked 
|  54|0x0000000085200000, 0x0000000085200000, 0x0000000085300000|  0%| F|  |TAMS 0x0000000085200000, 0x0000000085200000| Untracked 
|  55|0x0000000085300000, 0x0000000085400000, 0x0000000085400000|100%| O|  |TAMS 0x0000000085400000, 0x0000000085400000| Untracked 
|  56|0x0000000085400000, 0x0000000085500000, 0x0000000085500000|100%| O|  |TAMS 0x0000000085500000, 0x0000000085500000| Untracked 
|  57|0x0000000085500000, 0x0000000085600000, 0x0000000085600000|100%| O|  |TAMS 0x0000000085600000, 0x0000000085600000| Untracked 
|  58|0x0000000085600000, 0x0000000085700000, 0x0000000085700000|100%| O|  |TAMS 0x0000000085700000, 0x0000000085700000| Untracked 
|  59|0x0000000085700000, 0x0000000085800000, 0x0000000085800000|100%| O|  |TAMS 0x0000000085800000, 0x0000000085800000| Untracked 
|  60|0x0000000085800000, 0x0000000085900000, 0x0000000085900000|100%| O|  |TAMS 0x0000000085900000, 0x0000000085900000| Untracked 
|  61|0x0000000085900000, 0x0000000085a00000, 0x0000000085a00000|100%| O|  |TAMS 0x0000000085a00000, 0x0000000085a00000| Untracked 
|  62|0x0000000085a00000, 0x0000000085b00000, 0x0000000085b00000|100%| O|  |TAMS 0x0000000085b00000, 0x0000000085b00000| Untracked 
|  63|0x0000000085b00000, 0x0000000085c00000, 0x0000000085c00000|100%| O|  |TAMS 0x0000000085c00000, 0x0000000085c00000| Untracked 
|  64|0x0000000085c00000, 0x0000000085d00000, 0x0000000085d00000|100%| O|  |TAMS 0x0000000085d00000, 0x0000000085d00000| Untracked 
|  65|0x0000000085d00000, 0x0000000085e00000, 0x0000000085e00000|100%| O|  |TAMS 0x0000000085e00000, 0x0000000085e00000| Untracked 
|  66|0x0000000085e00000, 0x0000000085f00000, 0x0000000085f00000|100%| O|  |TAMS 0x0000000085f00000, 0x0000000085f00000| Untracked 
|  67|0x0000000085f00000, 0x0000000085f00000, 0x0000000086000000|  0%| F|  |TAMS 0x0000000085f00000, 0x0000000085f00000| Untracked 
|  68|0x0000000086000000, 0x0000000086100000, 0x0000000086100000|100%|HS|  |TAMS 0x0000000086100000, 0x0000000086100000| Complete 
|  69|0x0000000086100000, 0x0000000086200000, 0x0000000086200000|100%|HC|  |TAMS 0x0000000086200000, 0x0000000086200000| Complete 
|  70|0x0000000086200000, 0x0000000086300000, 0x0000000086300000|100%| O|  |TAMS 0x0000000086300000, 0x0000000086300000| Untracked 
|  71|0x0000000086300000, 0x0000000086400000, 0x0000000086400000|100%| O|  |TAMS 0x0000000086400000, 0x0000000086400000| Untracked 
|  72|0x0000000086400000, 0x0000000086500000, 0x0000000086500000|100%| O|  |TAMS 0x0000000086500000, 0x0000000086500000| Untracked 
|  73|0x0000000086500000, 0x0000000086600000, 0x0000000086600000|100%| O|  |TAMS 0x0000000086600000, 0x0000000086600000| Untracked 
|  74|0x0000000086600000, 0x0000000086700000, 0x0000000086700000|100%| O|  |TAMS 0x0000000086700000, 0x0000000086700000| Untracked 
|  75|0x0000000086700000, 0x0000000086800000, 0x0000000086800000|100%| O|  |TAMS 0x0000000086800000, 0x0000000086800000| Untracked 
|  76|0x0000000086800000, 0x0000000086900000, 0x0000000086900000|100%| O|  |TAMS 0x0000000086900000, 0x0000000086900000| Untracked 
|  77|0x0000000086900000, 0x0000000086a00000, 0x0000000086a00000|100%| O|  |TAMS 0x0000000086965600, 0x0000000086a00000| Untracked 
|  78|0x0000000086a00000, 0x0000000086b00000, 0x0000000086b00000|100%| O|  |TAMS 0x0000000086a00000, 0x0000000086b00000| Untracked 
|  79|0x0000000086b00000, 0x0000000086c00000, 0x0000000086c00000|100%| O|  |TAMS 0x0000000086b00000, 0x0000000086c00000| Untracked 
|  80|0x0000000086c00000, 0x0000000086d00000, 0x0000000086d00000|100%| O|  |TAMS 0x0000000086c00000, 0x0000000086d00000| Untracked 
|  81|0x0000000086d00000, 0x0000000086e00000, 0x0000000086e00000|100%| O|  |TAMS 0x0000000086d00000, 0x0000000086e00000| Untracked 
|  82|0x0000000086e00000, 0x0000000086f00000, 0x0000000086f00000|100%| O|  |TAMS 0x0000000086e00000, 0x0000000086f00000| Untracked 
|  83|0x0000000086f00000, 0x0000000087000000, 0x0000000087000000|100%| O|  |TAMS 0x0000000086f00000, 0x0000000087000000| Untracked 
|  84|0x0000000087000000, 0x0000000087100000, 0x0000000087100000|100%| O|  |TAMS 0x0000000087000000, 0x0000000087100000| Untracked 
|  85|0x0000000087100000, 0x0000000087200000, 0x0000000087200000|100%| O|  |TAMS 0x0000000087100000, 0x0000000087200000| Untracked 
|  86|0x0000000087200000, 0x0000000087300000, 0x0000000087300000|100%| O|  |TAMS 0x0000000087200000, 0x0000000087300000| Untracked 
|  87|0x0000000087300000, 0x0000000087400000, 0x0000000087400000|100%| O|  |TAMS 0x0000000087300000, 0x0000000087400000| Untracked 
|  88|0x0000000087400000, 0x0000000087500000, 0x0000000087500000|100%| O|  |TAMS 0x0000000087400000, 0x0000000087500000| Untracked 
|  89|0x0000000087500000, 0x0000000087581800, 0x0000000087600000| 50%| O|  |TAMS 0x0000000087500000, 0x0000000087581800| Untracked 
|  90|0x0000000087600000, 0x0000000087600000, 0x0000000087700000|  0%| F|  |TAMS 0x0000000087600000, 0x0000000087600000| Untracked 
|  91|0x0000000087700000, 0x0000000087700000, 0x0000000087800000|  0%| F|  |TAMS 0x0000000087700000, 0x0000000087700000| Untracked 
|  92|0x0000000087800000, 0x0000000087800000, 0x0000000087900000|  0%| F|  |TAMS 0x0000000087800000, 0x0000000087800000| Untracked 
|  93|0x0000000087900000, 0x0000000087900000, 0x0000000087a00000|  0%| F|  |TAMS 0x0000000087900000, 0x0000000087900000| Untracked 
|  94|0x0000000087a00000, 0x0000000087a00000, 0x0000000087b00000|  0%| F|  |TAMS 0x0000000087a00000, 0x0000000087a00000| Untracked 
|  95|0x0000000087b00000, 0x0000000087b00000, 0x0000000087c00000|  0%| F|  |TAMS 0x0000000087b00000, 0x0000000087b00000| Untracked 
|  96|0x0000000087c00000, 0x0000000087c00000, 0x0000000087d00000|  0%| F|  |TAMS 0x0000000087c00000, 0x0000000087c00000| Untracked 
|  97|0x0000000087d00000, 0x0000000087d00000, 0x0000000087e00000|  0%| F|  |TAMS 0x0000000087d00000, 0x0000000087d00000| Untracked 
|  98|0x0000000087e00000, 0x0000000087e00000, 0x0000000087f00000|  0%| F|  |TAMS 0x0000000087e00000, 0x0000000087e00000| Untracked 
|  99|0x0000000087f00000, 0x0000000087f00000, 0x0000000088000000|  0%| F|  |TAMS 0x0000000087f00000, 0x0000000087f00000| Untracked 
| 100|0x0000000088000000, 0x0000000088000000, 0x0000000088100000|  0%| F|  |TAMS 0x0000000088000000, 0x0000000088000000| Untracked 
| 101|0x0000000088100000, 0x0000000088100000, 0x0000000088200000|  0%| F|  |TAMS 0x0000000088100000, 0x0000000088100000| Untracked 
| 102|0x0000000088200000, 0x0000000088200000, 0x0000000088300000|  0%| F|  |TAMS 0x0000000088200000, 0x0000000088200000| Untracked 
| 103|0x0000000088300000, 0x0000000088300000, 0x0000000088400000|  0%| F|  |TAMS 0x0000000088300000, 0x0000000088300000| Untracked 
| 104|0x0000000088400000, 0x0000000088400000, 0x0000000088500000|  0%| F|  |TAMS 0x0000000088400000, 0x0000000088400000| Untracked 
| 105|0x0000000088500000, 0x0000000088500000, 0x0000000088600000|  0%| F|  |TAMS 0x0000000088500000, 0x0000000088500000| Untracked 
| 106|0x0000000088600000, 0x0000000088600000, 0x0000000088700000|  0%| F|  |TAMS 0x0000000088600000, 0x0000000088600000| Untracked 
| 107|0x0000000088700000, 0x0000000088700000, 0x0000000088800000|  0%| F|  |TAMS 0x0000000088700000, 0x0000000088700000| Untracked 
| 108|0x0000000088800000, 0x0000000088800000, 0x0000000088900000|  0%| F|  |TAMS 0x0000000088800000, 0x0000000088800000| Untracked 
| 109|0x0000000088900000, 0x0000000088900000, 0x0000000088a00000|  0%| F|  |TAMS 0x0000000088900000, 0x0000000088900000| Untracked 
| 110|0x0000000088a00000, 0x0000000088a00000, 0x0000000088b00000|  0%| F|  |TAMS 0x0000000088a00000, 0x0000000088a00000| Untracked 
| 111|0x0000000088b00000, 0x0000000088b00000, 0x0000000088c00000|  0%| F|  |TAMS 0x0000000088b00000, 0x0000000088b00000| Untracked 
| 112|0x0000000088c00000, 0x0000000088c00000, 0x0000000088d00000|  0%| F|  |TAMS 0x0000000088c00000, 0x0000000088c00000| Untracked 
| 113|0x0000000088d00000, 0x0000000088d00000, 0x0000000088e00000|  0%| F|  |TAMS 0x0000000088d00000, 0x0000000088d00000| Untracked 
| 114|0x0000000088e00000, 0x0000000088e84dc0, 0x0000000088f00000| 51%| S|CS|TAMS 0x0000000088e00000, 0x0000000088e00000| Complete 
| 115|0x0000000088f00000, 0x0000000089000000, 0x0000000089000000|100%| S|CS|TAMS 0x0000000088f00000, 0x0000000088f00000| Complete 
| 116|0x0000000089000000, 0x0000000089100000, 0x0000000089100000|100%| S|CS|TAMS 0x0000000089000000, 0x0000000089000000| Complete 
| 117|0x0000000089100000, 0x0000000089200000, 0x0000000089200000|100%| S|CS|TAMS 0x0000000089100000, 0x0000000089100000| Complete 
| 118|0x0000000089200000, 0x0000000089300000, 0x0000000089300000|100%| S|CS|TAMS 0x0000000089200000, 0x0000000089200000| Complete 
| 119|0x0000000089300000, 0x0000000089300000, 0x0000000089400000|  0%| F|  |TAMS 0x0000000089300000, 0x0000000089300000| Untracked 
| 120|0x0000000089400000, 0x0000000089400000, 0x0000000089500000|  0%| F|  |TAMS 0x0000000089400000, 0x0000000089400000| Untracked 
| 121|0x0000000089500000, 0x0000000089500000, 0x0000000089600000|  0%| F|  |TAMS 0x0000000089500000, 0x0000000089500000| Untracked 
| 122|0x0000000089600000, 0x0000000089600000, 0x0000000089700000|  0%| F|  |TAMS 0x0000000089600000, 0x0000000089600000| Untracked 
| 123|0x0000000089700000, 0x0000000089700000, 0x0000000089800000|  0%| F|  |TAMS 0x0000000089700000, 0x0000000089700000| Untracked 
| 124|0x0000000089800000, 0x0000000089800000, 0x0000000089900000|  0%| F|  |TAMS 0x0000000089800000, 0x0000000089800000| Untracked 
| 125|0x0000000089900000, 0x0000000089900000, 0x0000000089a00000|  0%| F|  |TAMS 0x0000000089900000, 0x0000000089900000| Untracked 
| 126|0x0000000089a00000, 0x0000000089a00000, 0x0000000089b00000|  0%| F|  |TAMS 0x0000000089a00000, 0x0000000089a00000| Untracked 
| 127|0x0000000089b00000, 0x0000000089b00000, 0x0000000089c00000|  0%| F|  |TAMS 0x0000000089b00000, 0x0000000089b00000| Untracked 
| 128|0x0000000089c00000, 0x0000000089c00000, 0x0000000089d00000|  0%| F|  |TAMS 0x0000000089c00000, 0x0000000089c00000| Untracked 
| 129|0x0000000089d00000, 0x0000000089d00000, 0x0000000089e00000|  0%| F|  |TAMS 0x0000000089d00000, 0x0000000089d00000| Untracked 
| 130|0x0000000089e00000, 0x0000000089e00000, 0x0000000089f00000|  0%| F|  |TAMS 0x0000000089e00000, 0x0000000089e00000| Untracked 
| 131|0x0000000089f00000, 0x0000000089f00000, 0x000000008a000000|  0%| F|  |TAMS 0x0000000089f00000, 0x0000000089f00000| Untracked 
| 132|0x000000008a000000, 0x000000008a000000, 0x000000008a100000|  0%| F|  |TAMS 0x000000008a000000, 0x000000008a000000| Untracked 
| 133|0x000000008a100000, 0x000000008a100000, 0x000000008a200000|  0%| F|  |TAMS 0x000000008a100000, 0x000000008a100000| Untracked 
| 134|0x000000008a200000, 0x000000008a200000, 0x000000008a300000|  0%| F|  |TAMS 0x000000008a200000, 0x000000008a200000| Untracked 
| 135|0x000000008a300000, 0x000000008a300000, 0x000000008a400000|  0%| F|  |TAMS 0x000000008a300000, 0x000000008a300000| Untracked 
| 136|0x000000008a400000, 0x000000008a400000, 0x000000008a500000|  0%| F|  |TAMS 0x000000008a400000, 0x000000008a400000| Untracked 
| 137|0x000000008a500000, 0x000000008a500000, 0x000000008a600000|  0%| F|  |TAMS 0x000000008a500000, 0x000000008a500000| Untracked 
| 138|0x000000008a600000, 0x000000008a600000, 0x000000008a700000|  0%| F|  |TAMS 0x000000008a600000, 0x000000008a600000| Untracked 
| 139|0x000000008a700000, 0x000000008a700000, 0x000000008a800000|  0%| F|  |TAMS 0x000000008a700000, 0x000000008a700000| Untracked 
| 140|0x000000008a800000, 0x000000008a800000, 0x000000008a900000|  0%| F|  |TAMS 0x000000008a800000, 0x000000008a800000| Untracked 
| 141|0x000000008a900000, 0x000000008a900000, 0x000000008aa00000|  0%| F|  |TAMS 0x000000008a900000, 0x000000008a900000| Untracked 
| 142|0x000000008aa00000, 0x000000008aa00000, 0x000000008ab00000|  0%| F|  |TAMS 0x000000008aa00000, 0x000000008aa00000| Untracked 
| 143|0x000000008ab00000, 0x000000008ab00000, 0x000000008ac00000|  0%| F|  |TAMS 0x000000008ab00000, 0x000000008ab00000| Untracked 
| 144|0x000000008ac00000, 0x000000008ac00000, 0x000000008ad00000|  0%| F|  |TAMS 0x000000008ac00000, 0x000000008ac00000| Untracked 
| 145|0x000000008ad00000, 0x000000008ad00000, 0x000000008ae00000|  0%| F|  |TAMS 0x000000008ad00000, 0x000000008ad00000| Untracked 
| 146|0x000000008ae00000, 0x000000008ae00000, 0x000000008af00000|  0%| F|  |TAMS 0x000000008ae00000, 0x000000008ae00000| Untracked 
| 147|0x000000008af00000, 0x000000008af00000, 0x000000008b000000|  0%| F|  |TAMS 0x000000008af00000, 0x000000008af00000| Untracked 
| 148|0x000000008b000000, 0x000000008b000000, 0x000000008b100000|  0%| F|  |TAMS 0x000000008b000000, 0x000000008b000000| Untracked 
| 149|0x000000008b100000, 0x000000008b100000, 0x000000008b200000|  0%| F|  |TAMS 0x000000008b100000, 0x000000008b100000| Untracked 
| 150|0x000000008b200000, 0x000000008b200000, 0x000000008b300000|  0%| F|  |TAMS 0x000000008b200000, 0x000000008b200000| Untracked 
| 151|0x000000008b300000, 0x000000008b300000, 0x000000008b400000|  0%| F|  |TAMS 0x000000008b300000, 0x000000008b300000| Untracked 
| 152|0x000000008b400000, 0x000000008b400000, 0x000000008b500000|  0%| F|  |TAMS 0x000000008b400000, 0x000000008b400000| Untracked 
| 153|0x000000008b500000, 0x000000008b500000, 0x000000008b600000|  0%| F|  |TAMS 0x000000008b500000, 0x000000008b500000| Untracked 
| 154|0x000000008b600000, 0x000000008b600000, 0x000000008b700000|  0%| F|  |TAMS 0x000000008b600000, 0x000000008b600000| Untracked 
| 155|0x000000008b700000, 0x000000008b700000, 0x000000008b800000|  0%| F|  |TAMS 0x000000008b700000, 0x000000008b700000| Untracked 
| 156|0x000000008b800000, 0x000000008b800000, 0x000000008b900000|  0%| F|  |TAMS 0x000000008b800000, 0x000000008b800000| Untracked 
| 157|0x000000008b900000, 0x000000008b900000, 0x000000008ba00000|  0%| F|  |TAMS 0x000000008b900000, 0x000000008b900000| Untracked 
| 158|0x000000008ba00000, 0x000000008ba00000, 0x000000008bb00000|  0%| F|  |TAMS 0x000000008ba00000, 0x000000008ba00000| Untracked 
| 159|0x000000008bb00000, 0x000000008bb00000, 0x000000008bc00000|  0%| F|  |TAMS 0x000000008bb00000, 0x000000008bb00000| Untracked 
| 160|0x000000008bc00000, 0x000000008bc00000, 0x000000008bd00000|  0%| F|  |TAMS 0x000000008bc00000, 0x000000008bc00000| Untracked 
| 161|0x000000008bd00000, 0x000000008bd00000, 0x000000008be00000|  0%| F|  |TAMS 0x000000008bd00000, 0x000000008bd00000| Untracked 
| 162|0x000000008be00000, 0x000000008be00000, 0x000000008bf00000|  0%| F|  |TAMS 0x000000008be00000, 0x000000008be00000| Untracked 
| 163|0x000000008bf00000, 0x000000008bf00000, 0x000000008c000000|  0%| F|  |TAMS 0x000000008bf00000, 0x000000008bf00000| Untracked 
| 164|0x000000008c000000, 0x000000008c000000, 0x000000008c100000|  0%| F|  |TAMS 0x000000008c000000, 0x000000008c000000| Untracked 
| 165|0x000000008c100000, 0x000000008c100000, 0x000000008c200000|  0%| F|  |TAMS 0x000000008c100000, 0x000000008c100000| Untracked 
|2019|0x00000000fff00000, 0x0000000100000000, 0x0000000100000000|100%| O|  |TAMS 0x0000000100000000, 0x0000000100000000| Untracked 

Card table byte_map: [0x0000023affa00000,0x0000023affe00000] _byte_map_base: 0x0000023aff5f2000

Marking Bits (Prev, Next): (CMBitMap*) 0x0000023afd7b8a00, (CMBitMap*) 0x0000023afd7b89c0
 Prev Bits: [0x0000023a947b0000, 0x0000023a96740000)
 Next Bits: [0x0000023a92820000, 0x0000023a947b0000)

Polling page: 0x0000023afd600000

Metaspace:

Usage:
  Non-class:     59.97 MB used.
      Class:      7.64 MB used.
       Both:     67.60 MB used.

Virtual space:
  Non-class space:       64.00 MB reserved,      60.12 MB ( 94%) committed,  1 nodes.
      Class space:        1.00 GB reserved,       7.81 MB ( <1%) committed,  1 nodes.
             Both:        1.06 GB reserved,      67.94 MB (  6%) committed. 

Chunk freelists:
   Non-Class:  3.84 MB
       Class:  8.23 MB
        Both:  12.07 MB

MaxMetaspaceSize: unlimited
CompressedClassSpaceSize: 1.00 GB
Initial GC threshold: 21.00 MB
Current GC threshold: 112.12 MB
CDS: off
MetaspaceReclaimPolicy: balanced
 - commit_granule_bytes: 65536.
 - commit_granule_words: 8192.
 - virtual_space_node_default_size: 8388608.
 - enlarge_chunks_in_place: 1.
 - new_chunks_are_fully_committed: 0.
 - uncommit_free_chunks: 1.
 - use_allocation_guard: 0.
 - handle_deallocations: 1.


Internal statistics:

num_allocs_failed_limit: 6.
num_arena_births: 326.
num_arena_deaths: 0.
num_vsnodes_births: 2.
num_vsnodes_deaths: 0.
num_space_committed: 1085.
num_space_uncommitted: 0.
num_chunks_returned_to_freelist: 6.
num_chunks_taken_from_freelist: 2611.
num_chunk_merges: 6.
num_chunk_splits: 2058.
num_chunks_enlarged: 1760.
num_inconsistent_stats: 0.

CodeHeap 'non-profiled nmethods': size=120000Kb used=6355Kb max_used=6355Kb free=113644Kb
 bounds [0x0000023a8aef0000, 0x0000023a8b530000, 0x0000023a92420000]
CodeHeap 'profiled nmethods': size=120000Kb used=29804Kb max_used=29804Kb free=90195Kb
 bounds [0x0000023a83420000, 0x0000023a85140000, 0x0000023a8a950000]
CodeHeap 'non-nmethods': size=5760Kb used=1300Kb max_used=1399Kb free=4459Kb
 bounds [0x0000023a8a950000, 0x0000023a8abc0000, 0x0000023a8aef0000]
 total_blobs=11412 nmethods=10801 adapters=521
 compilation: enabled
              stopped_count=0, restarted_count=0
 full_count=0

Compilation events (20 events):
Event: 21.903 Thread 0x0000023a9d08aaa0 13072       2       org.jetbrains.kotlin.resolve.calls.checkers.ReifiedTypeParameterSubstitutionChecker::isTypeParameterOfKotlinArray (38 bytes)
Event: 21.904 Thread 0x0000023a9d08aaa0 nmethod 13072 0x0000023a85136290 code [0x0000023a85136460, 0x0000023a851366f8]
Event: 21.906 Thread 0x0000023a9d08aaa0 13073       2       org.jetbrains.kotlin.resolve.calls.components.candidate.SimpleResolutionCandidate::<init> (25 bytes)
Event: 21.906 Thread 0x0000023a9d08aaa0 nmethod 13073 0x0000023a85136890 code [0x0000023a85136a20, 0x0000023a85136b68]
Event: 21.916 Thread 0x0000023a9d08aaa0 13074       2       kotlin.collections.builders.ListBuilder::<init> (14 bytes)
Event: 21.917 Thread 0x0000023a9d08aaa0 nmethod 13074 0x0000023a85136c10 code [0x0000023a85136dc0, 0x0000023a85136f18]
Event: 21.917 Thread 0x0000023a9d08aaa0 13075       2       kotlin.collections.builders.ListBuilder::build (45 bytes)
Event: 21.917 Thread 0x0000023a9d08aaa0 nmethod 13075 0x0000023a85137010 code [0x0000023a851371c0, 0x0000023a851374b8]
Event: 21.919 Thread 0x0000023a9d08aaa0 13076       2       org.jetbrains.kotlin.resolve.jvm.checkers.JvmSimpleNameBacktickChecker::checkDeclaration (297 bytes)
Event: 21.921 Thread 0x0000023a9d08aaa0 nmethod 13076 0x0000023a85137690 code [0x0000023a85137a40, 0x0000023a851387e8]
Event: 21.921 Thread 0x0000023a9d08aaa0 13077       2       org.jetbrains.kotlin.descriptors.impl.VariableDescriptorWithInitializerImpl::setCompileTimeInitializer (78 bytes)
Event: 21.921 Thread 0x0000023a9d08aaa0 nmethod 13077 0x0000023a85138f90 code [0x0000023a85139140, 0x0000023a851393d8]
Event: 21.929 Thread 0x0000023a9d08aaa0 13078       2       org.jetbrains.kotlin.resolve.ModifiersChecker::resolveModalityFromModifiers (149 bytes)
Event: 21.929 Thread 0x0000023a9d08aaa0 nmethod 13078 0x0000023a85139510 code [0x0000023a85139760, 0x0000023a85139bd8]
Event: 21.947 Thread 0x0000023a9d08aaa0 13079       2       org.jetbrains.kotlin.resolve.sam.SamConversionResolverImplKt::getFunctionTypeForSamType (173 bytes)
Event: 21.948 Thread 0x0000023a9d08aaa0 nmethod 13079 0x0000023a85139e90 code [0x0000023a8513a160, 0x0000023a8513a8d8]
Event: 21.948 Thread 0x0000023a9d08aaa0 13080       2       org.jetbrains.kotlin.load.java.sam.JavaBasedSamConversionOracle::isPossibleSamType (48 bytes)
Event: 21.948 Thread 0x0000023a9d08aaa0 nmethod 13080 0x0000023a8513ad10 code [0x0000023a8513af20, 0x0000023a8513b368]
Event: 21.957 Thread 0x0000023a9d08aaa0 13081       2       org.jetbrains.kotlin.resolve.calls.tower.KotlinToResolvedCallTransformer::createStubResolvedCallAndWriteItToTrace (112 bytes)
Event: 21.958 Thread 0x0000023a9d08aaa0 nmethod 13081 0x0000023a8513b590 code [0x0000023a8513b840, 0x0000023a8513bfe8]

GC Heap History (20 events):
Event: 7.624 GC heap after
{Heap after GC invocations=23 (full 0):
 garbage-first heap   total 161792K, used 42825K [0x0000000081c00000, 0x0000000100000000)
  region size 1024K, 1 young (1024K), 1 survivors (1024K)
 Metaspace       used 55833K, committed 56064K, reserved 1114112K
  class space    used 6651K, committed 6720K, reserved 1048576K
}
Event: 9.193 GC heap before
{Heap before GC invocations=23 (full 0):
 garbage-first heap   total 161792K, used 114505K [0x0000000081c00000, 0x0000000100000000)
  region size 1024K, 71 young (72704K), 1 survivors (1024K)
 Metaspace       used 57483K, committed 57728K, reserved 1114112K
  class space    used 6713K, committed 6784K, reserved 1048576K
}
Event: 9.217 GC heap after
{Heap after GC invocations=24 (full 0):
 garbage-first heap   total 161792K, used 56441K [0x0000000081c00000, 0x0000000100000000)
  region size 1024K, 9 young (9216K), 9 survivors (9216K)
 Metaspace       used 57483K, committed 57728K, reserved 1114112K
  class space    used 6713K, committed 6784K, reserved 1048576K
}
Event: 9.475 GC heap before
{Heap before GC invocations=24 (full 0):
 garbage-first heap   total 161792K, used 110713K [0x0000000081c00000, 0x0000000100000000)
  region size 1024K, 62 young (63488K), 9 survivors (9216K)
 Metaspace       used 57686K, committed 57984K, reserved 1114112K
  class space    used 6734K, committed 6848K, reserved 1048576K
}
Event: 9.492 GC heap after
{Heap after GC invocations=25 (full 0):
 garbage-first heap   total 161792K, used 59042K [0x0000000081c00000, 0x0000000100000000)
  region size 1024K, 2 young (2048K), 2 survivors (2048K)
 Metaspace       used 57686K, committed 57984K, reserved 1114112K
  class space    used 6734K, committed 6848K, reserved 1048576K
}
Event: 10.672 GC heap before
{Heap before GC invocations=25 (full 0):
 garbage-first heap   total 161792K, used 117410K [0x0000000081c00000, 0x0000000100000000)
  region size 1024K, 59 young (60416K), 2 survivors (2048K)
 Metaspace       used 62752K, committed 63104K, reserved 1114112K
  class space    used 7441K, committed 7616K, reserved 1048576K
}
Event: 10.684 GC heap after
{Heap after GC invocations=26 (full 0):
 garbage-first heap   total 161792K, used 63980K [0x0000000081c00000, 0x0000000100000000)
  region size 1024K, 7 young (7168K), 7 survivors (7168K)
 Metaspace       used 62752K, committed 63104K, reserved 1114112K
  class space    used 7441K, committed 7616K, reserved 1048576K
}
Event: 12.982 GC heap before
{Heap before GC invocations=26 (full 0):
 garbage-first heap   total 161792K, used 122348K [0x0000000081c00000, 0x0000000100000000)
  region size 1024K, 64 young (65536K), 7 survivors (7168K)
 Metaspace       used 65419K, committed 65792K, reserved 1114112K
  class space    used 7567K, committed 7744K, reserved 1048576K
}
Event: 13.003 GC heap after
{Heap after GC invocations=27 (full 0):
 garbage-first heap   total 161792K, used 70534K [0x0000000081c00000, 0x0000000100000000)
  region size 1024K, 7 young (7168K), 7 survivors (7168K)
 Metaspace       used 65419K, committed 65792K, reserved 1114112K
  class space    used 7567K, committed 7744K, reserved 1048576K
}
Event: 15.229 GC heap before
{Heap before GC invocations=27 (full 0):
 garbage-first heap   total 161792K, used 124806K [0x0000000081c00000, 0x0000000100000000)
  region size 1024K, 60 young (61440K), 7 survivors (7168K)
 Metaspace       used 67862K, committed 68224K, reserved 1114112K
  class space    used 7757K, committed 7936K, reserved 1048576K
}
Event: 15.252 GC heap after
{Heap after GC invocations=28 (full 0):
 garbage-first heap   total 161792K, used 78165K [0x0000000081c00000, 0x0000000100000000)
  region size 1024K, 8 young (8192K), 8 survivors (8192K)
 Metaspace       used 67862K, committed 68224K, reserved 1114112K
  class space    used 7757K, committed 7936K, reserved 1048576K
}
Event: 17.679 GC heap before
{Heap before GC invocations=28 (full 0):
 garbage-first heap   total 161792K, used 129365K [0x0000000081c00000, 0x0000000100000000)
  region size 1024K, 56 young (57344K), 8 survivors (8192K)
 Metaspace       used 68351K, committed 68672K, reserved 1114112K
  class space    used 7778K, committed 7936K, reserved 1048576K
}
Event: 17.703 GC heap after
{Heap after GC invocations=29 (full 0):
 garbage-first heap   total 161792K, used 85798K [0x0000000081c00000, 0x0000000100000000)
  region size 1024K, 6 young (6144K), 6 survivors (6144K)
 Metaspace       used 68351K, committed 68672K, reserved 1114112K
  class space    used 7778K, committed 7936K, reserved 1048576K
}
Event: 18.247 GC heap before
{Heap before GC invocations=29 (full 0):
 garbage-first heap   total 161792K, used 99110K [0x0000000081c00000, 0x0000000100000000)
  region size 1024K, 20 young (20480K), 6 survivors (6144K)
 Metaspace       used 68520K, committed 68800K, reserved 1114112K
  class space    used 7794K, committed 7936K, reserved 1048576K
}
Event: 18.260 GC heap after
{Heap after GC invocations=30 (full 0):
 garbage-first heap   total 161792K, used 87566K [0x0000000081c00000, 0x0000000100000000)
  region size 1024K, 2 young (2048K), 2 survivors (2048K)
 Metaspace       used 68520K, committed 68800K, reserved 1114112K
  class space    used 7794K, committed 7936K, reserved 1048576K
}
Event: 19.539 GC heap before
{Heap before GC invocations=31 (full 0):
 garbage-first heap   total 171008K, used 131598K [0x0000000081c00000, 0x0000000100000000)
  region size 1024K, 44 young (45056K), 2 survivors (2048K)
 Metaspace       used 68783K, committed 69120K, reserved 1114112K
  class space    used 7802K, committed 8000K, reserved 1048576K
}
Event: 19.547 GC heap after
{Heap after GC invocations=32 (full 0):
 garbage-first heap   total 171008K, used 91901K [0x0000000081c00000, 0x0000000100000000)
  region size 1024K, 6 young (6144K), 6 survivors (6144K)
 Metaspace       used 68783K, committed 69120K, reserved 1114112K
  class space    used 7802K, committed 8000K, reserved 1048576K
}
Event: 19.626 GC heap before
{Heap before GC invocations=32 (full 0):
 garbage-first heap   total 171008K, used 93949K [0x0000000081c00000, 0x0000000100000000)
  region size 1024K, 8 young (8192K), 6 survivors (6144K)
 Metaspace       used 68816K, committed 69184K, reserved 1114112K
  class space    used 7802K, committed 8000K, reserved 1048576K
}
Event: 19.638 GC heap after
{Heap after GC invocations=33 (full 0):
 garbage-first heap   total 171008K, used 91554K [0x0000000081c00000, 0x0000000100000000)
  region size 1024K, 1 young (1024K), 1 survivors (1024K)
 Metaspace       used 68816K, committed 69184K, reserved 1114112K
  class space    used 7802K, committed 8000K, reserved 1048576K
}
Event: 21.964 GC heap before
{Heap before GC invocations=33 (full 0):
 garbage-first heap   total 171008K, used 138658K [0x0000000081c00000, 0x0000000100000000)
  region size 1024K, 47 young (48128K), 1 survivors (1024K)
 Metaspace       used 69225K, committed 69568K, reserved 1114112K
  class space    used 7818K, committed 8000K, reserved 1048576K
}

Dll operation events (2 events):
Event: 0.006 Loaded shared library D:\android\jbr\bin\java.dll
Event: 2.218 Loaded shared library D:\android\jbr\bin\verify.dll

Deoptimization events (20 events):
Event: 20.217 Thread 0x0000023afd760310 Uncommon trap: trap_request=0xffffff45 fr.pc=0x0000023a8af9693c relative=0x00000000000001fc
Event: 20.217 Thread 0x0000023afd760310 Uncommon trap: reason=unstable_if action=reinterpret pc=0x0000023a8af9693c method=java.util.HashMap.getNode(Ljava/lang/Object;)Ljava/util/HashMap$Node; @ 66 c2
Event: 20.217 Thread 0x0000023afd760310 DEOPT PACKING pc=0x0000023a8af9693c sp=0x000000de254fa5d0
Event: 20.217 Thread 0x0000023afd760310 DEOPT UNPACKING pc=0x0000023a8a9a69a3 sp=0x000000de254fa4e0 mode 2
Event: 20.435 Thread 0x0000023afd760310 DEOPT PACKING pc=0x0000023a84121ddc sp=0x000000de254fb280
Event: 20.435 Thread 0x0000023afd760310 DEOPT UNPACKING pc=0x0000023a8a9a7143 sp=0x000000de254fa788 mode 0
Event: 20.678 Thread 0x0000023afd760310 DEOPT PACKING pc=0x0000023a84121ddc sp=0x000000de254fafd0
Event: 20.678 Thread 0x0000023afd760310 DEOPT UNPACKING pc=0x0000023a8a9a7143 sp=0x000000de254fa4d8 mode 0
Event: 20.884 Thread 0x0000023afd760310 DEOPT PACKING pc=0x0000023a84121ddc sp=0x000000de254fb300
Event: 20.884 Thread 0x0000023afd760310 DEOPT UNPACKING pc=0x0000023a8a9a7143 sp=0x000000de254fa808 mode 0
Event: 21.068 Thread 0x0000023afd760310 DEOPT PACKING pc=0x0000023a84121ddc sp=0x000000de254fb0c0
Event: 21.068 Thread 0x0000023afd760310 DEOPT UNPACKING pc=0x0000023a8a9a7143 sp=0x000000de254fa5c8 mode 0
Event: 21.255 Thread 0x0000023afd760310 DEOPT PACKING pc=0x0000023a84121ddc sp=0x000000de254f7ac0
Event: 21.255 Thread 0x0000023afd760310 DEOPT UNPACKING pc=0x0000023a8a9a7143 sp=0x000000de254f6fc8 mode 0
Event: 21.443 Thread 0x0000023afd760310 DEOPT PACKING pc=0x0000023a84121ddc sp=0x000000de254f7d70
Event: 21.443 Thread 0x0000023afd760310 DEOPT UNPACKING pc=0x0000023a8a9a7143 sp=0x000000de254f7278 mode 0
Event: 21.663 Thread 0x0000023afd760310 DEOPT PACKING pc=0x0000023a84121ddc sp=0x000000de254fb2f0
Event: 21.663 Thread 0x0000023afd760310 DEOPT UNPACKING pc=0x0000023a8a9a7143 sp=0x000000de254fa7f8 mode 0
Event: 21.865 Thread 0x0000023afd760310 DEOPT PACKING pc=0x0000023a84121ddc sp=0x000000de254fb040
Event: 21.865 Thread 0x0000023afd760310 DEOPT UNPACKING pc=0x0000023a8a9a7143 sp=0x000000de254fa548 mode 0

Classes unloaded (0 events):
No events

Classes redefined (0 events):
No events

Internal exceptions (20 events):
Event: 6.953 Thread 0x0000023afd760310 Implicit null exception at 0x0000023a8af38d0e to 0x0000023a8af38f94
Event: 7.422 Thread 0x0000023afd760310 Exception <a 'java/lang/NoSuchMethodError'{0x0000000085b10460}: 'int java.lang.invoke.DirectMethodHandle$Holder.invokeStaticInit(java.lang.Object, int)'> (0x0000000085b10460) 
thrown [s\src\hotspot\share\interpreter\linkResolver.cpp, line 771]
Event: 7.579 Thread 0x0000023afd760310 Exception <a 'java/lang/NoSuchMethodError'{0x0000000089b00ff8}: 'java.lang.Object java.lang.invoke.DirectMethodHandle$Holder.newInvokeSpecial(java.lang.Object, java.lang.Object, java.lang.Object, java.lang.Object, java.lang.Object, java.lang.Object, java.lang.Object, java.lang.Object)'> (0x0000000089b00ff8) 
thrown [s\src\hotspot\share\interpreter\linkResolver.cpp, line 771]
Event: 7.580 Thread 0x0000023afd760310 Exception <a 'java/lang/NoSuchMethodError'{0x0000000089b06850}: 'java.lang.Object java.lang.invoke.DirectMethodHandle$Holder.invokeSpecial(java.lang.Object, java.lang.Object, java.lang.Object, java.lang.Object, java.lang.Object, java.lang.Object, java.lang.Object, java.lang.Object, java.lang.Object)'> (0x0000000089b06850) 
thrown [s\src\hotspot\share\interpreter\linkResolver.cpp, line 771]
Event: 7.580 Thread 0x0000023afd760310 Exception <a 'java/lang/NoSuchMethodError'{0x0000000089b0b9c0}: 'java.lang.Object java.lang.invoke.Invokers$Holder.linkToTargetMethod(java.lang.Object, java.lang.Object, java.lang.Object, java.lang.Object, java.lang.Object, java.lang.Object, java.lang.Object, java.lang.Object)'> (0x0000000089b0b9c0) 
thrown [s\src\hotspot\share\interpreter\linkResolver.cpp, line 771]
Event: 8.044 Thread 0x0000023afd760310 Exception <a 'java/lang/NoSuchMethodError'{0x000000008aa14940}: 'java.lang.Object java.lang.invoke.DirectMethodHandle$Holder.invokeStaticInit(java.lang.Object, java.lang.Object, java.lang.Object)'> (0x000000008aa14940) 
thrown [s\src\hotspot\share\interpreter\linkResolver.cpp, line 771]
Event: 9.807 Thread 0x0000023afd760310 Exception <a 'java/lang/NoSuchMethodError'{0x0000000089f301f0}: 'java.lang.Object java.lang.invoke.DirectMethodHandle$Holder.invokeStatic(java.lang.Object, java.lang.Object, java.lang.Object, java.lang.Object, int)'> (0x0000000089f301f0) 
thrown [s\src\hotspot\share\interpreter\linkResolver.cpp, line 771]
Event: 9.808 Thread 0x0000023afd760310 Exception <a 'java/lang/NoSuchMethodError'{0x0000000089f39ed8}: 'java.lang.Object java.lang.invoke.DirectMethodHandle$Holder.newInvokeSpecial(java.lang.Object, java.lang.Object, java.lang.Object, java.lang.Object, int)'> (0x0000000089f39ed8) 
thrown [s\src\hotspot\share\interpreter\linkResolver.cpp, line 771]
Event: 9.809 Thread 0x0000023afd760310 Exception <a 'java/lang/NoSuchMethodError'{0x0000000089f41fa8}: 'java.lang.Object java.lang.invoke.Invokers$Holder.linkToTargetMethod(java.lang.Object, java.lang.Object, java.lang.Object, int, java.lang.Object)'> (0x0000000089f41fa8) 
thrown [s\src\hotspot\share\interpreter\linkResolver.cpp, line 771]
Event: 9.871 Thread 0x0000023afd760310 Exception <a 'java/lang/NoSuchMethodError'{0x0000000089d21db8}: 'void java.lang.invoke.DirectMethodHandle$Holder.invokeInterface(java.lang.Object, java.lang.Object)'> (0x0000000089d21db8) 
thrown [s\src\hotspot\share\interpreter\linkResolver.cpp, line 771]
Event: 9.947 Thread 0x0000023afd760310 Exception <a 'java/lang/IncompatibleClassChangeError'{0x0000000089cc83e0}: Found class java.lang.Object, but interface was expected> (0x0000000089cc83e0) 
thrown [s\src\hotspot\share\interpreter\linkResolver.cpp, line 838]
Event: 10.154 Thread 0x0000023afd760310 Implicit null exception at 0x0000023a8b0083e0 to 0x0000023a8b00847a
Event: 10.154 Thread 0x0000023afd760310 Implicit null exception at 0x0000023a8af5910f to 0x0000023a8af59189
Event: 10.171 Thread 0x0000023afd760310 Exception <a 'java/lang/NoSuchMethodError'{0x000000008941f2b8}: 'java.lang.Object java.lang.invoke.DirectMethodHandle$Holder.invokeInterface(java.lang.Object, java.lang.Object, java.lang.Object)'> (0x000000008941f2b8) 
thrown [s\src\hotspot\share\interpreter\linkResolver.cpp, line 771]
Event: 10.172 Thread 0x0000023afd760310 Exception <a 'java/lang/IncompatibleClassChangeError'{0x0000000089422c28}: Found class java.lang.Object, but interface was expected> (0x0000000089422c28) 
thrown [s\src\hotspot\share\interpreter\linkResolver.cpp, line 838]
Event: 11.356 Thread 0x0000023afd760310 Exception <a 'java/lang/NoSuchMethodError'{0x000000008a8977c0}: 'java.lang.Object java.lang.invoke.DirectMethodHandle$Holder.newInvokeSpecial(java.lang.Object, java.lang.Object, java.lang.Object, java.lang.Object, java.lang.Object, java.lang.Object, java.lang.Object)'> (0x000000008a8977c0) 
thrown [s\src\hotspot\share\interpreter\linkResolver.cpp, line 771]
Event: 11.356 Thread 0x0000023afd760310 Exception <a 'java/lang/NoSuchMethodError'{0x000000008a89c0d0}: 'java.lang.Object java.lang.invoke.Invokers$Holder.linkToTargetMethod(java.lang.Object, java.lang.Object, java.lang.Object, java.lang.Object, java.lang.Object, java.lang.Object, java.lang.Object)'> (0x000000008a89c0d0) 
thrown [s\src\hotspot\share\interpreter\linkResolver.cpp, line 771]
Event: 11.383 Thread 0x0000023afd760310 Exception <a 'java/lang/NoSuchMethodError'{0x000000008a790c18}: 'java.lang.Object java.lang.invoke.DirectMethodHandle$Holder.newInvokeSpecial(java.lang.Object, int, java.lang.Object, java.lang.Object)'> (0x000000008a790c18) 
thrown [s\src\hotspot\share\interpreter\linkResolver.cpp, line 771]
Event: 13.808 Thread 0x0000023afd760310 Implicit null exception at 0x0000023a8b28300e to 0x0000023a8b283820
Event: 15.848 Thread 0x0000023afd760310 Exception <a 'java/lang/NoSuchMethodError'{0x000000008ac1daa8}: 'java.lang.Object java.lang.invoke.DirectMethodHandle$Holder.invokeStatic(java.lang.Object, int, java.lang.Object)'> (0x000000008ac1daa8) 
thrown [s\src\hotspot\share\interpreter\linkResolver.cpp, line 771]

VM Operations (20 events):
Event: 19.714 Executing VM operation: HandshakeAllThreads done
Event: 19.716 Executing VM operation: HandshakeAllThreads
Event: 19.716 Executing VM operation: HandshakeAllThreads done
Event: 19.812 Executing VM operation: HandshakeAllThreads
Event: 19.812 Executing VM operation: HandshakeAllThreads done
Event: 19.815 Executing VM operation: ICBufferFull
Event: 19.816 Executing VM operation: ICBufferFull done
Event: 20.076 Executing VM operation: ICBufferFull
Event: 20.076 Executing VM operation: ICBufferFull done
Event: 20.158 Executing VM operation: HandshakeAllThreads
Event: 20.159 Executing VM operation: HandshakeAllThreads done
Event: 20.159 Executing VM operation: HandshakeAllThreads
Event: 20.159 Executing VM operation: HandshakeAllThreads done
Event: 20.163 Executing VM operation: HandshakeAllThreads
Event: 20.163 Executing VM operation: HandshakeAllThreads done
Event: 20.430 Executing VM operation: ICBufferFull
Event: 20.430 Executing VM operation: ICBufferFull done
Event: 21.079 Executing VM operation: ICBufferFull
Event: 21.079 Executing VM operation: ICBufferFull done
Event: 21.964 Executing VM operation: G1CollectForAllocation

Events (20 events):
Event: 18.696 Thread 0x0000023a9d08dba0 flushing nmethod 0x0000023a84f9e010
Event: 18.696 Thread 0x0000023a9d08dba0 flushing nmethod 0x0000023a84fee910
Event: 18.696 Thread 0x0000023a9d08dba0 flushing nmethod 0x0000023a84feec90
Event: 20.166 Thread 0x0000023a9d08dba0 flushing nmethod 0x0000023a83443290
Event: 20.168 Thread 0x0000023a9d08dba0 flushing nmethod 0x0000023a836d6b10
Event: 20.169 Thread 0x0000023a9d08dba0 flushing nmethod 0x0000023a83777b90
Event: 20.169 Thread 0x0000023a9d08dba0 flushing nmethod 0x0000023a8379fa90
Event: 20.171 Thread 0x0000023a9d08dba0 flushing nmethod 0x0000023a83a0ce10
Event: 20.172 Thread 0x0000023a9d08dba0 flushing nmethod 0x0000023a83aed190
Event: 20.172 Thread 0x0000023a9d08dba0 flushing nmethod 0x0000023a83afd090
Event: 20.178 Thread 0x0000023a9d08dba0 flushing nmethod 0x0000023a8425a410
Event: 20.179 Thread 0x0000023a9d08dba0 flushing nmethod 0x0000023a842d4b10
Event: 20.179 Thread 0x0000023a9d08dba0 flushing nmethod 0x0000023a842f7110
Event: 20.179 Thread 0x0000023a9d08dba0 flushing nmethod 0x0000023a84318a90
Event: 20.180 Thread 0x0000023a9d08dba0 flushing nmethod 0x0000023a844a0d90
Event: 20.182 Thread 0x0000023a9d08dba0 flushing nmethod 0x0000023a846cda10
Event: 20.182 Thread 0x0000023a9d08dba0 flushing nmethod 0x0000023a84795790
Event: 20.183 Thread 0x0000023a9d08dba0 flushing nmethod 0x0000023a84935090
Event: 20.188 Thread 0x0000023a9d08dba0 flushing nmethod 0x0000023a84f36a90
Event: 20.188 Thread 0x0000023a9d08dba0 flushing nmethod 0x0000023a8501fe10


Dynamic libraries:
0x00007ff7ecfd0000 - 0x00007ff7ecfda000 	D:\android\jbr\bin\java.exe
0x00007ffc3a8f0000 - 0x00007ffc3aae8000 	C:\WINDOWS\SYSTEM32\ntdll.dll
0x00007ffc38910000 - 0x00007ffc389d2000 	C:\WINDOWS\System32\KERNEL32.DLL
0x00007ffc38480000 - 0x00007ffc3877e000 	C:\WINDOWS\System32\KERNELBASE.dll
0x00007ffc38380000 - 0x00007ffc38480000 	C:\WINDOWS\System32\ucrtbase.dll
0x00007ffc23810000 - 0x00007ffc2382b000 	D:\android\jbr\bin\VCRUNTIME140.dll
0x00007ffc21ad0000 - 0x00007ffc21ae7000 	D:\android\jbr\bin\jli.dll
0x00007ffc39db0000 - 0x00007ffc39f4d000 	C:\WINDOWS\System32\USER32.dll
0x00007ffc25870000 - 0x00007ffc25b0a000 	C:\WINDOWS\WinSxS\amd64_microsoft.windows.common-controls_6595b64144ccf1df_6.0.19041.4355_none_60b8b9eb71f62e16\COMCTL32.dll
0x00007ffc39090000 - 0x00007ffc3912e000 	C:\WINDOWS\System32\msvcrt.dll
0x00007ffc38350000 - 0x00007ffc38372000 	C:\WINDOWS\System32\win32u.dll
0x00007ffc39060000 - 0x00007ffc3908b000 	C:\WINDOWS\System32\GDI32.dll
0x00007ffc38780000 - 0x00007ffc38897000 	C:\WINDOWS\System32\gdi32full.dll
0x00007ffc382b0000 - 0x00007ffc3834d000 	C:\WINDOWS\System32\msvcp_win.dll
0x00007ffc3a150000 - 0x00007ffc3a17f000 	C:\WINDOWS\System32\IMM32.DLL
0x00007ffc31360000 - 0x00007ffc3136c000 	D:\android\jbr\bin\vcruntime140_1.dll
0x00007ffbff4f0000 - 0x00007ffbff57d000 	D:\android\jbr\bin\msvcp140.dll
0x00007ffbed8b0000 - 0x00007ffbee533000 	D:\android\jbr\bin\server\jvm.dll
0x00007ffc391b0000 - 0x00007ffc39262000 	C:\WINDOWS\System32\ADVAPI32.dll
0x00007ffc3a0b0000 - 0x00007ffc3a150000 	C:\WINDOWS\System32\sechost.dll
0x00007ffc3a3b0000 - 0x00007ffc3a4d3000 	C:\WINDOWS\System32\RPCRT4.dll
0x00007ffc37f90000 - 0x00007ffc37fb7000 	C:\WINDOWS\System32\bcrypt.dll
0x00007ffc37df0000 - 0x00007ffc37e3b000 	C:\WINDOWS\SYSTEM32\POWRPROF.dll
0x00007ffc12190000 - 0x00007ffc121b7000 	C:\WINDOWS\SYSTEM32\WINMM.dll
0x00007ffc31cf0000 - 0x00007ffc31cf9000 	C:\WINDOWS\SYSTEM32\WSOCK32.dll
0x00007ffc39130000 - 0x00007ffc3919b000 	C:\WINDOWS\System32\WS2_32.dll
0x00007ffc35910000 - 0x00007ffc3591a000 	C:\WINDOWS\SYSTEM32\VERSION.dll
0x00007ffc37dd0000 - 0x00007ffc37de2000 	C:\WINDOWS\SYSTEM32\UMPDC.dll
0x00007ffc36770000 - 0x00007ffc36782000 	C:\WINDOWS\SYSTEM32\kernel.appcore.dll
0x00007ffc312f0000 - 0x00007ffc312fa000 	D:\android\jbr\bin\jimage.dll
0x00007ffc2ea40000 - 0x00007ffc2ec24000 	C:\WINDOWS\SYSTEM32\DBGHELP.DLL
0x00007ffc12340000 - 0x00007ffc12374000 	C:\WINDOWS\SYSTEM32\dbgcore.DLL
0x00007ffc38120000 - 0x00007ffc381a2000 	C:\WINDOWS\System32\bcryptPrimitives.dll
0x00007ffc25800000 - 0x00007ffc25825000 	D:\android\jbr\bin\java.dll
0x00007ffc24df0000 - 0x00007ffc24e08000 	D:\android\jbr\bin\zip.dll
0x00007ffc39340000 - 0x00007ffc39aaf000 	C:\WINDOWS\System32\SHELL32.dll
0x00007ffc35f80000 - 0x00007ffc36724000 	C:\WINDOWS\SYSTEM32\windows.storage.dll
0x00007ffc3a550000 - 0x00007ffc3a8a3000 	C:\WINDOWS\System32\combase.dll
0x00007ffc37810000 - 0x00007ffc3783e000 	C:\WINDOWS\SYSTEM32\Wldp.dll
0x00007ffc39270000 - 0x00007ffc3933d000 	C:\WINDOWS\System32\OLEAUT32.dll
0x00007ffc39f50000 - 0x00007ffc39ffd000 	C:\WINDOWS\System32\SHCORE.dll
0x00007ffc389e0000 - 0x00007ffc38a35000 	C:\WINDOWS\System32\shlwapi.dll
0x00007ffc37ec0000 - 0x00007ffc37ee4000 	C:\WINDOWS\SYSTEM32\profapi.dll
0x00007ffc24890000 - 0x00007ffc248a9000 	D:\android\jbr\bin\net.dll
0x00007ffc35800000 - 0x00007ffc3590d000 	C:\WINDOWS\SYSTEM32\WINHTTP.dll
0x00007ffc375f0000 - 0x00007ffc3765a000 	C:\WINDOWS\system32\mswsock.dll
0x00007ffc21be0000 - 0x00007ffc21bf6000 	D:\android\jbr\bin\nio.dll
0x00007ffc2fce0000 - 0x00007ffc2fcf0000 	D:\android\jbr\bin\verify.dll

dbghelp: loaded successfully - version: 4.0.5 - missing functions: none
symbol engine: initialized successfully - sym options: 0x614 - pdb path: .;D:\android\jbr\bin;C:\WINDOWS\SYSTEM32;C:\WINDOWS\WinSxS\amd64_microsoft.windows.common-controls_6595b64144ccf1df_6.0.19041.4355_none_60b8b9eb71f62e16;D:\android\jbr\bin\server

VM Arguments:
java_command: org.jetbrains.kotlin.cli.jvm.K2JVMCompiler @D:\android\Android Project\fundflow_mobile\app\build\20241105_14768267561019465676.compiler.options
java_class_path (initial): C:\Users\USER\.gradle\caches\modules-2\files-2.1\org.jetbrains.kotlin\kotlin-compiler-embeddable\1.9.0\2c8c3a7402becca891f12739b3e9fd2dc2adbd7a\kotlin-compiler-embeddable-1.9.0.jar;C:\Users\USER\.gradle\caches\modules-2\files-2.1\org.jetbrains.kotlin\kotlin-stdlib\1.9.0\8ee15ef0c67dc83d874f412d84378d7f0eb50b63\kotlin-stdlib-1.9.0.jar;C:\Users\USER\.gradle\caches\modules-2\files-2.1\org.jetbrains.kotlin\kotlin-script-runtime\1.9.0\4b3102cbbb7e1b58d9d1adf89563f00069ffa7d1\kotlin-script-runtime-1.9.0.jar;C:\Users\USER\.gradle\caches\modules-2\files-2.1\org.jetbrains.kotlin\kotlin-reflect\1.6.10\1cbe9c92c12a94eea200d23c2bbaedaf3daf5132\kotlin-reflect-1.6.10.jar;C:\Users\USER\.gradle\caches\modules-2\files-2.1\org.jetbrains.kotlin\kotlin-daemon-embeddable\1.9.0\186543f5e28cf8d9a0290fecc2cf34301c40a65c\kotlin-daemon-embeddable-1.9.0.jar;C:\Users\USER\.gradle\caches\modules-2\files-2.1\org.jetbrains.intellij.deps\trove4j\1.0.20200330\3afb14d5f9ceb459d724e907a21145e8ff394f02\trove4j-1.0.20200330.jar;C:\Users\USER\.gradle\caches\modules-2\files-2.1\org.jetbrains.kotlin\kotlin-stdlib-common\1.9.0\cd65c21cfd1eec4d44ef09f9f52b6d9f8a720636\kotlin-stdlib-common-1.9.0.jar;C:\Users\USER\.gradle\caches\modules-2\files-2.1\org.jetbrains\annotations\13.0\919f0dfe192fb4e063e7dacadee7f8bb9a2672a9\annotations-13.0.jar
Launcher Type: SUN_STANDARD

[Global flags]
     intx CICompilerCount                          = 3                                         {product} {ergonomic}
     uint ConcGCThreads                            = 1                                         {product} {ergonomic}
     uint G1ConcRefinementThreads                  = 4                                         {product} {ergonomic}
   size_t G1HeapRegionSize                         = 1048576                                   {product} {ergonomic}
    uintx GCDrainStackTargetSize                   = 64                                        {product} {ergonomic}
   size_t InitialHeapSize                          = 134217728                                 {product} {ergonomic}
   size_t MarkStackSize                            = 4194304                                   {product} {ergonomic}
   size_t MaxHeapSize                              = 2118123520                                {product} {ergonomic}
   size_t MaxNewSize                               = 1270874112                                {product} {ergonomic}
   size_t MinHeapDeltaBytes                        = 1048576                                   {product} {ergonomic}
   size_t MinHeapSize                              = 8388608                                   {product} {ergonomic}
    uintx NonNMethodCodeHeapSize                   = 5832780                                {pd product} {ergonomic}
    uintx NonProfiledCodeHeapSize                  = 122912730                              {pd product} {ergonomic}
    uintx ProfiledCodeHeapSize                     = 122912730                              {pd product} {ergonomic}
    uintx ReservedCodeCacheSize                    = 251658240                              {pd product} {ergonomic}
     bool SegmentedCodeCache                       = true                                      {product} {ergonomic}
   size_t SoftMaxHeapSize                          = 2118123520                             {manageable} {ergonomic}
     bool UseCompressedClassPointers               = true                           {product lp64_product} {ergonomic}
     bool UseCompressedOops                        = true                           {product lp64_product} {ergonomic}
     bool UseG1GC                                  = true                                      {product} {ergonomic}
     bool UseLargePagesIndividualAllocation        = false                                  {pd product} {ergonomic}

Logging:
Log output configuration:
 #0: stdout all=warning uptime,level,tags
 #1: stderr all=off uptime,level,tags

Environment Variables:
PATH=C:\Python312\Scripts\;C:\Python312\;C:\Program Files\Common Files\Oracle\Java\javapath;C:\Program Files (x86)\Common Files\Oracle\Java\javapath;C:\Program Files (x86)\Common Files\Intel\Shared Files\cpp\bin\Intel64;C:\WINDOWS\system32;C:\WINDOWS;C:\WINDOWS\System32\Wbem;C:\WINDOWS\System32\WindowsPowerShell\v1.0\;C:\WINDOWS\System32\OpenSSH\;C:\Program Files\dotnet\;C:\Program Files\Git\cmd;C:\xampp\php;C:\composer;C:\Program Files\node-v20.17.0;C:\Program Files\Git;C:\ProgramData\chocolatey\bin;C:\Program Files\nodejs\;C:\Users\USER\AppData\Local\Microsoft\WindowsApps;;C:\Users\USER\AppData\Local\Programs\Microsoft VS Code\bin;C:\Users\USER\AppData\Roaming\Composer\vendor\bin;C:\Users\USER\AppData\Roaming\npm
USERNAME=USER
OS=Windows_NT
PROCESSOR_IDENTIFIER=Intel64 Family 6 Model 142 Stepping 9, GenuineIntel
TMP=C:\Users\USER\AppData\Local\Temp
TEMP=C:\Users\USER\AppData\Local\Temp



Periodic native trim disabled

JNI global refs:
JNI global refs: 10, weak refs: 10

JNI global refs memory usage: 843, weak refs: 841

Process memory usage:
Resident Set Size: 381336K (4% of 8267448K total physical memory with 1286148K free physical memory)

OOME stack traces (most recent first):
Classloader memory used:
Loader jdk.internal.loader.ClassLoaders$AppClassLoader                                 : 7190K
Loader bootstrap                                                                       : 1379K
Loader java.net.URLClassLoader                                                         : 62129B
Loader jdk.internal.reflect.DelegatingClassLoader                                      : 23486B


---------------  S Y S T E M  ---------------

OS:
 Windows 10 , 64 bit Build 19041 (10.0.19041.4957)
OS uptime: 2 days 23:25 hours
Hyper-V role detected

CPU: total 4 (initial active 4) (2 cores per cpu, 2 threads per core) family 6 model 142 stepping 9 microcode 0xf6, cx8, cmov, fxsr, ht, mmx, 3dnowpref, sse, sse2, sse3, ssse3, sse4.1, sse4.2, popcnt, lzcnt, tsc, tscinvbit, avx, avx2, aes, erms, clmul, bmi1, bmi2, rtm, adx, fma, vzeroupper, clflush, clflushopt, hv
Processor Information for all 4 processors :
  Max Mhz: 2901, Current Mhz: 2901, Mhz Limit: 2901

Memory: 4k page, system-wide physical 8073M (1256M free)
TotalPageFile size 12073M (AvailPageFile size 73M)
current process WorkingSet (physical memory assigned to process): 372M, peak: 389M
current process commit charge ("private bytes"): 402M, peak: 570M

vm_info: OpenJDK 64-Bit Server VM (17.0.11+0--11852314) for windows-amd64 JRE (17.0.11+0--11852314), built on May 16 2024 21:29:20 by "androidbuild" with MS VC++ 16.10 / 16.11 (VS2019)

END.
